
====================================================================
Flow ID: 385 | Shape: (30, 2)
Features: [Size/1600, IAT/0.1]
--------------------------------------------------------------------
0.051250, 0.000000
0.057500, 0.423132
0.053750, 0.418352
0.044375, 0.420506
0.056875, 0.418764
0.053750, 0.417434
0.059375, 0.418159
0.048750, 0.417937
0.046250, 0.416110
0.046250, 0.417387
0.059375, 0.423582
0.056875, 0.415985
0.056250, 0.423093
0.060000, 0.418656
0.058125, 0.418682
0.057500, 0.418674
0.057500, 0.415923
0.050625, 0.419382
0.046250, 0.423134
0.057500, 0.417663
0.047500, 0.419027
0.054375, 0.418187
0.056875, 0.465123
0.053750, 0.418393
0.044375, 0.410286
0.051875, 0.418955
0.056875, 0.410571
0.055000, 0.422074
0.054375, 0.420064
0.055625, 0.414836

====================================================================
Flow ID: 386 | Shape: (30, 2)
Features: [Size/1600, IAT/0.1]
--------------------------------------------------------------------
0.055625, 0.000000
0.048750, 0.417207
0.058750, 0.413137
0.044375, 0.422793
0.050625, 0.417975
0.058125, 0.423485
0.057500, 0.419800
0.057500, 0.417792
0.058125, 0.420579
0.050000, 0.420036
0.055000, 0.415716
0.056250, 0.417910
0.046250, 0.415610
0.055625, 0.418170
0.057500, 0.387173
0.048125, 0.418788
0.046250, 0.417320
0.049375, 0.418079
0.048125, 0.416917
0.054375, 0.416847
0.059375, 0.421640
0.046250, 0.418049
0.045625, 0.419179
0.058125, 0.418842
0.051875, 0.417393
0.047500, 0.418071
0.047500, 0.435019
0.055625, 0.416276
0.058125, 0.418421
0.062500, 0.419309

====================================================================
Flow ID: 395 | Shape: (30, 2)
Features: [Size/1600, IAT/0.1]
--------------------------------------------------------------------
0.044375, 0.000000
0.050000, 0.446337
0.045625, 0.445413
0.047500, 0.740565
0.056250, 0.415940
0.057500, 0.421291
0.054375, 0.554131
0.056875, 0.416535
0.051875, 0.419260
0.047500, 0.418387
0.048125, 0.418880
0.058125, 0.419639
0.055625, 0.405691
0.055000, 0.416080
0.055625, 0.000176
0.055000, 0.415001
0.055000, 0.417592
0.056250, 0.427192
0.052500, 0.417052
0.048125, 0.411925
0.048750, 0.419032
0.054375, 0.416223
0.045000, 0.415404
0.050000, 0.420827
0.055000, 0.415743
0.054375, 0.423534
0.046875, 0.417539
0.055625, 0.419742
0.057500, 0.418201
0.060000, 0.418602

====================================================================
Flow ID: 397 | Shape: (30, 2)
Features: [Size/1600, IAT/0.1]
--------------------------------------------------------------------
0.053750, 0.000000
0.056250, 0.417048
0.058750, 0.000099
0.054375, 0.420065
0.062500, 0.415957
0.047500, 0.428421
0.056875, 0.417110
0.057500, 0.417498
0.055000, 0.540582
0.050625, 0.418787
0.048750, 0.416770
0.056250, 0.415847
0.063125, 0.419084
0.050000, 0.416862
0.049375, 0.409526
0.057500, 0.418315
0.055000, 0.418015
0.047500, 0.469567
0.045625, 0.416823
0.050000, 0.418907
0.044375, 0.540234
0.043125, 0.414639
0.056250, 0.411261
0.056250, 0.420934
0.050625, 0.418773
0.044375, 0.421091
0.045625, 0.420537
0.045000, 0.412215
0.056875, 0.415770
0.047500, 0.418049

====================================================================
Flow ID: 401 | Shape: (30, 2)
Features: [Size/1600, IAT/0.1]
--------------------------------------------------------------------
0.055000, 0.000000
0.048125, 0.417269
0.048750, 0.416946
0.046250, 0.415404
0.057500, 0.417648
0.057500, 0.416009
0.056875, 0.531123
0.056250, 0.405675
0.054375, 0.417591
0.052500, 0.416712
0.058125, 0.437521
0.055625, 0.418737
0.045625, 0.418768
0.057500, 0.419173
0.060000, 0.419429
0.055000, 0.417273
0.051250, 0.416851
0.046250, 0.417438
0.049375, 0.419514
0.055625, 0.416922
0.046875, 0.429132
0.050000, 0.417625
0.059375, 0.427182
0.052500, 0.416585
0.049375, 0.419306
0.056875, 0.416301
0.055625, 0.417050
0.058750, 0.419481
0.055625, 0.416203
0.055000, 0.416929

====================================================================
Flow ID: 402 | Shape: (30, 2)
Features: [Size/1600, IAT/0.1]
--------------------------------------------------------------------
0.048750, 0.000000
0.055625, 0.416704
0.056250, 0.416956
0.056250, 0.494490
0.060625, 0.418716
0.059375, 0.411617
0.058125, 0.428384
0.058125, 0.417223
0.044375, 0.417439
0.058125, 0.416896
0.056250, 0.417802
0.060000, 0.416855
0.060000, 0.380044
0.059375, 0.419154
0.053125, 0.415841
0.055625, 0.417676
0.048125, 0.257141
0.047500, 0.400754
0.045000, 0.418575
0.060000, 0.416043
0.044375, 0.416420
0.056875, 0.418569
0.061250, 0.417671
0.050000, 0.426054
0.061875, 0.417196
0.056875, 0.416366
0.057500, 0.417596
0.058750, 0.429738
0.055625, 0.421279
0.045000, 0.418030

====================================================================
Flow ID: 410 | Shape: (30, 2)
Features: [Size/1600, IAT/0.1]
--------------------------------------------------------------------
0.043125, 0.000000
0.056250, 0.410858
0.057500, 0.417069
0.046875, 0.417173
0.050000, 0.418646
0.050000, 0.414684
0.059375, 0.389622
0.056250, 0.419634
0.057500, 0.414865
0.058750, 0.418635
0.055000, 0.418629
0.057500, 0.417479
0.058750, 0.418269
0.055625, 0.422038
0.053750, 0.420293
0.059375, 0.417783
0.053125, 0.418831
0.058750, 0.417902
0.049375, 0.000155
0.056250, 0.416844
0.055625, 0.417560
0.053750, 0.417996
0.059375, 0.418273
0.056250, 0.413313
0.054375, 0.409619
0.055000, 0.417090
0.051875, 0.417432
0.055625, 0.418946
0.046250, 0.418895
0.058750, 0.417665

====================================================================
Flow ID: 412 | Shape: (30, 2)
Features: [Size/1600, IAT/0.1]
--------------------------------------------------------------------
0.056250, 0.000000
0.045000, 0.417302
0.048125, 0.418491
0.058125, 0.417038
0.054375, 0.441264
0.058125, 0.422141
0.054375, 0.415857
0.044375, 0.417292
0.058125, 0.415732
0.059375, 0.417961
0.046875, 0.417743
0.058750, 0.416572
0.057500, 0.415602
0.049375, 0.417559
0.055000, 0.420914
0.045000, 0.416704
0.047500, 0.414845
0.052500, 0.419541
0.048125, 0.417800
0.056875, 0.420529
0.048125, 0.415950
0.059375, 0.420703
0.054375, 0.416895
0.060000, 0.430202
0.048750, 0.417968
0.053750, 0.793048
0.050625, 0.417805
0.058750, 0.419221
0.056875, 0.418622
0.060000, 0.418089

====================================================================
Flow ID: 414 | Shape: (30, 2)
Features: [Size/1600, IAT/0.1]
--------------------------------------------------------------------
0.059375, 0.000000
0.058750, 0.411597
0.060000, 0.415925
0.048750, 0.433804
0.051250, 0.404340
0.041875, 0.425916
0.057500, 0.419215
0.056875, 0.411471
0.043125, 0.416273
0.058750, 0.424681
0.060625, 0.401401
0.046250, 0.412191
0.057500, 0.418821
0.043750, 0.418198
0.056250, 0.417270
0.055625, 0.416852
0.055000, 0.417688
0.053125, 0.481681
0.058750, 0.416416
0.056875, 0.412136
0.048750, 0.417136
0.056250, 0.416295
0.058750, 0.417126
0.051250, 0.420771
0.050000, 0.415462
0.050625, 0.415540
0.057500, 0.418246
0.043125, 0.416241
0.056250, 0.419201
0.046875, 0.419534

====================================================================
Flow ID: 415 | Shape: (30, 2)
Features: [Size/1600, IAT/0.1]
--------------------------------------------------------------------
0.053125, 0.000000
0.047500, 0.415989
0.060625, 0.418923
0.046875, 0.415542
0.054375, 0.431348
0.045625, 0.351132
0.051250, 0.418157
0.058750, 0.415130
0.055625, 0.417464
0.059375, 0.418702
0.046875, 0.417626
0.049375, 0.418500
0.056875, 0.417583
0.057500, 0.419011
0.043750, 0.417570
0.058750, 0.405724
0.058125, 0.416995
0.052500, 0.418853
0.057500, 0.416513
0.055000, 0.417301
0.053750, 0.415962
0.046875, 0.418341
0.056250, 0.418211
0.046875, 0.417082
0.047500, 0.418243
0.048125, 0.418649
0.058750, 0.437571
0.050000, 0.407983
0.055000, 0.417918
0.044375, 0.416713

====================================================================
Flow ID: 419 | Shape: (30, 2)
Features: [Size/1600, IAT/0.1]
--------------------------------------------------------------------
0.045625, 0.000000
0.057500, 0.428495
0.044375, 0.419038
0.058125, 0.418226
0.056875, 0.421891
0.046250, 0.417330
0.047500, 0.417083
0.043750, 0.417862
0.056250, 0.415705
0.058125, 0.410976
0.049375, 0.417778
0.060000, 0.418303
0.055000, 0.419054
0.056250, 0.225982
0.058125, 0.442922
0.058125, 0.418068
0.057500, 0.415729
0.055625, 0.416434
0.059375, 0.385624
0.050000, 0.417551
0.056875, 0.419151
0.057500, 0.417577
0.051250, 0.417861
0.061875, 0.418444
0.047500, 0.417413
0.046250, 0.418004
0.046250, 0.424229
0.053125, 0.415497
0.055625, 0.415600
0.049375, 0.420847

====================================================================
Flow ID: 420 | Shape: (30, 2)
Features: [Size/1600, IAT/0.1]
--------------------------------------------------------------------
0.046875, 0.000000
0.053750, 0.415516
0.048750, 0.417624
0.044375, 0.399710
0.056250, 0.407322
0.044375, 0.416799
0.054375, 0.416974
0.045000, 0.419500
0.049375, 0.418166
0.046875, 0.418541
0.058750, 0.418639
0.048125, 0.376331
0.059375, 0.416522
0.056250, 0.416890
0.054375, 0.366002
0.056250, 0.418906
0.055625, 0.415138
0.048125, 0.413853
0.055000, 0.418106
0.049375, 0.447512
0.057500, 0.416648
0.059375, 0.418431
0.046875, 0.415777
0.051875, 0.419221
0.050000, 0.418243
0.052500, 0.416824
0.056875, 0.418109
0.058125, 0.416436
0.056875, 0.416944
0.055000, 0.418263

====================================================================
Flow ID: 424 | Shape: (30, 2)
Features: [Size/1600, IAT/0.1]
--------------------------------------------------------------------
0.045000, 0.000000
0.055000, 0.417872
0.056875, 0.417870
0.043125, 0.424007
0.055625, 0.430586
0.056875, 0.426500
0.045625, 0.416652
0.051250, 0.422454
0.054375, 0.419066
0.045000, 0.418118
0.060000, 0.389406
0.046875, 0.407563
0.048750, 0.417982
0.055000, 0.417310
0.045000, 0.418917
0.057500, 1.000000
0.060000, 0.415958
0.051875, 0.421185
0.056875, 0.416139
0.056250, 0.423490
0.053125, 0.401330
0.055000, 0.414795
0.057500, 0.419460
0.056875, 0.418219
0.058750, 0.417637
0.050000, 0.415336
0.056875, 0.417330
0.058750, 0.415879
0.058750, 0.417408
0.046250, 0.417319

====================================================================
Flow ID: 425 | Shape: (30, 2)
Features: [Size/1600, IAT/0.1]
--------------------------------------------------------------------
0.058125, 0.000000
0.050000, 0.567695
0.048750, 0.410067
0.055625, 0.416415
0.051875, 0.416503
0.045000, 0.416207
0.056875, 0.418429
0.048750, 0.000165
0.046875, 0.422515
0.060000, 0.417672
0.050000, 0.415573
0.053750, 0.442102
0.056875, 0.450713
0.048125, 0.418392
0.058750, 0.415482
0.056875, 0.418107
0.055000, 0.416279
0.057500, 0.455878
0.053750, 0.413994
0.055625, 0.445578
0.056875, 0.437816
0.057500, 0.415367
0.056250, 0.418033
0.057500, 0.402980
0.049375, 0.258412
0.060625, 0.415267
0.063750, 0.415269
0.050625, 0.420607
0.046250, 0.419356
0.057500, 0.417830

====================================================================
Flow ID: 426 | Shape: (30, 2)
Features: [Size/1600, IAT/0.1]
--------------------------------------------------------------------
0.055625, 0.000000
0.059375, 0.399855
0.056250, 0.418052
0.058125, 0.417920
0.059375, 0.419338
0.058125, 0.421610
0.061250, 0.416461
0.058125, 0.416805
0.059375, 0.417242
0.053750, 0.418281
0.058125, 0.401401
0.059375, 0.416580
0.056875, 0.417447
0.056875, 0.416227
0.055000, 0.416552
0.060000, 0.417857
0.056875, 0.419147
0.057500, 0.417902
0.061250, 0.418358
0.048125, 0.413550
0.050000, 0.417224
0.058125, 0.415792
0.046250, 0.418826
0.056875, 0.417151
0.058750, 0.416519
0.048125, 0.413829
0.055625, 0.399918
0.056875, 0.421488
0.059375, 0.389614
0.056250, 0.418597

====================================================================
Flow ID: 429 | Shape: (30, 2)
Features: [Size/1600, IAT/0.1]
--------------------------------------------------------------------
0.057500, 0.000000
0.049375, 0.466363
0.045000, 0.408459
0.056250, 0.417811
0.055000, 0.430039
0.056250, 0.414441
0.043750, 0.418119
0.056875, 0.417414
0.056875, 0.423481
0.055625, 0.276477
0.056875, 0.417946
0.056250, 0.463522
0.055625, 0.419870
0.048125, 0.417453
0.060000, 0.413642
0.055000, 0.417108
0.048125, 0.421249
0.043750, 0.415525
0.048125, 0.417709
0.056250, 0.416862
0.051875, 0.364271
0.056875, 0.425066
0.048750, 0.418847
0.058125, 0.419019
0.058750, 0.414603
0.056250, 0.417781
0.056875, 0.419385
0.056250, 0.416812
0.048125, 0.411216
0.055000, 0.416546

====================================================================
Flow ID: 431 | Shape: (30, 2)
Features: [Size/1600, IAT/0.1]
--------------------------------------------------------------------
0.057500, 0.000000
0.050000, 0.417744
0.056250, 0.416642
0.046875, 0.417542
0.057500, 0.417505
0.048125, 0.413944
0.055625, 0.421413
0.052500, 0.418837
0.056250, 0.421132
0.046250, 0.419226
0.056250, 0.437719
0.050000, 0.392930
0.057500, 0.421064
0.045000, 0.420703
0.060000, 0.418181
0.052500, 0.417977
0.058125, 0.415445
0.050000, 0.442974
0.060625, 0.413490
0.053125, 0.416943
0.058125, 0.392139
0.056875, 0.176202
0.050000, 0.419831
0.057500, 0.417513
0.060000, 0.412081
0.058125, 0.401664
0.058750, 0.476545
0.043125, 0.415120
0.055000, 0.587713
0.048125, 0.417605

====================================================================
Flow ID: 432 | Shape: (30, 2)
Features: [Size/1600, IAT/0.1]
--------------------------------------------------------------------
0.046250, 0.000000
0.057500, 0.418594
0.048125, 0.340456
0.047500, 0.417517
0.053125, 0.417784
0.052500, 0.502699
0.060625, 0.411878
0.047500, 0.416707
0.053750, 0.415451
0.043750, 0.415804
0.060625, 0.413004
0.051875, 0.417819
0.056250, 0.424184
0.058125, 0.387486
0.057500, 0.414070
0.055000, 0.418696
0.041250, 0.416220
0.053750, 0.417727
0.049375, 0.417908
0.049375, 0.418385
0.058125, 0.422498
0.055625, 0.443514
0.055625, 0.415332
0.061250, 0.417190
0.045000, 0.416731
0.055625, 0.415382
0.058125, 0.414124
0.057500, 0.417774
0.055625, 0.422603
0.055625, 0.417852

====================================================================
Flow ID: 440 | Shape: (30, 2)
Features: [Size/1600, IAT/0.1]
--------------------------------------------------------------------
0.050625, 0.000000
0.058125, 0.421830
0.043125, 0.000149
0.057500, 0.417704
0.060625, 0.411313
0.055000, 0.418152
0.056250, 0.417006
0.057500, 0.417900
0.055000, 0.418444
0.061250, 0.417480
0.060000, 0.000158
0.045000, 0.418066
0.054375, 0.418864
0.050000, 0.418091
0.048125, 0.417368
0.045625, 0.420875
0.045625, 0.416919
0.053750, 0.412388
0.055000, 0.416583
0.055625, 0.411901
0.046875, 0.418090
0.050625, 0.417322
0.044375, 0.355286
0.058750, 0.413444
0.055625, 0.417789
0.060000, 0.413128
0.048125, 0.418061
0.043750, 0.417579
0.042500, 0.418934
0.057500, 0.417205

====================================================================
Flow ID: 442 | Shape: (30, 2)
Features: [Size/1600, IAT/0.1]
--------------------------------------------------------------------
0.050000, 0.000000
0.050000, 0.414908
0.045625, 0.415100
0.055000, 0.417816
0.049375, 0.416331
0.045625, 0.419333
0.045000, 0.825742
0.055625, 0.441538
0.046250, 0.416922
0.045000, 0.417679
0.053750, 0.416983
0.060625, 0.417293
0.056250, 0.421833
0.060625, 0.417225
0.048750, 0.408674
0.060625, 0.417501
0.055625, 0.417886
0.055000, 0.418473
0.049375, 0.413633
0.056250, 0.412205
0.061250, 0.418459
0.058750, 0.429618
0.056875, 0.417609
0.055625, 0.418303
0.060000, 0.413906
0.057500, 0.418578
0.045000, 0.404476
0.060625, 0.417306
0.055000, 0.418665
0.057500, 0.417049

====================================================================
Flow ID: 444 | Shape: (30, 2)
Features: [Size/1600, IAT/0.1]
--------------------------------------------------------------------
0.049375, 0.000000
0.047500, 0.413972
0.052500, 0.417767
0.056250, 0.417876
0.056250, 0.418250
0.047500, 0.417318
0.050000, 0.410818
0.056250, 0.419435
0.059375, 0.420952
0.050625, 0.418901
0.055625, 0.417031
0.049375, 0.406707
0.046250, 0.419946
0.047500, 0.414816
0.051250, 1.000000
0.057500, 0.417930
0.048750, 0.420566
0.055625, 0.422041
0.055625, 0.414343
0.042500, 0.417303
0.047500, 0.415142
0.060000, 0.406440
0.058125, 0.420986
0.044375, 0.403501
0.045625, 0.415439
0.050000, 0.413810
0.059375, 0.416310
0.048750, 0.417543
0.056250, 0.418149
0.045000, 0.417400

====================================================================
Flow ID: 445 | Shape: (30, 2)
Features: [Size/1600, IAT/0.1]
--------------------------------------------------------------------
0.057500, 0.000000
0.047500, 0.441495
0.045625, 0.417976
0.058125, 0.417872
0.057500, 1.000000
0.056875, 0.408039
0.056250, 0.417418
0.048125, 0.417699
0.053750, 0.417590
0.058125, 0.417467
0.058125, 0.417397
0.056875, 0.416893
0.049375, 0.417424
0.053750, 0.425542
0.055000, 0.418727
0.051250, 0.417177
0.058125, 0.418342
0.049375, 0.418124
0.058125, 0.416894
0.061875, 0.427579
0.061875, 0.416910
0.050625, 0.420029
0.047500, 0.417780
0.059375, 0.417920
0.047500, 0.415694
0.048125, 0.418616
0.060625, 0.417205
0.056875, 0.416051
0.057500, 0.416327
0.056875, 0.408632

====================================================================
Flow ID: 452 | Shape: (30, 2)
Features: [Size/1600, IAT/0.1]
--------------------------------------------------------------------
0.048750, 0.000000
0.054375, 0.414380
0.055000, 0.419957
0.058750, 0.413934
0.045625, 0.415158
0.051250, 0.433852
0.060000, 0.419040
0.048125, 0.416949
0.045625, 0.379719
0.056250, 0.409670
0.061875, 0.000161
0.054375, 0.416725
0.058750, 0.367284
0.058125, 0.389161
0.043750, 0.417892
0.060000, 0.417229
0.046250, 0.415970
0.053750, 0.416854
0.046250, 0.419848
0.056875, 0.414075
0.059375, 0.417097
0.048750, 0.416547
0.056250, 0.421556
0.057500, 0.418431
0.053750, 0.417099
0.060625, 0.416634
0.055625, 0.415705
0.045625, 0.467638
0.056250, 0.417849
0.057500, 0.424017

====================================================================
Flow ID: 453 | Shape: (30, 2)
Features: [Size/1600, IAT/0.1]
--------------------------------------------------------------------
0.043750, 0.000000
0.059375, 0.484877
0.059375, 0.416865
0.058125, 0.417020
0.046250, 0.417059
0.056250, 0.414307
0.048750, 0.425585
0.060000, 0.429161
0.054375, 0.419850
0.058750, 0.416546
0.046250, 0.380808
0.057500, 0.417440
0.059375, 0.417123
0.058125, 0.414568
0.050625, 0.411556
0.048125, 0.417028
0.055000, 0.417087
0.057500, 0.417588
0.054375, 0.417350
0.044375, 0.417561
0.056875, 0.419050
0.049375, 0.419597
0.048750, 0.351729
0.063125, 0.416782
0.056875, 0.417596
0.046875, 0.416736
0.056250, 0.419034
0.060000, 0.417252
0.053750, 0.417559
0.057500, 0.417359

====================================================================
Flow ID: 455 | Shape: (30, 2)
Features: [Size/1600, IAT/0.1]
--------------------------------------------------------------------
0.055625, 0.000000
0.046250, 0.417209
0.055000, 0.419423
0.056250, 0.417736
0.056875, 0.405164
0.050000, 0.419194
0.060000, 0.419087
0.056875, 0.417149
0.057500, 0.417336
0.057500, 0.418297
0.057500, 0.417033
0.045625, 0.422471
0.055000, 0.417616
0.047500, 0.417382
0.048125, 0.415518
0.048750, 0.416935
0.049375, 0.416932
0.055000, 0.417736
0.056250, 0.419197
0.054375, 0.417151
0.051250, 0.417185
0.055625, 0.418103
0.055625, 0.419425
0.048125, 0.419348
0.045625, 0.419515
0.050000, 0.416301
0.056250, 0.453109
0.058750, 0.417127
0.060000, 0.420954
0.045000, 0.430452

====================================================================
Flow ID: 458 | Shape: (30, 2)
Features: [Size/1600, IAT/0.1]
--------------------------------------------------------------------
0.050625, 0.000000
0.054375, 0.411124
0.046250, 0.417123
0.045625, 0.413439
0.055625, 0.424639
0.058750, 0.418193
0.053750, 0.417711
0.059375, 0.417331
0.053125, 0.415597
0.058750, 0.418026
0.048750, 0.416571
0.060625, 0.389133
0.047500, 0.425356
0.048750, 0.415057
0.045625, 0.416670
0.055000, 0.416791
0.046875, 0.419579
0.050000, 0.418107
0.055000, 0.416726
0.053750, 0.411862
0.048125, 0.412651
0.055000, 0.415184
0.052500, 0.417460
0.046875, 0.419820
0.045000, 0.418707
0.052500, 0.418261
0.054375, 0.492670
0.061250, 0.418366
0.048125, 0.417754
0.047500, 0.418153

====================================================================
Flow ID: 460 | Shape: (30, 2)
Features: [Size/1600, IAT/0.1]
--------------------------------------------------------------------
0.057500, 0.000000
0.060625, 0.415435
0.058125, 0.418614
0.055625, 0.424521
0.048125, 0.416230
0.047500, 0.417935
0.043750, 0.417255
0.057500, 0.417175
0.055625, 0.448529
0.056250, 0.417078
0.056250, 0.421419
0.050000, 0.417076
0.048750, 0.417456
0.052500, 0.417552
0.055000, 0.418616
0.056875, 0.418033
0.047500, 0.415580
0.046250, 0.416598
0.058125, 0.383293
0.058125, 0.416049
0.056875, 0.419895
0.053750, 0.460635
0.056875, 0.418112
0.045625, 0.418714
0.056250, 0.416840
0.050000, 0.426287
0.056250, 0.417554
0.056875, 0.417477
0.058125, 0.414955
0.056250, 0.428404

====================================================================
Flow ID: 461 | Shape: (30, 2)
Features: [Size/1600, IAT/0.1]
--------------------------------------------------------------------
0.054375, 0.000000
0.058125, 0.423743
0.050625, 0.416575
0.055000, 0.413879
0.043750, 0.417962
0.046250, 0.418843
0.048750, 0.381313
0.048125, 0.418247
0.061250, 0.417709
0.045625, 0.411937
0.046250, 0.415792
0.047500, 0.418065
0.057500, 0.417464
0.052500, 0.416727
0.047500, 0.419247
0.060000, 0.417930
0.059375, 0.413310
0.056250, 0.423140
0.057500, 0.416499
0.058750, 0.417695
0.057500, 0.419677
0.055625, 0.417357
0.040000, 0.441137
0.060000, 0.420624
0.056875, 0.418736
0.046875, 0.413150
0.055625, 0.418521
0.050000, 0.407751
0.054375, 0.418647
0.056250, 0.417429

====================================================================
Flow ID: 466 | Shape: (30, 2)
Features: [Size/1600, IAT/0.1]
--------------------------------------------------------------------
0.061250, 0.000000
0.046875, 0.418357
0.048750, 0.419567
0.045625, 0.418050
0.056875, 0.412312
0.058125, 0.413414
0.055000, 0.418383
0.050000, 0.417750
0.058125, 0.417392
0.056250, 0.420372
0.056250, 0.436722
0.053125, 0.418992
0.045625, 0.419036
0.060000, 0.419237
0.043750, 0.416371
0.049375, 0.417713
0.041875, 0.422571
0.048750, 0.416101
0.055625, 0.420180
0.048125, 0.417879
0.058125, 0.416639
0.053750, 0.410711
0.047500, 0.417244
0.055000, 0.412685
0.055625, 0.416570
0.051875, 0.413494
0.059375, 0.416134
0.043125, 0.424592
0.056250, 0.418071
0.058750, 0.415715

====================================================================
Flow ID: 467 | Shape: (30, 2)
Features: [Size/1600, IAT/0.1]
--------------------------------------------------------------------
0.049375, 0.000000
0.059375, 0.416465
0.059375, 0.418376
0.053750, 0.410913
0.063125, 0.417038
0.048125, 0.418918
0.054375, 0.417250
0.047500, 0.417155
0.055000, 0.417854
0.056250, 0.418313
0.060625, 0.418248
0.060000, 0.417677
0.046875, 0.417329
0.053125, 0.416770
0.055625, 0.418574
0.056250, 0.420953
0.047500, 0.418644
0.053125, 0.405653
0.052500, 0.416207
0.046250, 0.418656
0.046250, 0.414049
0.061875, 0.416942
0.056875, 0.416759
0.060625, 0.419233
0.056250, 0.418038
0.056875, 0.422540
0.052500, 0.419455
0.051875, 0.418050
0.051250, 0.418079
0.056875, 0.408821

====================================================================
Flow ID: 470 | Shape: (30, 2)
Features: [Size/1600, IAT/0.1]
--------------------------------------------------------------------
0.045625, 0.000000
0.057500, 0.417106
0.055625, 0.417870
0.049375, 0.416033
0.052500, 0.418681
0.057500, 0.419833
0.056875, 0.424989
0.055625, 0.418251
0.057500, 0.412143
0.056250, 0.417820
0.058125, 0.417921
0.060000, 1.000000
0.057500, 0.416783
0.050000, 0.409662
0.045625, 0.419947
0.046250, 0.417850
0.048750, 0.357476
0.051250, 0.416859
0.052500, 0.444685
0.059375, 0.420638
0.050000, 0.418505
0.054375, 0.388032
0.058750, 0.422376
0.055625, 0.418108
0.056875, 0.416894
0.058125, 0.417235
0.058125, 0.422245
0.056250, 0.416640
0.054375, 0.429519
0.045000, 0.416326

====================================================================
Flow ID: 471 | Shape: (30, 2)
Features: [Size/1600, IAT/0.1]
--------------------------------------------------------------------
0.050000, 0.000000
0.051250, 0.417677
0.058750, 0.419410
0.060000, 0.417065
0.048750, 0.419266
0.047500, 0.418533
0.057500, 0.417987
0.058750, 0.417811
0.056250, 0.417282
0.050625, 0.417817
0.059375, 0.417773
0.044375, 0.417989
0.048125, 0.416791
0.056875, 0.443441
0.057500, 0.418357
0.060625, 0.417469
0.050625, 0.418302
0.049375, 0.418192
0.058125, 0.423078
0.055625, 0.418504
0.053125, 0.417709
0.048750, 0.420809
0.053750, 0.382180
0.043125, 0.418587
0.060000, 0.418763
0.051875, 0.417288
0.050625, 0.401656
0.060000, 0.415647
0.047500, 0.417038
0.056250, 0.416814

====================================================================
Flow ID: 480 | Shape: (30, 2)
Features: [Size/1600, IAT/0.1]
--------------------------------------------------------------------
0.057500, 0.000000
0.048125, 0.418198
0.056875, 0.417565
0.059375, 0.427418
0.058125, 0.417831
0.048125, 0.418567
0.041875, 0.418272
0.048750, 0.419327
0.055625, 0.419291
0.055000, 0.414145
0.058125, 0.432714
0.055000, 0.421623
0.047500, 0.417414
0.046875, 0.421591
0.044375, 0.413126
0.051250, 0.421774
0.059375, 0.415988
0.058125, 0.415468
0.058750, 0.452724
0.058750, 0.417000
0.050000, 0.631256
0.039375, 0.416289
0.056250, 0.407312
0.056250, 0.417852
0.050000, 0.419596
0.046875, 0.414992
0.047500, 0.339437
0.055625, 0.419143
0.055000, 0.390543
0.056875, 0.409182

====================================================================
Flow ID: 486 | Shape: (30, 2)
Features: [Size/1600, IAT/0.1]
--------------------------------------------------------------------
0.056875, 0.000000
0.052500, 0.418927
0.050625, 0.418593
0.051250, 0.419401
0.055000, 0.410949
0.053750, 0.417546
0.055000, 0.416922
0.060625, 0.417499
0.046250, 0.417933
0.047500, 0.416590
0.056250, 0.373813
0.056875, 0.418403
0.048125, 0.415656
0.046875, 0.482106
0.044375, 0.421534
0.048125, 0.415562
0.057500, 0.409510
0.047500, 0.417928
0.043750, 0.507196
0.052500, 0.417446
0.049375, 0.420662
0.055000, 0.419194
0.058125, 0.416271
0.053750, 0.420447
0.050625, 0.417134
0.056875, 0.418333
0.046875, 0.417008
0.044375, 0.419637
0.046250, 0.403473
0.052500, 0.417569

====================================================================
Flow ID: 488 | Shape: (30, 2)
Features: [Size/1600, IAT/0.1]
--------------------------------------------------------------------
0.059375, 0.000000
0.041250, 0.417372
0.056875, 0.417776
0.060000, 0.417386
0.060000, 0.415558
0.058750, 0.000161
0.043750, 0.423409
0.056875, 0.421327
0.041875, 0.416052
0.048125, 0.417332
0.048750, 0.000147
0.054375, 0.420863
0.048750, 0.412570
0.055000, 0.414280
0.050000, 0.415943
0.059375, 0.412290
0.057500, 0.417627
0.048750, 0.418054
0.055000, 0.418315
0.046250, 0.417705
0.051875, 0.302413
0.045625, 0.381876
0.059375, 0.417369
0.055625, 0.417910
0.046250, 0.417807
0.041875, 0.419227
0.055000, 0.032840
0.050000, 0.417475
0.056250, 0.416603
0.050000, 0.416795

====================================================================
Flow ID: 489 | Shape: (30, 2)
Features: [Size/1600, IAT/0.1]
--------------------------------------------------------------------
0.056875, 0.000000
0.055000, 0.416390
0.049375, 0.391380
0.045000, 0.426269
0.060000, 0.421056
0.055000, 0.416263
0.056250, 0.417942
0.046250, 0.416431
0.058750, 0.418631
0.058125, 0.417657
0.056250, 0.420200
0.053750, 0.420857
0.046250, 0.416676
0.056875, 0.418670
0.053750, 0.415821
0.046875, 0.423178
0.056250, 0.412396
0.049375, 0.417151
0.048125, 0.417335
0.045000, 0.417854
0.046875, 0.419508
0.058125, 0.419550
0.045625, 0.418200
0.059375, 0.416218
0.046250, 0.418219
0.058125, 0.419047
0.059375, 0.407975
0.045625, 0.416715
0.056875, 0.416953
0.051250, 0.416754

====================================================================
Flow ID: 492 | Shape: (30, 2)
Features: [Size/1600, IAT/0.1]
--------------------------------------------------------------------
0.046250, 0.000000
0.043750, 0.417736
0.059375, 0.416700
0.056250, 0.416672
0.051250, 0.419859
0.047500, 0.417828
0.057500, 0.417169
0.046875, 0.413154
0.060000, 0.448970
0.057500, 0.419068
0.060000, 0.417036
0.050000, 0.418424
0.051250, 0.439864
0.046250, 0.416456
0.058750, 0.415377
0.059375, 0.444372
0.058750, 0.417941
0.047500, 0.417709
0.046250, 0.423538
0.052500, 0.415536
0.048750, 0.425824
0.046250, 0.417339
0.058125, 0.418452
0.052500, 0.417465
0.050000, 0.419140
0.047500, 0.432360
0.060000, 0.418789
0.055625, 0.416492
0.054375, 0.422413
0.056250, 0.417886

====================================================================
Flow ID: 494 | Shape: (30, 2)
Features: [Size/1600, IAT/0.1]
--------------------------------------------------------------------
0.058125, 0.000000
0.060000, 0.410488
0.055000, 0.424510
0.053750, 0.416559
0.046250, 0.434756
0.056875, 0.417512
0.046250, 0.418206
0.057500, 0.411944
0.061875, 0.418242
0.054375, 0.417802
0.056875, 0.417229
0.058125, 0.426588
0.060625, 0.417645
0.048750, 0.410951
0.061875, 0.417036
0.048125, 0.417315
0.055625, 0.414948
0.060000, 0.442882
0.047500, 0.417037
0.054375, 0.417333
0.056250, 0.421452
0.055000, 0.417366
0.058125, 0.417319
0.058125, 0.417875
0.055625, 0.418370
0.060000, 0.416511
0.055625, 0.421799
0.055625, 0.417295
0.051875, 0.423388
0.055625, 0.418965

====================================================================
Flow ID: 497 | Shape: (30, 2)
Features: [Size/1600, IAT/0.1]
--------------------------------------------------------------------
0.053750, 0.000000
0.059375, 0.419049
0.059375, 0.424145
0.055625, 0.417575
0.056875, 0.419575
0.045625, 0.415227
0.048750, 0.417631
0.042500, 0.418999
0.050000, 0.424524
0.045000, 0.417316
0.053125, 0.417594
0.049375, 0.893183
0.054375, 0.383297
0.050000, 0.419357
0.062500, 0.417668
0.051875, 0.417453
0.048125, 0.418661
0.047500, 0.417558
0.057500, 0.414380
0.043750, 1.000000
0.059375, 0.416369
0.041875, 0.429719
0.055625, 0.419245
0.058750, 0.414933
0.055625, 0.418729
0.045625, 0.417345
0.058125, 0.417430
0.050625, 0.416985
0.060000, 0.418339
0.056250, 0.417534

====================================================================
Flow ID: 499 | Shape: (30, 2)
Features: [Size/1600, IAT/0.1]
--------------------------------------------------------------------
0.059375, 0.000000
0.041250, 0.415969
0.045000, 0.416824
0.046250, 0.418768
0.046250, 0.411916
0.060000, 0.418110
0.061875, 0.417221
0.058125, 0.417378
0.056875, 0.421287
0.053750, 0.386478
0.055625, 0.410190
0.059375, 0.427326
0.055625, 0.415984
0.056250, 0.419651
0.054375, 0.417018
0.058125, 0.418389
0.060000, 0.417624
0.060000, 0.415550
0.046250, 0.407628
0.058125, 0.417037
0.059375, 0.417775
0.053750, 0.419549
0.058125, 0.418018
0.052500, 0.408717
0.050625, 0.000167
0.044375, 0.417598
0.045625, 0.401678
0.055000, 0.418277
0.044375, 0.402421
0.061875, 0.417564

====================================================================
Flow ID: 501 | Shape: (30, 2)
Features: [Size/1600, IAT/0.1]
--------------------------------------------------------------------
0.058125, 0.000000
0.059375, 0.417286
0.057500, 0.416890
0.059375, 0.419043
0.055625, 0.428682
0.045000, 0.418375
0.043750, 0.415480
0.046250, 0.417655
0.058750, 0.412467
0.058125, 0.416726
0.055625, 0.419055
0.056250, 0.417613
0.046250, 0.418661
0.059375, 0.413379
0.060000, 0.719761
0.058125, 0.417596
0.048750, 0.406378
0.046250, 0.419430
0.055625, 0.417821
0.056875, 0.425623
0.049375, 0.417375
0.058750, 0.415753
0.053125, 0.445196
0.045625, 0.417208
0.043750, 0.420413
0.054375, 0.417376
0.049375, 0.419676
0.054375, 0.417422
0.056250, 0.409096
0.060625, 0.395169

====================================================================
Flow ID: 505 | Shape: (30, 2)
Features: [Size/1600, IAT/0.1]
--------------------------------------------------------------------
0.057500, 0.000000
0.058125, 0.415444
0.050625, 0.399971
0.056250, 0.416645
0.058125, 0.816970
0.061250, 0.449017
0.057500, 0.388379
0.055625, 0.417222
0.047500, 0.338023
0.054375, 0.418444
0.053125, 0.416850
0.057500, 0.419199
0.058750, 0.389580
0.056875, 0.418154
0.049375, 0.417423
0.053125, 0.418574
0.058750, 0.419489
0.053750, 0.418016
0.056250, 0.417541
0.056875, 0.227763
0.055000, 0.407136
0.057500, 0.426458
0.060625, 0.417558
0.046250, 0.416499
0.045625, 0.417390
0.055625, 0.418131
0.048750, 0.418550
0.060000, 0.416839
0.045000, 0.442719
0.061250, 0.414273

====================================================================
Flow ID: 509 | Shape: (30, 2)
Features: [Size/1600, IAT/0.1]
--------------------------------------------------------------------
0.056250, 0.000000
0.043125, 0.419169
0.055000, 0.405415
0.056250, 0.419704
0.055625, 0.237340
0.055000, 0.415155
0.056875, 0.411152
0.058750, 0.417761
0.056250, 0.415677
0.055000, 0.408259
0.061875, 0.414257
0.056250, 0.418760
0.056875, 0.413175
0.046875, 0.418207
0.056875, 0.405918
0.060000, 0.415421
0.063125, 0.422563
0.055000, 0.366954
0.053750, 0.407951
0.046250, 0.414872
0.060000, 0.417076
0.054375, 0.416867
0.055625, 0.420192
0.053125, 0.418398
0.062500, 0.417576
0.053750, 0.419932
0.042500, 0.417376
0.058750, 0.417949
0.054375, 0.419514
0.060000, 0.417007

====================================================================
Flow ID: 386 | Shape: (30, 2)
Features: [Size/1600, IAT/0.1]
--------------------------------------------------------------------
0.046250, 0.000000
0.056875, 0.472075
0.058125, 0.420222
0.055000, 0.420023
0.056875, 0.419221
0.056875, 0.414405
0.055625, 0.416913
0.055000, 0.417937
0.057500, 0.417989
0.044375, 0.418193
0.057500, 0.417271
0.055625, 0.420373
0.043125, 0.418209
0.055625, 0.417024
0.053750, 0.417376
0.050000, 0.409194
0.056875, 0.414422
0.057500, 0.453973
0.050000, 0.419240
0.056875, 0.416180
0.053750, 0.418550
0.059375, 0.418425
0.050000, 0.418071
0.052500, 0.462883
0.052500, 0.418797
0.049375, 0.420876
0.056250, 0.416680
0.056250, 0.436886
0.049375, 0.417102
0.058125, 0.418424

====================================================================
Flow ID: 389 | Shape: (30, 2)
Features: [Size/1600, IAT/0.1]
--------------------------------------------------------------------
0.045000, 0.000000
0.055000, 0.418686
0.059375, 0.414784
0.055625, 0.416824
0.055625, 0.408360
0.058750, 0.416299
0.059375, 0.653494
0.045625, 0.417850
0.048125, 0.438793
0.048125, 0.421221
0.061250, 0.424518
0.054375, 0.426716
0.050000, 0.417721
0.045625, 0.416316
0.045625, 0.417560
0.055625, 0.419759
0.043750, 0.419300
0.056250, 0.418665
0.049375, 0.417916
0.048750, 0.418247
0.056250, 0.422347
0.063125, 0.414485
0.055625, 0.412973
0.056875, 0.408252
0.051875, 0.438273
0.046875, 0.418008
0.058125, 0.405541
0.046875, 0.373288
0.056875, 0.418018
0.060625, 0.410615

====================================================================
Flow ID: 390 | Shape: (30, 2)
Features: [Size/1600, IAT/0.1]
--------------------------------------------------------------------
0.053750, 0.000000
0.056250, 0.416646
0.056875, 0.393362
0.058750, 0.418887
0.055625, 0.417917
0.046250, 0.418916
0.053750, 0.418214
0.058125, 0.420401
0.058125, 0.418500
0.051875, 0.013134
0.056250, 0.414801
0.050000, 0.418487
0.056250, 0.418048
0.043750, 0.419720
0.056875, 0.420465
0.058750, 0.416681
0.061250, 0.416145
0.057500, 0.418959
0.056250, 0.418496
0.060000, 0.397075
0.048125, 0.424381
0.059375, 0.417385
0.045000, 0.417002
0.053750, 0.415433
0.055625, 0.417005
0.054375, 0.417959
0.045000, 0.397507
0.051250, 0.419496
0.055625, 0.411103
0.046875, 0.414991

====================================================================
Flow ID: 399 | Shape: (30, 2)
Features: [Size/1600, IAT/0.1]
--------------------------------------------------------------------
0.056875, 0.000000
0.055000, 0.426725
0.043750, 0.412577
0.046875, 0.410791
0.055000, 0.419024
0.057500, 0.415718
0.059375, 0.416392
0.046250, 0.419814
0.056250, 0.413230
0.051250, 0.417927
0.047500, 0.419114
0.048125, 0.416597
0.060625, 0.417633
0.055000, 0.417372
0.057500, 0.417059
0.041875, 0.417721
0.053750, 0.415597
0.048125, 0.419717
0.048125, 0.417157
0.058125, 0.415836
0.058750, 0.417594
0.054375, 0.418379
0.044375, 0.416814
0.047500, 0.421810
0.057500, 0.418208
0.056250, 0.414383
0.060000, 0.418126
0.058750, 0.418735
0.046875, 0.416666
0.051250, 0.427494

====================================================================
Flow ID: 400 | Shape: (30, 2)
Features: [Size/1600, IAT/0.1]
--------------------------------------------------------------------
0.045625, 0.000000
0.057500, 0.419488
0.056875, 0.417941
0.049375, 0.417526
0.055625, 0.419237
0.056875, 0.416741
0.047500, 0.410524
0.055625, 0.417152
0.047500, 0.418447
0.058750, 0.404903
0.046875, 0.414985
0.058125, 0.419740
0.056875, 0.418007
0.056875, 0.410158
0.045000, 0.417756
0.058125, 0.419298
0.056250, 0.417822
0.055625, 0.418516
0.055625, 0.424441
0.054375, 0.420636
0.046250, 0.418517
0.055000, 0.417354
0.059375, 0.417033
0.055000, 0.416031
0.053125, 0.417555
0.060625, 0.416771
0.055000, 0.423286
0.055000, 0.405805
0.053750, 0.417107
0.046250, 0.418010

====================================================================
Flow ID: 408 | Shape: (30, 2)
Features: [Size/1600, IAT/0.1]
--------------------------------------------------------------------
0.053750, 0.000000
0.043750, 0.418521
0.051875, 0.410983
0.056250, 0.431977
0.061875, 0.418281
0.056875, 0.417536
0.056250, 0.417451
0.060000, 0.416363
0.044375, 0.416572
0.046250, 0.416258
0.051875, 0.418321
0.055625, 0.417914
0.058125, 0.417353
0.056875, 0.419104
0.055625, 0.418527
0.056250, 0.418939
0.049375, 0.418227
0.053125, 0.416408
0.056250, 0.416769
0.058125, 0.417507
0.051250, 0.417183
0.056250, 0.416863
0.048125, 0.419097
0.058125, 0.418056
0.058750, 0.418514
0.043125, 0.405561
0.055000, 0.421658
0.045625, 0.423039
0.043750, 0.409380
0.059375, 0.417952

====================================================================
Flow ID: 412 | Shape: (30, 2)
Features: [Size/1600, IAT/0.1]
--------------------------------------------------------------------
0.056250, 0.000000
0.050000, 0.417486
0.052500, 0.414811
0.046875, 0.417154
0.050000, 0.418459
0.049375, 0.420500
0.051875, 0.423146
0.057500, 0.416597
0.057500, 0.417780
0.046250, 0.417904
0.056250, 0.406649
0.054375, 0.416331
0.058125, 0.417091
0.060000, 0.427705
0.053750, 0.418882
0.060000, 0.418600
0.046250, 0.413789
0.046250, 0.417313
0.056250, 0.307218
0.048125, 0.416319
0.060000, 0.417636
0.051875, 0.418576
0.048125, 0.419692
0.058750, 0.417754
0.044375, 0.418273
0.050000, 0.417965
0.058125, 0.417229
0.049375, 0.417186
0.058750, 0.418152
0.056875, 0.416969

====================================================================
Flow ID: 413 | Shape: (30, 2)
Features: [Size/1600, IAT/0.1]
--------------------------------------------------------------------
0.055625, 0.000000
0.055000, 0.416832
0.050000, 0.417485
0.059375, 0.421391
0.053125, 0.417778
0.055000, 0.417802
0.057500, 0.421353
0.052500, 0.483645
0.057500, 0.416311
0.048125, 0.350951
0.047500, 0.417888
0.059375, 0.414217
0.045625, 0.405381
0.055000, 0.198125
0.060000, 0.414879
0.045000, 0.417757
0.048750, 0.414139
0.056250, 0.416039
0.054375, 0.420309
0.046875, 0.412270
0.055000, 0.418068
0.058750, 0.406479
0.061875, 0.419136
0.060000, 0.416304
0.058125, 0.416248
0.057500, 0.418388
0.058125, 0.417230
0.048125, 0.421802
0.048750, 0.415316
0.058750, 0.417892

====================================================================
Flow ID: 414 | Shape: (30, 2)
Features: [Size/1600, IAT/0.1]
--------------------------------------------------------------------
0.045625, 0.000000
0.048125, 0.542979
0.057500, 0.419419
0.057500, 0.411637
0.053750, 0.399421
0.053750, 0.418992
0.059375, 0.417798
0.055000, 0.417224
0.053125, 0.408724
0.059375, 0.416135
0.058750, 0.415406
0.048125, 0.379689
0.056250, 0.418401
0.056875, 0.426359
0.055625, 0.418440
0.055000, 0.417558
0.059375, 0.405268
0.044375, 0.411534
0.058125, 0.417706
0.055000, 0.417712
0.055000, 0.416663
0.055625, 0.415918
0.059375, 0.422475
0.058125, 0.416373
0.043750, 0.417298
0.060625, 0.420644
0.058125, 0.417323
0.055000, 0.419077
0.045625, 0.418802
0.057500, 0.419207

====================================================================
Flow ID: 415 | Shape: (30, 2)
Features: [Size/1600, IAT/0.1]
--------------------------------------------------------------------
0.045625, 0.000000
0.058750, 0.418257
0.050000, 0.454873
0.056250, 0.417639
0.056250, 0.416181
0.057500, 0.417584
0.063750, 0.417841
0.058750, 0.418268
0.056250, 0.416470
0.057500, 0.417315
0.058750, 0.408594
0.053125, 0.416991
0.058750, 0.414877
0.049375, 0.422428
0.061875, 0.418040
0.056250, 0.417955
0.054375, 0.418117
0.052500, 0.416479
0.051875, 0.420142
0.047500, 0.417653
0.058125, 0.419260
0.058125, 0.418030
0.057500, 0.361362
0.057500, 0.416256
0.052500, 0.407887
0.056250, 0.418366
0.056875, 0.417467
0.058125, 0.418165
0.056250, 0.416413
0.058125, 0.418661

====================================================================
Flow ID: 416 | Shape: (30, 2)
Features: [Size/1600, IAT/0.1]
--------------------------------------------------------------------
0.057500, 0.000000
0.046875, 0.417136
0.054375, 0.416426
0.057500, 0.418475
0.040000, 0.419949
0.055000, 0.418213
0.057500, 0.420194
0.055000, 0.419940
0.053750, 0.417270
0.053125, 0.417371
0.046250, 0.411825
0.043750, 0.419396
0.055000, 0.418100
0.045000, 0.419244
0.046875, 0.418417
0.050000, 0.417667
0.047500, 0.416118
0.053125, 0.404408
0.053750, 0.417850
0.055000, 0.434870
0.054375, 0.416996
0.061875, 0.417512
0.055625, 0.416443
0.048750, 0.314975
0.047500, 0.416718
0.059375, 0.419796
0.045625, 0.406149
0.055000, 0.418353
0.057500, 0.170959
0.057500, 0.416169

====================================================================
Flow ID: 418 | Shape: (30, 2)
Features: [Size/1600, IAT/0.1]
--------------------------------------------------------------------
0.056250, 0.000000
0.043750, 0.417692
0.056875, 1.000000
0.053750, 0.415701
0.046250, 0.418068
0.055625, 0.422266
0.049375, 0.534831
0.048125, 0.422034
0.048750, 0.417312
0.053125, 0.418168
0.047500, 0.417460
0.060625, 0.425609
0.055000, 0.419483
0.058750, 0.415562
0.056875, 0.416495
0.050000, 0.416598
0.053125, 0.415382
0.056250, 0.000154
0.056250, 0.418242
0.058125, 0.409597
0.051250, 0.412537
0.057500, 0.415818
0.053750, 0.418199
0.051250, 0.418262
0.054375, 0.418791
0.045000, 0.399993
0.058125, 0.423969
0.056250, 0.416206
0.046250, 0.416635
0.059375, 0.418119

====================================================================
Flow ID: 422 | Shape: (30, 2)
Features: [Size/1600, IAT/0.1]
--------------------------------------------------------------------
0.056250, 0.000000
0.056250, 0.426167
0.054375, 0.420705
0.056875, 0.419755
0.056875, 0.418002
0.046250, 0.416478
0.058750, 0.412870
0.048750, 0.417765
0.053125, 0.420083
0.055625, 0.421750
0.054375, 0.415886
0.059375, 0.418147
0.058125, 0.414129
0.051250, 0.416243
0.060000, 0.416542
0.059375, 0.417803
0.055625, 0.417425
0.052500, 0.416901
0.058750, 0.403717
0.061875, 0.417111
0.055625, 0.417274
0.056250, 0.440848
0.046875, 0.419484
0.054375, 0.418758
0.046875, 0.414512
0.058750, 0.417267
0.048125, 0.417062
0.058750, 0.417775
0.055625, 0.416794
0.048125, 0.419034

====================================================================
Flow ID: 425 | Shape: (30, 2)
Features: [Size/1600, IAT/0.1]
--------------------------------------------------------------------
0.057500, 0.000000
0.058750, 0.416512
0.056250, 0.427388
0.055000, 0.418934
0.053750, 0.431005
0.056250, 0.416633
0.054375, 0.372677
0.048125, 0.416159
0.048125, 0.430479
0.055000, 0.403352
0.045000, 0.416517
0.056250, 0.417661
0.054375, 0.415079
0.046250, 0.416194
0.053750, 0.427164
0.057500, 0.421009
0.053750, 0.419022
0.057500, 0.419960
0.054375, 0.417171
0.056250, 0.417047
0.052500, 0.417216
0.055000, 0.404881
0.050000, 0.418678
0.060000, 0.416327
0.054375, 0.392277
0.057500, 0.417642
0.051875, 0.436587
0.052500, 0.417877
0.056875, 0.420754
0.051250, 0.413810

====================================================================
Flow ID: 430 | Shape: (30, 2)
Features: [Size/1600, IAT/0.1]
--------------------------------------------------------------------
0.051250, 0.000000
0.055000, 0.417958
0.057500, 0.411817
0.058125, 0.423341
0.061250, 0.415143
0.046875, 0.416988
0.051875, 0.412489
0.049375, 0.417930
0.047500, 0.416574
0.060625, 0.423508
0.055625, 0.418397
0.060000, 0.418446
0.059375, 0.414599
0.046250, 0.414598
0.056875, 0.416551
0.059375, 0.408482
0.063125, 0.461234
0.046250, 0.223209
0.055000, 0.411309
0.060625, 0.418097
0.047500, 0.418123
0.055000, 0.416241
0.053750, 0.416660
0.055625, 0.417511
0.050625, 0.417914
0.055000, 0.418942
0.057500, 0.428438
0.042500, 0.371775
0.060000, 0.391047
0.044375, 0.418897

====================================================================
Flow ID: 434 | Shape: (30, 2)
Features: [Size/1600, IAT/0.1]
--------------------------------------------------------------------
0.059375, 0.000000
0.046875, 0.417320
0.046875, 0.418462
0.059375, 0.417551
0.061250, 0.417778
0.046250, 0.417903
0.045625, 0.416280
0.043750, 0.419574
0.056250, 0.422230
0.058125, 0.404716
0.052500, 0.418623
0.053750, 0.419806
0.056875, 0.416450
0.051250, 0.417306
0.058125, 0.418600
0.058750, 0.419302
0.048750, 0.438778
0.046875, 0.416410
0.051875, 0.418758
0.061875, 0.306339
0.050000, 0.417493
0.053125, 0.418013
0.056875, 0.417444
0.057500, 0.421678
0.057500, 0.417663
0.050625, 0.416236
0.043750, 0.416623
0.056250, 0.420556
0.058750, 0.419651
0.047500, 0.416127

====================================================================
Flow ID: 437 | Shape: (30, 2)
Features: [Size/1600, IAT/0.1]
--------------------------------------------------------------------
0.045625, 0.000000
0.056875, 0.412654
0.055000, 0.419280
0.053750, 0.416011
0.044375, 0.408427
0.056250, 0.415499
0.058125, 0.418612
0.046250, 0.417627
0.055625, 0.419569
0.047500, 0.990673
0.053125, 0.414705
0.049375, 0.421311
0.045625, 0.417602
0.051250, 0.412038
0.053125, 0.418127
0.045625, 0.411782
0.045625, 0.416847
0.061875, 0.418800
0.042500, 0.420258
0.059375, 0.362977
0.054375, 0.412254
0.056875, 0.417060
0.046875, 0.417759
0.057500, 0.417131
0.055625, 0.420144
0.060625, 0.423793
0.058125, 0.428447
0.048125, 0.420470
0.060625, 0.417674
0.055000, 0.417188

====================================================================
Flow ID: 438 | Shape: (30, 2)
Features: [Size/1600, IAT/0.1]
--------------------------------------------------------------------
0.057500, 0.000000
0.048125, 0.389168
0.056875, 0.416233
0.058750, 0.414775
0.047500, 0.417804
0.061250, 0.416676
0.060000, 0.418573
0.051875, 0.417199
0.048750, 0.436519
0.049375, 0.417739
0.045000, 0.418312
0.043750, 0.372033
0.049375, 0.417116
0.042500, 0.415365
0.058125, 0.417488
0.061250, 0.381426
0.056875, 0.420984
0.060000, 0.419126
0.060625, 0.415236
0.053750, 0.415807
0.046250, 0.419191
0.057500, 0.418252
0.049375, 0.421726
0.057500, 0.348222
0.045000, 0.418704
0.058125, 0.424458
0.057500, 0.415532
0.043750, 0.383406
0.056875, 0.418677
0.060625, 0.419060

====================================================================
Flow ID: 439 | Shape: (30, 2)
Features: [Size/1600, IAT/0.1]
--------------------------------------------------------------------
0.060000, 0.000000
0.050625, 0.418557
0.055000, 0.417011
0.050625, 0.395816
0.056875, 0.417791
0.056875, 0.418403
0.055000, 0.409683
0.045625, 0.391629
0.048750, 0.409595
0.048750, 0.419959
0.060000, 0.417465
0.057500, 0.419731
0.051250, 0.417926
0.048750, 0.418153
0.058125, 0.409846
0.056250, 0.416201
0.057500, 0.417359
0.051250, 0.417050
0.055000, 0.417549
0.048750, 0.466317
0.044375, 0.416288
0.056875, 0.417529
0.054375, 0.416840
0.060000, 0.418310
0.056875, 0.417502
0.061250, 0.420951
0.060625, 0.418110
0.054375, 0.468195
0.053750, 0.417774
0.055000, 0.417414

====================================================================
Flow ID: 443 | Shape: (30, 2)
Features: [Size/1600, IAT/0.1]
--------------------------------------------------------------------
0.059375, 0.000000
0.060625, 0.418578
0.053125, 0.418920
0.056875, 0.419259
0.056250, 0.418000
0.057500, 0.417773
0.055625, 0.425669
0.055625, 0.417610
0.057500, 0.416954
0.054375, 0.415667
0.055625, 0.419390
0.056250, 0.416847
0.059375, 0.417151
0.061875, 0.417139
0.051250, 0.417815
0.055625, 0.416960
0.045625, 0.417802
0.054375, 0.417614
0.056250, 0.420126
0.058125, 0.417041
0.059375, 0.420098
0.046250, 0.416315
0.044375, 0.451692
0.063750, 0.417276
0.048125, 0.413917
0.055000, 0.417501
0.043125, 0.415094
0.056875, 0.418377
0.056250, 0.410139
0.055000, 0.415910

====================================================================
Flow ID: 446 | Shape: (30, 2)
Features: [Size/1600, IAT/0.1]
--------------------------------------------------------------------
0.046875, 0.000000
0.056875, 0.415983
0.048125, 0.422044
0.047500, 0.417586
0.056250, 0.417267
0.063125, 0.420370
0.055625, 0.390984
0.047500, 0.416996
0.053750, 0.415718
0.045000, 0.417487
0.046250, 0.417101
0.057500, 0.417664
0.046250, 0.417664
0.056250, 0.417626
0.060000, 0.410789
0.057500, 0.419740
0.056250, 0.417974
0.048750, 0.418295
0.060000, 0.417344
0.046875, 0.417679
0.058125, 0.420951
0.046250, 0.417256
0.054375, 0.401567
0.046250, 0.416507
0.058750, 0.417261
0.057500, 0.307148
0.060000, 0.417365
0.058750, 0.417263
0.057500, 0.357971
0.046875, 0.417893

====================================================================
Flow ID: 447 | Shape: (30, 2)
Features: [Size/1600, IAT/0.1]
--------------------------------------------------------------------
0.057500, 0.000000
0.055000, 0.415549
0.056875, 0.541128
0.048125, 0.413118
0.055000, 0.417089
0.044375, 0.072823
0.056250, 0.418066
0.046250, 0.411831
0.058125, 0.898481
0.056875, 0.417455
0.047500, 0.418260
0.050000, 0.418690
0.048750, 0.417391
0.049375, 0.417631
0.060000, 0.413065
0.046875, 0.434293
0.057500, 0.418887
0.057500, 0.421958
0.062500, 0.416715
0.045000, 0.416054
0.056250, 0.417889
0.045625, 0.416982
0.059375, 0.416890
0.059375, 0.416783
0.055000, 0.411878
0.046250, 0.416477
0.052500, 0.415977
0.057500, 0.417533
0.045625, 0.417880
0.050625, 0.420361

====================================================================
Flow ID: 451 | Shape: (30, 2)
Features: [Size/1600, IAT/0.1]
--------------------------------------------------------------------
0.055625, 0.000000
0.050625, 0.417912
0.053125, 0.416725
0.045625, 0.418639
0.048750, 0.418476
0.056250, 0.419160
0.050000, 0.426374
0.054375, 0.420659
0.061250, 0.400066
0.052500, 0.419976
0.047500, 0.417098
0.063125, 0.394560
0.053125, 0.418005
0.056875, 0.418772
0.046875, 0.422433
0.043750, 1.000000
0.058125, 0.417579
0.050625, 0.416891
0.050625, 0.370110
0.053125, 0.416071
0.052500, 0.416058
0.048750, 0.416447
0.056875, 0.417212
0.053750, 0.419734
0.058750, 0.416930
0.045625, 0.418023
0.060000, 0.419490
0.055625, 0.416107
0.047500, 0.418023
0.051250, 0.413185

====================================================================
Flow ID: 456 | Shape: (30, 2)
Features: [Size/1600, IAT/0.1]
--------------------------------------------------------------------
0.058125, 0.000000
0.050625, 0.420365
0.053750, 0.417030
0.058125, 0.415712
0.049375, 0.417811
0.060000, 0.418155
0.058750, 0.416461
0.059375, 0.417619
0.045000, 0.417672
0.057500, 0.420873
0.060625, 0.417695
0.049375, 0.419043
0.045625, 0.414106
0.048125, 0.415298
0.056875, 0.402953
0.054375, 0.413287
0.058750, 0.416434
0.046250, 0.419549
0.046250, 0.415652
0.056250, 0.418270
0.055625, 0.427497
0.040625, 0.418431
0.058750, 0.419372
0.051250, 0.417071
0.047500, 0.426633
0.060000, 0.417869
0.056875, 0.414900
0.056250, 0.415239
0.049375, 0.417781
0.060000, 0.417468

====================================================================
Flow ID: 461 | Shape: (30, 2)
Features: [Size/1600, IAT/0.1]
--------------------------------------------------------------------
0.057500, 0.000000
0.059375, 0.416352
0.056250, 0.410759
0.056875, 0.479968
0.057500, 0.419238
0.058125, 0.418562
0.056875, 0.417597
0.054375, 0.404842
0.051250, 0.421322
0.055625, 0.420132
0.057500, 0.419119
0.060000, 0.424313
0.058125, 0.424912
0.060000, 0.293438
0.057500, 0.417984
0.056875, 0.417727
0.054375, 0.418333
0.048125, 0.416706
0.056875, 0.417001
0.048125, 0.426636
0.050000, 0.415502
0.058750, 0.417046
0.046875, 0.416620
0.055625, 0.468713
0.056875, 0.423776
0.046875, 0.417449
0.048750, 0.422642
0.056250, 0.415392
0.047500, 0.417671
0.057500, 0.417801

====================================================================
Flow ID: 462 | Shape: (30, 2)
Features: [Size/1600, IAT/0.1]
--------------------------------------------------------------------
0.045000, 0.000000
0.047500, 0.413096
0.055625, 0.417140
0.054375, 0.419931
0.055000, 0.417704
0.048125, 0.406307
0.060625, 0.416508
0.060625, 0.417553
0.043125, 0.419258
0.058125, 0.425908
0.056250, 0.418870
0.048125, 0.418139
0.045000, 0.416118
0.057500, 0.414949
0.048750, 0.419149
0.049375, 0.421332
0.048750, 0.417566
0.045000, 0.415841
0.055000, 0.417322
0.049375, 0.417181
0.048750, 0.417532
0.058125, 0.417694
0.048750, 0.413408
0.056250, 0.419531
0.048125, 0.431885
0.054375, 0.419228
0.056875, 0.418196
0.055000, 0.421772
0.045000, 0.417210
0.055625, 0.415737

====================================================================
Flow ID: 464 | Shape: (30, 2)
Features: [Size/1600, IAT/0.1]
--------------------------------------------------------------------
0.051875, 0.000000
0.050000, 0.418495
0.060625, 0.416619
0.047500, 0.427176
0.048125, 0.418240
0.053750, 0.423120
0.055625, 0.396571
0.058750, 0.411215
0.056250, 0.403463
0.050625, 0.407281
0.046875, 0.419196
0.046875, 0.418049
0.043750, 0.582839
0.054375, 0.422345
0.055000, 0.416199
0.056250, 0.415998
0.048125, 0.436880
0.056250, 0.417750
0.056250, 0.431147
0.049375, 0.429725
0.057500, 0.422990
0.062500, 0.415022
0.059375, 0.414170
0.056875, 0.417707
0.060000, 0.417418
0.045000, 0.424748
0.056250, 0.417062
0.044375, 0.416699
0.057500, 0.432589
0.046250, 0.417046

====================================================================
Flow ID: 466 | Shape: (30, 2)
Features: [Size/1600, IAT/0.1]
--------------------------------------------------------------------
0.047500, 0.000000
0.058750, 0.412477
0.056250, 0.416274
0.048750, 0.415877
0.053125, 0.466232
0.053750, 0.413957
0.055625, 0.418872
0.059375, 0.418082
0.048125, 0.416961
0.046875, 0.416754
0.053750, 0.417916
0.053125, 0.418308
0.045000, 0.418259
0.058125, 0.415498
0.060000, 0.422807
0.046875, 0.417736
0.045000, 0.416497
0.056250, 0.417445
0.053750, 0.413661
0.058750, 0.418500
0.057500, 0.387772
0.055000, 0.417069
0.052500, 0.416761
0.048750, 0.418036
0.060000, 0.349732
0.058750, 0.415798
0.049375, 0.422818
0.053750, 0.408616
0.056875, 0.537049
0.053750, 0.425861

====================================================================
Flow ID: 470 | Shape: (30, 2)
Features: [Size/1600, IAT/0.1]
--------------------------------------------------------------------
0.056250, 0.000000
0.060000, 0.421511
0.056875, 0.419429
0.045625, 0.416531
0.046875, 0.416857
0.056875, 0.417482
0.047500, 0.417574
0.062500, 0.416011
0.056250, 0.415388
0.058750, 0.414647
0.057500, 0.418402
0.061250, 0.416297
0.046875, 0.415883
0.055000, 0.414832
0.060625, 0.418016
0.043750, 0.417777
0.050000, 0.418353
0.058750, 0.418504
0.055000, 0.417869
0.056875, 0.437929
0.043750, 0.398735
0.048125, 0.416405
0.048125, 0.414916
0.056875, 0.418834
0.045625, 0.466007
0.057500, 0.420366
0.056250, 0.423840
0.048125, 0.417082
0.057500, 0.451295
0.053125, 0.000149

====================================================================
Flow ID: 471 | Shape: (30, 2)
Features: [Size/1600, IAT/0.1]
--------------------------------------------------------------------
0.046250, 0.000000
0.058750, 0.680632
0.044375, 0.417308
0.058750, 0.419427
0.049375, 0.418330
0.053750, 0.416946
0.056250, 0.417104
0.053750, 0.418134
0.057500, 0.413868
0.053125, 0.410438
0.055625, 0.421560
0.054375, 0.418562
0.058125, 0.408831
0.058750, 0.427574
0.047500, 0.415794
0.051250, 0.415602
0.055625, 0.417785
0.040625, 0.415437
0.048750, 0.383595
0.038750, 0.415324
0.058125, 0.421225
0.058125, 0.416772
0.057500, 0.000147
0.046250, 0.417936
0.046875, 0.418687
0.059375, 0.415599
0.048750, 0.415434
0.056875, 0.417190
0.045625, 0.417373
0.055625, 0.420749

====================================================================
Flow ID: 472 | Shape: (30, 2)
Features: [Size/1600, IAT/0.1]
--------------------------------------------------------------------
0.046250, 0.000000
0.044375, 0.417578
0.046875, 0.413868
0.044375, 0.417241
0.054375, 0.418422
0.060000, 0.423839
0.054375, 0.412618
0.056875, 0.417541
0.047500, 0.417744
0.059375, 0.426559
0.056875, 0.418762
0.056875, 0.420042
0.056875, 0.413324
0.055000, 0.419898
0.053125, 0.419814
0.046875, 0.418334
0.056250, 0.416590
0.051875, 0.414857
0.057500, 0.413403
0.057500, 0.412372
0.047500, 0.417803
0.055625, 0.421285
0.050625, 0.419878
0.056250, 0.418387
0.043125, 0.417977
0.056875, 0.419664
0.044375, 0.415554
0.057500, 0.418880
0.060000, 0.418826
0.058750, 0.411845

====================================================================
Flow ID: 473 | Shape: (30, 2)
Features: [Size/1600, IAT/0.1]
--------------------------------------------------------------------
0.056875, 0.000000
0.061250, 0.418170
0.056875, 0.417609
0.058125, 0.417822
0.056250, 0.418219
0.046875, 0.419192
0.050625, 0.415958
0.047500, 0.423275
0.061875, 0.392670
0.060000, 0.418156
0.055625, 0.415933
0.056875, 0.417708
0.055625, 0.416248
0.056875, 0.418046
0.057500, 0.417539
0.054375, 0.667939
0.048750, 0.412398
0.047500, 0.401670
0.057500, 0.417784
0.053750, 0.420784
0.055000, 0.418963
0.056250, 1.000000
0.058750, 0.412133
0.048750, 0.417643
0.051250, 0.415940
0.058125, 0.417645
0.055625, 0.416596
0.045625, 0.418168
0.058750, 0.417346
0.057500, 0.413415

====================================================================
Flow ID: 475 | Shape: (30, 2)
Features: [Size/1600, IAT/0.1]
--------------------------------------------------------------------
0.056875, 0.000000
0.053125, 0.411998
0.057500, 0.420708
0.058750, 0.417211
0.060625, 0.413931
0.054375, 0.417417
0.056250, 0.416324
0.056875, 0.418195
0.055625, 0.415993
0.056250, 0.369473
0.060625, 0.418196
0.049375, 0.360321
0.055000, 0.418739
0.055000, 0.419694
0.045625, 0.418902
0.044375, 0.455274
0.056250, 0.417747
0.056875, 0.417119
0.058750, 0.434083
0.058750, 0.417994
0.060000, 0.417015
0.054375, 0.416346
0.057500, 0.415556
0.058750, 0.417250
0.056250, 0.417700
0.052500, 0.391410
0.053750, 0.417964
0.049375, 0.420211
0.055625, 0.417983
0.048125, 0.417991

====================================================================
Flow ID: 481 | Shape: (30, 2)
Features: [Size/1600, IAT/0.1]
--------------------------------------------------------------------
0.046875, 0.000000
0.057500, 0.417394
0.054375, 0.423120
0.047500, 0.419404
0.054375, 0.417786
0.058750, 0.418440
0.060000, 0.409393
0.053750, 0.404833
0.056250, 0.416942
0.046875, 0.417796
0.058750, 0.415235
0.047500, 0.414646
0.054375, 0.417881
0.045000, 0.442324
0.058750, 0.417508
0.058125, 0.417621
0.044375, 0.411262
0.047500, 0.392237
0.045000, 0.414656
0.042500, 0.418436
0.053125, 0.418842
0.055000, 0.418830
0.055625, 0.433815
0.052500, 0.402813
0.055000, 0.416946
0.046250, 0.417788
0.046875, 0.418737
0.056875, 0.417111
0.056250, 0.416531
0.049375, 0.418364

====================================================================
Flow ID: 482 | Shape: (30, 2)
Features: [Size/1600, IAT/0.1]
--------------------------------------------------------------------
0.050625, 0.000000
0.055625, 0.417118
0.057500, 0.419000
0.047500, 0.420272
0.057500, 0.416306
0.058125, 0.415882
0.056250, 0.419302
0.060000, 0.426230
0.053750, 0.418223
0.047500, 0.417911
0.058125, 0.418046
0.054375, 0.419972
0.056250, 0.422754
0.056250, 0.418578
0.057500, 0.413054
0.051875, 0.416891
0.056875, 0.415214
0.045000, 0.414493
0.046250, 0.426671
0.048125, 0.419058
0.042500, 0.418385
0.060000, 0.417827
0.047500, 0.441512
0.048750, 0.419764
0.058750, 0.419434
0.049375, 0.422023
0.050625, 0.419287
0.055625, 0.416289
0.049375, 0.420230
0.050625, 0.417700

====================================================================
Flow ID: 486 | Shape: (30, 2)
Features: [Size/1600, IAT/0.1]
--------------------------------------------------------------------
0.061875, 0.000000
0.059375, 0.416641
0.058125, 0.435274
0.058125, 0.418267
0.049375, 0.415443
0.056875, 0.416886
0.053750, 0.420266
0.051875, 0.435161
0.056250, 0.412709
0.058125, 0.420596
0.043750, 0.446760
0.060000, 0.019701
0.047500, 0.413425
0.051250, 0.417800
0.054375, 0.420364
0.048125, 0.414038
0.048750, 0.417142
0.048125, 0.400749
0.058125, 0.417482
0.056875, 0.419500
0.047500, 0.416400
0.060000, 0.418804
0.046250, 0.415395
0.040000, 0.418014
0.059375, 0.411600
0.049375, 0.412955
0.044375, 0.413256
0.056875, 0.417824
0.058750, 0.000159
0.056250, 0.417396

====================================================================
Flow ID: 495 | Shape: (30, 2)
Features: [Size/1600, IAT/0.1]
--------------------------------------------------------------------
0.056875, 0.000000
0.054375, 0.417778
0.050625, 0.418500
0.045000, 0.417574
0.060000, 0.417149
0.050625, 0.000151
0.059375, 0.414830
0.051250, 0.416557
0.057500, 0.414541
0.050625, 0.419348
0.045000, 0.417325
0.045625, 0.547730
0.051250, 0.417391
0.061250, 0.422969
0.048125, 0.416727
0.047500, 0.417732
0.048125, 0.419052
0.059375, 0.417801
0.048750, 0.416899
0.053750, 0.416956
0.045625, 0.418507
0.050625, 0.418182
0.045625, 0.414354
0.059375, 0.416405
0.048750, 0.438669
0.050000, 0.417661
0.047500, 0.416305
0.047500, 0.418185
0.048125, 0.418750
0.056875, 0.416293

====================================================================
Flow ID: 497 | Shape: (30, 2)
Features: [Size/1600, IAT/0.1]
--------------------------------------------------------------------
0.053125, 0.000000
0.055625, 0.418275
0.058125, 0.416816
0.046875, 0.416621
0.058125, 0.417471
0.051875, 0.414928
0.055000, 0.417958
0.048125, 0.419247
0.046875, 0.417476
0.058125, 0.417955
0.060000, 0.399766
0.044375, 0.416753
0.059375, 0.421222
0.050625, 0.417590
0.053750, 0.419029
0.050625, 0.000156
0.046250, 0.417578
0.056875, 0.419142
0.056875, 0.416645
0.048125, 0.417382
0.059375, 0.411078
0.043125, 0.418682
0.048750, 0.434910
0.054375, 0.417699
0.047500, 0.416199
0.053125, 0.419874
0.053750, 0.413829
0.046250, 0.415762
0.047500, 0.418838
0.058125, 0.416277

====================================================================
Flow ID: 498 | Shape: (30, 2)
Features: [Size/1600, IAT/0.1]
--------------------------------------------------------------------
0.061875, 0.000000
0.044375, 0.414064
0.056875, 0.420285
0.056875, 0.416412
0.051875, 0.414682
0.049375, 0.417140
0.044375, 0.427237
0.061250, 0.417104
0.057500, 0.420606
0.059375, 0.416646
0.058750, 0.416153
0.056250, 0.419525
0.051250, 0.417889
0.057500, 0.417974
0.061250, 0.414862
0.048750, 0.418696
0.056875, 0.417993
0.050000, 0.418031
0.045000, 0.417940
0.042500, 0.415830
0.058125, 0.417696
0.059375, 0.417755
0.060625, 0.425987
0.050625, 0.417246
0.050000, 0.416822
0.046875, 0.417455
0.055625, 0.398275
0.050000, 0.418671
0.055625, 0.416048
0.055000, 0.417941

====================================================================
Flow ID: 501 | Shape: (30, 2)
Features: [Size/1600, IAT/0.1]
--------------------------------------------------------------------
0.048750, 0.000000
0.043125, 0.416391
0.058750, 0.417999
0.048125, 0.412950
0.045000, 0.418031
0.055000, 0.419093
0.058125, 0.417752
0.055625, 0.147120
0.057500, 0.414991
0.061250, 0.418190
0.048750, 0.417553
0.051875, 0.418726
0.050625, 0.417966
0.044375, 0.416687
0.050625, 0.411010
0.056875, 0.415056
0.055000, 0.418593
0.053750, 0.417979
0.056875, 0.421795
0.050000, 0.417752
0.044375, 0.415331
0.045625, 0.000149
0.047500, 0.416681
0.055625, 0.416836
0.058125, 0.418029
0.053750, 0.412186
0.057500, 0.417279
0.046875, 0.418046
0.050000, 0.429400
0.055625, 0.422019

====================================================================
Flow ID: 504 | Shape: (30, 2)
Features: [Size/1600, IAT/0.1]
--------------------------------------------------------------------
0.046875, 0.000000
0.050625, 0.417705
0.056250, 0.414345
0.047500, 0.419812
0.060000, 0.418751
0.056250, 0.422591
0.048125, 0.000159
0.051250, 0.416989
0.057500, 0.418251
0.057500, 0.422426
0.056875, 0.401542
0.058125, 0.588854
0.053750, 0.419715
0.051250, 0.422427
0.056875, 0.412841
0.055625, 0.417237
0.061250, 0.415724
0.051250, 0.482293
0.050625, 0.417324
0.046875, 1.000000
0.055000, 0.418227
0.045000, 0.423048
0.058125, 0.419053
0.061250, 0.414769
0.053125, 0.417698
0.049375, 0.412429
0.055000, 0.418522
0.059375, 0.418416
0.054375, 0.417839
0.047500, 0.417386

====================================================================
Flow ID: 506 | Shape: (30, 2)
Features: [Size/1600, IAT/0.1]
--------------------------------------------------------------------
0.058125, 0.000000
0.055000, 0.416288
0.055625, 0.418299
0.054375, 0.416278
0.058750, 0.415573
0.053750, 0.422258
0.048750, 0.402312
0.057500, 0.416493
0.046250, 0.422232
0.044375, 0.408669
0.048125, 0.418703
0.054375, 0.416270
0.043750, 0.418431
0.055625, 0.418389
0.047500, 0.418504
0.042500, 0.418839
0.056250, 0.416999
0.049375, 0.417765
0.051250, 0.415199
0.057500, 0.418463
0.054375, 0.418951
0.056250, 0.418164
0.055625, 0.417230
0.055000, 0.416987
0.058750, 0.437510
0.057500, 0.343908
0.048125, 0.421188
0.049375, 0.417469
0.056875, 0.418991
0.053750, 0.411307

====================================================================
Flow ID: 510 | Shape: (30, 2)
Features: [Size/1600, IAT/0.1]
--------------------------------------------------------------------
0.061250, 0.000000
0.056875, 0.418871
0.058125, 0.425701
0.046875, 0.419155
0.056875, 0.417461
0.055625, 0.417713
0.048125, 0.418881
0.057500, 0.416976
0.055625, 0.423264
0.046250, 0.308510
0.047500, 0.416649
0.046250, 0.410418
0.056250, 0.419840
0.058125, 0.417612
0.053750, 0.414122
0.050625, 0.433441
0.045000, 0.417606
0.050000, 0.415175
0.058750, 0.415583
0.040625, 0.418004
0.046875, 0.403595
0.045000, 0.415857
0.057500, 0.417353
0.050625, 0.418280
0.049375, 0.417687
0.054375, 0.415783
0.054375, 0.420051
0.060625, 0.416033
0.058125, 0.409997
0.050625, 0.417920

====================================================================
Flow ID: 512 | Shape: (30, 2)
Features: [Size/1600, IAT/0.1]
--------------------------------------------------------------------
0.046875, 0.000000
0.045625, 0.427902
0.058125, 0.412307
0.055625, 0.420752
0.056250, 0.418711
0.058125, 0.417337
0.043750, 0.416886
0.045625, 0.420566
0.059375, 0.416019
0.057500, 0.418257
0.058750, 0.417458
0.057500, 0.414511
0.044375, 0.444930
0.043125, 0.421770
0.056250, 0.420844
0.055000, 0.411204
0.049375, 0.435150
0.055625, 0.417390
0.056875, 0.422749
0.060000, 0.417730
0.058750, 0.415427
0.058750, 0.418646
0.053750, 0.417760
0.045000, 0.417666
0.057500, 0.400841
0.050000, 0.425094
0.056250, 0.415485
0.058750, 0.416798
0.044375, 0.420418
0.047500, 0.418079
