
====================================================================
Flow ID: 387 | Shape: (30, 2)
Features: [Size/1600, IAT/0.1]
--------------------------------------------------------------------
0.046250, 0.000000
0.041250, 0.024570
0.041875, 0.000171
0.041250, 0.027677
0.058125, 0.001627
0.046250, 0.069223
0.041250, 0.024453
0.953750, 0.000330
0.946250, 0.010467
0.946250, 0.010525
0.056250, 0.003186
0.946250, 0.007343
0.946250, 0.010521
0.056250, 0.006271
0.946250, 0.004262
0.946250, 0.010539
0.056250, 0.009430
0.946250, 0.001080
0.946250, 0.010507
0.946250, 0.010545
0.063750, 0.002030
0.946250, 0.008505
0.946250, 0.010550
0.056250, 0.005151
0.946250, 0.005415
0.946250, 0.010549
0.056250, 0.008244
0.946250, 0.002325
0.946250, 0.010571
0.946250, 0.010563

====================================================================
Flow ID: 388 | Shape: (30, 2)
Features: [Size/1600, IAT/0.1]
--------------------------------------------------------------------
0.046250, 0.000000
0.041250, 0.024416
0.041875, 0.000139
0.041250, 0.026687
0.058125, 0.001548
0.046250, 0.076278
0.041250, 0.024394
0.953750, 0.000298
0.946250, 0.010474
0.946250, 0.010525
0.056250, 0.003326
0.946250, 0.007199
0.946250, 0.010533
0.056250, 0.006472
0.946250, 0.004062
0.946250, 0.010546
0.056250, 0.009643
0.946250, 0.000894
0.946250, 0.010226
0.946250, 0.010527
0.063750, 0.002572
0.946250, 0.007979
0.946250, 0.010566
0.056250, 0.005660
0.946250, 0.004909
0.946250, 0.010586
0.056250, 0.008767
0.946250, 0.001803
0.946250, 0.010421
0.946250, 0.010556

====================================================================
Flow ID: 391 | Shape: (30, 2)
Features: [Size/1600, IAT/0.1]
--------------------------------------------------------------------
0.046250, 0.000000
0.041250, 0.024504
0.041875, 0.000152
0.041250, 0.027813
0.058125, 0.001647
0.046250, 0.060780
0.041250, 0.024444
0.953750, 0.000340
0.946250, 0.010427
0.946250, 0.010537
0.056250, 0.003216
0.946250, 0.007333
0.946250, 0.010517
0.056250, 0.006321
0.946250, 0.004217
0.946250, 0.010546
0.056250, 0.009492
0.946250, 0.001078
0.946250, 0.010535
0.946250, 0.010551
0.063750, 0.002005
0.946250, 0.008536
0.946250, 0.010552
0.056250, 0.005110
0.946250, 0.005435
0.946250, 0.010184
0.056250, 0.008609
0.946250, 0.001969
0.946250, 0.010237
0.946250, 0.010544

====================================================================
Flow ID: 394 | Shape: (30, 2)
Features: [Size/1600, IAT/0.1]
--------------------------------------------------------------------
0.046250, 0.000000
0.041250, 0.024540
0.041875, 0.000129
0.041250, 0.027519
0.058125, 0.001701
0.046250, 0.076739
0.041250, 0.024413
0.953750, 0.000297
0.946250, 0.010450
0.946250, 0.010528
0.056250, 0.003208
0.946250, 0.007617
0.946250, 0.010487
0.056250, 0.006116
0.946250, 0.004422
0.946250, 0.010593
0.056250, 0.009551
0.946250, 0.001190
0.946250, 0.010584
0.946250, 0.010600
0.063750, 0.002008
0.946250, 0.008601
0.946250, 0.010580
0.056250, 0.005238
0.946250, 0.005358
0.946250, 0.010553
0.056250, 0.008359
0.946250, 0.002221
0.946250, 0.010655
0.946250, 0.010565

====================================================================
Flow ID: 396 | Shape: (30, 2)
Features: [Size/1600, IAT/0.1]
--------------------------------------------------------------------
0.046250, 0.000000
0.041250, 0.024494
0.041875, 0.000149
0.041250, 0.027815
0.058125, 0.001701
0.046250, 0.062206
0.041250, 0.024507
0.953750, 0.000407
0.946250, 0.010416
0.946250, 0.010528
0.056250, 0.003242
0.946250, 0.007301
0.946250, 0.010524
0.056250, 0.006360
0.946250, 0.004172
0.946250, 0.010538
0.056250, 0.009522
0.946250, 0.001085
0.946250, 0.010502
0.946250, 0.010547
0.063750, 0.002031
0.946250, 0.008503
0.946250, 0.010552
0.056250, 0.005205
0.946250, 0.005356
0.946250, 0.010546
0.056250, 0.008302
0.946250, 0.002256
0.946250, 0.010551
0.946250, 0.010547

====================================================================
Flow ID: 403 | Shape: (30, 2)
Features: [Size/1600, IAT/0.1]
--------------------------------------------------------------------
0.046250, 0.000000
0.041250, 0.024476
0.041875, 0.000143
0.041250, 0.027794
0.058125, 0.001661
0.046250, 0.068262
0.041250, 0.024537
0.953750, 0.000335
0.946250, 0.010436
0.946250, 0.010506
0.056250, 0.003238
0.946250, 0.007284
0.946250, 0.010526
0.056250, 0.006323
0.946250, 0.004207
0.946250, 0.010572
0.056250, 0.009433
0.946250, 0.001075
0.946250, 0.010551
0.946250, 0.010555
0.063750, 0.001978
0.946250, 0.008591
0.946250, 0.010547
0.056250, 0.005045
0.946250, 0.005520
0.946250, 0.010552
0.056250, 0.008168
0.946250, 0.002424
0.946250, 0.010578
0.946250, 0.010580

====================================================================
Flow ID: 406 | Shape: (30, 2)
Features: [Size/1600, IAT/0.1]
--------------------------------------------------------------------
0.046250, 0.000000
0.041250, 0.024496
0.041875, 0.000159
0.041250, 0.026976
0.058125, 0.001397
0.046250, 0.073452
0.041250, 0.024448
0.953750, 0.000313
0.946250, 0.010458
0.946250, 0.010530
0.056250, 0.003184
0.946250, 0.007351
0.946250, 0.010539
0.056250, 0.006262
0.946250, 0.004273
0.946250, 0.010545
0.056250, 0.009366
0.946250, 0.001081
0.946250, 0.010526
0.946250, 0.010562
0.063750, 0.002056
0.946250, 0.008498
0.946250, 0.010559
0.056250, 0.005142
0.946250, 0.005411
0.946250, 0.010330
0.056250, 0.008516
0.946250, 0.002072
0.946250, 0.010151
0.946250, 0.010541

====================================================================
Flow ID: 407 | Shape: (30, 2)
Features: [Size/1600, IAT/0.1]
--------------------------------------------------------------------
0.046250, 0.000000
0.041250, 0.024417
0.041875, 0.000128
0.041250, 0.027100
0.058125, 0.001298
0.046250, 0.060127
0.041250, 0.024373
0.953750, 0.000302
0.946250, 0.010465
0.946250, 0.010513
0.056250, 0.003191
0.946250, 0.007346
0.946250, 0.010533
0.056250, 0.006273
0.946250, 0.004253
0.946250, 0.010528
0.056250, 0.009422
0.946250, 0.000993
0.946250, 0.010109
0.946250, 0.010508
0.063750, 0.002569
0.946250, 0.007976
0.946250, 0.010562
0.056250, 0.005635
0.946250, 0.004986
0.946250, 0.010063
0.056250, 0.009269
0.946250, 0.001012
0.946250, 0.010120
0.946250, 0.010561

====================================================================
Flow ID: 413 | Shape: (30, 2)
Features: [Size/1600, IAT/0.1]
--------------------------------------------------------------------
0.046250, 0.000000
0.041250, 0.024575
0.041875, 0.000267
0.041250, 0.027438
0.058125, 0.001831
0.046250, 0.065190
0.041250, 0.024432
0.953750, 0.000351
0.946250, 0.010387
0.946250, 0.010306
0.056250, 0.003482
0.946250, 0.007054
0.946250, 0.010520
0.056250, 0.006559
0.946250, 0.003968
0.946250, 0.010530
0.056250, 0.009718
0.946250, 0.000814
0.946250, 0.010288
0.946250, 0.010519
0.063750, 0.002543
0.946250, 0.007995
0.946250, 0.010552
0.056250, 0.005689
0.946250, 0.004871
0.946250, 0.010548
0.056250, 0.008858
0.946250, 0.001712
0.946250, 0.010498
0.946250, 0.010571

====================================================================
Flow ID: 428 | Shape: (30, 2)
Features: [Size/1600, IAT/0.1]
--------------------------------------------------------------------
0.046250, 0.000000
0.041250, 0.024429
0.041875, 0.000136
0.041250, 0.027916
0.058125, 0.001577
0.046250, 0.063643
0.041250, 0.024476
0.953750, 0.000308
0.946250, 0.010444
0.946250, 0.010518
0.056250, 0.003216
0.946250, 0.007309
0.946250, 0.010528
0.056250, 0.006299
0.946250, 0.004271
0.946250, 0.010525
0.056250, 0.009403
0.946250, 0.001122
0.946250, 0.010484
0.946250, 0.010560
0.063750, 0.002035
0.946250, 0.008518
0.946250, 0.010560
0.056250, 0.005111
0.946250, 0.005455
0.946250, 0.010554
0.056250, 0.008272
0.946250, 0.002296
0.946250, 0.010558
0.946250, 0.010565

====================================================================
Flow ID: 434 | Shape: (30, 2)
Features: [Size/1600, IAT/0.1]
--------------------------------------------------------------------
0.046250, 0.000000
0.041250, 0.024463
0.041875, 0.000135
0.041250, 0.027728
0.058125, 0.001606
0.046250, 0.064956
0.041250, 0.024507
0.953750, 0.000312
0.946250, 0.010402
0.946250, 0.010524
0.056250, 0.003247
0.946250, 0.007293
0.946250, 0.010533
0.056250, 0.006305
0.946250, 0.004234
0.946250, 0.010534
0.056250, 0.009472
0.946250, 0.001077
0.946250, 0.010524
0.946250, 0.010526
0.063750, 0.002035
0.946250, 0.008513
0.946250, 0.010569
0.056250, 0.005162
0.946250, 0.005385
0.946250, 0.010575
0.056250, 0.008325
0.946250, 0.002260
0.946250, 0.010565
0.946250, 0.010565

====================================================================
Flow ID: 435 | Shape: (30, 2)
Features: [Size/1600, IAT/0.1]
--------------------------------------------------------------------
0.046250, 0.000000
0.041250, 0.024467
0.041875, 0.000146
0.041250, 0.027691
0.058125, 0.001596
0.046250, 0.076926
0.041250, 0.024391
0.953750, 0.000303
0.946250, 0.010460
0.946250, 0.010444
0.056250, 0.003270
0.946250, 0.007296
0.946250, 0.010503
0.056250, 0.006353
0.946250, 0.004187
0.946250, 0.010548
0.056250, 0.009498
0.946250, 0.001082
0.946250, 0.010531
0.946250, 0.010556
0.063750, 0.002028
0.946250, 0.008521
0.946250, 0.010578
0.056250, 0.005108
0.946250, 0.005453
0.946250, 0.010568
0.056250, 0.008232
0.946250, 0.002331
0.946250, 0.010574
0.946250, 0.010658

====================================================================
Flow ID: 436 | Shape: (30, 2)
Features: [Size/1600, IAT/0.1]
--------------------------------------------------------------------
0.046250, 0.000000
0.041250, 0.024419
0.041875, 0.000110
0.041250, 0.027251
0.058125, 0.001437
0.046250, 0.074895
0.041250, 0.024354
0.953750, 0.000265
0.946250, 0.010467
0.946250, 0.010524
0.056250, 0.003178
0.946250, 0.007343
0.946250, 0.010536
0.056250, 0.006266
0.946250, 0.004273
0.946250, 0.010538
0.056250, 0.009420
0.946250, 0.001085
0.946250, 0.010545
0.946250, 0.010553
0.063750, 0.002012
0.946250, 0.008534
0.946250, 0.010555
0.056250, 0.005118
0.946250, 0.005458
0.946250, 0.010557
0.056250, 0.008228
0.946250, 0.002345
0.946250, 0.010577
0.946250, 0.010644

====================================================================
Flow ID: 437 | Shape: (30, 2)
Features: [Size/1600, IAT/0.1]
--------------------------------------------------------------------
0.046250, 0.000000
0.041250, 0.024433
0.041875, 0.000136
0.041250, 0.027899
0.058125, 0.001517
0.046250, 0.066388
0.041250, 0.024557
0.953750, 0.000297
0.946250, 0.010554
0.946250, 0.010435
0.056250, 0.003273
0.946250, 0.007256
0.946250, 0.010545
0.056250, 0.006332
0.946250, 0.004178
0.946250, 0.010540
0.056250, 0.009511
0.946250, 0.000997
0.946250, 0.010107
0.946250, 0.010503
0.063750, 0.002567
0.946250, 0.008003
0.946250, 0.010548
0.056250, 0.005640
0.946250, 0.004911
0.946250, 0.010549
0.056250, 0.008810
0.946250, 0.001741
0.946250, 0.010433
0.946250, 0.010523

====================================================================
Flow ID: 438 | Shape: (30, 2)
Features: [Size/1600, IAT/0.1]
--------------------------------------------------------------------
0.046250, 0.000000
0.041250, 0.024450
0.041875, 0.000135
0.041250, 0.027809
0.058125, 0.001508
0.046250, 0.064241
0.041250, 0.024645
0.953750, 0.000382
0.946250, 0.010429
0.946250, 0.010523
0.056250, 0.003222
0.946250, 0.007300
0.946250, 0.010523
0.056250, 0.006314
0.946250, 0.004231
0.946250, 0.010549
0.056250, 0.009469
0.946250, 0.001075
0.946250, 0.010544
0.946250, 0.010530
0.063750, 0.002009
0.946250, 0.008551
0.946250, 0.010557
0.056250, 0.005089
0.946250, 0.005458
0.946250, 0.010570
0.056250, 0.008189
0.946250, 0.002398
0.946250, 0.010555
0.946250, 0.010730

====================================================================
Flow ID: 441 | Shape: (30, 2)
Features: [Size/1600, IAT/0.1]
--------------------------------------------------------------------
0.046250, 0.000000
0.041250, 0.024515
0.041875, 0.000148
0.041250, 0.027589
0.058125, 0.001603
0.046250, 0.077217
0.041250, 0.024401
0.953750, 0.000324
0.946250, 0.010455
0.946250, 0.010519
0.056250, 0.003267
0.946250, 0.007253
0.946250, 0.010354
0.056250, 0.006516
0.946250, 0.004015
0.946250, 0.010542
0.056250, 0.009694
0.946250, 0.000852
0.946250, 0.010275
0.946250, 0.010540
0.063750, 0.002517
0.946250, 0.008033
0.946250, 0.010601
0.056250, 0.005555
0.946250, 0.004997
0.946250, 0.010562
0.056250, 0.008766
0.946250, 0.001800
0.946250, 0.010439
0.946250, 0.010589

====================================================================
Flow ID: 448 | Shape: (30, 2)
Features: [Size/1600, IAT/0.1]
--------------------------------------------------------------------
0.046250, 0.000000
0.041250, 0.024496
0.041875, 0.000151
0.041250, 0.027532
0.058125, 0.001560
0.046250, 0.077041
0.041250, 0.024394
0.953750, 0.000311
0.946250, 0.010461
0.946250, 0.010523
0.056250, 0.003243
0.946250, 0.007361
0.946250, 0.010481
0.056250, 0.006298
0.946250, 0.004241
0.946250, 0.010510
0.056250, 0.009497
0.946250, 0.000995
0.946250, 0.010119
0.946250, 0.010525
0.063750, 0.002570
0.946250, 0.008018
0.946250, 0.010559
0.056250, 0.005628
0.946250, 0.005142
0.946250, 0.010393
0.056250, 0.008788
0.946250, 0.001793
0.946250, 0.010446
0.946250, 0.010579

====================================================================
Flow ID: 449 | Shape: (30, 2)
Features: [Size/1600, IAT/0.1]
--------------------------------------------------------------------
0.046250, 0.000000
0.041250, 0.024598
0.041875, 0.000186
0.041250, 0.027474
0.058125, 0.001432
0.046250, 0.062717
0.041250, 0.024491
0.953750, 0.000362
0.946250, 0.010454
0.946250, 0.010521
0.056250, 0.003191
0.946250, 0.007344
0.946250, 0.010516
0.056250, 0.006300
0.946250, 0.004307
0.946250, 0.010466
0.056250, 0.009388
0.946250, 0.001078
0.946250, 0.010511
0.946250, 0.010536
0.063750, 0.002030
0.946250, 0.008516
0.946250, 0.010558
0.056250, 0.005096
0.946250, 0.005451
0.946250, 0.010561
0.056250, 0.008184
0.946250, 0.002186
0.946250, 0.010571
0.946250, 0.010563

====================================================================
Flow ID: 450 | Shape: (30, 2)
Features: [Size/1600, IAT/0.1]
--------------------------------------------------------------------
0.046250, 0.000000
0.041250, 0.024498
0.041875, 0.000142
0.041250, 0.027822
0.058125, 0.001643
0.046250, 0.077280
0.041250, 0.024441
0.953750, 0.000318
0.946250, 0.010468
0.946250, 0.010519
0.056250, 0.003184
0.946250, 0.007348
0.946250, 0.010526
0.056250, 0.006297
0.946250, 0.004236
0.946250, 0.010543
0.056250, 0.009481
0.946250, 0.001078
0.946250, 0.010546
0.946250, 0.010557
0.063750, 0.002003
0.946250, 0.008553
0.946250, 0.010556
0.056250, 0.005165
0.946250, 0.005396
0.946250, 0.010589
0.056250, 0.008246
0.946250, 0.002305
0.946250, 0.010581
0.946250, 0.010610

====================================================================
Flow ID: 451 | Shape: (30, 2)
Features: [Size/1600, IAT/0.1]
--------------------------------------------------------------------
0.046250, 0.000000
0.041250, 0.024482
0.041875, 0.000153
0.041250, 0.028038
0.058125, 0.001671
0.046250, 0.077644
0.041250, 0.024422
0.953750, 0.000300
0.946250, 0.010453
0.946250, 0.010513
0.056250, 0.003217
0.946250, 0.007331
0.946250, 0.010530
0.056250, 0.006288
0.946250, 0.004246
0.946250, 0.010534
0.056250, 0.009413
0.946250, 0.001071
0.946250, 0.010551
0.946250, 0.010565
0.063750, 0.001985
0.946250, 0.008568
0.946250, 0.010562
0.056250, 0.005069
0.946250, 0.005498
0.946250, 0.010587
0.056250, 0.008201
0.946250, 0.002370
0.946250, 0.010577
0.946250, 0.010467

====================================================================
Flow ID: 456 | Shape: (30, 2)
Features: [Size/1600, IAT/0.1]
--------------------------------------------------------------------
0.046250, 0.000000
0.041250, 0.024418
0.041875, 0.000128
0.041250, 0.027298
0.058125, 0.001427
0.046250, 0.062376
0.041250, 0.024451
0.953750, 0.000333
0.946250, 0.010460
0.946250, 0.010515
0.056250, 0.003243
0.946250, 0.007298
0.946250, 0.010529
0.056250, 0.006302
0.946250, 0.004239
0.946250, 0.010532
0.056250, 0.009397
0.946250, 0.001077
0.946250, 0.010521
0.946250, 0.010249
0.063750, 0.002298
0.946250, 0.008239
0.946250, 0.010560
0.056250, 0.005384
0.946250, 0.005167
0.946250, 0.010563
0.056250, 0.008521
0.946250, 0.002064
0.946250, 0.010156
0.946250, 0.010560

====================================================================
Flow ID: 457 | Shape: (30, 2)
Features: [Size/1600, IAT/0.1]
--------------------------------------------------------------------
0.046250, 0.000000
0.041250, 0.024459
0.041875, 0.000154
0.041250, 0.027767
0.058125, 0.001531
0.046250, 0.060864
0.041250, 0.024469
0.953750, 0.000359
0.946250, 0.010425
0.946250, 0.010526
0.056250, 0.003223
0.946250, 0.007307
0.946250, 0.010531
0.056250, 0.006326
0.946250, 0.004200
0.946250, 0.010534
0.056250, 0.009467
0.946250, 0.000996
0.946250, 0.010138
0.946250, 0.010471
0.063750, 0.002607
0.946250, 0.007987
0.946250, 0.010569
0.056250, 0.005623
0.946250, 0.004929
0.946250, 0.010548
0.056250, 0.008764
0.946250, 0.001830
0.946250, 0.010383
0.946250, 0.010551

====================================================================
Flow ID: 459 | Shape: (30, 2)
Features: [Size/1600, IAT/0.1]
--------------------------------------------------------------------
0.046250, 0.000000
0.041250, 0.024423
0.041875, 0.000165
0.041250, 0.027279
0.058125, 0.001477
0.046250, 0.070485
0.041250, 0.024422
0.953750, 0.000292
0.946250, 0.010482
0.946250, 0.010517
0.056250, 0.003170
0.946250, 0.007365
0.946250, 0.010522
0.056250, 0.006285
0.946250, 0.004256
0.946250, 0.010551
0.056250, 0.009418
0.946250, 0.001076
0.946250, 0.010526
0.946250, 0.010552
0.063750, 0.002003
0.946250, 0.008557
0.946250, 0.010563
0.056250, 0.005070
0.946250, 0.005491
0.946250, 0.010578
0.056250, 0.008176
0.946250, 0.002044
0.946250, 0.010174
0.946250, 0.010589

====================================================================
Flow ID: 462 | Shape: (30, 2)
Features: [Size/1600, IAT/0.1]
--------------------------------------------------------------------
0.046250, 0.000000
0.041250, 0.024453
0.041875, 0.000141
0.041250, 0.027717
0.058125, 0.001635
0.046250, 0.070624
0.041250, 0.024447
0.953750, 0.000302
0.946250, 0.010495
0.946250, 0.010482
0.056250, 0.003229
0.946250, 0.007332
0.946250, 0.010534
0.056250, 0.006266
0.946250, 0.004268
0.946250, 0.010544
0.056250, 0.009426
0.946250, 0.001075
0.946250, 0.010539
0.946250, 0.010550
0.063750, 0.001998
0.946250, 0.008567
0.946250, 0.010549
0.056250, 0.005075
0.946250, 0.005489
0.946250, 0.010585
0.056250, 0.008222
0.946250, 0.002349
0.946250, 0.010573
0.946250, 0.010568

====================================================================
Flow ID: 463 | Shape: (30, 2)
Features: [Size/1600, IAT/0.1]
--------------------------------------------------------------------
0.046250, 0.000000
0.041250, 0.024445
0.041875, 0.000129
0.041250, 0.027282
0.058125, 0.001436
0.046250, 0.060513
0.041250, 0.024412
0.953750, 0.000308
0.946250, 0.010489
0.946250, 0.010039
0.056250, 0.003635
0.946250, 0.006906
0.946250, 0.010517
0.056250, 0.006706
0.946250, 0.003828
0.946250, 0.010533
0.056250, 0.009837
0.946250, 0.000713
0.946250, 0.010382
0.946250, 0.010491
0.063750, 0.002572
0.946250, 0.007961
0.946250, 0.010568
0.056250, 0.005661
0.946250, 0.004886
0.946250, 0.010549
0.056250, 0.008791
0.946250, 0.001782
0.946250, 0.010467
0.946250, 0.010563

====================================================================
Flow ID: 468 | Shape: (30, 2)
Features: [Size/1600, IAT/0.1]
--------------------------------------------------------------------
0.046250, 0.000000
0.041250, 0.024507
0.041875, 0.000147
0.041250, 0.027804
0.058125, 0.001558
0.046250, 0.066300
0.041250, 0.024425
0.953750, 0.000319
0.946250, 0.010523
0.946250, 0.010455
0.056250, 0.003195
0.946250, 0.007347
0.946250, 0.010526
0.056250, 0.006267
0.946250, 0.004261
0.946250, 0.010529
0.056250, 0.009396
0.946250, 0.001072
0.946250, 0.010519
0.946250, 0.010547
0.063750, 0.002020
0.946250, 0.008530
0.946250, 0.010551
0.056250, 0.005119
0.946250, 0.005445
0.946250, 0.010554
0.056250, 0.008191
0.946250, 0.002362
0.946250, 0.010563
0.946250, 0.010566

====================================================================
Flow ID: 474 | Shape: (30, 2)
Features: [Size/1600, IAT/0.1]
--------------------------------------------------------------------
0.046250, 0.000000
0.041250, 0.024612
0.041875, 0.000142
0.041250, 0.027538
0.058125, 0.001769
0.046250, 0.076342
0.041250, 0.024415
0.953750, 0.000320
0.946250, 0.010443
0.946250, 0.010514
0.056250, 0.003213
0.946250, 0.007320
0.946250, 0.010528
0.056250, 0.006333
0.946250, 0.004225
0.946250, 0.010536
0.056250, 0.009508
0.946250, 0.000993
0.946250, 0.010120
0.946250, 0.010551
0.063750, 0.002548
0.946250, 0.008007
0.946250, 0.010554
0.056250, 0.005646
0.946250, 0.004939
0.946250, 0.010589
0.056250, 0.008709
0.946250, 0.001860
0.946250, 0.010554
0.946250, 0.010694

====================================================================
Flow ID: 475 | Shape: (30, 2)
Features: [Size/1600, IAT/0.1]
--------------------------------------------------------------------
0.046250, 0.000000
0.041250, 0.024437
0.041875, 0.000209
0.041250, 0.027473
0.058125, 0.002298
0.046250, 0.062135
0.041250, 0.024403
0.953750, 0.000316
0.946250, 0.010444
0.946250, 0.010540
0.056250, 0.003245
0.946250, 0.007297
0.946250, 0.010530
0.056250, 0.006306
0.946250, 0.004231
0.946250, 0.010306
0.056250, 0.009641
0.946250, 0.000893
0.946250, 0.010236
0.946250, 0.010493
0.063750, 0.002561
0.946250, 0.007990
0.946250, 0.010562
0.056250, 0.005639
0.946250, 0.005958
0.946250, 0.010285
0.056250, 0.008079
0.946250, 0.002444
0.946250, 0.010546
0.946250, 0.010518

====================================================================
Flow ID: 478 | Shape: (30, 2)
Features: [Size/1600, IAT/0.1]
--------------------------------------------------------------------
0.046250, 0.000000
0.041250, 0.024483
0.041875, 0.000142
0.041250, 0.027544
0.058125, 0.001562
0.046250, 0.060658
0.041250, 0.024483
0.953750, 0.000327
0.946250, 0.010485
0.946250, 0.010521
0.056250, 0.003161
0.946250, 0.007366
0.946250, 0.010524
0.056250, 0.006282
0.946250, 0.004252
0.946250, 0.010544
0.056250, 0.009395
0.946250, 0.001077
0.946250, 0.010531
0.946250, 0.010524
0.063750, 0.002097
0.946250, 0.008452
0.946250, 0.010545
0.056250, 0.005147
0.946250, 0.005432
0.946250, 0.010555
0.056250, 0.008149
0.946250, 0.002395
0.946250, 0.010558
0.946250, 0.010553

====================================================================
Flow ID: 479 | Shape: (30, 2)
Features: [Size/1600, IAT/0.1]
--------------------------------------------------------------------
0.046250, 0.000000
0.041250, 0.024644
0.041875, 0.000167
0.041250, 0.027822
0.058125, 0.001598
0.046250, 0.067759
0.041250, 0.024413
0.953750, 0.000314
0.946250, 0.010448
0.946250, 0.010520
0.056250, 0.003216
0.946250, 0.007322
0.946250, 0.010518
0.056250, 0.006301
0.946250, 0.004226
0.946250, 0.010530
0.056250, 0.009491
0.946250, 0.001080
0.946250, 0.010520
0.946250, 0.010541
0.063750, 0.002022
0.946250, 0.008516
0.946250, 0.010554
0.056250, 0.005187
0.946250, 0.005370
0.946250, 0.010543
0.056250, 0.008293
0.946250, 0.002274
0.946250, 0.010622
0.946250, 0.010606

====================================================================
Flow ID: 481 | Shape: (30, 2)
Features: [Size/1600, IAT/0.1]
--------------------------------------------------------------------
0.046250, 0.000000
0.041250, 0.024445
0.041875, 0.000143
0.041250, 0.027065
0.058125, 0.001515
0.046250, 0.062911
0.041250, 0.024520
0.953750, 0.000371
0.946250, 0.010421
0.946250, 0.010530
0.056250, 0.003220
0.946250, 0.007301
0.946250, 0.010520
0.056250, 0.006321
0.946250, 0.004215
0.946250, 0.010538
0.056250, 0.009455
0.946250, 0.001080
0.946250, 0.010546
0.946250, 0.010534
0.063750, 0.002003
0.946250, 0.008540
0.946250, 0.010568
0.056250, 0.005062
0.946250, 0.005644
0.946250, 0.012215
0.056250, 0.006484
0.946250, 0.002286
0.946250, 0.010580
0.946250, 0.010811

====================================================================
Flow ID: 483 | Shape: (30, 2)
Features: [Size/1600, IAT/0.1]
--------------------------------------------------------------------
0.046250, 0.000000
0.041250, 0.024603
0.041875, 0.000154
0.041250, 0.027757
0.058125, 0.001755
0.046250, 0.066002
0.041250, 0.024410
0.953750, 0.000330
0.946250, 0.010449
0.946250, 0.010519
0.056250, 0.003285
0.946250, 0.007245
0.946250, 0.010534
0.056250, 0.006371
0.946250, 0.004171
0.946250, 0.010533
0.056250, 0.009509
0.946250, 0.001070
0.946250, 0.010523
0.946250, 0.010543
0.063750, 0.002025
0.946250, 0.008510
0.946250, 0.010566
0.056250, 0.005081
0.946250, 0.005475
0.946250, 0.010538
0.056250, 0.008179
0.946250, 0.002366
0.946250, 0.010568
0.946250, 0.010399

====================================================================
Flow ID: 485 | Shape: (30, 2)
Features: [Size/1600, IAT/0.1]
--------------------------------------------------------------------
0.046250, 0.000000
0.041250, 0.024477
0.041875, 0.000130
0.041250, 0.027555
0.058125, 0.001781
0.046250, 0.077035
0.041250, 0.024511
0.953750, 0.000306
0.946250, 0.010449
0.946250, 0.010514
0.056250, 0.003210
0.946250, 0.007331
0.946250, 0.010529
0.056250, 0.006336
0.946250, 0.004193
0.946250, 0.010543
0.056250, 0.009495
0.946250, 0.001083
0.946250, 0.010536
0.946250, 0.010563
0.063750, 0.002029
0.946250, 0.008519
0.946250, 0.010567
0.056250, 0.005109
0.946250, 0.005458
0.946250, 0.010554
0.056250, 0.008191
0.946250, 0.002368
0.946250, 0.010162
0.946250, 0.010568

====================================================================
Flow ID: 487 | Shape: (30, 2)
Features: [Size/1600, IAT/0.1]
--------------------------------------------------------------------
0.046250, 0.000000
0.041250, 0.024477
0.041875, 0.000149
0.041250, 0.027557
0.058125, 0.001615
0.046250, 0.070884
0.041250, 0.024437
0.953750, 0.000323
0.946250, 0.010424
0.946250, 0.010529
0.056250, 0.003263
0.946250, 0.006840
0.946250, 0.010530
0.056250, 0.006768
0.946250, 0.003766
0.946250, 0.010540
0.056250, 0.009955
0.946250, 0.000576
0.946250, 0.010525
0.946250, 0.010535
0.063750, 0.002555
0.946250, 0.008008
0.946250, 0.010537
0.056250, 0.005783
0.946250, 0.004782
0.946250, 0.010604
0.056250, 0.008901
0.946250, 0.001673
0.946250, 0.010557
0.946250, 0.010530

====================================================================
Flow ID: 490 | Shape: (30, 2)
Features: [Size/1600, IAT/0.1]
--------------------------------------------------------------------
0.046250, 0.000000
0.041250, 0.024485
0.041875, 0.000137
0.041250, 0.027712
0.058125, 0.001500
0.046250, 0.068307
0.041250, 0.024531
0.953750, 0.000293
0.946250, 0.010454
0.946250, 0.010516
0.056250, 0.003299
0.946250, 0.007233
0.946250, 0.010517
0.056250, 0.006383
0.946250, 0.003729
0.946250, 0.010544
0.056250, 0.009986
0.946250, 0.000557
0.946250, 0.010538
0.946250, 0.010542
0.063750, 0.002531
0.946250, 0.008037
0.946250, 0.010553
0.056250, 0.005603
0.946250, 0.004945
0.946250, 0.010564
0.056250, 0.008805
0.946250, 0.001782
0.946250, 0.010453
0.946250, 0.010521

====================================================================
Flow ID: 491 | Shape: (30, 2)
Features: [Size/1600, IAT/0.1]
--------------------------------------------------------------------
0.046250, 0.000000
0.041250, 0.024503
0.041875, 0.000132
0.041250, 0.027429
0.058125, 0.001751
0.046250, 0.073188
0.041250, 0.024407
0.953750, 0.000315
0.946250, 0.010452
0.946250, 0.010514
0.056250, 0.003268
0.946250, 0.007116
0.946250, 0.010528
0.056250, 0.006494
0.946250, 0.004051
0.946250, 0.010534
0.056250, 0.009673
0.946250, 0.000864
0.946250, 0.010254
0.946250, 0.010539
0.063750, 0.002550
0.946250, 0.008042
0.946250, 0.010525
0.056250, 0.005637
0.946250, 0.004954
0.946250, 0.010565
0.056250, 0.008817
0.946250, 0.001757
0.946250, 0.010490
0.946250, 0.010605

====================================================================
Flow ID: 493 | Shape: (30, 2)
Features: [Size/1600, IAT/0.1]
--------------------------------------------------------------------
0.046250, 0.000000
0.041250, 0.024464
0.041875, 0.000132
0.041250, 0.027671
0.058125, 0.001572
0.046250, 0.060690
0.041250, 0.024443
0.953750, 0.000340
0.946250, 0.010437
0.946250, 0.010518
0.056250, 0.003272
0.946250, 0.007272
0.946250, 0.010535
0.056250, 0.006403
0.946250, 0.004123
0.946250, 0.010164
0.056250, 0.009901
0.946250, 0.000630
0.946250, 0.010480
0.946250, 0.010474
0.063750, 0.002587
0.946250, 0.007967
0.946250, 0.010537
0.056250, 0.005678
0.946250, 0.004904
0.946250, 0.010545
0.056250, 0.008853
0.946250, 0.001719
0.946250, 0.010516
0.946250, 0.010568

====================================================================
Flow ID: 495 | Shape: (30, 2)
Features: [Size/1600, IAT/0.1]
--------------------------------------------------------------------
0.046250, 0.000000
0.041250, 0.024485
0.041875, 0.000140
0.041250, 0.025572
0.058125, 0.001324
0.046250, 0.074255
0.041250, 0.024360
0.953750, 0.000255
0.946250, 0.010473
0.946250, 0.010516
0.056250, 0.003182
0.946250, 0.007191
0.946250, 0.010532
0.056250, 0.006409
0.946250, 0.004128
0.946250, 0.010539
0.056250, 0.009509
0.946250, 0.001077
0.946250, 0.010532
0.946250, 0.010554
0.063750, 0.002043
0.946250, 0.008511
0.946250, 0.010546
0.056250, 0.005143
0.946250, 0.005412
0.946250, 0.010577
0.056250, 0.008272
0.946250, 0.002292
0.946250, 0.010557
0.946250, 0.010572

====================================================================
Flow ID: 496 | Shape: (30, 2)
Features: [Size/1600, IAT/0.1]
--------------------------------------------------------------------
0.046250, 0.000000
0.041250, 0.024482
0.041875, 0.000144
0.041250, 0.027624
0.058125, 0.001731
0.046250, 0.069163
0.041250, 0.024400
0.953750, 0.000296
0.946250, 0.010447
0.946250, 0.010536
0.056250, 0.003186
0.946250, 0.007331
0.946250, 0.010516
0.056250, 0.006349
0.946250, 0.004178
0.946250, 0.010531
0.056250, 0.009489
0.946250, 0.001087
0.946250, 0.010508
0.946250, 0.010542
0.063750, 0.002313
0.946250, 0.008220
0.946250, 0.010568
0.056250, 0.005414
0.946250, 0.005143
0.946250, 0.010541
0.056250, 0.008491
0.946250, 0.001664
0.946250, 0.010531
0.946250, 0.010581

====================================================================
Flow ID: 502 | Shape: (30, 2)
Features: [Size/1600, IAT/0.1]
--------------------------------------------------------------------
0.046250, 0.000000
0.041250, 0.024511
0.041875, 0.000157
0.041250, 0.026759
0.058125, 0.001405
0.046250, 0.061178
0.041250, 0.024468
0.953750, 0.000356
0.946250, 0.010448
0.946250, 0.010521
0.056250, 0.003264
0.946250, 0.007257
0.946250, 0.010528
0.056250, 0.006329
0.946250, 0.003771
0.946250, 0.010538
0.056250, 0.009887
0.946250, 0.000665
0.946250, 0.010440
0.946250, 0.010479
0.063750, 0.002570
0.946250, 0.007976
0.946250, 0.010557
0.056250, 0.005632
0.946250, 0.004916
0.946250, 0.010550
0.056250, 0.008855
0.946250, 0.001729
0.946250, 0.010486
0.946250, 0.010522

====================================================================
Flow ID: 503 | Shape: (30, 2)
Features: [Size/1600, IAT/0.1]
--------------------------------------------------------------------
0.046250, 0.000000
0.041250, 0.024440
0.041875, 0.000138
0.041250, 0.027574
0.058125, 0.001444
0.046250, 0.065138
0.041250, 0.024538
0.953750, 0.000376
0.946250, 0.010435
0.946250, 0.010522
0.056250, 0.003290
0.946250, 0.007242
0.946250, 0.010261
0.056250, 0.006627
0.946250, 0.003904
0.946250, 0.010530
0.056250, 0.009808
0.946250, 0.000742
0.946250, 0.010364
0.946250, 0.010525
0.063750, 0.002545
0.946250, 0.008014
0.946250, 0.010551
0.056250, 0.005636
0.946250, 0.004923
0.946250, 0.010563
0.056250, 0.008793
0.946250, 0.001748
0.946250, 0.010419
0.946250, 0.010503

====================================================================
Flow ID: 506 | Shape: (30, 2)
Features: [Size/1600, IAT/0.1]
--------------------------------------------------------------------
0.046250, 0.000000
0.041250, 0.024484
0.041875, 0.000185
0.041250, 0.026920
0.058125, 0.001482
0.046250, 0.069226
0.041250, 0.024415
0.953750, 0.000302
0.946250, 0.010222
0.946250, 0.010530
0.056250, 0.003428
0.946250, 0.007134
0.946250, 0.010522
0.056250, 0.006479
0.946250, 0.004065
0.946250, 0.010528
0.056250, 0.009612
0.946250, 0.000930
0.946250, 0.010172
0.946250, 0.010479
0.063750, 0.002582
0.946250, 0.007978
0.946250, 0.010540
0.056250, 0.005675
0.946250, 0.004886
0.946250, 0.010541
0.056250, 0.008866
0.946250, 0.001708
0.946250, 0.010534
0.946250, 0.010574

====================================================================
Flow ID: 508 | Shape: (30, 2)
Features: [Size/1600, IAT/0.1]
--------------------------------------------------------------------
0.046250, 0.000000
0.041250, 0.024495
0.041875, 0.000174
0.041250, 0.028406
0.058125, 0.001678
0.046250, 0.062721
0.041250, 0.024475
0.953750, 0.000385
0.946250, 0.010436
0.946250, 0.010616
0.056250, 0.003168
0.946250, 0.007284
0.946250, 0.010519
0.056250, 0.006329
0.946250, 0.004201
0.946250, 0.010525
0.056250, 0.009437
0.946250, 0.001137
0.946250, 0.010461
0.946250, 0.010550
0.063750, 0.002015
0.946250, 0.008532
0.946250, 0.010563
0.056250, 0.005087
0.946250, 0.005469
0.946250, 0.010544
0.056250, 0.008207
0.946250, 0.002355
0.946250, 0.010575
0.946250, 0.010562

====================================================================
Flow ID: 511 | Shape: (30, 2)
Features: [Size/1600, IAT/0.1]
--------------------------------------------------------------------
0.046250, 0.000000
0.041250, 0.024520
0.041875, 0.000178
0.041250, 0.027612
0.058125, 0.001636
0.046250, 0.071236
0.041250, 0.024453
0.953750, 0.000323
0.946250, 0.010440
0.946250, 0.010524
0.056250, 0.003281
0.946250, 0.007260
0.946250, 0.010531
0.056250, 0.006352
0.946250, 0.004180
0.946250, 0.010532
0.056250, 0.009542
0.946250, 0.000994
0.946250, 0.010104
0.946250, 0.010515
0.063750, 0.002568
0.946250, 0.007988
0.946250, 0.010547
0.056250, 0.005708
0.946250, 0.004860
0.946250, 0.010557
0.056250, 0.008812
0.946250, 0.001749
0.946250, 0.010455
0.946250, 0.010622

====================================================================
Flow ID: 385 | Shape: (30, 2)
Features: [Size/1600, IAT/0.1]
--------------------------------------------------------------------
0.046250, 0.000000
0.041250, 0.024460
0.041875, 0.000145
0.041250, 0.027811
0.058125, 0.001601
0.046250, 0.076366
0.041250, 0.024400
0.953750, 0.000312
0.946250, 0.010465
0.946250, 0.010522
0.056250, 0.004109
0.946250, 0.006448
0.946250, 0.010461
0.056250, 0.007232
0.946250, 0.003310
0.946250, 0.010554
0.056250, 0.010335
0.946250, 0.000060
0.946250, 0.010525
0.946250, 0.010581
0.063750, 0.003056
0.946250, 0.007498
0.946250, 0.010559
0.056250, 0.006156
0.946250, 0.004415
0.946250, 0.010557
0.056250, 0.009628
0.946250, 0.000940
0.946250, 0.010208
0.946250, 0.010574

====================================================================
Flow ID: 393 | Shape: (30, 2)
Features: [Size/1600, IAT/0.1]
--------------------------------------------------------------------
0.046250, 0.000000
0.041250, 0.024452
0.041875, 0.000137
0.041250, 0.027709
0.058125, 0.001699
0.046250, 0.070059
0.041250, 0.024451
0.953750, 0.000288
0.946250, 0.010466
0.946250, 0.010507
0.056250, 0.003208
0.946250, 0.007316
0.946250, 0.010528
0.056250, 0.006291
0.946250, 0.004252
0.946250, 0.010545
0.056250, 0.009472
0.946250, 0.000992
0.946250, 0.010111
0.946250, 0.010539
0.063750, 0.002587
0.946250, 0.007610
0.946250, 0.010549
0.056250, 0.006035
0.946250, 0.004525
0.946250, 0.010566
0.056250, 0.009328
0.946250, 0.001013
0.946250, 0.010123
0.946250, 0.010563

====================================================================
Flow ID: 397 | Shape: (30, 2)
Features: [Size/1600, IAT/0.1]
--------------------------------------------------------------------
0.046250, 0.000000
0.041250, 0.024475
0.041875, 0.000133
0.041250, 0.027715
0.058125, 0.001451
0.046250, 0.062217
0.041250, 0.024527
0.953750, 0.000375
0.946250, 0.010426
0.946250, 0.010511
0.056250, 0.003232
0.946250, 0.007314
0.946250, 0.010576
0.056250, 0.006265
0.946250, 0.004243
0.946250, 0.010536
0.056250, 0.009381
0.946250, 0.001149
0.946250, 0.010448
0.946250, 0.010530
0.063750, 0.002089
0.946250, 0.008467
0.946250, 0.010559
0.056250, 0.005153
0.946250, 0.005401
0.946250, 0.010567
0.056250, 0.008303
0.946250, 0.002258
0.946250, 0.010570
0.946250, 0.010574

====================================================================
Flow ID: 401 | Shape: (30, 2)
Features: [Size/1600, IAT/0.1]
--------------------------------------------------------------------
0.046250, 0.000000
0.041250, 0.024530
0.041875, 0.000131
0.041250, 0.027554
0.058125, 0.001704
0.046250, 0.072384
0.041250, 0.024397
0.953750, 0.000307
0.946250, 0.010458
0.946250, 0.010535
0.056250, 0.003238
0.946250, 0.007279
0.946250, 0.010213
0.056250, 0.006637
0.946250, 0.003891
0.946250, 0.010534
0.056250, 0.009840
0.946250, 0.000707
0.946250, 0.010405
0.946250, 0.010473
0.063750, 0.002604
0.946250, 0.007934
0.946250, 0.010548
0.056250, 0.005709
0.946250, 0.004853
0.946250, 0.010549
0.056250, 0.008872
0.946250, 0.001753
0.946250, 0.010464
0.946250, 0.010594

====================================================================
Flow ID: 402 | Shape: (30, 2)
Features: [Size/1600, IAT/0.1]
--------------------------------------------------------------------
0.046250, 0.000000
0.041250, 0.024520
0.041875, 0.000186
0.041250, 0.027045
0.058125, 0.001349
0.046250, 0.069879
0.041250, 0.024393
0.953750, 0.000307
0.946250, 0.010457
0.946250, 0.010514
0.056250, 0.003201
0.946250, 0.007334
0.946250, 0.010516
0.056250, 0.006316
0.946250, 0.004222
0.946250, 0.010584
0.056250, 0.009378
0.946250, 0.001067
0.946250, 0.010526
0.946250, 0.010539
0.063750, 0.002029
0.946250, 0.008516
0.946250, 0.010549
0.056250, 0.005134
0.946250, 0.005407
0.946250, 0.010574
0.056250, 0.008233
0.946250, 0.002007
0.946250, 0.010209
0.946250, 0.010588

====================================================================
Flow ID: 403 | Shape: (30, 2)
Features: [Size/1600, IAT/0.1]
--------------------------------------------------------------------
0.046250, 0.000000
0.041250, 0.024446
0.041875, 0.000136
0.041250, 0.028046
0.058125, 0.001607
0.046250, 0.073822
0.041250, 0.024441
0.953750, 0.000313
0.946250, 0.010445
0.946250, 0.010530
0.056250, 0.003196
0.946250, 0.007341
0.946250, 0.010530
0.056250, 0.006317
0.946250, 0.004215
0.946250, 0.010542
0.056250, 0.009570
0.946250, 0.000996
0.946250, 0.010107
0.946250, 0.010517
0.063750, 0.002642
0.946250, 0.007914
0.946250, 0.010573
0.056250, 0.005708
0.946250, 0.004827
0.946250, 0.010595
0.056250, 0.008888
0.946250, 0.001686
0.946250, 0.010526
0.946250, 0.010540

====================================================================
Flow ID: 405 | Shape: (30, 2)
Features: [Size/1600, IAT/0.1]
--------------------------------------------------------------------
0.046250, 0.000000
0.041250, 0.024472
0.041875, 0.000159
0.041250, 0.026992
0.058125, 0.001279
0.046250, 0.061529
0.041250, 0.024392
0.953750, 0.000307
0.946250, 0.010458
0.946250, 0.010520
0.056250, 0.003190
0.946250, 0.007348
0.946250, 0.010517
0.056250, 0.006337
0.946250, 0.004204
0.946250, 0.010531
0.056250, 0.009439
0.946250, 0.001072
0.946250, 0.010526
0.946250, 0.010577
0.063750, 0.002013
0.946250, 0.008487
0.946250, 0.010536
0.056250, 0.005129
0.946250, 0.005812
0.946250, 0.010404
0.056250, 0.007960
0.946250, 0.002618
0.946250, 0.010520
0.946250, 0.010612

====================================================================
Flow ID: 406 | Shape: (30, 2)
Features: [Size/1600, IAT/0.1]
--------------------------------------------------------------------
0.046250, 0.000000
0.041250, 0.024425
0.041875, 0.000123
0.041250, 0.027574
0.058125, 0.001434
0.046250, 0.061240
0.041250, 0.024481
0.953750, 0.000365
0.946250, 0.010427
0.946250, 0.010516
0.056250, 0.003230
0.946250, 0.007359
0.946250, 0.010471
0.056250, 0.006352
0.946250, 0.004181
0.946250, 0.010542
0.056250, 0.009546
0.946250, 0.001025
0.946250, 0.010076
0.946250, 0.010518
0.063750, 0.002647
0.946250, 0.007904
0.946250, 0.010553
0.056250, 0.005753
0.946250, 0.004787
0.946250, 0.010555
0.056250, 0.008883
0.946250, 0.001702
0.946250, 0.010509
0.946250, 0.010542

====================================================================
Flow ID: 407 | Shape: (30, 2)
Features: [Size/1600, IAT/0.1]
--------------------------------------------------------------------
0.046250, 0.000000
0.041250, 0.024504
0.041875, 0.000185
0.041250, 0.027609
0.058125, 0.001507
0.046250, 0.060072
0.041250, 0.024436
0.953750, 0.000344
0.946250, 0.010463
0.946250, 0.010514
0.056250, 0.003194
0.946250, 0.007340
0.946250, 0.010514
0.056250, 0.006286
0.946250, 0.004246
0.946250, 0.010531
0.056250, 0.009419
0.946250, 0.001079
0.946250, 0.010562
0.946250, 0.010494
0.063750, 0.002028
0.946250, 0.008521
0.946250, 0.010554
0.056250, 0.005172
0.946250, 0.005379
0.946250, 0.010548
0.056250, 0.008268
0.946250, 0.002307
0.946250, 0.010568
0.946250, 0.010570

====================================================================
Flow ID: 420 | Shape: (30, 2)
Features: [Size/1600, IAT/0.1]
--------------------------------------------------------------------
0.046250, 0.000000
0.041250, 0.024394
0.041875, 0.000126
0.041250, 0.027511
0.058125, 0.001412
0.046250, 0.061453
0.041250, 0.024424
0.953750, 0.000365
0.946250, 0.010465
0.946250, 0.010533
0.056250, 0.003167
0.946250, 0.007366
0.946250, 0.010526
0.056250, 0.006253
0.946250, 0.004296
0.946250, 0.010537
0.056250, 0.009339
0.946250, 0.001061
0.946250, 0.010536
0.946250, 0.010535
0.063750, 0.002009
0.946250, 0.008566
0.946250, 0.010539
0.056250, 0.005046
0.946250, 0.005488
0.946250, 0.010553
0.056250, 0.008144
0.946250, 0.002334
0.946250, 0.010558
0.946250, 0.010580

====================================================================
Flow ID: 423 | Shape: (30, 2)
Features: [Size/1600, IAT/0.1]
--------------------------------------------------------------------
0.046250, 0.000000
0.041250, 0.024483
0.041875, 0.000148
0.041250, 0.027670
0.058125, 0.001575
0.046250, 0.060604
0.041250, 0.024518
0.953750, 0.000390
0.946250, 0.010433
0.946250, 0.010510
0.056250, 0.003228
0.946250, 0.007307
0.946250, 0.010518
0.056250, 0.006314
0.946250, 0.004211
0.946250, 0.010541
0.056250, 0.009512
0.946250, 0.000994
0.946250, 0.010110
0.946250, 0.010512
0.063750, 0.002549
0.946250, 0.008019
0.946250, 0.010560
0.056250, 0.005652
0.946250, 0.004904
0.946250, 0.010539
0.056250, 0.008781
0.946250, 0.001800
0.946250, 0.010420
0.946250, 0.010530

====================================================================
Flow ID: 424 | Shape: (30, 2)
Features: [Size/1600, IAT/0.1]
--------------------------------------------------------------------
0.046250, 0.000000
0.041250, 0.024456
0.041875, 0.000177
0.041250, 0.027540
0.058125, 0.001600
0.046250, 0.070031
0.041250, 0.024422
0.953750, 0.000298
0.946250, 0.010457
0.946250, 0.010525
0.056250, 0.003205
0.946250, 0.007329
0.946250, 0.010530
0.056250, 0.006382
0.946250, 0.004164
0.946250, 0.010541
0.056250, 0.009503
0.946250, 0.001077
0.946250, 0.010528
0.946250, 0.010548
0.063750, 0.002054
0.946250, 0.008492
0.946250, 0.010552
0.056250, 0.005158
0.946250, 0.005407
0.946250, 0.010628
0.056250, 0.008212
0.946250, 0.002305
0.946250, 0.010635
0.946250, 0.010579

====================================================================
Flow ID: 426 | Shape: (30, 2)
Features: [Size/1600, IAT/0.1]
--------------------------------------------------------------------
0.046250, 0.000000
0.041250, 0.024499
0.041875, 0.000143
0.041250, 0.027600
0.058125, 0.001863
0.046250, 0.077249
0.041250, 0.024389
0.953750, 0.000310
0.946250, 0.010495
0.946250, 0.010032
0.056250, 0.003647
0.946250, 0.006885
0.946250, 0.010544
0.056250, 0.006715
0.946250, 0.003837
0.946250, 0.010541
0.056250, 0.009896
0.946250, 0.000633
0.946250, 0.010472
0.946250, 0.010564
0.063750, 0.002523
0.946250, 0.008020
0.946250, 0.010581
0.056250, 0.005616
0.946250, 0.004939
0.946250, 0.010580
0.056250, 0.008898
0.946250, 0.001682
0.946250, 0.010572
0.946250, 0.010588

====================================================================
Flow ID: 427 | Shape: (30, 2)
Features: [Size/1600, IAT/0.1]
--------------------------------------------------------------------
0.046250, 0.000000
0.041250, 0.024439
0.041875, 0.000133
0.041250, 0.027465
0.058125, 0.001588
0.046250, 0.059919
0.041250, 0.024433
0.953750, 0.000390
0.946250, 0.010435
0.946250, 0.010523
0.056250, 0.003212
0.946250, 0.007311
0.946250, 0.010528
0.056250, 0.006293
0.946250, 0.004234
0.946250, 0.010547
0.056250, 0.009410
0.946250, 0.001079
0.946250, 0.010530
0.946250, 0.010543
0.063750, 0.002012
0.946250, 0.008534
0.946250, 0.010565
0.056250, 0.005224
0.946250, 0.005316
0.946250, 0.010568
0.056250, 0.008321
0.946250, 0.002269
0.946250, 0.010559
0.946250, 0.010654

====================================================================
Flow ID: 429 | Shape: (30, 2)
Features: [Size/1600, IAT/0.1]
--------------------------------------------------------------------
0.046250, 0.000000
0.041250, 0.024443
0.041875, 0.000126
0.041250, 0.026728
0.058125, 0.001399
0.046250, 0.058869
0.041250, 0.024451
0.953750, 0.000265
0.946250, 0.010451
0.946250, 0.010513
0.056250, 0.003230
0.946250, 0.007303
0.946250, 0.010517
0.056250, 0.006308
0.946250, 0.004227
0.946250, 0.010488
0.056250, 0.009482
0.946250, 0.000995
0.946250, 0.010107
0.946250, 0.010502
0.063750, 0.002559
0.946250, 0.007986
0.946250, 0.010554
0.056250, 0.005634
0.946250, 0.004923
0.946250, 0.010546
0.056250, 0.008748
0.946250, 0.001821
0.946250, 0.010366
0.946250, 0.010514

====================================================================
Flow ID: 431 | Shape: (30, 2)
Features: [Size/1600, IAT/0.1]
--------------------------------------------------------------------
0.046250, 0.000000
0.041250, 0.024433
0.041875, 0.000130
0.041250, 0.027159
0.058125, 0.001406
0.046250, 0.061970
0.041250, 0.024452
0.953750, 0.000316
0.946250, 0.010449
0.946250, 0.010520
0.056250, 0.003218
0.946250, 0.007307
0.946250, 0.010539
0.056250, 0.006280
0.946250, 0.004248
0.946250, 0.010538
0.056250, 0.009393
0.946250, 0.001118
0.946250, 0.010532
0.946250, 0.010538
0.063750, 0.001969
0.946250, 0.008580
0.946250, 0.010549
0.056250, 0.005070
0.946250, 0.005466
0.946250, 0.010565
0.056250, 0.008217
0.946250, 0.002369
0.946250, 0.010563
0.946250, 0.010594

====================================================================
Flow ID: 432 | Shape: (30, 2)
Features: [Size/1600, IAT/0.1]
--------------------------------------------------------------------
0.046250, 0.000000
0.041250, 0.024476
0.041875, 0.000134
0.041250, 0.027691
0.058125, 0.001591
0.046250, 0.062049
0.041250, 0.024393
0.953750, 0.000308
0.946250, 0.010467
0.946250, 0.010519
0.056250, 0.003197
0.946250, 0.007325
0.946250, 0.010368
0.056250, 0.006442
0.946250, 0.004100
0.946250, 0.010529
0.056250, 0.009619
0.946250, 0.000919
0.946250, 0.010176
0.946250, 0.010530
0.063750, 0.002531
0.946250, 0.008010
0.946250, 0.010546
0.056250, 0.005623
0.946250, 0.004938
0.946250, 0.010555
0.056250, 0.008778
0.946250, 0.001803
0.946250, 0.010420
0.946250, 0.010511

====================================================================
Flow ID: 433 | Shape: (30, 2)
Features: [Size/1600, IAT/0.1]
--------------------------------------------------------------------
0.046250, 0.000000
0.041250, 0.024462
0.041875, 0.000135
0.041250, 0.027436
0.058125, 0.001602
0.046250, 0.061584
0.041250, 0.024471
0.953750, 0.000375
0.946250, 0.010441
0.946250, 0.010528
0.056250, 0.003206
0.946250, 0.007327
0.946250, 0.010529
0.056250, 0.006316
0.946250, 0.004215
0.946250, 0.010537
0.056250, 0.009400
0.946250, 0.001079
0.946250, 0.010527
0.946250, 0.010527
0.063750, 0.002101
0.946250, 0.008453
0.946250, 0.010557
0.056250, 0.005169
0.946250, 0.005264
0.946250, 0.010559
0.056250, 0.008390
0.946250, 0.002162
0.946250, 0.010610
0.946250, 0.010526

====================================================================
Flow ID: 436 | Shape: (30, 2)
Features: [Size/1600, IAT/0.1]
--------------------------------------------------------------------
0.046250, 0.000000
0.041250, 0.024513
0.041875, 0.000161
0.041250, 0.027334
0.058125, 0.001634
0.046250, 0.067048
0.041250, 0.024538
0.953750, 0.000308
0.946250, 0.010452
0.946250, 0.010120
0.056250, 0.003601
0.946250, 0.006932
0.946250, 0.010526
0.056250, 0.006676
0.946250, 0.003868
0.946250, 0.010536
0.056250, 0.009856
0.946250, 0.000724
0.946250, 0.010384
0.946250, 0.010479
0.063750, 0.002593
0.946250, 0.007971
0.946250, 0.010538
0.056250, 0.005954
0.946250, 0.004653
0.946250, 0.010534
0.056250, 0.009239
0.946250, 0.001043
0.946250, 0.010115
0.946250, 0.010550

====================================================================
Flow ID: 440 | Shape: (30, 2)
Features: [Size/1600, IAT/0.1]
--------------------------------------------------------------------
0.046250, 0.000000
0.041250, 0.024462
0.041875, 0.000137
0.041250, 0.027708
0.058125, 0.001554
0.046250, 0.062478
0.041250, 0.024488
0.953750, 0.000433
0.946250, 0.009931
0.946250, 0.010535
0.056250, 0.003712
0.946250, 0.006834
0.946250, 0.010524
0.056250, 0.006774
0.946250, 0.003767
0.946250, 0.010542
0.056250, 0.009894
0.946250, 0.000659
0.946250, 0.010445
0.946250, 0.010508
0.063750, 0.002554
0.946250, 0.007995
0.946250, 0.010565
0.056250, 0.005682
0.946250, 0.004864
0.946250, 0.010541
0.056250, 0.008824
0.946250, 0.001743
0.946250, 0.010488
0.946250, 0.010562

====================================================================
Flow ID: 442 | Shape: (30, 2)
Features: [Size/1600, IAT/0.1]
--------------------------------------------------------------------
0.046250, 0.000000
0.041250, 0.024435
0.041875, 0.000134
0.041250, 0.027421
0.058125, 0.001581
0.046250, 0.061684
0.041250, 0.024371
0.953750, 0.000683
0.946250, 0.010655
0.946250, 0.010465
0.056250, 0.003258
0.946250, 0.007327
0.946250, 0.010581
0.056250, 0.006498
0.946250, 0.004108
0.946250, 0.010580
0.056250, 0.009808
0.946250, 0.000773
0.946250, 0.010430
0.946250, 0.010471
0.063750, 0.002756
0.946250, 0.007406
0.946250, 0.010587
0.056250, 0.006313
0.946250, 0.004261
0.946250, 0.010580
0.056250, 0.009534
0.946250, 0.001149
0.946250, 0.010600
0.946250, 0.010588

====================================================================
Flow ID: 444 | Shape: (30, 2)
Features: [Size/1600, IAT/0.1]
--------------------------------------------------------------------
0.046250, 0.000000
0.041250, 0.024475
0.041875, 0.000176
0.041250, 0.027069
0.058125, 0.001523
0.046250, 0.064231
0.041250, 0.024513
0.953750, 0.000385
0.946250, 0.010433
0.946250, 0.010508
0.056250, 0.003236
0.946250, 0.007307
0.946250, 0.010527
0.056250, 0.006300
0.946250, 0.004772
0.946250, 0.009992
0.056250, 0.009446
0.946250, 0.001070
0.946250, 0.010538
0.946250, 0.010459
0.063750, 0.002083
0.946250, 0.008464
0.946250, 0.010537
0.056250, 0.005132
0.946250, 0.005126
0.946250, 0.010550
0.056250, 0.008538
0.946250, 0.002030
0.946250, 0.010134
0.946250, 0.010513

====================================================================
Flow ID: 445 | Shape: (30, 2)
Features: [Size/1600, IAT/0.1]
--------------------------------------------------------------------
0.046250, 0.000000
0.041250, 0.024477
0.041875, 0.000135
0.041250, 0.027389
0.058125, 0.001384
0.046250, 0.062355
0.041250, 0.024472
0.953750, 0.000384
0.946250, 0.010426
0.946250, 0.010535
0.056250, 0.003254
0.946250, 0.007274
0.946250, 0.010518
0.056250, 0.006345
0.946250, 0.004189
0.946250, 0.010533
0.056250, 0.009422
0.946250, 0.001076
0.946250, 0.010513
0.946250, 0.010538
0.063750, 0.002055
0.946250, 0.008485
0.946250, 0.010254
0.056250, 0.005432
0.946250, 0.005124
0.946250, 0.010550
0.056250, 0.008541
0.946250, 0.002022
0.946250, 0.010195
0.946250, 0.010579

====================================================================
Flow ID: 448 | Shape: (30, 2)
Features: [Size/1600, IAT/0.1]
--------------------------------------------------------------------
0.046250, 0.000000
0.041250, 0.024425
0.041875, 0.000122
0.041250, 0.027335
0.058125, 0.001469
0.046250, 0.059707
0.041250, 0.024477
0.953750, 0.000348
0.946250, 0.010445
0.946250, 0.010226
0.056250, 0.003544
0.946250, 0.006997
0.946250, 0.010536
0.056250, 0.006595
0.946250, 0.003958
0.946250, 0.010530
0.056250, 0.009741
0.946250, 0.000813
0.946250, 0.010287
0.946250, 0.010524
0.063750, 0.002552
0.946250, 0.008006
0.946250, 0.010556
0.056250, 0.005665
0.946250, 0.004898
0.946250, 0.010581
0.056250, 0.008814
0.946250, 0.001755
0.946250, 0.010468
0.946250, 0.010590

====================================================================
Flow ID: 452 | Shape: (30, 2)
Features: [Size/1600, IAT/0.1]
--------------------------------------------------------------------
0.046250, 0.000000
0.041250, 0.024489
0.041875, 0.000196
0.041250, 0.027846
0.058125, 0.001802
0.046250, 0.060729
0.041250, 0.024525
0.953750, 0.000420
0.946250, 0.010434
0.946250, 0.010510
0.056250, 0.003247
0.946250, 0.007275
0.946250, 0.010530
0.056250, 0.006331
0.946250, 0.004201
0.946250, 0.010536
0.056250, 0.009467
0.946250, 0.001081
0.946250, 0.010495
0.946250, 0.010498
0.063750, 0.002119
0.946250, 0.008438
0.946250, 0.010551
0.056250, 0.005209
0.946250, 0.005372
0.946250, 0.010573
0.056250, 0.008383
0.946250, 0.002176
0.946250, 0.010740
0.946250, 0.010407

====================================================================
Flow ID: 455 | Shape: (30, 2)
Features: [Size/1600, IAT/0.1]
--------------------------------------------------------------------
0.046250, 0.000000
0.041250, 0.024547
0.041875, 0.000165
0.041250, 0.026888
0.058125, 0.001580
0.046250, 0.076416
0.041250, 0.024562
0.953750, 0.000796
0.946250, 0.010629
0.946250, 0.010500
0.056250, 0.003263
0.946250, 0.007369
0.946250, 0.010547
0.056250, 0.006493
0.946250, 0.005685
0.946250, 0.009157
0.056250, 0.009552
0.946250, 0.000697
0.946250, 0.010445
0.946250, 0.010516
0.063750, 0.002585
0.946250, 0.007980
0.946250, 0.010583
0.056250, 0.005695
0.946250, 0.004867
0.946250, 0.010571
0.056250, 0.008987
0.946250, 0.001618
0.946250, 0.010719
0.946250, 0.010596

====================================================================
Flow ID: 457 | Shape: (30, 2)
Features: [Size/1600, IAT/0.1]
--------------------------------------------------------------------
0.046250, 0.000000
0.041250, 0.024479
0.041875, 0.000140
0.041250, 0.028021
0.058125, 0.001625
0.046250, 0.065159
0.041250, 0.024410
0.953750, 0.000329
0.946250, 0.010470
0.946250, 0.010593
0.056250, 0.003117
0.946250, 0.007345
0.946250, 0.010548
0.056250, 0.006264
0.946250, 0.004268
0.946250, 0.010533
0.056250, 0.009473
0.946250, 0.000997
0.946250, 0.010105
0.946250, 0.010510
0.063750, 0.002550
0.946250, 0.007987
0.946250, 0.010583
0.056250, 0.005611
0.946250, 0.004943
0.946250, 0.010552
0.056250, 0.008708
0.946250, 0.001861
0.946250, 0.010472
0.946250, 0.010579

====================================================================
Flow ID: 460 | Shape: (30, 2)
Features: [Size/1600, IAT/0.1]
--------------------------------------------------------------------
0.046250, 0.000000
0.041250, 0.024519
0.041875, 0.000160
0.041250, 0.027820
0.058125, 0.001659
0.046250, 0.069184
0.041250, 0.024396
0.953750, 0.000322
0.946250, 0.010440
0.946250, 0.010521
0.056250, 0.003234
0.946250, 0.007303
0.946250, 0.010523
0.056250, 0.006307
0.946250, 0.004229
0.946250, 0.010329
0.056250, 0.009600
0.946250, 0.000928
0.946250, 0.010170
0.946250, 0.010510
0.063750, 0.002551
0.946250, 0.008008
0.946250, 0.010562
0.056250, 0.005611
0.946250, 0.004943
0.946250, 0.010558
0.056250, 0.008751
0.946250, 0.001822
0.946250, 0.010390
0.946250, 0.010519

====================================================================
Flow ID: 467 | Shape: (30, 2)
Features: [Size/1600, IAT/0.1]
--------------------------------------------------------------------
0.046250, 0.000000
0.041250, 0.024406
0.041875, 0.000176
0.041250, 0.026546
0.058125, 0.001638
0.046250, 0.060608
0.041250, 0.024424
0.953750, 0.000253
0.946250, 0.010469
0.946250, 0.010531
0.056250, 0.003172
0.946250, 0.007348
0.946250, 0.010555
0.056250, 0.006226
0.946250, 0.004296
0.946250, 0.010559
0.056250, 0.009330
0.946250, 0.001084
0.946250, 0.010377
0.946250, 0.010543
0.063750, 0.002163
0.946250, 0.008392
0.946250, 0.010571
0.056250, 0.005217
0.946250, 0.005334
0.946250, 0.010579
0.056250, 0.008312
0.946250, 0.002241
0.946250, 0.010580
0.946250, 0.010571

====================================================================
Flow ID: 468 | Shape: (30, 2)
Features: [Size/1600, IAT/0.1]
--------------------------------------------------------------------
0.046250, 0.000000
0.041250, 0.024487
0.041875, 0.000151
0.041250, 0.027771
0.058125, 0.001712
0.046250, 0.058743
0.041250, 0.024464
0.953750, 0.000338
0.946250, 0.010450
0.946250, 0.010541
0.056250, 0.003187
0.946250, 0.007347
0.946250, 0.010540
0.056250, 0.006290
0.946250, 0.004247
0.946250, 0.010533
0.056250, 0.009515
0.946250, 0.000997
0.946250, 0.010107
0.946250, 0.010526
0.063750, 0.002734
0.946250, 0.007817
0.946250, 0.010557
0.056250, 0.005791
0.946250, 0.004775
0.946250, 0.010571
0.056250, 0.008850
0.946250, 0.001692
0.946250, 0.010516
0.946250, 0.010481

====================================================================
Flow ID: 479 | Shape: (30, 2)
Features: [Size/1600, IAT/0.1]
--------------------------------------------------------------------
0.046250, 0.000000
0.041250, 0.024522
0.041875, 0.000160
0.041250, 0.027512
0.058125, 0.001671
0.046250, 0.059524
0.041250, 0.024408
0.953750, 0.000328
0.946250, 0.010446
0.946250, 0.010523
0.056250, 0.003301
0.946250, 0.007262
0.946250, 0.010523
0.056250, 0.006359
0.946250, 0.004331
0.946250, 0.010549
0.056250, 0.009354
0.946250, 0.001076
0.946250, 0.010535
0.946250, 0.010546
0.063750, 0.001993
0.946250, 0.008569
0.946250, 0.010548
0.056250, 0.005054
0.946250, 0.005491
0.946250, 0.010562
0.056250, 0.008270
0.946250, 0.002321
0.946250, 0.010567
0.946250, 0.010527

====================================================================
Flow ID: 480 | Shape: (30, 2)
Features: [Size/1600, IAT/0.1]
--------------------------------------------------------------------
0.046250, 0.000000
0.041250, 0.024491
0.041875, 0.000135
0.041250, 0.027867
0.058125, 0.001721
0.046250, 0.074998
0.041250, 0.024408
0.953750, 0.000313
0.946250, 0.010458
0.946250, 0.010527
0.056250, 0.003192
0.946250, 0.007362
0.946250, 0.010536
0.056250, 0.006369
0.946250, 0.004179
0.946250, 0.010548
0.056250, 0.009581
0.946250, 0.000982
0.946250, 0.010162
0.946250, 0.010511
0.063750, 0.002665
0.946250, 0.007898
0.946250, 0.010548
0.056250, 0.005766
0.946250, 0.004798
0.946250, 0.010579
0.056250, 0.008923
0.946250, 0.001667
0.946250, 0.010561
0.946250, 0.010542

====================================================================
Flow ID: 484 | Shape: (30, 2)
Features: [Size/1600, IAT/0.1]
--------------------------------------------------------------------
0.046250, 0.000000
0.041250, 0.024489
0.041875, 0.000130
0.041250, 0.027641
0.058125, 0.001700
0.046250, 0.068028
0.041250, 0.024424
0.953750, 0.000327
0.946250, 0.010455
0.946250, 0.010512
0.056250, 0.003220
0.946250, 0.007304
0.946250, 0.010540
0.056250, 0.006301
0.946250, 0.004222
0.946250, 0.010541
0.056250, 0.009392
0.946250, 0.001077
0.946250, 0.010557
0.946250, 0.010550
0.063750, 0.001978
0.946250, 0.008570
0.946250, 0.010568
0.056250, 0.005042
0.946250, 0.005507
0.946250, 0.010551
0.056250, 0.008232
0.946250, 0.002343
0.946250, 0.010577
0.946250, 0.010571

====================================================================
Flow ID: 485 | Shape: (30, 2)
Features: [Size/1600, IAT/0.1]
--------------------------------------------------------------------
0.046250, 0.000000
0.041250, 0.024390
0.041875, 0.000127
0.041250, 0.027602
0.058125, 0.001395
0.046250, 0.059660
0.041250, 0.024436
0.953750, 0.000266
0.946250, 0.010478
0.946250, 0.010568
0.056250, 0.003163
0.946250, 0.007365
0.946250, 0.010490
0.056250, 0.006274
0.946250, 0.004252
0.946250, 0.010410
0.056250, 0.009544
0.946250, 0.000995
0.946250, 0.010097
0.946250, 0.010524
0.063750, 0.002545
0.946250, 0.007946
0.946250, 0.010533
0.056250, 0.005766
0.946250, 0.004779
0.946250, 0.010589
0.056250, 0.009191
0.946250, 0.001169
0.946250, 0.010576
0.946250, 0.010599

====================================================================
Flow ID: 487 | Shape: (30, 2)
Features: [Size/1600, IAT/0.1]
--------------------------------------------------------------------
0.046250, 0.000000
0.041250, 0.024597
0.041875, 0.000162
0.041250, 0.027841
0.058125, 0.001717
0.046250, 0.076780
0.041250, 0.024400
0.953750, 0.000319
0.946250, 0.010440
0.946250, 0.010517
0.056250, 0.003219
0.946250, 0.007305
0.946250, 0.010539
0.056250, 0.006346
0.946250, 0.003964
0.946250, 0.010534
0.056250, 0.009741
0.946250, 0.000796
0.946250, 0.010319
0.946250, 0.010533
0.063750, 0.002567
0.946250, 0.007988
0.946250, 0.010565
0.056250, 0.005659
0.946250, 0.004919
0.946250, 0.010562
0.056250, 0.008809
0.946250, 0.001754
0.946250, 0.010482
0.946250, 0.010580

====================================================================
Flow ID: 488 | Shape: (30, 2)
Features: [Size/1600, IAT/0.1]
--------------------------------------------------------------------
0.046250, 0.000000
0.041250, 0.024489
0.041875, 0.000188
0.041250, 0.026866
0.058125, 0.001370
0.046250, 0.061253
0.041250, 0.024415
0.953750, 0.000302
0.946250, 0.010161
0.946250, 0.010525
0.056250, 0.003489
0.946250, 0.007039
0.946250, 0.010517
0.056250, 0.006585
0.946250, 0.003957
0.946250, 0.010531
0.056250, 0.009766
0.946250, 0.000764
0.946250, 0.010328
0.946250, 0.010535
0.063750, 0.002530
0.946250, 0.008018
0.946250, 0.010560
0.056250, 0.005834
0.946250, 0.004717
0.946250, 0.010567
0.056250, 0.009027
0.946250, 0.001106
0.946250, 0.010559
0.946250, 0.010556

====================================================================
Flow ID: 490 | Shape: (30, 2)
Features: [Size/1600, IAT/0.1]
--------------------------------------------------------------------
0.046250, 0.000000
0.041250, 0.024553
0.041875, 0.000150
0.041250, 0.027587
0.058125, 0.001676
0.046250, 0.072412
0.041250, 0.024409
0.953750, 0.000310
0.946250, 0.010375
0.946250, 0.010509
0.056250, 0.003294
0.946250, 0.007237
0.946250, 0.010531
0.056250, 0.006372
0.946250, 0.004168
0.946250, 0.010534
0.056250, 0.009600
0.946250, 0.000932
0.946250, 0.010177
0.946250, 0.010494
0.063750, 0.002596
0.946250, 0.007942
0.946250, 0.010555
0.056250, 0.005729
0.946250, 0.004859
0.946250, 0.010552
0.056250, 0.008895
0.946250, 0.001698
0.946250, 0.010542
0.946250, 0.010587

====================================================================
Flow ID: 499 | Shape: (30, 2)
Features: [Size/1600, IAT/0.1]
--------------------------------------------------------------------
0.046250, 0.000000
0.041250, 0.024518
0.041875, 0.000144
0.041250, 0.027687
0.058125, 0.001561
0.046250, 0.076614
0.041250, 0.024390
0.953750, 0.000309
0.946250, 0.010446
0.946250, 0.010518
0.056250, 0.003210
0.946250, 0.007329
0.946250, 0.010533
0.056250, 0.006345
0.946250, 0.004192
0.946250, 0.010527
0.056250, 0.009574
0.946250, 0.000997
0.946250, 0.010120
0.946250, 0.010523
0.063750, 0.002575
0.946250, 0.007981
0.946250, 0.010552
0.056250, 0.005684
0.946250, 0.004925
0.946250, 0.010512
0.056250, 0.009033
0.946250, 0.001116
0.946250, 0.010526
0.946250, 0.010573

====================================================================
Flow ID: 500 | Shape: (30, 2)
Features: [Size/1600, IAT/0.1]
--------------------------------------------------------------------
0.046250, 0.000000
0.041250, 0.024477
0.041875, 0.000164
0.041250, 0.027704
0.058125, 0.001595
0.046250, 0.076628
0.041250, 0.024432
0.953750, 0.000292
0.946250, 0.010457
0.946250, 0.010534
0.056250, 0.003176
0.946250, 0.007350
0.946250, 0.010533
0.056250, 0.006318
0.946250, 0.004225
0.946250, 0.010561
0.056250, 0.009464
0.946250, 0.000995
0.946250, 0.010166
0.946250, 0.010491
0.063750, 0.002572
0.946250, 0.007983
0.946250, 0.010539
0.056250, 0.005660
0.946250, 0.004853
0.946250, 0.010527
0.056250, 0.008784
0.946250, 0.001763
0.946250, 0.010377
0.946250, 0.010523

====================================================================
Flow ID: 502 | Shape: (30, 2)
Features: [Size/1600, IAT/0.1]
--------------------------------------------------------------------
0.046250, 0.000000
0.041250, 0.024463
0.041875, 0.000141
0.041250, 0.027429
0.058125, 0.001656
0.046250, 0.061563
0.041250, 0.024427
0.953750, 0.000328
0.946250, 0.010434
0.946250, 0.010520
0.056250, 0.003343
0.946250, 0.007203
0.946250, 0.010536
0.056250, 0.006395
0.946250, 0.004198
0.946250, 0.010534
0.056250, 0.009555
0.946250, 0.001081
0.946250, 0.010524
0.946250, 0.010566
0.063750, 0.001995
0.946250, 0.008542
0.946250, 0.010570
0.056250, 0.005070
0.946250, 0.005472
0.946250, 0.010546
0.056250, 0.008253
0.946250, 0.002354
0.946250, 0.010537
0.946250, 0.010561

====================================================================
Flow ID: 503 | Shape: (30, 2)
Features: [Size/1600, IAT/0.1]
--------------------------------------------------------------------
0.046250, 0.000000
0.041250, 0.024434
0.041875, 0.000137
0.041250, 0.026718
0.058125, 0.001544
0.046250, 0.061930
0.041250, 0.024451
0.953750, 0.000321
0.946250, 0.010460
0.946250, 0.010528
0.056250, 0.003286
0.946250, 0.007089
0.946250, 0.010529
0.056250, 0.006517
0.946250, 0.004012
0.946250, 0.010535
0.056250, 0.009647
0.946250, 0.000900
0.946250, 0.010210
0.946250, 0.010475
0.063750, 0.002588
0.946250, 0.007957
0.946250, 0.010569
0.056250, 0.005658
0.946250, 0.004886
0.946250, 0.010566
0.056250, 0.008825
0.946250, 0.001747
0.946250, 0.010482
0.946250, 0.010563

====================================================================
Flow ID: 508 | Shape: (30, 2)
Features: [Size/1600, IAT/0.1]
--------------------------------------------------------------------
0.046250, 0.000000
0.041250, 0.024517
0.041875, 0.000158
0.041250, 0.028169
0.058125, 0.000842
0.046250, 0.070949
0.041250, 0.024362
0.953750, 0.000303
0.946250, 0.010449
0.946250, 0.010552
0.056250, 0.003174
0.946250, 0.006869
0.946250, 0.010526
0.056250, 0.006738
0.946250, 0.003792
0.946250, 0.010529
0.056250, 0.009861
0.946250, 0.000668
0.946250, 0.010435
0.946250, 0.010546
0.063750, 0.002531
0.946250, 0.008008
0.946250, 0.010560
0.056250, 0.005607
0.946250, 0.004958
0.946250, 0.010759
0.056250, 0.008567
0.946250, 0.001793
0.946250, 0.010417
0.946250, 0.010570

====================================================================
Flow ID: 511 | Shape: (30, 2)
Features: [Size/1600, IAT/0.1]
--------------------------------------------------------------------
0.046250, 0.000000
0.041250, 0.024437
0.041875, 0.000148
0.041250, 0.027665
0.058125, 0.001604
0.046250, 0.061622
0.041250, 0.024458
0.953750, 0.000349
0.946250, 0.010465
0.946250, 0.010527
0.056250, 0.003233
0.946250, 0.007294
0.946250, 0.010520
0.056250, 0.006321
0.946250, 0.004205
0.946250, 0.010538
0.056250, 0.009516
0.946250, 0.000994
0.946250, 0.010105
0.946250, 0.010512
0.063750, 0.002549
0.946250, 0.007999
0.946250, 0.010549
0.056250, 0.005699
0.946250, 0.004861
0.946250, 0.010556
0.056250, 0.008797
0.946250, 0.001787
0.946250, 0.010430
0.946250, 0.010523
