
====================================================================
Flow ID: 389 | Shape: (30, 2)
Features: [Size/1600, IAT/0.1]
--------------------------------------------------------------------
0.133750, 0.000000
0.133750, 0.200608
0.133750, 0.200622
0.133750, 0.200606
0.133750, 0.200614
0.133750, 0.200613
0.133750, 0.200601
0.133750, 0.200623
0.133750, 0.200622
0.133750, 0.200621
0.133750, 0.200607
0.133750, 0.200621
0.133750, 0.200610
0.133750, 0.200604
0.133750, 0.200613
0.133750, 0.200627
0.133750, 0.200603
0.133750, 0.200617
0.133750, 0.200506
0.133750, 0.200720
0.133750, 0.200534
0.133750, 0.200611
0.133750, 0.200611
0.133750, 0.200599
0.133750, 0.200639
0.133750, 0.200619
0.133750, 0.200586
0.133750, 0.200610
0.133750, 0.200601
0.133750, 0.200606

====================================================================
Flow ID: 390 | Shape: (30, 2)
Features: [Size/1600, IAT/0.1]
--------------------------------------------------------------------
0.133750, 0.000000
0.133750, 0.200325
0.133750, 0.200628
0.133750, 0.200616
0.133750, 0.200579
0.133750, 0.200616
0.133750, 0.200605
0.133750, 0.200624
0.133750, 0.200591
0.133750, 0.200666
0.133750, 0.200467
0.133750, 0.200658
0.133750, 0.200630
0.133750, 0.200642
0.133750, 0.200570
0.133750, 0.200616
0.133750, 0.200662
0.133750, 0.200474
0.133750, 0.200567
0.133750, 0.200673
0.133750, 0.200625
0.133750, 0.200627
0.133750, 0.200552
0.133750, 0.200616
0.133750, 0.200584
0.133750, 0.200929
0.133750, 0.200588
0.133750, 0.200608
0.133750, 0.200604
0.133750, 0.200644

====================================================================
Flow ID: 392 | Shape: (30, 2)
Features: [Size/1600, IAT/0.1]
--------------------------------------------------------------------
0.133750, 0.000000
0.133750, 0.200573
0.133750, 0.200639
0.133750, 0.200617
0.133750, 0.200604
0.133750, 0.200629
0.133750, 0.200607
0.133750, 0.200607
0.133750, 0.200625
0.133750, 0.200741
0.133750, 0.200493
0.133750, 0.200600
0.133750, 0.200611
0.133750, 0.200624
0.133750, 0.200608
0.133750, 0.200861
0.133750, 0.200413
0.133750, 0.200645
0.133750, 0.200600
0.133750, 0.200594
0.133750, 0.200607
0.133750, 0.200616
0.133750, 0.200540
0.133750, 0.200698
0.133750, 0.200568
0.133750, 0.200599
0.133750, 0.200635
0.133750, 0.200615
0.133750, 0.200594
0.133750, 0.200604

====================================================================
Flow ID: 393 | Shape: (30, 2)
Features: [Size/1600, IAT/0.1]
--------------------------------------------------------------------
0.133750, 0.000000
0.133750, 0.200610
0.133750, 0.200605
0.133750, 0.200598
0.133750, 0.200624
0.133750, 0.200609
0.133750, 0.200706
0.133750, 0.200518
0.133750, 0.200598
0.133750, 0.200267
0.133750, 0.200614
0.133750, 0.200646
0.133750, 0.200594
0.133750, 0.200613
0.133750, 0.200631
0.133750, 0.200602
0.133750, 0.200609
0.133750, 0.200620
0.133750, 0.200604
0.133750, 0.200594
0.133750, 0.200629
0.133750, 0.200600
0.133750, 0.200615
0.133750, 0.200604
0.133750, 0.200584
0.133750, 0.200616
0.133750, 0.200826
0.133750, 0.200604
0.133750, 0.200631
0.133750, 0.200623

====================================================================
Flow ID: 398 | Shape: (30, 2)
Features: [Size/1600, IAT/0.1]
--------------------------------------------------------------------
0.133750, 0.000000
0.133750, 0.200608
0.133750, 0.200615
0.133750, 0.200624
0.133750, 0.200603
0.133750, 0.200619
0.133750, 0.200612
0.133750, 0.200594
0.133750, 0.200607
0.133750, 0.200651
0.133750, 0.200634
0.133750, 0.200614
0.133750, 0.200625
0.133750, 0.200616
0.133750, 0.200612
0.133750, 0.200616
0.133750, 0.200627
0.133750, 0.200593
0.133750, 0.200624
0.133750, 0.200624
0.133750, 0.200602
0.133750, 0.200622
0.133750, 0.200621
0.133750, 0.200549
0.133750, 0.200646
0.133750, 0.200601
0.133750, 0.200614
0.133750, 0.200585
0.133750, 0.200637
0.133750, 0.200615

====================================================================
Flow ID: 399 | Shape: (30, 2)
Features: [Size/1600, IAT/0.1]
--------------------------------------------------------------------
0.133750, 0.000000
0.133750, 0.200622
0.133750, 0.200611
0.133750, 0.200605
0.133750, 0.200625
0.133750, 0.200601
0.133750, 0.200627
0.133750, 0.200606
0.133750, 0.200605
0.133750, 0.200609
0.133750, 0.200604
0.133750, 0.200622
0.133750, 0.200608
0.133750, 0.200842
0.133750, 0.200612
0.133750, 0.200604
0.133750, 0.200598
0.133750, 0.200591
0.133750, 0.200606
0.133750, 0.200463
0.133750, 0.200703
0.133750, 0.200586
0.133750, 0.200614
0.133750, 0.200594
0.133750, 0.200630
0.133750, 0.200591
0.133750, 0.200619
0.133750, 0.200598
0.133750, 0.200611
0.133750, 0.200615

====================================================================
Flow ID: 400 | Shape: (30, 2)
Features: [Size/1600, IAT/0.1]
--------------------------------------------------------------------
0.133750, 0.000000
0.133750, 0.200612
0.133750, 0.200611
0.133750, 0.200593
0.133750, 0.200611
0.133750, 0.200604
0.133750, 0.200871
0.133750, 0.200620
0.133750, 0.200682
0.133750, 0.200564
0.133750, 0.200625
0.133750, 0.200632
0.133750, 0.200611
0.133750, 0.200613
0.133750, 0.200615
0.133750, 0.200615
0.133750, 0.200571
0.133750, 0.200646
0.133750, 0.200618
0.133750, 0.200597
0.133750, 0.200592
0.133750, 0.201189
0.133750, 0.200319
0.133750, 0.200603
0.133750, 0.200601
0.133750, 0.200617
0.133750, 0.200595
0.133750, 0.200614
0.133750, 0.200632
0.133750, 0.200598

====================================================================
Flow ID: 404 | Shape: (30, 2)
Features: [Size/1600, IAT/0.1]
--------------------------------------------------------------------
0.133750, 0.000000
0.133750, 0.200592
0.133750, 0.200589
0.133750, 0.200690
0.133750, 0.200533
0.133750, 0.200609
0.133750, 0.200606
0.133750, 0.200625
0.133750, 0.200601
0.133750, 0.200603
0.133750, 0.200621
0.133750, 0.200597
0.133750, 0.200596
0.133750, 0.200458
0.133750, 0.200714
0.133750, 0.200640
0.133750, 0.200634
0.133750, 0.200582
0.133750, 0.200595
0.133750, 0.200600
0.133750, 0.200613
0.133750, 0.200607
0.133750, 0.200620
0.133750, 0.200620
0.133750, 0.200625
0.133750, 0.200618
0.133750, 0.200724
0.133750, 0.200623
0.133750, 0.200608
0.133750, 0.200621

====================================================================
Flow ID: 405 | Shape: (30, 2)
Features: [Size/1600, IAT/0.1]
--------------------------------------------------------------------
0.133750, 0.000000
0.133750, 0.200609
0.133750, 0.200645
0.133750, 0.200617
0.133750, 0.200588
0.133750, 0.200621
0.133750, 0.200607
0.133750, 0.200627
0.133750, 0.200616
0.133750, 0.200631
0.133750, 0.200583
0.133750, 0.200613
0.133750, 0.200578
0.133750, 0.200632
0.133750, 0.200623
0.133750, 0.200716
0.133750, 0.200509
0.133750, 0.200587
0.133750, 0.200595
0.133750, 0.200611
0.133750, 0.200619
0.133750, 0.200620
0.133750, 0.200588
0.133750, 0.200602
0.133750, 0.200623
0.133750, 0.200613
0.133750, 0.200602
0.133750, 0.200609
0.133750, 0.200613
0.133750, 0.200595

====================================================================
Flow ID: 408 | Shape: (30, 2)
Features: [Size/1600, IAT/0.1]
--------------------------------------------------------------------
0.133750, 0.000000
0.133750, 0.200601
0.133750, 0.200603
0.133750, 0.200593
0.133750, 0.200605
0.133750, 0.200625
0.133750, 0.200667
0.133750, 0.200280
0.133750, 0.200558
0.133750, 0.200628
0.133750, 0.200625
0.133750, 0.200589
0.133750, 0.200608
0.133750, 0.200656
0.133750, 0.200600
0.133750, 0.200599
0.133750, 0.200604
0.133750, 0.200620
0.133750, 0.200668
0.133750, 0.200607
0.133750, 0.200603
0.133750, 0.200611
0.133750, 0.200614
0.133750, 0.200607
0.133750, 0.200476
0.133750, 0.200676
0.133750, 0.200206
0.133750, 0.200615
0.133750, 0.200624
0.133750, 0.200717

====================================================================
Flow ID: 409 | Shape: (30, 2)
Features: [Size/1600, IAT/0.1]
--------------------------------------------------------------------
0.133750, 0.000000
0.133750, 0.200602
0.133750, 0.200612
0.133750, 0.200617
0.133750, 0.200601
0.133750, 0.200600
0.133750, 0.200612
0.133750, 0.200656
0.133750, 0.200578
0.133750, 0.200627
0.133750, 0.200623
0.133750, 0.200611
0.133750, 0.200592
0.133750, 0.200623
0.133750, 0.200593
0.133750, 0.200611
0.133750, 0.200629
0.133750, 0.200616
0.133750, 0.200617
0.133750, 0.200596
0.133750, 0.200705
0.133750, 0.200597
0.133750, 0.200590
0.133750, 0.200628
0.133750, 0.200616
0.133750, 0.200600
0.133750, 0.200606
0.133750, 0.200615
0.133750, 0.200610
0.133750, 0.200610

====================================================================
Flow ID: 411 | Shape: (30, 2)
Features: [Size/1600, IAT/0.1]
--------------------------------------------------------------------
0.133750, 0.000000
0.133750, 0.200613
0.133750, 0.200631
0.133750, 0.200625
0.133750, 0.200571
0.133750, 0.200619
0.133750, 0.200619
0.133750, 0.200206
0.133750, 0.200586
0.133750, 0.200613
0.133750, 0.200847
0.133750, 0.200629
0.133750, 0.200594
0.133750, 0.200614
0.133750, 0.200613
0.133750, 0.200597
0.133750, 0.200621
0.133750, 0.200610
0.133750, 0.200614
0.133750, 0.200753
0.133750, 0.200445
0.133750, 0.200596
0.133750, 0.200623
0.133750, 0.200704
0.133750, 0.200544
0.133750, 0.200609
0.133750, 0.200654
0.133750, 0.200767
0.133750, 0.200472
0.133750, 0.200619

====================================================================
Flow ID: 416 | Shape: (30, 2)
Features: [Size/1600, IAT/0.1]
--------------------------------------------------------------------
0.133750, 0.000000
0.133750, 0.200609
0.133750, 0.200604
0.133750, 0.200606
0.133750, 0.200602
0.133750, 0.200602
0.133750, 0.200617
0.133750, 0.200963
0.133750, 0.200322
0.133750, 0.200613
0.133750, 0.200589
0.133750, 0.200617
0.133750, 0.200538
0.133750, 0.200658
0.133750, 0.200644
0.133750, 0.200548
0.133750, 0.200605
0.133750, 0.200608
0.133750, 0.200591
0.133750, 0.200796
0.133750, 0.200430
0.133750, 0.200597
0.133750, 0.200613
0.133750, 0.200604
0.133750, 0.200589
0.133750, 0.200616
0.133750, 0.200666
0.133750, 0.200541
0.133750, 0.200619
0.133750, 0.200615

====================================================================
Flow ID: 417 | Shape: (30, 2)
Features: [Size/1600, IAT/0.1]
--------------------------------------------------------------------
0.133750, 0.000000
0.133750, 0.200602
0.133750, 0.200602
0.133750, 0.200314
0.133750, 0.200605
0.133750, 0.200611
0.133750, 0.200642
0.133750, 0.200622
0.133750, 0.200627
0.133750, 0.200606
0.133750, 0.200621
0.133750, 0.200660
0.133750, 0.200609
0.133750, 0.200620
0.133750, 0.200614
0.133750, 0.200418
0.133750, 0.200735
0.133750, 0.200611
0.133750, 0.200609
0.133750, 0.200913
0.133750, 0.200624
0.133750, 0.200609
0.133750, 0.200613
0.133750, 0.200613
0.133750, 0.200607
0.133750, 0.200610
0.133750, 0.200613
0.133750, 0.200720
0.133750, 0.200515
0.133750, 0.200607

====================================================================
Flow ID: 418 | Shape: (30, 2)
Features: [Size/1600, IAT/0.1]
--------------------------------------------------------------------
0.133750, 0.000000
0.133750, 0.200602
0.133750, 0.200612
0.133750, 0.200615
0.133750, 0.200673
0.133750, 0.200585
0.133750, 0.200606
0.133750, 0.200604
0.133750, 0.200606
0.133750, 0.200598
0.133750, 0.200610
0.133750, 0.200612
0.133750, 0.200609
0.133750, 0.200674
0.133750, 0.200545
0.133750, 0.200623
0.133750, 0.200626
0.133750, 0.200600
0.133750, 0.200600
0.133750, 0.200639
0.133750, 0.200613
0.133750, 0.200610
0.133750, 0.200615
0.133750, 0.200612
0.133750, 0.200613
0.133750, 0.200611
0.133750, 0.200626
0.133750, 0.200594
0.133750, 0.200609
0.133750, 0.200601

====================================================================
Flow ID: 421 | Shape: (30, 2)
Features: [Size/1600, IAT/0.1]
--------------------------------------------------------------------
0.133750, 0.000000
0.133750, 0.200604
0.133750, 0.200620
0.133750, 0.200571
0.133750, 0.200481
0.133750, 0.200671
0.133750, 0.200644
0.133750, 0.200572
0.133750, 0.200598
0.133750, 0.200631
0.133750, 0.200600
0.133750, 0.200596
0.133750, 0.200625
0.133750, 0.200590
0.133750, 0.200670
0.133750, 0.200610
0.133750, 0.200608
0.133750, 0.200607
0.133750, 0.200624
0.133750, 0.200618
0.133750, 0.200584
0.133750, 0.200619
0.133750, 0.200629
0.133750, 0.200612
0.133750, 0.200675
0.133750, 0.200547
0.133750, 0.200610
0.133750, 0.200605
0.133750, 0.200645
0.133750, 0.200519

====================================================================
Flow ID: 422 | Shape: (30, 2)
Features: [Size/1600, IAT/0.1]
--------------------------------------------------------------------
0.133750, 0.000000
0.133750, 0.200458
0.133750, 0.200692
0.133750, 0.200601
0.133750, 0.200606
0.133750, 0.200610
0.133750, 0.200611
0.133750, 0.200610
0.133750, 0.200600
0.133750, 0.200597
0.133750, 0.200605
0.133750, 0.200962
0.133750, 0.200254
0.133750, 0.200610
0.133750, 0.200614
0.133750, 0.200622
0.133750, 0.200605
0.133750, 0.200600
0.133750, 0.200620
0.133750, 0.200613
0.133750, 0.200596
0.133750, 0.200602
0.133750, 0.200618
0.133750, 0.200625
0.133750, 0.200609
0.133750, 0.200606
0.133750, 0.200556
0.133750, 0.200626
0.133750, 0.200643
0.133750, 0.200614

====================================================================
Flow ID: 423 | Shape: (30, 2)
Features: [Size/1600, IAT/0.1]
--------------------------------------------------------------------
0.133750, 0.000000
0.133750, 0.200618
0.133750, 0.200592
0.133750, 0.200608
0.133750, 0.200614
0.133750, 0.200618
0.133750, 0.200613
0.133750, 0.200604
0.133750, 0.200638
0.133750, 0.200702
0.133750, 0.200506
0.133750, 0.200617
0.133750, 0.200411
0.133750, 0.200615
0.133750, 0.200621
0.133750, 0.200605
0.133750, 0.200586
0.133750, 0.200627
0.133750, 0.200878
0.133750, 0.200342
0.133750, 0.200604
0.133750, 0.200606
0.133750, 0.200465
0.133750, 0.200710
0.133750, 0.200585
0.133750, 0.200610
0.133750, 0.200599
0.133750, 0.200629
0.133750, 0.200600
0.133750, 0.200293

====================================================================
Flow ID: 427 | Shape: (30, 2)
Features: [Size/1600, IAT/0.1]
--------------------------------------------------------------------
0.133750, 0.000000
0.133750, 0.200611
0.133750, 0.200616
0.133750, 0.200677
0.133750, 0.200550
0.133750, 0.200612
0.133750, 0.200613
0.133750, 0.200610
0.133750, 0.200630
0.133750, 0.200605
0.133750, 0.200609
0.133750, 0.200619
0.133750, 0.200612
0.133750, 0.200614
0.133750, 0.200609
0.133750, 0.200606
0.133750, 0.200865
0.133750, 0.200355
0.133750, 0.200616
0.133750, 0.200603
0.133750, 0.200641
0.133750, 0.200589
0.133750, 0.200628
0.133750, 0.200636
0.133750, 0.200606
0.133750, 0.200604
0.133750, 0.200629
0.133750, 0.200603
0.133750, 0.200619
0.133750, 0.200891

====================================================================
Flow ID: 430 | Shape: (30, 2)
Features: [Size/1600, IAT/0.1]
--------------------------------------------------------------------
0.133750, 0.000000
0.133750, 0.200602
0.133750, 0.200619
0.133750, 0.200620
0.133750, 0.200638
0.133750, 0.200615
0.133750, 0.200583
0.133750, 0.200621
0.133750, 0.200664
0.133750, 0.200546
0.133750, 0.200657
0.133750, 0.200713
0.133750, 0.200606
0.133750, 0.200612
0.133750, 0.200604
0.133750, 0.200618
0.133750, 0.200632
0.133750, 0.200604
0.133750, 0.200592
0.133750, 0.200627
0.133750, 0.200477
0.133750, 0.200683
0.133750, 0.200613
0.133750, 0.200622
0.133750, 0.200625
0.133750, 0.200591
0.133750, 0.200686
0.133750, 0.200624
0.133750, 0.200614
0.133750, 0.200499

====================================================================
Flow ID: 433 | Shape: (30, 2)
Features: [Size/1600, IAT/0.1]
--------------------------------------------------------------------
0.133750, 0.000000
0.133750, 0.200354
0.133750, 0.200596
0.133750, 0.200624
0.133750, 0.200618
0.133750, 0.200597
0.133750, 0.200598
0.133750, 0.200883
0.133750, 0.200609
0.133750, 0.200504
0.133750, 0.200674
0.133750, 0.200609
0.133750, 0.200607
0.133750, 0.200615
0.133750, 0.200591
0.133750, 0.200602
0.133750, 0.200635
0.133750, 0.200609
0.133750, 0.200606
0.133750, 0.200613
0.133750, 0.200623
0.133750, 0.200587
0.133750, 0.200611
0.133750, 0.200856
0.133750, 0.199934
0.133750, 0.200593
0.133750, 0.200619
0.133750, 0.200604
0.133750, 0.200589
0.133750, 0.200558

====================================================================
Flow ID: 439 | Shape: (30, 2)
Features: [Size/1600, IAT/0.1]
--------------------------------------------------------------------
0.133750, 0.000000
0.133750, 0.200581
0.133750, 0.200611
0.133750, 0.200630
0.133750, 0.200605
0.133750, 0.200770
0.133750, 0.200336
0.133750, 0.200589
0.133750, 0.200619
0.133750, 0.200604
0.133750, 0.200614
0.133750, 0.200608
0.133750, 0.200635
0.133750, 0.200592
0.133750, 0.200595
0.133750, 0.200647
0.133750, 0.200606
0.133750, 0.200594
0.133750, 0.200616
0.133750, 0.200649
0.133750, 0.200557
0.133750, 0.200586
0.133750, 0.200600
0.133750, 0.200618
0.133750, 0.200637
0.133750, 0.200587
0.133750, 0.200601
0.133750, 0.200607
0.133750, 0.200618
0.133750, 0.200598

====================================================================
Flow ID: 443 | Shape: (30, 2)
Features: [Size/1600, IAT/0.1]
--------------------------------------------------------------------
0.133750, 0.000000
0.133750, 0.200606
0.133750, 0.200602
0.133750, 0.200614
0.133750, 0.200622
0.133750, 0.200607
0.133750, 0.200606
0.133750, 0.200609
0.133750, 0.200629
0.133750, 0.200604
0.133750, 0.200609
0.133750, 0.200611
0.133750, 0.200616
0.133750, 0.200611
0.133750, 0.200595
0.133750, 0.200611
0.133750, 0.200621
0.133750, 0.200616
0.133750, 0.200598
0.133750, 0.200629
0.133750, 0.200617
0.133750, 0.200608
0.133750, 0.200597
0.133750, 0.200621
0.133750, 0.200608
0.133750, 0.200592
0.133750, 0.200598
0.133750, 0.200604
0.133750, 0.200607
0.133750, 0.200597

====================================================================
Flow ID: 446 | Shape: (30, 2)
Features: [Size/1600, IAT/0.1]
--------------------------------------------------------------------
0.133750, 0.000000
0.133750, 0.200604
0.133750, 0.200608
0.133750, 0.200612
0.133750, 0.200608
0.133750, 0.200621
0.133750, 0.200620
0.133750, 0.200581
0.133750, 0.200644
0.133750, 0.200563
0.133750, 0.200681
0.133750, 0.200606
0.133750, 0.200596
0.133750, 0.200608
0.133750, 0.200627
0.133750, 0.200604
0.133750, 0.200606
0.133750, 0.200633
0.133750, 0.200653
0.133750, 0.200576
0.133750, 0.200658
0.133750, 0.200624
0.133750, 0.200621
0.133750, 0.200609
0.133750, 0.200613
0.133750, 0.200618
0.133750, 0.200873
0.133750, 0.200592
0.133750, 0.200610
0.133750, 0.200622

====================================================================
Flow ID: 447 | Shape: (30, 2)
Features: [Size/1600, IAT/0.1]
--------------------------------------------------------------------
0.133750, 0.000000
0.133750, 0.200610
0.133750, 0.200587
0.133750, 0.200624
0.133750, 0.200609
0.133750, 0.200597
0.133750, 0.200615
0.133750, 0.200608
0.133750, 0.200609
0.133750, 0.200654
0.133750, 0.200601
0.133750, 0.200600
0.133750, 0.200615
0.133750, 0.200603
0.133750, 0.200614
0.133750, 0.200614
0.133750, 0.200603
0.133750, 0.200698
0.133750, 0.200534
0.133750, 0.200620
0.133750, 0.200682
0.133750, 0.200535
0.133750, 0.200616
0.133750, 0.200603
0.133750, 0.200606
0.133750, 0.200619
0.133750, 0.200606
0.133750, 0.200653
0.133750, 0.200571
0.133750, 0.200593

====================================================================
Flow ID: 454 | Shape: (30, 2)
Features: [Size/1600, IAT/0.1]
--------------------------------------------------------------------
0.133750, 0.000000
0.133750, 0.200612
0.133750, 0.200603
0.133750, 0.200580
0.133750, 0.200617
0.133750, 0.200603
0.133750, 0.200603
0.133750, 0.200603
0.133750, 0.200622
0.133750, 0.200620
0.133750, 0.200590
0.133750, 0.200305
0.133750, 0.200609
0.133750, 0.200621
0.133750, 0.200595
0.133750, 0.200610
0.133750, 0.200619
0.133750, 0.200886
0.133750, 0.200321
0.133750, 0.200599
0.133750, 0.200613
0.133750, 0.200636
0.133750, 0.200591
0.133750, 0.200602
0.133750, 0.200627
0.133750, 0.200606
0.133750, 0.200756
0.133750, 0.200327
0.133750, 0.200601
0.133750, 0.200603

====================================================================
Flow ID: 464 | Shape: (30, 2)
Features: [Size/1600, IAT/0.1]
--------------------------------------------------------------------
0.133750, 0.000000
0.133750, 0.200614
0.133750, 0.200607
0.133750, 0.200630
0.133750, 0.200605
0.133750, 0.200619
0.133750, 0.200607
0.133750, 0.200625
0.133750, 0.200593
0.133750, 0.200592
0.133750, 0.200625
0.133750, 0.200602
0.133750, 0.200609
0.133750, 0.200605
0.133750, 0.200618
0.133750, 0.200609
0.133750, 0.200624
0.133750, 0.200612
0.133750, 0.200614
0.133750, 0.200620
0.133750, 0.200609
0.133750, 0.200625
0.133750, 0.200689
0.133750, 0.200548
0.133750, 0.200600
0.133750, 0.200603
0.133750, 0.200621
0.133750, 0.200623
0.133750, 0.200625
0.133750, 0.200583

====================================================================
Flow ID: 465 | Shape: (30, 2)
Features: [Size/1600, IAT/0.1]
--------------------------------------------------------------------
0.133750, 0.000000
0.133750, 0.200599
0.133750, 0.200614
0.133750, 0.200595
0.133750, 0.200609
0.133750, 0.200610
0.133750, 0.200630
0.133750, 0.200651
0.133750, 0.200542
0.133750, 0.200622
0.133750, 0.200609
0.133750, 0.200615
0.133750, 0.200601
0.133750, 0.200616
0.133750, 0.200605
0.133750, 0.200612
0.133750, 0.200601
0.133750, 0.200620
0.133750, 0.200610
0.133750, 0.200603
0.133750, 0.200616
0.133750, 0.200606
0.133750, 0.200622
0.133750, 0.200599
0.133750, 0.200615
0.133750, 0.200588
0.133750, 0.200608
0.133750, 0.200613
0.133750, 0.200585
0.133750, 0.200607

====================================================================
Flow ID: 469 | Shape: (30, 2)
Features: [Size/1600, IAT/0.1]
--------------------------------------------------------------------
0.133750, 0.000000
0.133750, 0.200609
0.133750, 0.200614
0.133750, 0.200605
0.133750, 0.200617
0.133750, 0.200614
0.133750, 0.200600
0.133750, 0.200618
0.133750, 0.200614
0.133750, 0.200591
0.133750, 0.200632
0.133750, 0.200730
0.133750, 0.200484
0.133750, 0.200614
0.133750, 0.200610
0.133750, 0.200452
0.133750, 0.200716
0.133750, 0.200598
0.133750, 0.200753
0.133750, 0.200481
0.133750, 0.200601
0.133750, 0.200587
0.133750, 0.200635
0.133750, 0.200598
0.133750, 0.200619
0.133750, 0.200604
0.133750, 0.200619
0.133750, 0.200579
0.133750, 0.200613
0.133750, 0.200600

====================================================================
Flow ID: 472 | Shape: (30, 2)
Features: [Size/1600, IAT/0.1]
--------------------------------------------------------------------
0.133750, 0.000000
0.133750, 0.200637
0.133750, 0.200581
0.133750, 0.200590
0.133750, 0.200601
0.133750, 0.200601
0.133750, 0.200624
0.133750, 0.200634
0.133750, 0.200605
0.133750, 0.200608
0.133750, 0.200598
0.133750, 0.200607
0.133750, 0.200607
0.133750, 0.200611
0.133750, 0.200607
0.133750, 0.200604
0.133750, 0.200617
0.133750, 0.200651
0.133750, 0.200579
0.133750, 0.200606
0.133750, 0.200626
0.133750, 0.200637
0.133750, 0.200487
0.133750, 0.200705
0.133750, 0.200612
0.133750, 0.200624
0.133750, 0.200616
0.133750, 0.200610
0.133750, 0.200602
0.133750, 0.200620

====================================================================
Flow ID: 473 | Shape: (30, 2)
Features: [Size/1600, IAT/0.1]
--------------------------------------------------------------------
0.046250, 0.000000
0.041250, 0.024474
0.041875, 0.000134
0.041250, 0.027477
0.058125, 0.001314
0.133750, 0.061154
0.133750, 0.200478
0.041250, 0.172056
0.133750, 0.028573
0.133750, 0.200610
0.133750, 0.200601
0.133750, 0.200606
0.133750, 0.200637
0.133750, 0.200576
0.133750, 0.200607
0.133750, 0.200603
0.133750, 0.200607
0.133750, 0.200596
0.133750, 0.200608
0.133750, 0.200625
0.133750, 0.200602
0.133750, 0.200588
0.133750, 0.200628
0.133750, 0.200548
0.133750, 0.200643
0.133750, 0.200633
0.133750, 0.200562
0.133750, 0.200619
0.133750, 0.200599
0.133750, 0.200602

====================================================================
Flow ID: 476 | Shape: (30, 2)
Features: [Size/1600, IAT/0.1]
--------------------------------------------------------------------
0.133750, 0.000000
0.133750, 0.200909
0.133750, 0.200121
0.133750, 0.200352
0.133750, 0.200622
0.133750, 0.200623
0.133750, 0.200603
0.133750, 0.200366
0.133750, 0.200546
0.133750, 0.200684
0.133750, 0.200608
0.133750, 0.200606
0.133750, 0.200613
0.133750, 0.200610
0.133750, 0.200614
0.133750, 0.200611
0.133750, 0.200648
0.133750, 0.200566
0.133750, 0.200610
0.133750, 0.200590
0.133750, 0.200618
0.133750, 0.200634
0.133750, 0.200617
0.133750, 0.200701
0.133750, 0.200545
0.133750, 0.200617
0.133750, 0.200599
0.133750, 0.200621
0.133750, 0.200590
0.133750, 0.200622

====================================================================
Flow ID: 477 | Shape: (30, 2)
Features: [Size/1600, IAT/0.1]
--------------------------------------------------------------------
0.133750, 0.000000
0.133750, 0.200574
0.133750, 0.200598
0.133750, 0.200616
0.133750, 0.200643
0.133750, 0.200645
0.133750, 0.200606
0.133750, 0.200626
0.133750, 0.200615
0.133750, 0.200608
0.133750, 0.200613
0.133750, 0.200612
0.133750, 0.200615
0.133750, 0.200615
0.133750, 0.200618
0.133750, 0.200605
0.133750, 0.200630
0.133750, 0.200646
0.133750, 0.200571
0.133750, 0.200567
0.133750, 0.200609
0.133750, 0.200612
0.133750, 0.200614
0.133750, 0.200607
0.133750, 0.200624
0.133750, 0.200594
0.133750, 0.200621
0.133750, 0.200609
0.133750, 0.200608
0.133750, 0.200672

====================================================================
Flow ID: 482 | Shape: (30, 2)
Features: [Size/1600, IAT/0.1]
--------------------------------------------------------------------
0.133750, 0.000000
0.133750, 0.200638
0.133750, 0.200903
0.133750, 0.200305
0.133750, 0.200609
0.133750, 0.200581
0.133750, 0.200615
0.133750, 0.200600
0.133750, 0.200610
0.133750, 0.200616
0.133750, 0.200617
0.133750, 0.200599
0.133750, 0.200610
0.133750, 0.200597
0.133750, 0.200727
0.133750, 0.200485
0.133750, 0.200622
0.133750, 0.200599
0.133750, 0.200604
0.133750, 0.200594
0.133750, 0.200608
0.133750, 0.200606
0.133750, 0.200602
0.133750, 0.200606
0.133750, 0.200634
0.133750, 0.200575
0.133750, 0.200631
0.133750, 0.200596
0.133750, 0.200604
0.133750, 0.200606

====================================================================
Flow ID: 484 | Shape: (30, 2)
Features: [Size/1600, IAT/0.1]
--------------------------------------------------------------------
0.133750, 0.000000
0.133750, 0.200595
0.133750, 0.200600
0.133750, 0.200591
0.133750, 0.200709
0.133750, 0.200522
0.133750, 0.200589
0.133750, 0.200638
0.133750, 0.200621
0.133750, 0.200614
0.133750, 0.200595
0.133750, 0.200602
0.133750, 0.200614
0.133750, 0.200618
0.133750, 0.200605
0.133750, 0.200265
0.133750, 0.200619
0.133750, 0.200594
0.133750, 0.200610
0.133750, 0.200604
0.133750, 0.200618
0.133750, 0.200612
0.133750, 0.200595
0.133750, 0.200703
0.133750, 0.200497
0.133750, 0.200619
0.133750, 0.200598
0.133750, 0.200608
0.133750, 0.200641
0.133750, 0.200622

====================================================================
Flow ID: 498 | Shape: (30, 2)
Features: [Size/1600, IAT/0.1]
--------------------------------------------------------------------
0.133750, 0.000000
0.133750, 0.200589
0.133750, 0.200606
0.133750, 0.200621
0.133750, 0.200594
0.133750, 0.200610
0.133750, 0.200615
0.133750, 0.200631
0.133750, 0.200598
0.133750, 0.200604
0.133750, 0.200621
0.133750, 0.200596
0.133750, 0.200615
0.133750, 0.200620
0.133750, 0.200594
0.133750, 0.200491
0.133750, 0.200670
0.133750, 0.200636
0.133750, 0.200584
0.133750, 0.200598
0.133750, 0.200614
0.133750, 0.200603
0.133750, 0.200622
0.133750, 0.200608
0.133750, 0.200603
0.133750, 0.200616
0.133750, 0.200612
0.133750, 0.200584
0.133750, 0.200598
0.133750, 0.200618

====================================================================
Flow ID: 500 | Shape: (30, 2)
Features: [Size/1600, IAT/0.1]
--------------------------------------------------------------------
0.133750, 0.000000
0.133750, 0.200655
0.133750, 0.200596
0.133750, 0.200683
0.133750, 0.200538
0.133750, 0.200624
0.133750, 0.200614
0.133750, 0.200648
0.133750, 0.200454
0.133750, 0.201010
0.133750, 0.200344
0.133750, 0.200601
0.133750, 0.200598
0.133750, 0.200604
0.133750, 0.200611
0.133750, 0.200605
0.133750, 0.200606
0.133750, 0.200616
0.133750, 0.200633
0.133750, 0.200602
0.133750, 0.200603
0.133750, 0.200592
0.133750, 0.200624
0.133750, 0.200618
0.133750, 0.200626
0.133750, 0.200592
0.133750, 0.200605
0.133750, 0.200628
0.133750, 0.200633
0.133750, 0.200612

====================================================================
Flow ID: 504 | Shape: (30, 2)
Features: [Size/1600, IAT/0.1]
--------------------------------------------------------------------
0.133750, 0.000000
0.133750, 0.200607
0.133750, 0.200611
0.133750, 0.200609
0.133750, 0.200596
0.133750, 0.200615
0.133750, 0.200640
0.133750, 0.200613
0.133750, 0.200571
0.133750, 0.200637
0.133750, 0.200610
0.133750, 0.200609
0.133750, 0.200678
0.133750, 0.200550
0.133750, 0.200606
0.133750, 0.200607
0.133750, 0.200627
0.133750, 0.200620
0.133750, 0.200445
0.133750, 0.200716
0.133750, 0.200602
0.133750, 0.200602
0.133750, 0.200599
0.133750, 0.200625
0.133750, 0.200617
0.133750, 0.200604
0.133750, 0.200605
0.133750, 0.200606
0.133750, 0.200616
0.133750, 0.200603

====================================================================
Flow ID: 507 | Shape: (30, 2)
Features: [Size/1600, IAT/0.1]
--------------------------------------------------------------------
0.133750, 0.000000
0.133750, 0.200608
0.133750, 0.200599
0.133750, 0.200635
0.133750, 0.200594
0.133750, 0.200595
0.133750, 0.200603
0.133750, 0.200615
0.133750, 0.200623
0.133750, 0.200606
0.133750, 0.200619
0.133750, 0.200626
0.133750, 0.200611
0.133750, 0.200831
0.133750, 0.200610
0.133750, 0.200614
0.133750, 0.200610
0.133750, 0.200612
0.133750, 0.200617
0.133750, 0.200602
0.133750, 0.200613
0.133750, 0.200610
0.133750, 0.200626
0.133750, 0.200624
0.133750, 0.200586
0.133750, 0.200606
0.133750, 0.200608
0.133750, 0.200613
0.133750, 0.200594
0.133750, 0.200611

====================================================================
Flow ID: 510 | Shape: (30, 2)
Features: [Size/1600, IAT/0.1]
--------------------------------------------------------------------
0.133750, 0.000000
0.133750, 0.200599
0.133750, 0.200609
0.133750, 0.200596
0.133750, 0.200615
0.133750, 0.200596
0.133750, 0.200605
0.133750, 0.200611
0.133750, 0.200607
0.133750, 0.200810
0.133750, 0.200409
0.133750, 0.200625
0.133750, 0.200614
0.133750, 0.200614
0.133750, 0.200602
0.133750, 0.200622
0.133750, 0.200589
0.133750, 0.200630
0.133750, 0.200571
0.133750, 0.200602
0.133750, 0.200619
0.133750, 0.200629
0.133750, 0.200609
0.133750, 0.200651
0.133750, 0.200626
0.133750, 0.200606
0.133750, 0.200606
0.133750, 0.200612
0.133750, 0.200630
0.133750, 0.200598

====================================================================
Flow ID: 512 | Shape: (30, 2)
Features: [Size/1600, IAT/0.1]
--------------------------------------------------------------------
0.133750, 0.000000
0.133750, 0.200587
0.133750, 0.200618
0.133750, 0.200618
0.133750, 0.200611
0.133750, 0.200620
0.133750, 0.200597
0.133750, 0.200604
0.133750, 0.200620
0.133750, 0.200595
0.133750, 0.200620
0.133750, 0.200603
0.133750, 0.200605
0.133750, 0.200597
0.133750, 0.200612
0.133750, 0.200626
0.133750, 0.200586
0.133750, 0.200593
0.133750, 0.200693
0.133750, 0.200583
0.133750, 0.200612
0.133750, 0.200606
0.133750, 0.200609
0.133750, 0.200611
0.133750, 0.200618
0.133750, 0.200591
0.133750, 0.200670
0.133750, 0.200531
0.133750, 0.200622
0.133750, 0.200626

====================================================================
Flow ID: 387 | Shape: (30, 2)
Features: [Size/1600, IAT/0.1]
--------------------------------------------------------------------
0.133750, 0.000000
0.133750, 0.200586
0.133750, 0.200597
0.133750, 0.200607
0.133750, 0.200600
0.133750, 0.200612
0.133750, 0.200614
0.133750, 0.200612
0.133750, 0.200600
0.133750, 0.200605
0.133750, 0.200605
0.133750, 0.200701
0.133750, 0.200516
0.133750, 0.200626
0.133750, 0.200491
0.133750, 0.200659
0.133750, 0.200614
0.133750, 0.200616
0.133750, 0.200601
0.133750, 0.200606
0.133750, 0.200596
0.133750, 0.200658
0.133750, 0.200582
0.133750, 0.200623
0.133750, 0.200583
0.133750, 0.200624
0.133750, 0.200586
0.133750, 0.200583
0.133750, 0.200623
0.133750, 0.200598

====================================================================
Flow ID: 388 | Shape: (30, 2)
Features: [Size/1600, IAT/0.1]
--------------------------------------------------------------------
0.133750, 0.000000
0.133750, 0.200558
0.133750, 0.200912
0.133750, 0.200399
0.133750, 0.200603
0.133750, 0.200630
0.133750, 0.200666
0.133750, 0.200549
0.133750, 0.200603
0.133750, 0.200610
0.133750, 0.200468
0.133750, 0.200691
0.133750, 0.200612
0.133750, 0.200597
0.133750, 0.200613
0.133750, 0.200633
0.133750, 0.200600
0.133750, 0.200604
0.133750, 0.200640
0.133750, 0.200600
0.133750, 0.200627
0.133750, 0.200611
0.133750, 0.200614
0.133750, 0.200600
0.133750, 0.200617
0.133750, 0.200621
0.133750, 0.200623
0.133750, 0.200612
0.133750, 0.200619
0.133750, 0.200613

====================================================================
Flow ID: 391 | Shape: (30, 2)
Features: [Size/1600, IAT/0.1]
--------------------------------------------------------------------
0.133750, 0.000000
0.133750, 0.200594
0.133750, 0.200616
0.133750, 0.200624
0.133750, 0.200619
0.133750, 0.200608
0.133750, 0.200606
0.133750, 0.200623
0.133750, 0.200613
0.133750, 0.200605
0.133750, 0.200607
0.133750, 0.200606
0.133750, 0.200611
0.133750, 0.200608
0.133750, 0.200606
0.133750, 0.200612
0.133750, 0.200619
0.133750, 0.200617
0.133750, 0.200612
0.133750, 0.200603
0.133750, 0.200612
0.133750, 0.200587
0.133750, 0.200620
0.133750, 0.200572
0.133750, 0.200633
0.133750, 0.200612
0.133750, 0.200597
0.133750, 0.200738
0.133750, 0.200474
0.133750, 0.200606

====================================================================
Flow ID: 392 | Shape: (30, 2)
Features: [Size/1600, IAT/0.1]
--------------------------------------------------------------------
0.133750, 0.000000
0.133750, 0.200545
0.133750, 0.200616
0.133750, 0.200612
0.133750, 0.200598
0.133750, 0.200625
0.133750, 0.200609
0.133750, 0.200612
0.133750, 0.200601
0.133750, 0.200632
0.133750, 0.200724
0.133750, 0.200507
0.133750, 0.200613
0.133750, 0.200606
0.133750, 0.200610
0.133750, 0.200440
0.133750, 0.200730
0.133750, 0.200601
0.133750, 0.200614
0.133750, 0.200616
0.133750, 0.200613
0.133750, 0.200466
0.133750, 0.200695
0.133750, 0.200612
0.133750, 0.200619
0.133750, 0.200613
0.133750, 0.200614
0.133750, 0.200605
0.133750, 0.200609
0.133750, 0.200609

====================================================================
Flow ID: 394 | Shape: (30, 2)
Features: [Size/1600, IAT/0.1]
--------------------------------------------------------------------
0.133750, 0.000000
0.133750, 0.200605
0.133750, 0.200611
0.133750, 0.200611
0.133750, 0.200604
0.133750, 0.200638
0.133750, 0.200582
0.133750, 0.200618
0.133750, 0.200627
0.133750, 0.200591
0.133750, 0.200623
0.133750, 0.200612
0.133750, 0.200614
0.133750, 0.200612
0.133750, 0.200611
0.133750, 0.200605
0.133750, 0.200609
0.133750, 0.200608
0.133750, 0.200604
0.133750, 0.200684
0.133750, 0.200556
0.133750, 0.200593
0.133750, 0.200591
0.133750, 0.200612
0.133750, 0.200623
0.133750, 0.200618
0.133750, 0.200635
0.133750, 0.200585
0.133750, 0.200615
0.133750, 0.200615

====================================================================
Flow ID: 395 | Shape: (30, 2)
Features: [Size/1600, IAT/0.1]
--------------------------------------------------------------------
0.133750, 0.000000
0.133750, 0.200600
0.133750, 0.200584
0.133750, 0.200651
0.133750, 0.200598
0.133750, 0.200606
0.133750, 0.200615
0.133750, 0.200609
0.133750, 0.200594
0.133750, 0.200611
0.133750, 0.200594
0.133750, 0.200621
0.133750, 0.200600
0.133750, 0.200614
0.133750, 0.200596
0.133750, 0.200850
0.133750, 0.200600
0.133750, 0.200612
0.133750, 0.200605
0.133750, 0.200618
0.133750, 0.200602
0.133750, 0.200575
0.133750, 0.200685
0.133750, 0.201076
0.133750, 0.200287
0.133750, 0.200584
0.133750, 0.200610
0.133750, 0.200606
0.133750, 0.200600
0.133750, 0.200668

====================================================================
Flow ID: 396 | Shape: (30, 2)
Features: [Size/1600, IAT/0.1]
--------------------------------------------------------------------
0.133750, 0.000000
0.133750, 0.200610
0.133750, 0.200587
0.133750, 0.200650
0.133750, 0.200612
0.133750, 0.200604
0.133750, 0.200614
0.133750, 0.200632
0.133750, 0.200605
0.133750, 0.200609
0.133750, 0.200611
0.133750, 0.200597
0.133750, 0.200612
0.133750, 0.200608
0.133750, 0.200632
0.133750, 0.200594
0.133750, 0.200632
0.133750, 0.200587
0.133750, 0.200630
0.133750, 0.200503
0.133750, 0.200681
0.133750, 0.200697
0.133750, 0.200527
0.133750, 0.200604
0.133750, 0.200598
0.133750, 0.200618
0.133750, 0.200614
0.133750, 0.200682
0.133750, 0.200612
0.133750, 0.200632

====================================================================
Flow ID: 398 | Shape: (30, 2)
Features: [Size/1600, IAT/0.1]
--------------------------------------------------------------------
0.133750, 0.000000
0.133750, 0.200657
0.133750, 0.200636
0.133750, 0.200594
0.133750, 0.200613
0.133750, 0.200682
0.133750, 0.200537
0.133750, 0.200629
0.133750, 0.200609
0.133750, 0.200609
0.133750, 0.200616
0.133750, 0.200622
0.133750, 0.200604
0.133750, 0.200596
0.133750, 0.200617
0.133750, 0.200630
0.133750, 0.200611
0.133750, 0.200572
0.133750, 0.200651
0.133750, 0.200587
0.133750, 0.200615
0.133750, 0.200970
0.133750, 0.200211
0.133750, 0.200643
0.133750, 0.200601
0.133750, 0.200552
0.133750, 0.200641
0.133750, 0.200593
0.133750, 0.200609
0.133750, 0.200608

====================================================================
Flow ID: 404 | Shape: (30, 2)
Features: [Size/1600, IAT/0.1]
--------------------------------------------------------------------
0.133750, 0.000000
0.133750, 0.200601
0.133750, 0.200605
0.133750, 0.200604
0.133750, 0.200617
0.133750, 0.200602
0.133750, 0.200612
0.133750, 0.200611
0.133750, 0.200611
0.133750, 0.200632
0.133750, 0.200612
0.133750, 0.200603
0.133750, 0.200684
0.133750, 0.200538
0.133750, 0.200598
0.133750, 0.200604
0.133750, 0.200597
0.133750, 0.200598
0.133750, 0.200657
0.133750, 0.200610
0.133750, 0.200605
0.133750, 0.200810
0.133750, 0.200455
0.133750, 0.200572
0.133750, 0.200845
0.133750, 0.200366
0.133750, 0.200608
0.133750, 0.200606
0.133750, 0.200604
0.133750, 0.200638

====================================================================
Flow ID: 409 | Shape: (30, 2)
Features: [Size/1600, IAT/0.1]
--------------------------------------------------------------------
0.133750, 0.000000
0.133750, 0.200612
0.133750, 0.200596
0.133750, 0.200591
0.133750, 0.200621
0.133750, 0.200682
0.133750, 0.200541
0.133750, 0.200630
0.133750, 0.200606
0.133750, 0.200632
0.133750, 0.200615
0.133750, 0.200609
0.133750, 0.200724
0.133750, 0.200513
0.133750, 0.200604
0.133750, 0.200674
0.133750, 0.200539
0.133750, 0.200632
0.133750, 0.200610
0.133750, 0.200608
0.133750, 0.200628
0.133750, 0.200591
0.133750, 0.200608
0.133750, 0.200716
0.133750, 0.200513
0.133750, 0.200596
0.133750, 0.200618
0.133750, 0.200613
0.133750, 0.200609
0.133750, 0.200610

====================================================================
Flow ID: 410 | Shape: (30, 2)
Features: [Size/1600, IAT/0.1]
--------------------------------------------------------------------
0.133750, 0.000000
0.133750, 0.200592
0.133750, 0.200627
0.133750, 0.200612
0.133750, 0.200491
0.133750, 0.200666
0.133750, 0.200627
0.133750, 0.200607
0.133750, 0.200579
0.133750, 0.200767
0.133750, 0.200319
0.133750, 0.200597
0.133750, 0.200608
0.133750, 0.200598
0.133750, 0.200612
0.133750, 0.200381
0.133750, 0.200589
0.133750, 0.200629
0.133750, 0.200628
0.133750, 0.200620
0.133750, 0.200608
0.133750, 0.200623
0.133750, 0.200603
0.133750, 0.200602
0.133750, 0.200604
0.133750, 0.200615
0.133750, 0.200599
0.133750, 0.200599
0.133750, 0.200649
0.133750, 0.200605

====================================================================
Flow ID: 411 | Shape: (30, 2)
Features: [Size/1600, IAT/0.1]
--------------------------------------------------------------------
0.133750, 0.000000
0.133750, 0.200606
0.133750, 0.200583
0.133750, 0.200610
0.133750, 0.200603
0.133750, 0.200591
0.133750, 0.200593
0.133750, 0.200653
0.133750, 0.200632
0.133750, 0.200547
0.133750, 0.200606
0.133750, 0.200604
0.133750, 0.200607
0.133750, 0.200658
0.133750, 0.200572
0.133750, 0.200610
0.133750, 0.200597
0.133750, 0.200612
0.133750, 0.200597
0.133750, 0.200622
0.133750, 0.200618
0.133750, 0.200656
0.133750, 0.200601
0.133750, 0.200605
0.133750, 0.200609
0.133750, 0.200605
0.133750, 0.200587
0.133750, 0.200628
0.133750, 0.200614
0.133750, 0.200613

====================================================================
Flow ID: 417 | Shape: (30, 2)
Features: [Size/1600, IAT/0.1]
--------------------------------------------------------------------
0.133750, 0.000000
0.133750, 0.200609
0.133750, 0.200590
0.133750, 0.200470
0.133750, 0.200558
0.133750, 0.200626
0.133750, 0.200628
0.133750, 0.200598
0.133750, 0.200600
0.133750, 0.200665
0.133750, 0.200593
0.133750, 0.200614
0.133750, 0.200610
0.133750, 0.200609
0.133750, 0.200607
0.133750, 0.200598
0.133750, 0.200617
0.133750, 0.200606
0.133750, 0.200808
0.133750, 0.200337
0.133750, 0.200596
0.133750, 0.200603
0.133750, 0.200614
0.133750, 0.200615
0.133750, 0.200600
0.133750, 0.200586
0.133750, 0.200619
0.133750, 0.200612
0.133750, 0.200671
0.133750, 0.200595

====================================================================
Flow ID: 419 | Shape: (30, 2)
Features: [Size/1600, IAT/0.1]
--------------------------------------------------------------------
0.133750, 0.000000
0.133750, 0.200605
0.133750, 0.200589
0.133750, 0.200618
0.133750, 0.200592
0.133750, 0.200627
0.133750, 0.200574
0.133750, 0.200597
0.133750, 0.200595
0.133750, 0.200604
0.133750, 0.200596
0.133750, 0.200606
0.133750, 0.200601
0.133750, 0.200628
0.133750, 0.200619
0.133750, 0.200590
0.133750, 0.200611
0.133750, 0.200604
0.133750, 0.200605
0.133750, 0.200621
0.133750, 0.200607
0.133750, 0.200599
0.133750, 0.200603
0.133750, 0.200605
0.133750, 0.200604
0.133750, 0.200611
0.133750, 0.200598
0.133750, 0.200659
0.133750, 0.200547
0.133750, 0.200670

====================================================================
Flow ID: 421 | Shape: (30, 2)
Features: [Size/1600, IAT/0.1]
--------------------------------------------------------------------
0.133750, 0.000000
0.133750, 0.200601
0.133750, 0.200592
0.133750, 0.200592
0.133750, 0.200607
0.133750, 0.200617
0.133750, 0.200606
0.133750, 0.200617
0.133750, 0.200608
0.133750, 0.200615
0.133750, 0.200607
0.133750, 0.200594
0.133750, 0.200692
0.133750, 0.200576
0.133750, 0.200599
0.133750, 0.200605
0.133750, 0.200614
0.133750, 0.200608
0.133750, 0.200598
0.133750, 0.200623
0.133750, 0.200607
0.133750, 0.200611
0.133750, 0.200599
0.133750, 0.200637
0.133750, 0.200612
0.133750, 0.200617
0.133750, 0.200584
0.133750, 0.200618
0.133750, 0.200614
0.133750, 0.200683

====================================================================
Flow ID: 428 | Shape: (30, 2)
Features: [Size/1600, IAT/0.1]
--------------------------------------------------------------------
0.133750, 0.000000
0.133750, 0.200610
0.133750, 0.200603
0.133750, 0.200595
0.133750, 0.200620
0.133750, 0.200618
0.133750, 0.200606
0.133750, 0.200606
0.133750, 0.200606
0.133750, 0.200620
0.133750, 0.200608
0.133750, 0.200765
0.133750, 0.200477
0.133750, 0.200609
0.133750, 0.200598
0.133750, 0.200628
0.133750, 0.200617
0.133750, 0.200635
0.133750, 0.200588
0.133750, 0.200624
0.133750, 0.200586
0.133750, 0.200620
0.133750, 0.200600
0.133750, 0.200607
0.133750, 0.200602
0.133750, 0.200621
0.133750, 0.200590
0.133750, 0.200605
0.133750, 0.200620
0.133750, 0.200612

====================================================================
Flow ID: 435 | Shape: (30, 2)
Features: [Size/1600, IAT/0.1]
--------------------------------------------------------------------
0.133750, 0.000000
0.133750, 0.200610
0.133750, 0.200586
0.133750, 0.200597
0.133750, 0.200626
0.133750, 0.200602
0.133750, 0.200630
0.133750, 0.200604
0.133750, 0.200410
0.133750, 0.200677
0.133750, 0.200541
0.133750, 0.200609
0.133750, 0.200475
0.133750, 0.200700
0.133750, 0.200625
0.133750, 0.200592
0.133750, 0.200612
0.133750, 0.200634
0.133750, 0.200578
0.133750, 0.200612
0.133750, 0.200625
0.133750, 0.200608
0.133750, 0.200605
0.133750, 0.200598
0.133750, 0.200611
0.133750, 0.200618
0.133750, 0.200610
0.133750, 0.200611
0.133750, 0.200618
0.133750, 0.200609

====================================================================
Flow ID: 441 | Shape: (30, 2)
Features: [Size/1600, IAT/0.1]
--------------------------------------------------------------------
0.133750, 0.000000
0.133750, 0.200595
0.133750, 0.200603
0.133750, 0.200594
0.133750, 0.200597
0.133750, 0.200951
0.133750, 0.200257
0.133750, 0.200606
0.133750, 0.200616
0.133750, 0.200623
0.133750, 0.200603
0.133750, 0.200605
0.133750, 0.200610
0.133750, 0.200596
0.133750, 0.200614
0.133750, 0.200620
0.133750, 0.200609
0.133750, 0.200610
0.133750, 0.200611
0.133750, 0.200693
0.133750, 0.200527
0.133750, 0.200594
0.133750, 0.200613
0.133750, 0.200609
0.133750, 0.200610
0.133750, 0.200610
0.133750, 0.200609
0.133750, 0.200613
0.133750, 0.200604
0.133750, 0.200596

====================================================================
Flow ID: 449 | Shape: (30, 2)
Features: [Size/1600, IAT/0.1]
--------------------------------------------------------------------
0.133750, 0.000000
0.133750, 0.200604
0.133750, 0.200460
0.133750, 0.200602
0.133750, 0.200614
0.133750, 0.200615
0.133750, 0.200611
0.133750, 0.200591
0.133750, 0.200636
0.133750, 0.200611
0.133750, 0.200609
0.133750, 0.200594
0.133750, 0.200635
0.133750, 0.200602
0.133750, 0.200620
0.133750, 0.201139
0.133750, 0.200272
0.133750, 0.200584
0.133750, 0.200636
0.133750, 0.200642
0.133750, 0.200598
0.133750, 0.200621
0.133750, 0.200608
0.133750, 0.200617
0.133750, 0.200617
0.133750, 0.200615
0.133750, 0.200637
0.133750, 0.200615
0.133750, 0.200626
0.133750, 0.200630

====================================================================
Flow ID: 450 | Shape: (30, 2)
Features: [Size/1600, IAT/0.1]
--------------------------------------------------------------------
0.133750, 0.000000
0.133750, 0.200602
0.133750, 0.200586
0.133750, 0.200619
0.133750, 0.200629
0.133750, 0.200590
0.133750, 0.200627
0.133750, 0.200591
0.133750, 0.200625
0.133750, 0.200639
0.133750, 0.200599
0.133750, 0.200608
0.133750, 0.200640
0.133750, 0.200610
0.133750, 0.200675
0.133750, 0.200543
0.133750, 0.200922
0.133750, 0.200331
0.133750, 0.200602
0.133750, 0.200627
0.133750, 0.200635
0.133750, 0.200595
0.133750, 0.200598
0.133750, 0.200613
0.133750, 0.200664
0.133750, 0.200633
0.133750, 0.200648
0.133750, 0.200610
0.133750, 0.200597
0.133750, 0.200629

====================================================================
Flow ID: 453 | Shape: (30, 2)
Features: [Size/1600, IAT/0.1]
--------------------------------------------------------------------
0.133750, 0.000000
0.133750, 0.200625
0.133750, 0.200616
0.133750, 0.200612
0.133750, 0.200633
0.133750, 0.200613
0.133750, 0.200668
0.133750, 0.200606
0.133750, 0.200615
0.133750, 0.200613
0.133750, 0.200617
0.133750, 0.200616
0.133750, 0.200624
0.133750, 0.200637
0.133750, 0.200570
0.133750, 0.200599
0.133750, 0.200619
0.133750, 0.200631
0.133750, 0.200607
0.133750, 0.200617
0.133750, 0.200600
0.133750, 0.200615
0.133750, 0.200588
0.133750, 0.200661
0.133750, 0.200594
0.133750, 0.200628
0.133750, 0.200593
0.133750, 0.200626
0.133750, 0.200624
0.133750, 0.200600

====================================================================
Flow ID: 454 | Shape: (30, 2)
Features: [Size/1600, IAT/0.1]
--------------------------------------------------------------------
0.133750, 0.000000
0.133750, 0.200615
0.133750, 0.200626
0.133750, 0.200612
0.133750, 0.200621
0.133750, 0.200624
0.133750, 0.200629
0.133750, 0.200621
0.133750, 0.200656
0.133750, 0.200606
0.133750, 0.200627
0.133750, 0.200635
0.133750, 0.200711
0.133750, 0.200527
0.133750, 0.200618
0.133750, 0.200662
0.133750, 0.200607
0.133750, 0.200602
0.133750, 0.200625
0.133750, 0.200639
0.133750, 0.200626
0.133750, 0.200599
0.133750, 0.200617
0.133750, 0.200641
0.133750, 0.200612
0.133750, 0.200595
0.133750, 0.200613
0.133750, 0.200632
0.133750, 0.200602
0.133750, 0.200610

====================================================================
Flow ID: 458 | Shape: (30, 2)
Features: [Size/1600, IAT/0.1]
--------------------------------------------------------------------
0.133750, 0.000000
0.133750, 0.200595
0.133750, 0.200624
0.133750, 0.200595
0.133750, 0.200620
0.133750, 0.200590
0.133750, 0.200616
0.133750, 0.200593
0.133750, 0.200628
0.133750, 0.200592
0.133750, 0.200622
0.133750, 0.200598
0.133750, 0.200630
0.133750, 0.200409
0.133750, 0.200601
0.133750, 0.200619
0.133750, 0.200606
0.133750, 0.200594
0.133750, 0.200604
0.133750, 0.200618
0.133750, 0.200629
0.133750, 0.200618
0.133750, 0.200589
0.133750, 0.200590
0.133750, 0.200617
0.133750, 0.200659
0.133750, 0.200533
0.133750, 0.200596
0.133750, 0.200616
0.133750, 0.200861

====================================================================
Flow ID: 459 | Shape: (30, 2)
Features: [Size/1600, IAT/0.1]
--------------------------------------------------------------------
0.133750, 0.000000
0.133750, 0.200593
0.133750, 0.200622
0.133750, 0.200614
0.133750, 0.200631
0.133750, 0.200614
0.133750, 0.200597
0.133750, 0.200612
0.133750, 0.200613
0.133750, 0.200603
0.133750, 0.200615
0.133750, 0.200617
0.133750, 0.200630
0.133750, 0.200594
0.133750, 0.200620
0.133750, 0.200637
0.133750, 0.200633
0.133750, 0.200587
0.133750, 0.200604
0.133750, 0.200615
0.133750, 0.200621
0.133750, 0.200606
0.133750, 0.200612
0.133750, 0.200614
0.133750, 0.200627
0.133750, 0.200588
0.133750, 0.200607
0.133750, 0.200629
0.133750, 0.200591
0.133750, 0.200595

====================================================================
Flow ID: 463 | Shape: (30, 2)
Features: [Size/1600, IAT/0.1]
--------------------------------------------------------------------
0.133750, 0.000000
0.133750, 0.200606
0.133750, 0.200616
0.133750, 0.200628
0.133750, 0.200604
0.133750, 0.200729
0.133750, 0.200411
0.133750, 0.200599
0.133750, 0.200600
0.133750, 0.200762
0.133750, 0.200558
0.133750, 0.200634
0.133750, 0.200634
0.133750, 0.200632
0.133750, 0.200594
0.133750, 0.200742
0.133750, 0.200501
0.133750, 0.200596
0.133750, 0.200661
0.133750, 0.200755
0.133750, 0.200460
0.133750, 0.200609
0.133750, 0.200616
0.133750, 0.200608
0.133750, 0.200627
0.133750, 0.200628
0.133750, 0.200601
0.133750, 0.200660
0.133750, 0.200581
0.133750, 0.200618

====================================================================
Flow ID: 465 | Shape: (30, 2)
Features: [Size/1600, IAT/0.1]
--------------------------------------------------------------------
0.133750, 0.000000
0.133750, 0.200620
0.133750, 0.200953
0.133750, 0.200292
0.133750, 0.200580
0.133750, 0.200618
0.133750, 0.200610
0.133750, 0.200717
0.133750, 0.200484
0.133750, 0.200619
0.133750, 0.200542
0.133750, 0.200693
0.133750, 0.200605
0.133750, 0.200635
0.133750, 0.200642
0.133750, 0.200591
0.133750, 0.200792
0.133750, 0.200509
0.133750, 0.200616
0.133750, 0.200598
0.133750, 0.200632
0.133750, 0.200631
0.133750, 0.200640
0.133750, 0.200584
0.133750, 0.200629
0.133750, 0.200602
0.133750, 0.200631
0.133750, 0.200615
0.133750, 0.200634
0.133750, 0.200658

====================================================================
Flow ID: 469 | Shape: (30, 2)
Features: [Size/1600, IAT/0.1]
--------------------------------------------------------------------
0.133750, 0.000000
0.133750, 0.200608
0.133750, 0.200599
0.133750, 0.200611
0.133750, 0.200618
0.133750, 0.200609
0.133750, 0.200613
0.133750, 0.200633
0.133750, 0.200872
0.133750, 0.200635
0.133750, 0.200621
0.133750, 0.200605
0.133750, 0.200659
0.133750, 0.200613
0.133750, 0.200611
0.133750, 0.200718
0.133750, 0.200494
0.133750, 0.200620
0.133750, 0.200622
0.133750, 0.200648
0.133750, 0.200614
0.133750, 0.200609
0.133750, 0.200635
0.133750, 0.200634
0.133750, 0.200556
0.133750, 0.200628
0.133750, 0.200599
0.133750, 0.200621
0.133750, 0.200693
0.133750, 0.200534

====================================================================
Flow ID: 474 | Shape: (30, 2)
Features: [Size/1600, IAT/0.1]
--------------------------------------------------------------------
0.133750, 0.000000
0.133750, 0.200636
0.133750, 0.200589
0.133750, 0.200622
0.133750, 0.200636
0.133750, 0.200624
0.133750, 0.200598
0.133750, 0.200639
0.133750, 0.200610
0.133750, 0.200620
0.133750, 0.200593
0.133750, 0.200607
0.133750, 0.200627
0.133750, 0.200600
0.133750, 0.200629
0.133750, 0.200703
0.133750, 0.200542
0.133750, 0.200633
0.133750, 0.200601
0.133750, 0.200601
0.133750, 0.200620
0.133750, 0.200613
0.133750, 0.200612
0.133750, 0.200608
0.133750, 0.200610
0.133750, 0.200620
0.133750, 0.200617
0.133750, 0.200618
0.133750, 0.200635
0.133750, 0.200629

====================================================================
Flow ID: 476 | Shape: (30, 2)
Features: [Size/1600, IAT/0.1]
--------------------------------------------------------------------
0.133750, 0.000000
0.133750, 0.200368
0.133750, 0.200617
0.133750, 0.200616
0.133750, 0.200610
0.133750, 0.200633
0.133750, 0.200630
0.133750, 0.200619
0.133750, 0.200610
0.133750, 0.200622
0.133750, 0.200640
0.133750, 0.200606
0.133750, 0.200627
0.133750, 0.200627
0.133750, 0.200598
0.133750, 0.200644
0.133750, 0.200201
0.133750, 0.200639
0.133750, 0.201219
0.133750, 0.200589
0.133750, 0.200612
0.133750, 0.200622
0.133750, 0.200628
0.133750, 0.200626
0.133750, 0.200636
0.133750, 0.200597
0.133750, 0.200625
0.133750, 0.200589
0.133750, 0.200624
0.133750, 0.200624

====================================================================
Flow ID: 477 | Shape: (30, 2)
Features: [Size/1600, IAT/0.1]
--------------------------------------------------------------------
0.133750, 0.000000
0.133750, 0.200623
0.133750, 0.200604
0.133750, 0.200598
0.133750, 0.200630
0.133750, 0.200612
0.133750, 0.200636
0.133750, 0.200854
0.133750, 0.200292
0.133750, 0.200582
0.133750, 0.200636
0.133750, 0.200593
0.133750, 0.200625
0.133750, 0.200597
0.133750, 0.200630
0.133750, 0.200598
0.133750, 0.200591
0.133750, 0.200621
0.133750, 0.200604
0.133750, 0.200595
0.133750, 0.200644
0.133750, 0.200583
0.133750, 0.200618
0.133750, 0.200593
0.133750, 0.200654
0.133750, 0.200687
0.133750, 0.200526
0.133750, 0.200598
0.133750, 0.200649
0.133750, 0.200562

====================================================================
Flow ID: 478 | Shape: (30, 2)
Features: [Size/1600, IAT/0.1]
--------------------------------------------------------------------
0.133750, 0.000000
0.133750, 0.200624
0.133750, 0.200594
0.133750, 0.200774
0.133750, 0.200624
0.133750, 0.200615
0.133750, 0.200597
0.133750, 0.200594
0.133750, 0.200611
0.133750, 0.200612
0.133750, 0.200633
0.133750, 0.200608
0.133750, 0.200605
0.133750, 0.200604
0.133750, 0.200728
0.133750, 0.200546
0.133750, 0.200611
0.133750, 0.200598
0.133750, 0.200613
0.133750, 0.200624
0.133750, 0.200640
0.133750, 0.200599
0.133750, 0.200642
0.133750, 0.200612
0.133750, 0.200620
0.133750, 0.200606
0.133750, 0.200631
0.133750, 0.200604
0.133750, 0.200615
0.133750, 0.200861

====================================================================
Flow ID: 483 | Shape: (30, 2)
Features: [Size/1600, IAT/0.1]
--------------------------------------------------------------------
0.133750, 0.000000
0.133750, 0.200607
0.133750, 0.200594
0.133750, 0.200612
0.133750, 0.200621
0.133750, 0.200612
0.133750, 0.200615
0.133750, 0.200634
0.133750, 0.200634
0.133750, 0.200632
0.133750, 0.200591
0.133750, 0.200626
0.133750, 0.200630
0.133750, 0.200627
0.133750, 0.200618
0.133750, 0.200613
0.133750, 0.200624
0.133750, 0.200615
0.133750, 0.200597
0.133750, 0.200340
0.133750, 0.200598
0.133750, 0.200603
0.133750, 0.200602
0.133750, 0.200628
0.133750, 0.200641
0.133750, 0.200580
0.133750, 0.200600
0.133750, 0.200633
0.133750, 0.200618
0.133750, 0.200622

====================================================================
Flow ID: 489 | Shape: (30, 2)
Features: [Size/1600, IAT/0.1]
--------------------------------------------------------------------
0.133750, 0.000000
0.133750, 0.200508
0.133750, 0.200605
0.133750, 0.200602
0.133750, 0.200608
0.133750, 0.200609
0.133750, 0.200592
0.133750, 0.200628
0.133750, 0.200642
0.133750, 0.200584
0.133750, 0.200622
0.133750, 0.200587
0.133750, 0.200611
0.133750, 0.200617
0.133750, 0.200607
0.133750, 0.200634
0.133750, 0.200602
0.133750, 0.200622
0.133750, 0.200603
0.133750, 0.200617
0.133750, 0.200622
0.133750, 0.200618
0.133750, 0.200623
0.133750, 0.200567
0.133750, 0.200603
0.133750, 0.200623
0.133750, 0.200605
0.133750, 0.200610
0.133750, 0.200627
0.133750, 0.200600

====================================================================
Flow ID: 491 | Shape: (30, 2)
Features: [Size/1600, IAT/0.1]
--------------------------------------------------------------------
0.133750, 0.000000
0.133750, 0.200588
0.133750, 0.200605
0.133750, 0.200617
0.133750, 0.200603
0.133750, 0.200605
0.133750, 0.200609
0.133750, 0.200590
0.133750, 0.200622
0.133750, 0.200605
0.133750, 0.200610
0.133750, 0.200598
0.133750, 0.200488
0.133750, 0.200696
0.133750, 0.200580
0.133750, 0.200891
0.133750, 0.200314
0.133750, 0.200610
0.133750, 0.200615
0.133750, 0.200612
0.133750, 0.200620
0.133750, 0.200606
0.133750, 0.200631
0.133750, 0.200600
0.133750, 0.200620
0.133750, 0.200599
0.133750, 0.200609
0.133750, 0.200610
0.133750, 0.200645
0.133750, 0.200602

====================================================================
Flow ID: 492 | Shape: (30, 2)
Features: [Size/1600, IAT/0.1]
--------------------------------------------------------------------
0.133750, 0.000000
0.133750, 0.200604
0.133750, 0.200591
0.133750, 0.200604
0.133750, 0.200621
0.133750, 0.200608
0.133750, 0.200591
0.133750, 0.200616
0.133750, 0.200469
0.133750, 0.200699
0.133750, 0.200617
0.133750, 0.200636
0.133750, 0.200597
0.133750, 0.200617
0.133750, 0.200606
0.133750, 0.200606
0.133750, 0.200623
0.133750, 0.200914
0.133750, 0.200603
0.133750, 0.200619
0.133750, 0.200604
0.133750, 0.200675
0.133750, 0.200584
0.133750, 0.200651
0.133750, 0.200574
0.133750, 0.200620
0.133750, 0.200594
0.133750, 0.200619
0.133750, 0.200671
0.133750, 0.200551

====================================================================
Flow ID: 493 | Shape: (30, 2)
Features: [Size/1600, IAT/0.1]
--------------------------------------------------------------------
0.133750, 0.000000
0.133750, 0.200603
0.133750, 0.200606
0.133750, 0.200606
0.133750, 0.200604
0.133750, 0.200626
0.133750, 0.200783
0.133750, 0.200423
0.133750, 0.200606
0.133750, 0.200591
0.133750, 0.200603
0.133750, 0.200598
0.133750, 0.200597
0.133750, 0.200609
0.133750, 0.200589
0.133750, 0.200616
0.133750, 0.200607
0.133750, 0.200592
0.133750, 0.200835
0.133750, 0.200627
0.133750, 0.200634
0.133750, 0.200596
0.133750, 0.200603
0.133750, 0.200607
0.133750, 0.200606
0.133750, 0.200611
0.133750, 0.200615
0.133750, 0.200610
0.133750, 0.200607
0.133750, 0.200604

====================================================================
Flow ID: 494 | Shape: (30, 2)
Features: [Size/1600, IAT/0.1]
--------------------------------------------------------------------
0.133750, 0.000000
0.133750, 0.200665
0.133750, 0.200598
0.133750, 0.200588
0.133750, 0.200601
0.133750, 0.200655
0.133750, 0.200601
0.133750, 0.200592
0.133750, 0.200614
0.133750, 0.200611
0.133750, 0.200598
0.133750, 0.200703
0.133750, 0.200574
0.133750, 0.200594
0.133750, 0.200607
0.133750, 0.200612
0.133750, 0.200596
0.133750, 0.200624
0.133750, 0.200617
0.133750, 0.200584
0.133750, 0.200649
0.133750, 0.200580
0.133750, 0.200294
0.133750, 0.200615
0.133750, 0.200611
0.133750, 0.200611
0.133750, 0.200787
0.133750, 0.200472
0.133750, 0.200642
0.133750, 0.200572

====================================================================
Flow ID: 496 | Shape: (30, 2)
Features: [Size/1600, IAT/0.1]
--------------------------------------------------------------------
0.133750, 0.000000
0.133750, 0.200594
0.133750, 0.200593
0.133750, 0.200609
0.133750, 0.200419
0.133750, 0.200710
0.133750, 0.200616
0.133750, 0.200606
0.133750, 0.200596
0.133750, 0.200601
0.133750, 0.200625
0.133750, 0.200862
0.133750, 0.200621
0.133750, 0.200604
0.133750, 0.200604
0.133750, 0.200616
0.133750, 0.200617
0.133750, 0.200612
0.133750, 0.200612
0.133750, 0.200642
0.133750, 0.200538
0.133750, 0.200606
0.133750, 0.200603
0.133750, 0.200600
0.133750, 0.200606
0.133750, 0.200621
0.133750, 0.200595
0.133750, 0.200850
0.133750, 0.200611
0.133750, 0.200619

====================================================================
Flow ID: 505 | Shape: (30, 2)
Features: [Size/1600, IAT/0.1]
--------------------------------------------------------------------
0.133750, 0.000000
0.133750, 0.200588
0.133750, 0.200617
0.133750, 0.200604
0.133750, 0.200595
0.133750, 0.200607
0.133750, 0.200613
0.133750, 0.200631
0.133750, 0.200585
0.133750, 0.200613
0.133750, 0.200623
0.133750, 0.200649
0.133750, 0.200606
0.133750, 0.200605
0.133750, 0.200620
0.133750, 0.200597
0.133750, 0.200584
0.133750, 0.200606
0.133750, 0.200597
0.133750, 0.200614
0.133750, 0.200613
0.133750, 0.200626
0.133750, 0.200592
0.133750, 0.200605
0.133750, 0.200642
0.133750, 0.200567
0.133750, 0.200602
0.133750, 0.200626
0.133750, 0.200695
0.133750, 0.200521

====================================================================
Flow ID: 507 | Shape: (30, 2)
Features: [Size/1600, IAT/0.1]
--------------------------------------------------------------------
0.133750, 0.000000
0.133750, 0.200588
0.133750, 0.200596
0.133750, 0.200602
0.133750, 0.200607
0.133750, 0.200609
0.133750, 0.200607
0.133750, 0.200609
0.133750, 0.200623
0.133750, 0.200600
0.133750, 0.200599
0.133750, 0.200619
0.133750, 0.200622
0.133750, 0.200588
0.133750, 0.200622
0.133750, 0.200607
0.133750, 0.200642
0.133750, 0.200594
0.133750, 0.200602
0.133750, 0.200618
0.133750, 0.200609
0.133750, 0.200612
0.133750, 0.200585
0.133750, 0.200610
0.133750, 0.200610
0.133750, 0.200645
0.133750, 0.200562
0.133750, 0.200622
0.133750, 0.200618
0.133750, 0.200620

====================================================================
Flow ID: 509 | Shape: (30, 2)
Features: [Size/1600, IAT/0.1]
--------------------------------------------------------------------
0.133750, 0.000000
0.133750, 0.200604
0.133750, 0.200605
0.133750, 0.200600
0.133750, 0.200609
0.133750, 0.200608
0.133750, 0.200603
0.133750, 0.200624
0.133750, 0.200602
0.133750, 0.200622
0.133750, 0.200615
0.133750, 0.200648
0.133750, 0.200577
0.133750, 0.200597
0.133750, 0.200586
0.133750, 0.200718
0.133750, 0.200519
0.133750, 0.200615
0.133750, 0.200590
0.133750, 0.200636
0.133750, 0.200613
0.133750, 0.200999
0.133750, 0.200203
0.133750, 0.200622
0.133750, 0.200618
0.133750, 0.200605
0.133750, 0.200596
0.133750, 0.200614
0.133750, 0.200630
0.133750, 0.200595
