
====================================================================
Flow ID: 258 | Shape: (30, 2)
Features: [Size/1600, IAT/0.1]
--------------------------------------------------------------------
0.056250, 0.000000
0.049375, 0.420719
0.051875, 0.417154
0.042500, 0.418073
0.062500, 0.417018
0.057500, 0.418455
0.053125, 0.417661
0.055625, 0.418678
0.044375, 0.415014
0.039375, 0.419088
0.050625, 0.416915
0.059375, 0.416689
0.048750, 0.417782
0.046250, 0.415786
0.060000, 0.418750
0.050000, 0.421037
0.058750, 0.412974
0.046875, 0.404789
0.056250, 0.368982
0.057500, 0.418890
0.044375, 0.410355
0.056875, 0.418575
0.043125, 0.417080
0.055625, 0.421421
0.053125, 0.417325
0.044375, 0.424763
0.056250, 0.418155
0.054375, 0.416034
0.044375, 0.417752
0.056250, 0.416556

====================================================================
Flow ID: 261 | Shape: (30, 2)
Features: [Size/1600, IAT/0.1]
--------------------------------------------------------------------
0.049375, 0.000000
0.058125, 0.417486
0.055000, 0.410592
0.048125, 0.418528
0.042500, 0.416461
0.059375, 0.417259
0.056250, 0.420924
0.052500, 0.473689
0.058750, 0.417840
0.046875, 0.416996
0.058750, 0.468086
0.053125, 0.415951
0.056875, 0.412908
0.047500, 0.414503
0.055625, 0.417840
0.047500, 0.414999
0.045000, 0.417860
0.047500, 0.417993
0.044375, 0.224509
0.056875, 0.416220
0.056250, 0.442592
0.055000, 0.407397
0.061875, 0.422575
0.042500, 0.413421
0.056875, 0.429693
0.057500, 0.422184
0.055625, 0.416321
0.049375, 0.417780
0.049375, 0.420728
0.043125, 0.424366

====================================================================
Flow ID: 269 | Shape: (30, 2)
Features: [Size/1600, IAT/0.1]
--------------------------------------------------------------------
0.045625, 0.000000
0.056875, 0.418392
0.055625, 0.416970
0.051250, 0.411061
0.051250, 0.407310
0.058750, 0.417804
0.053750, 0.418541
0.058125, 0.490415
0.058125, 0.415428
0.055625, 0.417316
0.059375, 0.417371
0.055625, 0.418327
0.050625, 0.422866
0.059375, 0.419169
0.055000, 0.416931
0.056250, 0.422503
0.060000, 0.416889
0.057500, 0.420941
0.051250, 0.417692
0.053750, 0.431932
0.057500, 0.423751
0.058125, 0.375029
0.046250, 0.418054
0.050625, 0.418061
0.059375, 0.418302
0.050625, 0.418043
0.046250, 0.419140
0.046875, 0.416408
0.052500, 0.417988
0.055000, 0.415125

====================================================================
Flow ID: 270 | Shape: (30, 2)
Features: [Size/1600, IAT/0.1]
--------------------------------------------------------------------
0.055625, 0.000000
0.048125, 0.412720
0.058125, 0.415076
0.055625, 0.413167
0.053750, 0.420661
0.058125, 0.417910
0.050000, 0.417372
0.051875, 0.417597
0.045625, 0.424975
0.045000, 0.417740
0.055000, 0.417929
0.047500, 0.420195
0.052500, 0.417058
0.055000, 0.418478
0.055625, 0.417232
0.058125, 0.427523
0.051875, 0.260921
0.058750, 0.417012
0.056250, 0.417249
0.044375, 0.419131
0.060625, 0.418808
0.055625, 0.421201
0.048750, 0.498966
0.051250, 0.417029
0.058125, 0.418524
0.058125, 0.418196
0.050000, 0.417130
0.048125, 0.426653
0.062500, 0.418012
0.060000, 0.417631

====================================================================
Flow ID: 272 | Shape: (30, 2)
Features: [Size/1600, IAT/0.1]
--------------------------------------------------------------------
0.046250, 0.000000
0.045625, 0.417236
0.060000, 1.000000
0.054375, 0.421881
0.048125, 0.410862
0.052500, 0.416745
0.050625, 0.411956
0.055000, 0.418079
0.056250, 0.421325
0.053750, 0.418761
0.056250, 0.407155
0.051250, 0.451988
0.046875, 0.417482
0.056875, 0.415863
0.058125, 0.417380
0.056875, 0.416208
0.059375, 0.417925
0.047500, 0.419046
0.056250, 0.409555
0.043125, 0.415049
0.058750, 0.418375
0.056875, 0.415236
0.058125, 0.416664
0.040625, 0.414499
0.053125, 0.417690
0.060625, 0.418577
0.048750, 0.417654
0.054375, 0.424142
0.056250, 0.417799
0.050000, 0.417617

====================================================================
Flow ID: 274 | Shape: (30, 2)
Features: [Size/1600, IAT/0.1]
--------------------------------------------------------------------
0.053750, 0.000000
0.054375, 0.420820
0.058125, 1.000000
0.056875, 0.421079
0.054375, 0.416218
0.058750, 0.421429
0.057500, 0.416621
0.050000, 0.417609
0.056250, 0.421533
0.049375, 0.418385
0.060000, 0.418875
0.057500, 0.417979
0.054375, 0.412883
0.060625, 0.417697
0.046875, 0.417987
0.058125, 0.416689
0.062500, 0.419321
0.053125, 0.438610
0.053750, 1.000000
0.058125, 0.308342
0.058750, 0.417240
0.055625, 0.417797
0.055000, 0.416915
0.055000, 0.415231
0.056875, 0.418078
0.057500, 0.417998
0.050625, 0.416684
0.054375, 0.418641
0.057500, 0.423051
0.059375, 0.427825

====================================================================
Flow ID: 275 | Shape: (30, 2)
Features: [Size/1600, IAT/0.1]
--------------------------------------------------------------------
0.053750, 0.000000
0.060000, 0.416511
0.058125, 0.414782
0.055000, 0.436796
0.056875, 0.413730
0.056875, 0.424430
0.050000, 0.422738
0.058750, 0.417639
0.044375, 0.418165
0.046875, 0.418318
0.056875, 0.381179
0.058125, 0.415831
0.050625, 0.417653
0.058125, 0.462322
0.042500, 0.414054
0.056250, 0.437144
0.055000, 0.417635
0.058750, 0.432189
0.057500, 0.421701
0.048125, 0.418269
0.048750, 0.417401
0.050000, 0.417792
0.060625, 0.415747
0.049375, 0.418797
0.052500, 0.424341
0.048750, 0.417650
0.048125, 0.417881
0.055625, 0.480659
0.056875, 0.417588
0.057500, 0.664607

====================================================================
Flow ID: 276 | Shape: (30, 2)
Features: [Size/1600, IAT/0.1]
--------------------------------------------------------------------
0.048750, 0.000000
0.049375, 0.417981
0.056875, 0.417185
0.062500, 0.466048
0.058750, 0.407712
0.047500, 0.312435
0.050000, 0.420296
0.055000, 0.418671
0.041875, 0.418469
0.053750, 0.391371
0.056250, 0.420823
0.060000, 0.412684
0.043750, 0.419273
0.056875, 0.420530
0.056250, 0.415285
0.050625, 0.387277
0.058125, 0.407502
0.053125, 0.418006
0.056250, 0.420361
0.051875, 0.419053
0.060000, 0.403527
0.055000, 0.409653
0.048750, 0.418544
0.055625, 0.417111
0.056875, 0.385649
0.050000, 0.419398
0.058125, 0.417432
0.056250, 0.465115
0.059375, 0.420478
0.048125, 0.417263

====================================================================
Flow ID: 277 | Shape: (30, 2)
Features: [Size/1600, IAT/0.1]
--------------------------------------------------------------------
0.050625, 0.000000
0.056875, 0.418376
0.058750, 0.418124
0.058750, 0.418071
0.056250, 0.421113
0.060000, 0.418995
0.058750, 0.418274
0.056250, 0.405819
0.046875, 0.417508
0.056250, 0.417444
0.047500, 0.410768
0.057500, 0.417344
0.058125, 0.425483
0.056875, 0.420275
0.055625, 0.417381
0.054375, 0.417960
0.054375, 0.420818
0.056875, 0.417477
0.058750, 0.415594
0.043750, 0.427466
0.051875, 0.428851
0.050625, 0.417506
0.045000, 0.416900
0.047500, 0.414107
0.049375, 0.417475
0.044375, 0.416002
0.054375, 0.419250
0.046250, 0.416449
0.054375, 0.417203
0.056875, 0.417665

====================================================================
Flow ID: 280 | Shape: (30, 2)
Features: [Size/1600, IAT/0.1]
--------------------------------------------------------------------
0.054375, 0.000000
0.058125, 0.417638
0.060625, 0.415897
0.056875, 0.429554
0.058750, 0.418207
0.058125, 0.418448
0.060000, 0.417670
0.056250, 0.420795
0.056250, 0.420102
0.051250, 0.417266
0.052500, 0.417320
0.053750, 0.416434
0.045625, 0.417826
0.057500, 0.419574
0.052500, 0.416957
0.047500, 0.400024
0.052500, 0.417184
0.045625, 0.419612
0.055000, 0.416950
0.053125, 0.418520
0.058750, 0.417502
0.055000, 0.657529
0.050000, 0.416377
0.056875, 0.416543
0.043750, 0.419172
0.046875, 0.417150
0.050625, 0.417295
0.043125, 0.417731
0.050000, 0.418187
0.048125, 0.414318

====================================================================
Flow ID: 282 | Shape: (30, 2)
Features: [Size/1600, IAT/0.1]
--------------------------------------------------------------------
0.061250, 0.000000
0.046875, 0.431865
0.058750, 0.416394
0.056250, 0.417125
0.057500, 0.418727
0.046875, 0.417056
0.060000, 0.415620
0.057500, 0.416328
0.058125, 0.417301
0.047500, 0.418059
0.041250, 0.400771
0.056250, 0.417879
0.048125, 0.417504
0.059375, 0.441095
0.046250, 0.421595
0.046250, 0.417412
0.058750, 0.418687
0.058750, 0.416915
0.046875, 0.388918
0.046250, 0.416776
0.042500, 0.415476
0.058750, 0.395752
0.059375, 0.417717
0.053125, 0.418846
0.059375, 0.417592
0.056875, 0.411585
0.055625, 0.414217
0.048750, 0.417738
0.050625, 0.418530
0.055625, 0.417707

====================================================================
Flow ID: 284 | Shape: (30, 2)
Features: [Size/1600, IAT/0.1]
--------------------------------------------------------------------
0.061875, 0.000000
0.058125, 0.420134
0.061250, 0.408609
0.060000, 0.420252
0.051875, 0.405428
0.046875, 0.415731
0.056250, 0.417051
0.052500, 0.417290
0.056250, 0.417469
0.047500, 0.416339
0.060000, 0.417371
0.056875, 0.418706
0.056250, 0.417392
0.053125, 0.413209
0.042500, 0.415824
0.056875, 0.416421
0.059375, 0.424765
0.061250, 0.417101
0.059375, 0.418652
0.055000, 0.510720
0.057500, 0.418507
0.045625, 0.420434
0.058750, 0.417511
0.059375, 0.416361
0.058750, 0.182899
0.046250, 0.417067
0.048750, 0.418627
0.059375, 0.416897
0.055000, 0.414294
0.052500, 0.419275

====================================================================
Flow ID: 286 | Shape: (30, 2)
Features: [Size/1600, IAT/0.1]
--------------------------------------------------------------------
0.058125, 0.000000
0.050000, 0.421950
0.055625, 0.420809
0.056250, 0.417722
0.058750, 0.525581
0.059375, 0.418164
0.045000, 0.418304
0.057500, 0.285430
0.045000, 0.433039
0.049375, 0.431052
0.053750, 0.204729
0.060625, 0.416439
0.059375, 0.417360
0.051875, 0.417484
0.048750, 0.416418
0.056250, 0.418132
0.056875, 0.421972
0.048125, 0.380590
0.058750, 0.417286
0.049375, 0.417724
0.060625, 0.418261
0.049375, 0.416484
0.048750, 0.407900
0.046250, 0.416029
0.056250, 0.420761
0.048125, 0.416279
0.046875, 0.417204
0.052500, 0.418465
0.048125, 0.417132
0.058750, 0.416842

====================================================================
Flow ID: 289 | Shape: (30, 2)
Features: [Size/1600, IAT/0.1]
--------------------------------------------------------------------
0.056875, 0.000000
0.057500, 0.428293
0.058125, 0.428106
0.046250, 0.419486
0.049375, 0.414400
0.056875, 0.413077
0.055000, 0.418200
0.047500, 0.418743
0.044375, 0.417738
0.057500, 0.419684
0.060000, 0.416886
0.041250, 0.416705
0.044375, 0.420636
0.049375, 0.418151
0.056875, 0.427115
0.046875, 0.418050
0.057500, 0.416774
0.061875, 0.512547
0.049375, 0.411577
0.050625, 0.416871
0.050625, 0.417532
0.046875, 0.424658
0.050000, 0.420175
0.052500, 0.462362
0.056875, 0.417584
0.058125, 0.426302
0.056875, 0.416754
0.048125, 0.418898
0.057500, 0.430073
0.046875, 0.416684

====================================================================
Flow ID: 290 | Shape: (30, 2)
Features: [Size/1600, IAT/0.1]
--------------------------------------------------------------------
0.049375, 0.000000
0.048750, 0.418081
0.045625, 0.416416
0.055625, 0.419129
0.053750, 0.408324
0.056875, 0.417757
0.056250, 0.415024
0.054375, 0.417390
0.055625, 0.418661
0.057500, 0.417828
0.057500, 0.412390
0.059375, 0.418539
0.055000, 0.419424
0.044375, 0.391016
0.048125, 0.418276
0.048125, 0.417927
0.056875, 0.421818
0.058750, 0.417298
0.043750, 0.420965
0.053750, 0.418382
0.052500, 0.418761
0.042500, 0.417872
0.053750, 0.418272
0.048125, 0.408843
0.060000, 0.417990
0.056250, 0.416636
0.057500, 0.418702
0.062500, 0.421903
0.051250, 0.418339
0.056250, 0.418417

====================================================================
Flow ID: 292 | Shape: (30, 2)
Features: [Size/1600, IAT/0.1]
--------------------------------------------------------------------
0.056875, 0.000000
0.056875, 0.417721
0.058750, 0.415349
0.060625, 0.414604
0.050625, 0.420655
0.047500, 0.418865
0.054375, 0.422104
0.051875, 0.400679
0.046875, 0.639039
0.055625, 0.417229
0.050625, 0.415222
0.058125, 0.418073
0.055625, 0.416913
0.058750, 0.354919
0.063125, 0.417387
0.055000, 0.417020
0.045000, 0.417654
0.055000, 0.416196
0.058125, 0.415606
0.050000, 0.418486
0.050625, 0.418790
0.056875, 0.425764
0.057500, 0.415580
0.055000, 0.416362
0.045625, 0.416754
0.053750, 0.417745
0.061250, 0.418404
0.056875, 0.420817
0.056875, 0.415987
0.047500, 0.415341

====================================================================
Flow ID: 293 | Shape: (30, 2)
Features: [Size/1600, IAT/0.1]
--------------------------------------------------------------------
0.053125, 0.000000
0.055625, 0.416063
0.055000, 0.417831
0.051250, 0.420361
0.056250, 0.417603
0.050625, 0.416257
0.058125, 0.417099
0.055625, 0.417767
0.045625, 0.417825
0.047500, 0.414456
0.056875, 0.415895
0.045625, 0.416413
0.054375, 0.417976
0.053125, 0.401903
0.057500, 0.416987
0.055625, 0.419713
0.048125, 0.421536
0.058125, 0.418114
0.059375, 0.402110
0.054375, 0.418440
0.046875, 0.417475
0.056875, 0.418354
0.050000, 0.418070
0.053125, 0.429683
0.056875, 0.416903
0.047500, 0.401071
0.049375, 0.413562
0.049375, 0.417318
0.056875, 0.416023
0.058750, 0.417127

====================================================================
Flow ID: 299 | Shape: (30, 2)
Features: [Size/1600, IAT/0.1]
--------------------------------------------------------------------
0.056250, 0.000000
0.058750, 0.429925
0.059375, 0.405913
0.043750, 0.418941
0.045625, 0.417187
0.056875, 0.418502
0.058125, 0.894984
0.060625, 0.417080
0.055625, 0.479250
0.046250, 0.499458
0.059375, 0.420150
0.048125, 0.416415
0.057500, 0.421959
0.058750, 0.416745
0.046250, 0.418282
0.045625, 0.418613
0.050625, 0.416405
0.056250, 0.418040
0.054375, 0.418120
0.053750, 0.416508
0.057500, 0.417297
0.056250, 0.417312
0.051250, 0.416327
0.059375, 0.414734
0.055625, 0.417330
0.045625, 0.422904
0.056875, 1.000000
0.055000, 0.416849
0.054375, 0.420845
0.061875, 0.416515

====================================================================
Flow ID: 300 | Shape: (30, 2)
Features: [Size/1600, IAT/0.1]
--------------------------------------------------------------------
0.044375, 0.000000
0.045625, 0.417396
0.046875, 0.421473
0.060000, 0.428364
0.043750, 0.411626
0.050000, 0.478113
0.056875, 0.417986
0.049375, 0.417925
0.057500, 0.415552
0.053750, 0.416695
0.048125, 0.416984
0.044375, 0.418613
0.044375, 0.368114
0.056875, 0.414258
0.059375, 0.417991
0.053125, 0.420076
0.055625, 0.417478
0.056875, 0.410860
0.049375, 0.417746
0.061875, 0.416887
0.052500, 0.416925
0.056875, 0.417552
0.056875, 0.286333
0.050625, 0.419334
0.057500, 0.434716
0.051875, 0.420095
0.054375, 0.417762
0.043750, 0.417116
0.046875, 0.418254
0.045625, 0.417570

====================================================================
Flow ID: 302 | Shape: (30, 2)
Features: [Size/1600, IAT/0.1]
--------------------------------------------------------------------
0.058125, 0.000000
0.056875, 0.418650
0.055625, 0.418609
0.051250, 0.416736
0.046250, 0.414364
0.061250, 0.417276
0.052500, 0.406297
0.053750, 0.416768
0.061250, 0.419892
0.056875, 0.416151
0.047500, 0.415689
0.059375, 0.425407
0.058125, 0.423472
0.056875, 0.416136
0.048125, 0.418521
0.056875, 0.418466
0.055000, 0.388196
0.052500, 0.425695
0.047500, 0.406694
0.060000, 0.420948
0.056250, 0.420328
0.049375, 0.416052
0.056250, 0.419048
0.048125, 0.417678
0.050000, 0.416623
0.050625, 0.421183
0.055625, 0.417696
0.041250, 0.406681
0.055625, 0.417347
0.055000, 0.416939

====================================================================
Flow ID: 303 | Shape: (30, 2)
Features: [Size/1600, IAT/0.1]
--------------------------------------------------------------------
0.052500, 0.000000
0.048750, 0.415991
0.058125, 0.414578
0.052500, 0.409866
0.054375, 0.418160
0.056875, 0.418379
0.042500, 0.390075
0.058750, 0.415910
0.054375, 0.417141
0.055625, 0.411688
0.056875, 0.426291
0.060625, 0.414586
0.057500, 0.417681
0.056250, 0.416853
0.054375, 0.420595
0.057500, 0.417383
0.052500, 0.410481
0.059375, 0.421642
0.055000, 0.417819
0.045000, 0.416124
0.058125, 0.420564
0.045000, 0.420271
0.056875, 0.418155
0.054375, 0.417887
0.054375, 0.416845
0.057500, 0.412850
0.051875, 0.426700
0.054375, 0.416625
0.056875, 0.418174
0.046250, 0.416830

====================================================================
Flow ID: 305 | Shape: (30, 2)
Features: [Size/1600, IAT/0.1]
--------------------------------------------------------------------
0.058750, 0.000000
0.058125, 0.415721
0.046250, 0.417128
0.055625, 1.000000
0.055625, 0.412861
0.042500, 0.416638
0.052500, 0.420852
0.059375, 0.404975
0.058750, 0.305780
0.054375, 0.424317
0.048750, 0.417422
0.059375, 0.425461
0.053750, 0.417991
0.056250, 0.410167
0.048750, 0.419184
0.047500, 0.420713
0.052500, 0.417200
0.056875, 0.417721
0.050000, 0.420093
0.056250, 0.416863
0.048750, 0.414470
0.058125, 0.489921
0.058750, 0.417473
0.056250, 0.418404
0.048125, 0.419006
0.055625, 0.415463
0.050625, 0.418955
0.050000, 0.414369
0.055625, 0.417097
0.055000, 0.417644

====================================================================
Flow ID: 308 | Shape: (30, 2)
Features: [Size/1600, IAT/0.1]
--------------------------------------------------------------------
0.063125, 0.000000
0.061250, 0.416342
0.050000, 0.416927
0.056250, 0.422890
0.051875, 0.418190
0.053125, 0.417484
0.048750, 0.418265
0.055625, 0.418197
0.058750, 0.409935
0.048750, 0.411637
0.048750, 0.417303
0.055625, 0.416699
0.057500, 0.420295
0.056875, 0.417421
0.056250, 0.418924
0.045000, 0.415928
0.059375, 0.419325
0.045000, 0.417940
0.045625, 0.662310
0.058750, 0.416279
0.053125, 0.416569
0.048125, 0.418295
0.056250, 0.415984
0.053750, 0.416424
0.058125, 0.418889
0.046250, 0.417408
0.048125, 0.416741
0.057500, 0.416528
0.056875, 0.418020
0.058125, 0.417739

====================================================================
Flow ID: 309 | Shape: (30, 2)
Features: [Size/1600, IAT/0.1]
--------------------------------------------------------------------
0.049375, 0.000000
0.050000, 0.418463
0.055625, 0.417279
0.046250, 0.418011
0.056250, 0.419193
0.048750, 0.415530
0.046250, 0.417371
0.052500, 0.417161
0.053125, 0.416370
0.054375, 0.418108
0.046250, 0.416563
0.047500, 0.413665
0.061250, 0.419744
0.059375, 0.419970
0.046875, 0.418825
0.055625, 0.417613
0.050625, 0.420154
0.050625, 0.418545
0.059375, 0.417930
0.055625, 0.417492
0.059375, 0.417542
0.056250, 0.417249
0.053750, 0.419541
0.048125, 0.415847
0.046250, 0.412892
0.053125, 0.419753
0.053750, 0.417982
0.060000, 0.418141
0.046875, 0.417025
0.056875, 0.416782

====================================================================
Flow ID: 310 | Shape: (30, 2)
Features: [Size/1600, IAT/0.1]
--------------------------------------------------------------------
0.048125, 0.000000
0.045000, 0.417882
0.056250, 0.418152
0.046875, 0.513287
0.058750, 1.000000
0.054375, 0.417840
0.057500, 0.417435
0.058750, 0.442798
0.054375, 0.417652
0.055000, 0.421491
0.056875, 0.417092
0.046875, 0.417440
0.045625, 0.309565
0.058750, 0.421450
0.058125, 0.417194
0.045000, 0.418749
0.053750, 0.424564
0.061875, 0.417819
0.048750, 0.418059
0.046875, 0.416232
0.056250, 0.415698
0.057500, 0.419094
0.057500, 0.418427
0.056875, 0.419524
0.049375, 0.417971
0.043125, 0.419614
0.053750, 0.431050
0.047500, 0.419723
0.055625, 0.416445
0.048125, 0.417872

====================================================================
Flow ID: 311 | Shape: (30, 2)
Features: [Size/1600, IAT/0.1]
--------------------------------------------------------------------
0.049375, 0.000000
0.055000, 0.417993
0.049375, 0.424850
0.058125, 0.434223
0.055625, 0.418005
0.057500, 0.442029
0.060000, 0.417157
0.058750, 0.416222
0.056250, 0.418606
0.054375, 0.421951
0.046250, 0.419670
0.049375, 0.418579
0.048750, 0.416800
0.048125, 0.418122
0.044375, 0.418445
0.055000, 0.418779
0.043125, 0.418732
0.047500, 0.414789
0.050000, 0.417741
0.053750, 0.417247
0.055625, 0.423847
0.054375, 0.417281
0.056250, 0.516600
0.060625, 0.417101
0.048750, 0.420000
0.053750, 0.418130
0.048750, 0.415395
0.060000, 0.418206
0.058750, 0.417856
0.058125, 0.418485

====================================================================
Flow ID: 321 | Shape: (30, 2)
Features: [Size/1600, IAT/0.1]
--------------------------------------------------------------------
0.056875, 0.000000
0.050625, 0.417651
0.055000, 0.410833
0.055625, 0.423486
0.064375, 0.416855
0.056875, 0.412913
0.055000, 0.416332
0.060000, 0.418756
0.052500, 0.419026
0.053750, 0.418179
0.051875, 0.415106
0.056250, 0.418574
0.054375, 0.417684
0.056875, 0.417440
0.053750, 0.417215
0.056875, 0.420061
0.048125, 0.416555
0.046250, 0.417926
0.047500, 0.421711
0.059375, 0.417145
0.047500, 0.418256
0.051250, 0.416729
0.059375, 0.416613
0.046875, 0.419364
0.054375, 0.413226
0.041875, 0.417654
0.056875, 0.417519
0.053750, 0.416553
0.059375, 0.400561
0.050000, 0.417798

====================================================================
Flow ID: 322 | Shape: (30, 2)
Features: [Size/1600, IAT/0.1]
--------------------------------------------------------------------
0.056250, 0.000000
0.058125, 0.418114
0.058125, 0.415016
0.047500, 0.417484
0.054375, 0.416293
0.050000, 0.419411
0.054375, 0.421361
0.056250, 0.418141
0.059375, 0.418257
0.057500, 0.372702
0.056250, 0.419484
0.049375, 0.418189
0.059375, 0.418250
0.044375, 0.418208
0.058750, 0.421834
0.046250, 0.425357
0.054375, 0.417870
0.059375, 0.417884
0.055000, 0.416793
0.058125, 0.305365
0.048750, 0.355489
0.055000, 0.417591
0.058750, 0.417152
0.054375, 0.423750
0.059375, 0.410578
0.050000, 0.415428
0.058125, 0.418109
0.057500, 0.416508
0.045625, 0.420071
0.046875, 0.418313

====================================================================
Flow ID: 323 | Shape: (30, 2)
Features: [Size/1600, IAT/0.1]
--------------------------------------------------------------------
0.054375, 0.000000
0.055625, 0.405407
0.048125, 0.416545
0.061875, 0.418117
0.047500, 0.416804
0.046875, 0.418073
0.046250, 0.405150
0.056875, 0.416622
0.058750, 0.418794
0.056250, 0.417842
0.058750, 0.417450
0.046250, 0.417655
0.060000, 0.420182
0.046875, 0.411967
0.059375, 0.348153
0.058125, 0.422352
0.051250, 0.424571
0.053750, 0.422921
0.060625, 0.418838
0.056875, 0.417860
0.053750, 0.431755
0.053125, 0.417482
0.055000, 0.416615
0.048750, 0.397933
0.051250, 0.417108
0.050625, 0.417630
0.055625, 0.418035
0.056250, 0.417138
0.056250, 0.417687
0.041875, 0.414546

====================================================================
Flow ID: 330 | Shape: (30, 2)
Features: [Size/1600, IAT/0.1]
--------------------------------------------------------------------
0.058125, 0.000000
0.055625, 0.418361
0.047500, 0.204265
0.049375, 0.400229
0.053125, 0.418746
0.046250, 0.418565
0.058750, 0.416800
0.045625, 0.416977
0.048750, 0.416341
0.051875, 0.417913
0.049375, 0.418208
0.057500, 0.416671
0.058750, 0.418253
0.041875, 0.418274
0.056250, 0.417756
0.046875, 0.417635
0.060000, 0.418699
0.058125, 0.416517
0.058750, 0.454027
0.050625, 0.417718
0.056250, 0.410426
0.047500, 0.418137
0.050000, 0.418572
0.053750, 0.415850
0.053125, 0.418170
0.057500, 0.411883
0.056250, 0.419959
0.056875, 0.417746
0.058125, 0.427324
0.056875, 0.389149

====================================================================
Flow ID: 332 | Shape: (30, 2)
Features: [Size/1600, IAT/0.1]
--------------------------------------------------------------------
0.055625, 0.000000
0.058125, 0.417897
0.054375, 0.418046
0.061875, 0.418643
0.058750, 0.417978
0.059375, 0.422205
0.055625, 0.419129
0.058750, 0.414582
0.058750, 0.417816
0.055000, 0.415020
0.056875, 0.415293
0.056875, 0.418145
0.057500, 0.417232
0.048750, 0.416650
0.046250, 0.421481
0.056875, 0.417802
0.058125, 0.422201
0.051250, 0.419468
0.047500, 0.235703
0.056875, 0.414625
0.045625, 0.417766
0.048125, 0.419939
0.048750, 0.416555
0.056250, 0.417716
0.055625, 0.419940
0.058125, 0.406628
0.046250, 0.408346
0.045625, 0.418445
0.049375, 0.417240
0.049375, 0.432284

====================================================================
Flow ID: 338 | Shape: (30, 2)
Features: [Size/1600, IAT/0.1]
--------------------------------------------------------------------
0.056250, 0.000000
0.047500, 0.414185
0.057500, 0.417510
0.050000, 0.418925
0.043750, 0.420470
0.050000, 0.459988
0.055625, 0.418188
0.050000, 0.416858
0.056875, 0.415873
0.060000, 0.426230
0.055625, 0.422769
0.040625, 0.419141
0.056875, 0.418092
0.043750, 0.417657
0.059375, 0.417637
0.050000, 0.418711
0.058125, 0.415501
0.048750, 0.416641
0.056875, 0.416923
0.047500, 0.425342
0.046875, 0.420403
0.056875, 0.426165
0.054375, 0.417610
0.055000, 0.419029
0.055625, 0.417994
0.055000, 0.418237
0.044375, 0.418110
0.049375, 0.416481
0.056250, 0.398195
0.055000, 0.418950

====================================================================
Flow ID: 339 | Shape: (30, 2)
Features: [Size/1600, IAT/0.1]
--------------------------------------------------------------------
0.046875, 0.000000
0.048750, 0.417834
0.057500, 0.417383
0.049375, 0.417628
0.058750, 0.410564
0.048125, 0.416635
0.046875, 0.419571
0.045000, 0.418561
0.051875, 0.417646
0.048125, 0.418324
0.060625, 0.501142
0.049375, 0.413561
0.056875, 0.413461
0.060000, 0.422095
0.046875, 0.419869
0.057500, 0.417765
0.055000, 0.427252
0.055000, 0.418448
0.055000, 0.403326
0.045000, 0.418076
0.058125, 0.402287
0.057500, 0.418435
0.049375, 0.418114
0.048125, 0.421644
0.047500, 0.421902
0.050000, 0.412957
0.059375, 0.420212
0.058750, 0.423241
0.056875, 0.417971
0.056250, 0.418492

====================================================================
Flow ID: 341 | Shape: (30, 2)
Features: [Size/1600, IAT/0.1]
--------------------------------------------------------------------
0.043750, 0.000000
0.043125, 0.420836
0.056250, 0.415532
0.053750, 0.416343
0.055625, 0.424672
0.047500, 0.412983
0.060625, 0.416893
0.055625, 0.426301
0.047500, 0.416070
0.055625, 0.416225
0.046875, 0.416978
0.047500, 0.419150
0.055625, 0.418501
0.045000, 0.417296
0.048750, 0.417002
0.061875, 0.418324
0.049375, 0.439608
0.050000, 0.416678
0.059375, 0.416253
0.046250, 0.417774
0.048125, 0.418096
0.051875, 0.416851
0.046250, 0.416975
0.054375, 0.419631
0.047500, 0.417316
0.057500, 0.417210
0.056250, 0.418099
0.054375, 0.417522
0.053125, 0.418063
0.043750, 0.419126

====================================================================
Flow ID: 342 | Shape: (30, 2)
Features: [Size/1600, IAT/0.1]
--------------------------------------------------------------------
0.061875, 0.000000
0.058750, 0.417713
0.057500, 0.417258
0.055000, 0.418427
0.058750, 0.418318
0.047500, 0.422745
0.044375, 0.418094
0.056875, 0.419828
0.043750, 0.420337
0.050000, 0.418822
0.055625, 0.418329
0.054375, 0.417518
0.059375, 0.415959
0.045000, 0.417414
0.054375, 0.418932
0.053125, 0.415345
0.050625, 0.407238
0.049375, 0.418306
0.058750, 0.414703
0.056250, 0.411525
0.050000, 0.420014
0.058125, 0.412638
0.045000, 0.417624
0.053125, 0.412822
0.056250, 0.402757
0.058750, 0.421936
0.048125, 0.418050
0.058125, 0.416145
0.057500, 0.417600
0.056250, 0.431452

====================================================================
Flow ID: 343 | Shape: (30, 2)
Features: [Size/1600, IAT/0.1]
--------------------------------------------------------------------
0.056875, 0.000000
0.056875, 0.413333
0.048750, 0.416520
0.056875, 0.417822
0.046875, 0.417970
0.056875, 0.417636
0.045000, 0.416549
0.046875, 0.418340
0.050000, 0.418244
0.045000, 0.418753
0.059375, 0.416504
0.044375, 0.418271
0.043750, 0.416673
0.055000, 0.397188
0.043125, 0.416398
0.058125, 0.417779
0.055000, 0.434437
0.056250, 0.418606
0.059375, 0.416919
0.056875, 0.416075
0.061250, 0.403532
0.043750, 0.418459
0.053125, 0.418684
0.050625, 0.419350
0.055625, 0.423359
0.046875, 0.415245
0.047500, 0.417107
0.058125, 0.406904
0.050000, 0.417471
0.055625, 0.417916

====================================================================
Flow ID: 344 | Shape: (30, 2)
Features: [Size/1600, IAT/0.1]
--------------------------------------------------------------------
0.051250, 0.000000
0.055625, 0.420862
0.046875, 0.416515
0.047500, 0.416837
0.053125, 0.418965
0.048750, 0.417048
0.056250, 0.416834
0.046250, 0.419819
0.055625, 0.418182
0.045625, 0.410980
0.055000, 0.418067
0.058125, 0.418192
0.048125, 0.417772
0.058125, 0.415793
0.048750, 0.418203
0.061875, 0.414606
0.056875, 0.417363
0.055000, 0.414661
0.055000, 0.414247
0.058125, 0.413721
0.045625, 0.424746
0.054375, 0.421016
0.047500, 0.418660
0.046875, 0.418102
0.054375, 0.469118
0.058125, 0.418336
0.059375, 0.418710
0.053125, 0.508552
0.056875, 0.413580
0.049375, 0.403099

====================================================================
Flow ID: 345 | Shape: (30, 2)
Features: [Size/1600, IAT/0.1]
--------------------------------------------------------------------
0.060000, 0.000000
0.058125, 0.417812
0.054375, 0.420184
0.058125, 0.426994
0.056250, 0.419638
0.058125, 0.415500
0.056875, 0.417114
0.053125, 0.417058
0.046250, 0.425600
0.058750, 0.423369
0.048125, 0.417606
0.056250, 0.415672
0.043750, 0.417263
0.056250, 0.416202
0.059375, 0.418458
0.048125, 0.413743
0.044375, 0.418792
0.052500, 0.424292
0.060000, 0.418317
0.056250, 0.417368
0.050625, 0.417778
0.056875, 0.420984
0.055000, 0.418344
0.051250, 0.420212
0.058750, 0.416884
0.046250, 0.422146
0.055000, 0.384011
0.056875, 0.308903
0.056875, 0.417492
0.046875, 0.418082

====================================================================
Flow ID: 346 | Shape: (30, 2)
Features: [Size/1600, IAT/0.1]
--------------------------------------------------------------------
0.059375, 0.000000
0.048750, 0.419939
0.053750, 0.417518
0.049375, 0.415620
0.055000, 0.416335
0.058125, 0.092939
0.052500, 0.417449
0.051875, 0.418933
0.047500, 0.418092
0.055000, 0.417879
0.055625, 0.415375
0.044375, 0.417648
0.044375, 0.417606
0.056250, 0.442352
0.058750, 0.416721
0.057500, 0.416647
0.058125, 0.419508
0.059375, 0.412424
0.054375, 0.416585
0.048125, 0.401048
0.060000, 0.418359
0.059375, 0.417781
0.057500, 0.426391
0.049375, 0.417979
0.059375, 0.418926
0.060000, 0.415946
0.058750, 0.417278
0.052500, 0.415507
0.058125, 0.414133
0.042500, 0.415646

====================================================================
Flow ID: 348 | Shape: (30, 2)
Features: [Size/1600, IAT/0.1]
--------------------------------------------------------------------
0.058750, 0.000000
0.043125, 0.418007
0.060625, 0.417009
0.057500, 0.416907
0.054375, 0.417835
0.049375, 0.416379
0.057500, 0.417885
0.056875, 0.418839
0.058750, 0.413319
0.056250, 0.419799
0.051250, 0.420553
0.063125, 0.417265
0.049375, 0.421200
0.050000, 0.417280
0.048750, 0.418409
0.058125, 0.418145
0.055625, 0.417504
0.056250, 0.416594
0.048125, 0.417024
0.051875, 0.415751
0.058125, 0.419448
0.046875, 0.434261
0.055625, 0.437139
0.043750, 0.418690
0.053125, 0.417153
0.049375, 0.418424
0.061250, 0.416161
0.044375, 0.420425
0.051250, 0.416894
0.047500, 0.418738

====================================================================
Flow ID: 357 | Shape: (30, 2)
Features: [Size/1600, IAT/0.1]
--------------------------------------------------------------------
0.046250, 0.000000
0.060625, 0.416446
0.053750, 0.417952
0.059375, 0.418175
0.057500, 0.417216
0.050000, 0.411288
0.046250, 0.419777
0.061250, 0.417978
0.043125, 0.417875
0.052500, 0.420386
0.060625, 0.418236
0.049375, 0.419133
0.052500, 0.417962
0.048125, 0.417890
0.046250, 0.418291
0.058125, 0.415379
0.048750, 0.418265
0.058750, 0.426042
0.056875, 0.418362
0.048750, 0.419181
0.048125, 0.412796
0.056875, 0.417718
0.060000, 0.400750
0.043750, 0.415629
0.054375, 0.286489
0.051875, 0.417315
0.058750, 0.418039
0.045625, 0.423319
0.043750, 0.412979
0.055000, 0.407138

====================================================================
Flow ID: 363 | Shape: (30, 2)
Features: [Size/1600, IAT/0.1]
--------------------------------------------------------------------
0.060625, 0.000000
0.054375, 0.426857
0.051250, 0.415044
0.053750, 0.411194
0.048750, 0.418581
0.048125, 0.418171
0.062500, 0.417055
0.060625, 0.418225
0.061875, 0.419053
0.058750, 0.416750
0.047500, 0.416207
0.058125, 0.417987
0.056250, 0.423898
0.047500, 0.416275
0.048125, 0.417837
0.055625, 0.412410
0.058125, 0.418018
0.049375, 0.418692
0.045625, 0.000162
0.048750, 0.414087
0.056875, 0.417756
0.051875, 0.415889
0.047500, 0.419248
0.043125, 0.416735
0.045625, 0.421362
0.059375, 0.429613
0.061250, 0.403078
0.058125, 0.417938
0.051875, 0.417688
0.061250, 0.376429

====================================================================
Flow ID: 365 | Shape: (30, 2)
Features: [Size/1600, IAT/0.1]
--------------------------------------------------------------------
0.055625, 0.000000
0.046250, 0.417870
0.046875, 0.415974
0.055625, 0.417223
0.057500, 0.416223
0.058125, 0.416592
0.057500, 0.419449
0.056875, 0.418370
0.046875, 0.419394
0.056875, 0.417845
0.056875, 0.415890
0.056250, 0.416670
0.049375, 0.433426
0.053125, 0.416036
0.056875, 0.418987
0.055000, 0.421382
0.049375, 0.417840
0.045625, 0.416520
0.044375, 0.418313
0.056250, 0.415212
0.058125, 0.416694
0.048750, 0.417681
0.055625, 0.456543
0.055000, 0.418308
0.060000, 0.417636
0.057500, 0.413516
0.050625, 0.418780
0.050000, 0.418167
0.060000, 0.415068
0.055625, 0.415173

====================================================================
Flow ID: 366 | Shape: (30, 2)
Features: [Size/1600, IAT/0.1]
--------------------------------------------------------------------
0.059375, 0.000000
0.055625, 0.417494
0.060625, 0.418944
0.050625, 0.389999
0.051875, 0.416962
0.056250, 0.467702
0.048125, 0.415805
0.048750, 0.416387
0.045000, 0.418484
0.054375, 0.417894
0.053125, 0.417527
0.048125, 0.425588
0.047500, 0.419762
0.054375, 0.412908
0.054375, 0.418284
0.046250, 0.416012
0.053125, 0.000133
0.057500, 0.418382
0.048750, 0.418398
0.058125, 0.416710
0.056250, 0.415334
0.055625, 0.417545
0.045625, 0.417957
0.056250, 0.417660
0.060000, 0.418429
0.056250, 0.430653
0.060000, 0.418156
0.055625, 0.416862
0.058125, 0.418176
0.058750, 0.418115

====================================================================
Flow ID: 369 | Shape: (30, 2)
Features: [Size/1600, IAT/0.1]
--------------------------------------------------------------------
0.057500, 0.000000
0.043750, 0.416768
0.050000, 0.418581
0.055000, 0.417338
0.060000, 0.417384
0.054375, 0.416418
0.057500, 0.411564
0.048750, 0.415464
0.048750, 0.417935
0.046250, 0.417753
0.048750, 0.413029
0.060000, 0.321243
0.050000, 0.419211
0.047500, 0.417646
0.053125, 0.419015
0.043125, 0.423065
0.061250, 0.406009
0.046250, 0.419727
0.056875, 0.417737
0.060000, 0.345854
0.054375, 0.000150
0.045625, 0.371474
0.055000, 0.439371
0.042500, 0.417630
0.057500, 0.420534
0.058125, 0.416771
0.058750, 0.415450
0.056875, 0.000145
0.056875, 0.417260
0.046250, 0.417301

====================================================================
Flow ID: 370 | Shape: (30, 2)
Features: [Size/1600, IAT/0.1]
--------------------------------------------------------------------
0.056250, 0.000000
0.056875, 0.447511
0.049375, 0.418666
0.048125, 0.629989
0.057500, 0.416770
0.057500, 0.416745
0.056875, 0.416150
0.055625, 0.443282
0.046875, 0.415371
0.057500, 0.508440
0.047500, 0.419973
0.047500, 0.364830
0.056875, 0.415095
0.046875, 0.416550
0.061875, 0.420592
0.058125, 0.473178
0.056875, 0.419555
0.053125, 0.421103
0.056875, 0.493735
0.042500, 0.418340
0.060000, 0.417787
0.055625, 0.416192
0.048125, 0.419738
0.057500, 0.418286
0.046875, 0.417652
0.058750, 0.414768
0.057500, 0.418832
0.053125, 0.418594
0.046250, 0.415332
0.058750, 0.418757

====================================================================
Flow ID: 374 | Shape: (30, 2)
Features: [Size/1600, IAT/0.1]
--------------------------------------------------------------------
0.053125, 0.000000
0.061250, 0.417775
0.056875, 0.416829
0.058125, 0.413855
0.060000, 0.416182
0.053750, 0.415379
0.053750, 0.418893
0.056250, 0.414239
0.057500, 0.417797
0.046875, 0.416873
0.057500, 0.413761
0.056875, 0.418260
0.050625, 0.396607
0.048125, 0.416727
0.058750, 0.431832
0.051250, 0.415235
0.060000, 0.415263
0.059375, 0.401061
0.053125, 0.388566
0.050625, 0.418320
0.062500, 0.416589
0.056875, 0.418813
0.058750, 0.425523
0.056875, 0.417010
0.057500, 0.414788
0.061875, 0.417720
0.056875, 0.365586
0.053125, 0.396092
0.056875, 0.411717
0.057500, 0.416989

====================================================================
Flow ID: 375 | Shape: (30, 2)
Features: [Size/1600, IAT/0.1]
--------------------------------------------------------------------
0.061875, 0.000000
0.050625, 0.412014
0.054375, 0.409667
0.056250, 0.417535
0.055000, 0.416179
0.056875, 0.418780
0.060000, 0.418292
0.048125, 0.411406
0.055000, 0.416526
0.051250, 0.356724
0.055625, 0.414763
0.048750, 0.409967
0.063750, 0.419050
0.058125, 0.417468
0.054375, 0.422284
0.056250, 0.419774
0.042500, 0.416262
0.055625, 0.415433
0.057500, 0.450886
0.058125, 0.417776
0.058125, 0.417369
0.059375, 0.416039
0.055625, 0.416190
0.062500, 0.416804
0.054375, 0.412452
0.045000, 0.417531
0.053750, 0.407708
0.053125, 0.417274
0.046875, 0.420959
0.050000, 0.421029

====================================================================
Flow ID: 378 | Shape: (30, 2)
Features: [Size/1600, IAT/0.1]
--------------------------------------------------------------------
0.060625, 0.000000
0.043750, 0.419971
0.041875, 0.522305
0.047500, 0.414474
0.046250, 0.417606
0.056875, 0.417440
0.058125, 0.425961
0.058125, 0.415834
0.055625, 0.419537
0.055625, 0.389759
0.046250, 0.417042
0.046875, 0.417654
0.058125, 0.419498
0.054375, 0.415153
0.054375, 0.411521
0.056875, 0.412941
0.055625, 0.418478
0.055000, 0.417212
0.045000, 0.412279
0.046250, 0.418103
0.057500, 0.417327
0.051250, 0.417882
0.058750, 0.417794
0.059375, 0.417775
0.053750, 0.418783
0.044375, 0.417672
0.048750, 0.417743
0.044375, 0.418083
0.048750, 0.417982
0.058125, 0.418108

====================================================================
Flow ID: 380 | Shape: (30, 2)
Features: [Size/1600, IAT/0.1]
--------------------------------------------------------------------
0.046250, 0.000000
0.060625, 0.415275
0.058125, 0.418575
0.045625, 0.418488
0.058750, 0.422083
0.046250, 0.416645
0.058750, 0.419398
0.055000, 0.418481
0.055625, 0.416198
0.054375, 0.418245
0.056250, 0.417436
0.058125, 0.418066
0.056875, 0.415860
0.056250, 0.417287
0.058750, 0.419041
0.053125, 0.416668
0.057500, 0.417557
0.057500, 0.417477
0.056875, 0.416398
0.058750, 0.416678
0.055625, 0.418312
0.049375, 0.419785
0.046875, 0.424376
0.056875, 0.423062
0.055625, 0.417710
0.061250, 0.413713
0.050000, 0.424783
0.042500, 0.420478
0.047500, 0.417864
0.058750, 0.418104

====================================================================
Flow ID: 384 | Shape: (30, 2)
Features: [Size/1600, IAT/0.1]
--------------------------------------------------------------------
0.047500, 0.000000
0.043750, 0.404411
0.043125, 0.414802
0.057500, 0.418961
0.050000, 0.416366
0.056875, 0.418270
0.043750, 0.438261
0.054375, 0.415801
0.053125, 0.414679
0.046250, 0.408747
0.061250, 0.418322
0.052500, 0.418221
0.047500, 0.394345
0.056875, 0.418700
0.055000, 0.421215
0.061250, 0.417667
0.055000, 0.417787
0.056250, 0.417474
0.056250, 0.417323
0.050000, 0.418180
0.055000, 0.461886
0.052500, 0.419277
0.048750, 0.418382
0.058125, 0.415706
0.057500, 0.416757
0.048750, 0.416764
0.056250, 0.416374
0.053750, 0.417367
0.059375, 0.408713
0.053750, 0.418693
