
====================================================================
Flow ID: 259 | Shape: (30, 2)
Features: [Size/1600, IAT/0.1]
--------------------------------------------------------------------
0.133750, 0.000000
0.133750, 0.200603
0.133750, 0.200622
0.133750, 0.200632
0.133750, 0.200591
0.133750, 0.200624
0.133750, 0.200588
0.133750, 0.200626
0.133750, 0.200643
0.133750, 0.200586
0.133750, 0.200631
0.133750, 0.200741
0.133750, 0.200510
0.133750, 0.200618
0.133750, 0.200609
0.133750, 0.200619
0.133750, 0.200637
0.133750, 0.200607
0.133750, 0.200619
0.133750, 0.200679
0.133750, 0.200562
0.133750, 0.200600
0.133750, 0.200610
0.133750, 0.200611
0.133750, 0.200639
0.133750, 0.200621
0.133750, 0.200615
0.133750, 0.200612
0.133750, 0.200618
0.133750, 0.200603

====================================================================
Flow ID: 262 | Shape: (30, 2)
Features: [Size/1600, IAT/0.1]
--------------------------------------------------------------------
0.133750, 0.000000
0.133750, 0.200611
0.133750, 0.200604
0.133750, 0.200615
0.133750, 0.200619
0.133750, 0.200627
0.133750, 0.200643
0.133750, 0.200602
0.133750, 0.200617
0.133750, 0.200637
0.133750, 0.200650
0.133750, 0.200622
0.133750, 0.200602
0.133750, 0.200640
0.133750, 0.200603
0.133750, 0.200643
0.133750, 0.200597
0.133750, 0.200624
0.133750, 0.200613
0.133750, 0.200636
0.133750, 0.200607
0.133750, 0.200634
0.133750, 0.200600
0.133750, 0.200616
0.133750, 0.200626
0.133750, 0.200678
0.133750, 0.200606
0.133750, 0.200620
0.133750, 0.200635
0.133750, 0.200595

====================================================================
Flow ID: 271 | Shape: (30, 2)
Features: [Size/1600, IAT/0.1]
--------------------------------------------------------------------
0.133750, 0.000000
0.133750, 0.200593
0.133750, 0.200615
0.133750, 0.200610
0.133750, 0.200611
0.133750, 0.200599
0.133750, 0.200617
0.133750, 0.200599
0.133750, 0.200645
0.133750, 0.200602
0.133750, 0.200618
0.133750, 0.200609
0.133750, 0.200605
0.133750, 0.200612
0.133750, 0.200591
0.133750, 0.200636
0.133750, 0.200616
0.133750, 0.200596
0.133750, 0.200601
0.133750, 0.200487
0.133750, 0.200670
0.133750, 0.200611
0.133750, 0.200590
0.133750, 0.200614
0.133750, 0.200606
0.133750, 0.200225
0.133750, 0.200590
0.133750, 0.200641
0.133750, 0.200614
0.133750, 0.200603

====================================================================
Flow ID: 276 | Shape: (30, 2)
Features: [Size/1600, IAT/0.1]
--------------------------------------------------------------------
0.133750, 0.000000
0.133750, 0.200606
0.133750, 0.200627
0.133750, 0.200812
0.133750, 0.200394
0.133750, 0.200596
0.133750, 0.200611
0.133750, 0.200612
0.133750, 0.200602
0.133750, 0.200631
0.133750, 0.200599
0.133750, 0.200595
0.133750, 0.200622
0.133750, 0.200481
0.133750, 0.200679
0.133750, 0.200630
0.133750, 0.200658
0.133750, 0.200548
0.133750, 0.200599
0.133750, 0.200612
0.133750, 0.200628
0.133750, 0.200596
0.133750, 0.200668
0.133750, 0.200536
0.133750, 0.200616
0.133750, 0.200610
0.133750, 0.200598
0.133750, 0.200628
0.133750, 0.200615
0.133750, 0.200607

====================================================================
Flow ID: 280 | Shape: (30, 2)
Features: [Size/1600, IAT/0.1]
--------------------------------------------------------------------
0.133750, 0.000000
0.133750, 0.200613
0.133750, 0.200606
0.133750, 0.200614
0.133750, 0.200613
0.133750, 0.200585
0.133750, 0.200602
0.133750, 0.200604
0.133750, 0.200619
0.133750, 0.200657
0.133750, 0.200591
0.133750, 0.200610
0.133750, 0.201027
0.133750, 0.200326
0.133750, 0.200505
0.133750, 0.200630
0.133750, 0.200592
0.133750, 0.200622
0.133750, 0.200590
0.133750, 0.200612
0.133750, 0.200608
0.133750, 0.200630
0.133750, 0.200613
0.133750, 0.200616
0.133750, 0.200646
0.133750, 0.200608
0.133750, 0.200613
0.133750, 0.200618
0.133750, 0.200637
0.133750, 0.200617

====================================================================
Flow ID: 283 | Shape: (30, 2)
Features: [Size/1600, IAT/0.1]
--------------------------------------------------------------------
0.133750, 0.000000
0.133750, 0.200620
0.133750, 0.200590
0.133750, 0.200628
0.133750, 0.200622
0.133750, 0.200620
0.133750, 0.200687
0.133750, 0.200530
0.133750, 0.200605
0.133750, 0.200667
0.133750, 0.200607
0.133750, 0.200640
0.133750, 0.200600
0.133750, 0.200624
0.133750, 0.200621
0.133750, 0.200589
0.133750, 0.200609
0.133750, 0.200661
0.133750, 0.200600
0.133750, 0.200622
0.133750, 0.200882
0.133750, 0.200356
0.133750, 0.200607
0.133750, 0.200608
0.133750, 0.200591
0.133750, 0.200740
0.133750, 0.200220
0.133750, 0.200643
0.133750, 0.200604
0.133750, 0.200608

====================================================================
Flow ID: 286 | Shape: (30, 2)
Features: [Size/1600, IAT/0.1]
--------------------------------------------------------------------
0.133750, 0.000000
0.133750, 0.200582
0.133750, 0.200601
0.133750, 0.201216
0.133750, 0.200270
0.133750, 0.200604
0.133750, 0.200626
0.133750, 0.200596
0.133750, 0.200618
0.133750, 0.200612
0.133750, 0.200611
0.133750, 0.200553
0.133750, 0.200637
0.133750, 0.200662
0.133750, 0.200574
0.133750, 0.200611
0.133750, 0.200592
0.133750, 0.200636
0.133750, 0.200618
0.133750, 0.200591
0.133750, 0.200618
0.133750, 0.200609
0.133750, 0.200616
0.133750, 0.200597
0.133750, 0.200629
0.133750, 0.200603
0.133750, 0.200606
0.133750, 0.200597
0.133750, 0.200615
0.133750, 0.200598

====================================================================
Flow ID: 290 | Shape: (30, 2)
Features: [Size/1600, IAT/0.1]
--------------------------------------------------------------------
0.133750, 0.000000
0.133750, 0.200602
0.133750, 0.200614
0.133750, 0.200591
0.133750, 0.200630
0.133750, 0.200605
0.133750, 0.200634
0.133750, 0.200608
0.133750, 0.200450
0.133750, 0.200694
0.133750, 0.200628
0.133750, 0.200606
0.133750, 0.200616
0.133750, 0.200605
0.133750, 0.200645
0.133750, 0.200569
0.133750, 0.200610
0.133750, 0.200627
0.133750, 0.200610
0.133750, 0.200737
0.133750, 0.200522
0.133750, 0.200600
0.133750, 0.200626
0.133750, 0.200590
0.133750, 0.200607
0.133750, 0.200623
0.133750, 0.200602
0.133750, 0.200607
0.133750, 0.200616
0.133750, 0.200610

====================================================================
Flow ID: 293 | Shape: (30, 2)
Features: [Size/1600, IAT/0.1]
--------------------------------------------------------------------
0.133750, 0.000000
0.133750, 0.200599
0.133750, 0.200604
0.133750, 0.200602
0.133750, 0.200874
0.133750, 0.200611
0.133750, 0.200608
0.133750, 0.200602
0.133750, 0.200604
0.133750, 0.200614
0.133750, 0.200606
0.133750, 0.200534
0.133750, 0.200651
0.133750, 0.200609
0.133750, 0.200607
0.133750, 0.200603
0.133750, 0.200616
0.133750, 0.200594
0.133750, 0.200601
0.133750, 0.200596
0.133750, 0.200605
0.133750, 0.200631
0.133750, 0.200608
0.133750, 0.200598
0.133750, 0.200615
0.133750, 0.200613
0.133750, 0.200613
0.133750, 0.200600
0.133750, 0.200607
0.133750, 0.200615

====================================================================
Flow ID: 294 | Shape: (30, 2)
Features: [Size/1600, IAT/0.1]
--------------------------------------------------------------------
0.133750, 0.000000
0.133750, 0.200615
0.133750, 0.200594
0.133750, 0.200617
0.133750, 0.200610
0.133750, 0.200696
0.133750, 0.200108
0.133750, 0.200622
0.133750, 0.200602
0.133750, 0.200611
0.133750, 0.200637
0.133750, 0.200599
0.133750, 0.200608
0.133750, 0.200602
0.133750, 0.200648
0.133750, 0.200611
0.133750, 0.200617
0.133750, 0.200606
0.133750, 0.200611
0.133750, 0.200600
0.133750, 0.200628
0.133750, 0.200617
0.133750, 0.200923
0.133750, 0.200611
0.133750, 0.200631
0.133750, 0.200611
0.133750, 0.200624
0.133750, 0.200612
0.133750, 0.200613
0.133750, 0.200600

====================================================================
Flow ID: 298 | Shape: (30, 2)
Features: [Size/1600, IAT/0.1]
--------------------------------------------------------------------
0.133750, 0.000000
0.133750, 0.200651
0.133750, 0.200645
0.133750, 0.200603
0.133750, 0.200592
0.133750, 0.200599
0.133750, 0.200702
0.133750, 0.200510
0.133750, 0.200613
0.133750, 0.200599
0.133750, 0.200614
0.133750, 0.200636
0.133750, 0.200656
0.133750, 0.200547
0.133750, 0.200596
0.133750, 0.200614
0.133750, 0.200583
0.133750, 0.200617
0.133750, 0.200540
0.133750, 0.200560
0.133750, 0.200652
0.133750, 0.200598
0.133750, 0.200610
0.133750, 0.200605
0.133750, 0.200605
0.133750, 0.200456
0.133750, 0.200613
0.133750, 0.200606
0.133750, 0.200804
0.133750, 0.200410

====================================================================
Flow ID: 300 | Shape: (30, 2)
Features: [Size/1600, IAT/0.1]
--------------------------------------------------------------------
0.133750, 0.000000
0.133750, 0.200600
0.133750, 0.200619
0.133750, 0.200627
0.133750, 0.200611
0.133750, 0.200630
0.133750, 0.200635
0.133750, 0.200594
0.133750, 0.200597
0.133750, 0.200613
0.133750, 0.200642
0.133750, 0.200620
0.133750, 0.200618
0.133750, 0.200619
0.133750, 0.200596
0.133750, 0.200618
0.133750, 0.200611
0.133750, 0.200611
0.133750, 0.200600
0.133750, 0.200639
0.133750, 0.200635
0.133750, 0.200584
0.133750, 0.200634
0.133750, 0.200644
0.133750, 0.200610
0.133750, 0.200639
0.133750, 0.200594
0.133750, 0.200590
0.133750, 0.200598
0.133750, 0.200636

====================================================================
Flow ID: 301 | Shape: (30, 2)
Features: [Size/1600, IAT/0.1]
--------------------------------------------------------------------
0.133750, 0.000000
0.133750, 0.200603
0.133750, 0.200598
0.133750, 0.200593
0.133750, 0.200612
0.133750, 0.200605
0.133750, 0.200620
0.133750, 0.200598
0.133750, 0.200638
0.133750, 0.200592
0.133750, 0.200605
0.133750, 0.200649
0.133750, 0.200577
0.133750, 0.200616
0.133750, 0.200615
0.133750, 0.200613
0.133750, 0.200604
0.133750, 0.200624
0.133750, 0.200613
0.133750, 0.200600
0.133750, 0.200442
0.133750, 0.200716
0.133750, 0.200613
0.133750, 0.200613
0.133750, 0.200600
0.133750, 0.200623
0.133750, 0.200597
0.133750, 0.200614
0.133750, 0.200626
0.133750, 0.200599

====================================================================
Flow ID: 302 | Shape: (30, 2)
Features: [Size/1600, IAT/0.1]
--------------------------------------------------------------------
0.133750, 0.000000
0.133750, 0.200606
0.133750, 0.200599
0.133750, 0.200642
0.133750, 0.200660
0.133750, 0.200562
0.133750, 0.200612
0.133750, 0.200626
0.133750, 0.200610
0.133750, 0.200613
0.133750, 0.200612
0.133750, 0.200615
0.133750, 0.200616
0.133750, 0.200594
0.133750, 0.200612
0.133750, 0.200615
0.133750, 0.200620
0.133750, 0.200611
0.133750, 0.200605
0.133750, 0.200596
0.133750, 0.200605
0.133750, 0.200402
0.133750, 0.200621
0.133750, 0.200602
0.133750, 0.200617
0.133750, 0.200616
0.133750, 0.200593
0.133750, 0.200618
0.133750, 0.200604
0.133750, 0.200599

====================================================================
Flow ID: 303 | Shape: (30, 2)
Features: [Size/1600, IAT/0.1]
--------------------------------------------------------------------
0.133750, 0.000000
0.133750, 0.200622
0.133750, 0.200596
0.133750, 0.200606
0.133750, 0.200609
0.133750, 0.200596
0.133750, 0.200595
0.133750, 0.200630
0.133750, 0.200434
0.133750, 0.200701
0.133750, 0.200641
0.133750, 0.200625
0.133750, 0.200576
0.133750, 0.200596
0.133750, 0.200650
0.133750, 0.200607
0.133750, 0.200620
0.133750, 0.200615
0.133750, 0.200606
0.133750, 0.200600
0.133750, 0.200611
0.133750, 0.200633
0.133750, 0.200600
0.133750, 0.200607
0.133750, 0.200635
0.133750, 0.200598
0.133750, 0.200612
0.133750, 0.200606
0.133750, 0.200618
0.133750, 0.200609

====================================================================
Flow ID: 306 | Shape: (30, 2)
Features: [Size/1600, IAT/0.1]
--------------------------------------------------------------------
0.133750, 0.000000
0.133750, 0.200597
0.133750, 0.200596
0.133750, 0.200596
0.133750, 0.200624
0.133750, 0.200595
0.133750, 0.200611
0.133750, 0.200600
0.133750, 0.200611
0.133750, 0.200611
0.133750, 0.200598
0.133750, 0.200599
0.133750, 0.200614
0.133750, 0.200718
0.133750, 0.200518
0.133750, 0.200475
0.133750, 0.200686
0.133750, 0.200601
0.133750, 0.200604
0.133750, 0.200605
0.133750, 0.200611
0.133750, 0.200604
0.133750, 0.200621
0.133750, 0.200613
0.133750, 0.200609
0.133750, 0.200606
0.133750, 0.200675
0.133750, 0.200533
0.133750, 0.200609
0.133750, 0.200580

====================================================================
Flow ID: 312 | Shape: (30, 2)
Features: [Size/1600, IAT/0.1]
--------------------------------------------------------------------
0.133750, 0.000000
0.133750, 0.200603
0.133750, 0.200622
0.133750, 0.200595
0.133750, 0.200604
0.133750, 0.200616
0.133750, 0.200615
0.133750, 0.200587
0.133750, 0.200606
0.133750, 0.200616
0.133750, 0.200614
0.133750, 0.200603
0.133750, 0.200615
0.133750, 0.200634
0.133750, 0.200630
0.133750, 0.200556
0.133750, 0.200630
0.133750, 0.200621
0.133750, 0.200599
0.133750, 0.200606
0.133750, 0.200593
0.133750, 0.200601
0.133750, 0.200626
0.133750, 0.200593
0.133750, 0.200596
0.133750, 0.200645
0.133750, 0.200584
0.133750, 0.200598
0.133750, 0.200622
0.133750, 0.200591

====================================================================
Flow ID: 315 | Shape: (30, 2)
Features: [Size/1600, IAT/0.1]
--------------------------------------------------------------------
0.133750, 0.000000
0.133750, 0.200602
0.133750, 0.200608
0.133750, 0.200610
0.133750, 0.200613
0.133750, 0.200618
0.133750, 0.200599
0.133750, 0.200619
0.133750, 0.200601
0.133750, 0.200626
0.133750, 0.200594
0.133750, 0.200605
0.133750, 0.200611
0.133750, 0.200609
0.133750, 0.200613
0.133750, 0.200609
0.133750, 0.200611
0.133750, 0.200609
0.133750, 0.200500
0.133750, 0.200681
0.133750, 0.200607
0.133750, 0.200602
0.133750, 0.200609
0.133750, 0.200607
0.133750, 0.200609
0.133750, 0.200625
0.133750, 0.200614
0.133750, 0.200627
0.133750, 0.200590
0.133750, 0.200643

====================================================================
Flow ID: 317 | Shape: (30, 2)
Features: [Size/1600, IAT/0.1]
--------------------------------------------------------------------
0.133750, 0.000000
0.133750, 0.200587
0.133750, 0.200605
0.133750, 0.200601
0.133750, 0.200579
0.133750, 0.200611
0.133750, 0.200614
0.133750, 0.200635
0.133750, 0.200575
0.133750, 0.200609
0.133750, 0.200607
0.133750, 0.200623
0.133750, 0.200621
0.133750, 0.200606
0.133750, 0.200611
0.133750, 0.200655
0.133750, 0.200586
0.133750, 0.200613
0.133750, 0.200628
0.133750, 0.200598
0.133750, 0.200575
0.133750, 0.200616
0.133750, 0.200627
0.133750, 0.200629
0.133750, 0.200576
0.133750, 0.200608
0.133750, 0.200615
0.133750, 0.200620
0.133750, 0.200614
0.133750, 0.200632

====================================================================
Flow ID: 320 | Shape: (30, 2)
Features: [Size/1600, IAT/0.1]
--------------------------------------------------------------------
0.133750, 0.000000
0.133750, 0.200602
0.133750, 0.200612
0.133750, 0.200190
0.133750, 0.200585
0.133750, 0.200607
0.133750, 0.200608
0.133750, 0.200615
0.133750, 0.200603
0.133750, 0.200596
0.133750, 0.200616
0.133750, 0.200874
0.133750, 0.200476
0.133750, 0.200693
0.133750, 0.200587
0.133750, 0.200633
0.133750, 0.200614
0.133750, 0.200620
0.133750, 0.200613
0.133750, 0.200603
0.133750, 0.200622
0.133750, 0.200589
0.133750, 0.200616
0.133750, 0.200624
0.133750, 0.200608
0.133750, 0.200609
0.133750, 0.200619
0.133750, 0.200863
0.133750, 0.200600
0.133750, 0.200427

====================================================================
Flow ID: 323 | Shape: (30, 2)
Features: [Size/1600, IAT/0.1]
--------------------------------------------------------------------
0.133750, 0.000000
0.133750, 0.200609
0.133750, 0.200630
0.133750, 0.200591
0.133750, 0.200583
0.133750, 0.200605
0.133750, 0.200602
0.133750, 0.200596
0.133750, 0.200609
0.133750, 0.200687
0.133750, 0.200530
0.133750, 0.200595
0.133750, 0.200901
0.133750, 0.200610
0.133750, 0.200602
0.133750, 0.200598
0.133750, 0.200633
0.133750, 0.200603
0.133750, 0.200605
0.133750, 0.200618
0.133750, 0.200613
0.133750, 0.200601
0.133750, 0.200591
0.133750, 0.200722
0.133750, 0.200230
0.133750, 0.200593
0.133750, 0.200588
0.133750, 0.200613
0.133750, 0.200604
0.133750, 0.200619

====================================================================
Flow ID: 324 | Shape: (30, 2)
Features: [Size/1600, IAT/0.1]
--------------------------------------------------------------------
0.133750, 0.000000
0.133750, 0.200522
0.133750, 0.200586
0.133750, 0.200611
0.133750, 0.200611
0.133750, 0.200745
0.133750, 0.200087
0.133750, 0.200602
0.133750, 0.200610
0.133750, 0.200633
0.133750, 0.200585
0.133750, 0.200612
0.133750, 0.200645
0.133750, 0.200615
0.133750, 0.200626
0.133750, 0.200369
0.133750, 0.200610
0.133750, 0.200586
0.133750, 0.200717
0.133750, 0.200109
0.133750, 0.200622
0.133750, 0.200614
0.133750, 0.200623
0.133750, 0.200680
0.133750, 0.200529
0.133750, 0.200627
0.133750, 0.200597
0.133750, 0.200616
0.133750, 0.200635
0.133750, 0.200611

====================================================================
Flow ID: 326 | Shape: (30, 2)
Features: [Size/1600, IAT/0.1]
--------------------------------------------------------------------
0.133750, 0.000000
0.133750, 0.200598
0.133750, 0.200604
0.133750, 0.200579
0.133750, 0.200611
0.133750, 0.200634
0.133750, 0.200597
0.133750, 0.200631
0.133750, 0.200574
0.133750, 0.200600
0.133750, 0.200604
0.133750, 0.200592
0.133750, 0.200616
0.133750, 0.200607
0.133750, 0.200617
0.133750, 0.200599
0.133750, 0.200610
0.133750, 0.200623
0.133750, 0.200597
0.133750, 0.200597
0.133750, 0.200686
0.133750, 0.200523
0.133750, 0.200600
0.133750, 0.200600
0.133750, 0.200629
0.133750, 0.200611
0.133750, 0.200615
0.133750, 0.200602
0.133750, 0.200615
0.133750, 0.200608

====================================================================
Flow ID: 327 | Shape: (30, 2)
Features: [Size/1600, IAT/0.1]
--------------------------------------------------------------------
0.133750, 0.000000
0.133750, 0.200600
0.133750, 0.200632
0.133750, 0.200603
0.133750, 0.200616
0.133750, 0.200617
0.133750, 0.200620
0.133750, 0.200604
0.133750, 0.200622
0.133750, 0.200610
0.133750, 0.200609
0.133750, 0.200625
0.133750, 0.200618
0.133750, 0.200607
0.133750, 0.200607
0.133750, 0.200608
0.133750, 0.200636
0.133750, 0.200614
0.133750, 0.200603
0.133750, 0.200610
0.133750, 0.200603
0.133750, 0.200624
0.133750, 0.200672
0.133750, 0.200548
0.133750, 0.200665
0.133750, 0.200630
0.133750, 0.200619
0.133750, 0.200583
0.133750, 0.200611
0.133750, 0.200630

====================================================================
Flow ID: 329 | Shape: (30, 2)
Features: [Size/1600, IAT/0.1]
--------------------------------------------------------------------
0.133750, 0.000000
0.133750, 0.200588
0.133750, 0.200608
0.133750, 0.200619
0.133750, 0.200612
0.133750, 0.200610
0.133750, 0.200614
0.133750, 0.200421
0.133750, 0.200619
0.133750, 0.200716
0.133750, 0.200512
0.133750, 0.200641
0.133750, 0.200612
0.133750, 0.200610
0.133750, 0.200614
0.133750, 0.200605
0.133750, 0.200619
0.133750, 0.200610
0.133750, 0.200520
0.133750, 0.200670
0.133750, 0.200620
0.133750, 0.200596
0.133750, 0.200601
0.133750, 0.200606
0.133750, 0.200603
0.133750, 0.200638
0.133750, 0.200595
0.133750, 0.200614
0.133750, 0.200602
0.133750, 0.200607

====================================================================
Flow ID: 332 | Shape: (30, 2)
Features: [Size/1600, IAT/0.1]
--------------------------------------------------------------------
0.133750, 0.000000
0.133750, 0.200616
0.133750, 0.200598
0.133750, 0.200603
0.133750, 0.200615
0.133750, 0.200617
0.133750, 0.200610
0.133750, 0.200760
0.133750, 0.200508
0.133750, 0.200636
0.133750, 0.200600
0.133750, 0.200615
0.133750, 0.200618
0.133750, 0.200602
0.133750, 0.200826
0.133750, 0.200621
0.133750, 0.200620
0.133750, 0.200644
0.133750, 0.200590
0.133750, 0.200518
0.133750, 0.200656
0.133750, 0.200630
0.133750, 0.200620
0.133750, 0.200604
0.133750, 0.200619
0.133750, 0.200598
0.133750, 0.200593
0.133750, 0.200622
0.133750, 0.200621
0.133750, 0.200612

====================================================================
Flow ID: 333 | Shape: (30, 2)
Features: [Size/1600, IAT/0.1]
--------------------------------------------------------------------
0.133750, 0.000000
0.133750, 0.200617
0.133750, 0.200588
0.133750, 0.200598
0.133750, 0.200623
0.133750, 0.200613
0.133750, 0.200621
0.133750, 0.200592
0.133750, 0.200610
0.133750, 0.200625
0.133750, 0.200623
0.133750, 0.200593
0.133750, 0.200615
0.133750, 0.200618
0.133750, 0.200607
0.133750, 0.200724
0.133750, 0.200310
0.133750, 0.200585
0.133750, 0.200605
0.133750, 0.200694
0.133750, 0.200527
0.133750, 0.200764
0.133750, 0.200616
0.133750, 0.200600
0.133750, 0.200580
0.133750, 0.200605
0.133750, 0.200599
0.133750, 0.200758
0.133750, 0.200450
0.133750, 0.200598

====================================================================
Flow ID: 335 | Shape: (30, 2)
Features: [Size/1600, IAT/0.1]
--------------------------------------------------------------------
0.133750, 0.000000
0.133750, 0.200595
0.133750, 0.200604
0.133750, 0.200605
0.133750, 0.200581
0.133750, 0.200772
0.133750, 0.200005
0.133750, 0.200610
0.133750, 0.200620
0.133750, 0.200596
0.133750, 0.200586
0.133750, 0.200605
0.133750, 0.200617
0.133750, 0.200609
0.133750, 0.200611
0.133750, 0.200614
0.133750, 0.200631
0.133750, 0.200599
0.133750, 0.200612
0.133750, 0.200591
0.133750, 0.200606
0.133750, 0.200629
0.133750, 0.200463
0.133750, 0.200697
0.133750, 0.200611
0.133750, 0.200601
0.133750, 0.200602
0.133750, 0.200609
0.133750, 0.200616
0.133750, 0.200597

====================================================================
Flow ID: 341 | Shape: (30, 2)
Features: [Size/1600, IAT/0.1]
--------------------------------------------------------------------
0.133750, 0.000000
0.133750, 0.200604
0.133750, 0.200625
0.133750, 0.200611
0.133750, 0.200693
0.133750, 0.200492
0.133750, 0.200606
0.133750, 0.200627
0.133750, 0.200595
0.133750, 0.200600
0.133750, 0.200611
0.133750, 0.200497
0.133750, 0.200661
0.133750, 0.200982
0.133750, 0.199739
0.133750, 0.200637
0.133750, 0.200601
0.133750, 0.200611
0.133750, 0.200601
0.133750, 0.200611
0.133750, 0.200607
0.133750, 0.200612
0.133750, 0.200581
0.133750, 0.200630
0.133750, 0.200598
0.133750, 0.200613
0.133750, 0.200624
0.133750, 0.200576
0.133750, 0.200612
0.133750, 0.201264

====================================================================
Flow ID: 342 | Shape: (30, 2)
Features: [Size/1600, IAT/0.1]
--------------------------------------------------------------------
0.133750, 0.000000
0.133750, 0.200613
0.133750, 0.200590
0.133750, 0.200612
0.133750, 0.200598
0.133750, 0.200624
0.133750, 0.200629
0.133750, 0.200616
0.133750, 0.200679
0.133750, 0.200575
0.133750, 0.200630
0.133750, 0.200599
0.133750, 0.200635
0.133750, 0.200593
0.133750, 0.200593
0.133750, 0.200598
0.133750, 0.200620
0.133750, 0.200599
0.133750, 0.200610
0.133750, 0.200615
0.133750, 0.200607
0.133750, 0.200610
0.133750, 0.200605
0.133750, 0.200602
0.133750, 0.200612
0.133750, 0.200610
0.133750, 0.200589
0.133750, 0.200618
0.133750, 0.200601
0.133750, 0.200600

====================================================================
Flow ID: 343 | Shape: (30, 2)
Features: [Size/1600, IAT/0.1]
--------------------------------------------------------------------
0.133750, 0.000000
0.133750, 0.200606
0.133750, 0.200627
0.133750, 0.200597
0.133750, 0.200776
0.133750, 0.200597
0.133750, 0.200606
0.133750, 0.200628
0.133750, 0.200666
0.133750, 0.200563
0.133750, 0.200601
0.133750, 0.200614
0.133750, 0.200622
0.133750, 0.200604
0.133750, 0.200613
0.133750, 0.200602
0.133750, 0.200602
0.133750, 0.200614
0.133750, 0.200589
0.133750, 0.200637
0.133750, 0.200623
0.133750, 0.200621
0.133750, 0.200613
0.133750, 0.200603
0.133750, 0.200622
0.133750, 0.200613
0.133750, 0.200597
0.133750, 0.200616
0.133750, 0.200609
0.133750, 0.200611

====================================================================
Flow ID: 346 | Shape: (30, 2)
Features: [Size/1600, IAT/0.1]
--------------------------------------------------------------------
0.133750, 0.000000
0.133750, 0.200618
0.133750, 0.200604
0.133750, 0.200627
0.133750, 0.200664
0.133750, 0.200470
0.133750, 0.200621
0.133750, 0.200670
0.133750, 0.200547
0.133750, 0.200595
0.133750, 0.200609
0.133750, 0.200614
0.133750, 0.200631
0.133750, 0.200629
0.133750, 0.200574
0.133750, 0.200653
0.133750, 0.200643
0.133750, 0.200626
0.133750, 0.200610
0.133750, 0.200631
0.133750, 0.200599
0.133750, 0.200869
0.133750, 0.200612
0.133750, 0.200626
0.133750, 0.200603
0.133750, 0.200609
0.133750, 0.200631
0.133750, 0.200603
0.133750, 0.200609
0.133750, 0.200613

====================================================================
Flow ID: 347 | Shape: (30, 2)
Features: [Size/1600, IAT/0.1]
--------------------------------------------------------------------
0.133750, 0.000000
0.133750, 0.200598
0.133750, 0.200612
0.133750, 0.200728
0.133750, 0.200589
0.133750, 0.200625
0.133750, 0.200682
0.133750, 0.200613
0.133750, 0.200619
0.133750, 0.200622
0.133750, 0.200634
0.133750, 0.200610
0.133750, 0.200592
0.133750, 0.200598
0.133750, 0.200628
0.133750, 0.200602
0.133750, 0.200627
0.133750, 0.200601
0.133750, 0.200597
0.133750, 0.200639
0.133750, 0.200626
0.133750, 0.200606
0.133750, 0.200630
0.133750, 0.200614
0.133750, 0.200616
0.133750, 0.200611
0.133750, 0.200601
0.133750, 0.200661
0.133750, 0.200605
0.133750, 0.200604

====================================================================
Flow ID: 351 | Shape: (30, 2)
Features: [Size/1600, IAT/0.1]
--------------------------------------------------------------------
0.133750, 0.000000
0.133750, 0.200069
0.133750, 0.200741
0.133750, 0.200620
0.133750, 0.200607
0.133750, 0.200602
0.133750, 0.200617
0.133750, 0.200595
0.133750, 0.200623
0.133750, 0.200601
0.133750, 0.200608
0.133750, 0.200622
0.133750, 0.200628
0.133750, 0.200598
0.133750, 0.200489
0.133750, 0.200675
0.133750, 0.200630
0.133750, 0.200583
0.133750, 0.200626
0.133750, 0.200501
0.133750, 0.200660
0.133750, 0.200604
0.133750, 0.200605
0.133750, 0.200612
0.133750, 0.200634
0.133750, 0.200589
0.133750, 0.200621
0.133750, 0.200603
0.133750, 0.200611
0.133750, 0.200592

====================================================================
Flow ID: 352 | Shape: (30, 2)
Features: [Size/1600, IAT/0.1]
--------------------------------------------------------------------
0.133750, 0.000000
0.133750, 0.200528
0.133750, 0.200605
0.133750, 0.200619
0.133750, 0.200590
0.133750, 0.200598
0.133750, 0.200603
0.133750, 0.200609
0.133750, 0.200612
0.133750, 0.200591
0.133750, 0.200568
0.133750, 0.200652
0.133750, 0.200654
0.133750, 0.200590
0.133750, 0.200609
0.133750, 0.200611
0.133750, 0.200616
0.133750, 0.200636
0.133750, 0.200942
0.133750, 0.200632
0.133750, 0.200606
0.133750, 0.200615
0.133750, 0.200607
0.133750, 0.200604
0.133750, 0.200613
0.133750, 0.200614
0.133750, 0.200601
0.133750, 0.200606
0.133750, 0.200603
0.133750, 0.200613

====================================================================
Flow ID: 354 | Shape: (30, 2)
Features: [Size/1600, IAT/0.1]
--------------------------------------------------------------------
0.133750, 0.000000
0.133750, 0.200595
0.133750, 0.200586
0.133750, 0.200599
0.133750, 0.200220
0.133750, 0.200644
0.133750, 0.200602
0.133750, 0.200617
0.133750, 0.200965
0.133750, 0.200303
0.133750, 0.200580
0.133750, 0.200612
0.133750, 0.200641
0.133750, 0.200594
0.133750, 0.200611
0.133750, 0.200596
0.133750, 0.200677
0.133750, 0.200416
0.133750, 0.200629
0.133750, 0.200508
0.133750, 0.200740
0.133750, 0.200309
0.133750, 0.200627
0.133750, 0.200602
0.133750, 0.200662
0.133750, 0.200549
0.133750, 0.200616
0.133750, 0.200591
0.133750, 0.200607
0.133750, 0.200625

====================================================================
Flow ID: 355 | Shape: (30, 2)
Features: [Size/1600, IAT/0.1]
--------------------------------------------------------------------
0.133750, 0.000000
0.133750, 0.200601
0.133750, 0.200595
0.133750, 0.200507
0.133750, 0.200611
0.133750, 0.200607
0.133750, 0.200586
0.133750, 0.200269
0.133750, 0.200595
0.133750, 0.200620
0.133750, 0.200615
0.133750, 0.200613
0.133750, 0.200602
0.133750, 0.200602
0.133750, 0.200585
0.133750, 0.200611
0.133750, 0.200613
0.133750, 0.200610
0.133750, 0.200696
0.133750, 0.200524
0.133750, 0.200615
0.133750, 0.200639
0.133750, 0.200627
0.133750, 0.200591
0.133750, 0.200600
0.133750, 0.200706
0.133750, 0.200527
0.133750, 0.200616
0.133750, 0.200604
0.133750, 0.200618

====================================================================
Flow ID: 356 | Shape: (30, 2)
Features: [Size/1600, IAT/0.1]
--------------------------------------------------------------------
0.133750, 0.000000
0.133750, 0.200605
0.133750, 0.200600
0.133750, 0.200607
0.133750, 0.200605
0.133750, 0.200830
0.133750, 0.200262
0.133750, 0.200576
0.133750, 0.200619
0.133750, 0.200503
0.133750, 0.200688
0.133750, 0.200628
0.133750, 0.200593
0.133750, 0.200622
0.133750, 0.200622
0.133750, 0.200634
0.133750, 0.200599
0.133750, 0.200613
0.133750, 0.200618
0.133750, 0.200636
0.133750, 0.200595
0.133750, 0.200605
0.133750, 0.200615
0.133750, 0.200608
0.133750, 0.200664
0.133750, 0.200562
0.133750, 0.200619
0.133750, 0.200604
0.133750, 0.200613
0.133750, 0.200621

====================================================================
Flow ID: 357 | Shape: (30, 2)
Features: [Size/1600, IAT/0.1]
--------------------------------------------------------------------
0.133750, 0.000000
0.133750, 0.200597
0.133750, 0.200602
0.133750, 0.200598
0.133750, 0.200606
0.133750, 0.200452
0.133750, 0.200824
0.133750, 0.200491
0.133750, 0.200617
0.133750, 0.200609
0.133750, 0.200237
0.133750, 0.200611
0.133750, 0.200611
0.133750, 0.200603
0.133750, 0.200613
0.133750, 0.200659
0.133750, 0.200576
0.133750, 0.200593
0.133750, 0.200614
0.133750, 0.200609
0.133750, 0.200622
0.133750, 0.200588
0.133750, 0.200597
0.133750, 0.200619
0.133750, 0.200598
0.133750, 0.200610
0.133750, 0.200609
0.133750, 0.200603
0.133750, 0.200625
0.133750, 0.200590

====================================================================
Flow ID: 358 | Shape: (30, 2)
Features: [Size/1600, IAT/0.1]
--------------------------------------------------------------------
0.133750, 0.000000
0.133750, 0.200393
0.133750, 0.200522
0.133750, 0.200677
0.133750, 0.200693
0.133750, 0.200553
0.133750, 0.200599
0.133750, 0.200813
0.133750, 0.200760
0.133750, 0.200460
0.133750, 0.200623
0.133750, 0.200601
0.133750, 0.200628
0.133750, 0.200603
0.133750, 0.200606
0.133750, 0.200600
0.133750, 0.200629
0.133750, 0.200594
0.133750, 0.200605
0.133750, 0.200616
0.133750, 0.200610
0.133750, 0.200614
0.133750, 0.200593
0.133750, 0.200716
0.133750, 0.200537
0.133750, 0.200600
0.133750, 0.200618
0.133750, 0.200506
0.133750, 0.200656
0.133750, 0.200612

====================================================================
Flow ID: 360 | Shape: (30, 2)
Features: [Size/1600, IAT/0.1]
--------------------------------------------------------------------
0.133750, 0.000000
0.133750, 0.200613
0.133750, 0.200601
0.133750, 0.200601
0.133750, 0.200604
0.133750, 0.200612
0.133750, 0.200618
0.133750, 0.200596
0.133750, 0.200615
0.133750, 0.200617
0.133750, 0.200612
0.133750, 0.200610
0.133750, 0.200599
0.133750, 0.200708
0.133750, 0.200514
0.133750, 0.200611
0.133750, 0.200709
0.133750, 0.200524
0.133750, 0.200584
0.133750, 0.200534
0.133750, 0.200668
0.133750, 0.200605
0.133750, 0.200594
0.133750, 0.200602
0.133750, 0.200638
0.133750, 0.200585
0.133750, 0.200648
0.133750, 0.200592
0.133750, 0.200803
0.133750, 0.200434

====================================================================
Flow ID: 365 | Shape: (30, 2)
Features: [Size/1600, IAT/0.1]
--------------------------------------------------------------------
0.133750, 0.000000
0.133750, 0.200564
0.133750, 0.200586
0.133750, 0.200621
0.133750, 0.200632
0.133750, 0.200579
0.133750, 0.200493
0.133750, 0.200613
0.133750, 0.200629
0.133750, 0.200604
0.133750, 0.200608
0.133750, 0.200341
0.133750, 0.200494
0.133750, 0.200705
0.133750, 0.200588
0.133750, 0.200423
0.133750, 0.200569
0.133750, 0.200616
0.133750, 0.200784
0.133750, 0.200415
0.133750, 0.200614
0.133750, 0.200602
0.133750, 0.200596
0.133750, 0.200607
0.133750, 0.200367
0.133750, 0.200615
0.133750, 0.201046
0.133750, 0.200486
0.133750, 0.200588
0.133750, 0.200616

====================================================================
Flow ID: 366 | Shape: (30, 2)
Features: [Size/1600, IAT/0.1]
--------------------------------------------------------------------
0.133750, 0.000000
0.133750, 0.200511
0.133750, 0.200596
0.133750, 0.200606
0.133750, 0.200619
0.133750, 0.200595
0.133750, 0.200874
0.133750, 0.200617
0.133750, 0.200649
0.133750, 0.200125
0.133750, 0.200629
0.133750, 0.200601
0.133750, 0.200627
0.133750, 0.200611
0.133750, 0.200613
0.133750, 0.200652
0.133750, 0.200596
0.133750, 0.200562
0.133750, 0.200604
0.133750, 0.200599
0.133750, 0.200613
0.133750, 0.200638
0.133750, 0.200577
0.133750, 0.200621
0.133750, 0.200703
0.133750, 0.200513
0.133750, 0.200593
0.133750, 0.200614
0.133750, 0.200629
0.133750, 0.200612

====================================================================
Flow ID: 376 | Shape: (30, 2)
Features: [Size/1600, IAT/0.1]
--------------------------------------------------------------------
0.133750, 0.000000
0.133750, 0.200611
0.133750, 0.200600
0.133750, 0.200605
0.133750, 0.200600
0.133750, 0.200607
0.133750, 0.200668
0.133750, 0.200577
0.133750, 0.200594
0.133750, 0.200609
0.133750, 0.200626
0.133750, 0.200572
0.133750, 0.200599
0.133750, 0.200616
0.133750, 0.200628
0.133750, 0.200607
0.133750, 0.200615
0.133750, 0.200578
0.133750, 0.200615
0.133750, 0.200586
0.133750, 0.200610
0.133750, 0.200582
0.133750, 0.200610
0.133750, 0.200600
0.133750, 0.200613
0.133750, 0.200615
0.133750, 0.200624
0.133750, 0.200594
0.133750, 0.200613
0.133750, 0.200613

====================================================================
Flow ID: 379 | Shape: (30, 2)
Features: [Size/1600, IAT/0.1]
--------------------------------------------------------------------
0.133750, 0.000000
0.133750, 0.200610
0.133750, 0.200579
0.133750, 0.200607
0.133750, 0.200612
0.133750, 0.200597
0.133750, 0.200634
0.133750, 0.200609
0.133750, 0.200611
0.133750, 0.200984
0.133750, 0.200348
0.133750, 0.200599
0.133750, 0.200608
0.133750, 0.200609
0.133750, 0.200683
0.133750, 0.200543
0.133750, 0.200608
0.133750, 0.200601
0.133750, 0.200669
0.133750, 0.200559
0.133750, 0.200617
0.133750, 0.200616
0.133750, 0.200544
0.133750, 0.200648
0.133750, 0.200602
0.133750, 0.200623
0.133750, 0.200600
0.133750, 0.200612
0.133750, 0.200629
0.133750, 0.200603

====================================================================
Flow ID: 381 | Shape: (30, 2)
Features: [Size/1600, IAT/0.1]
--------------------------------------------------------------------
0.133750, 0.000000
0.133750, 0.200486
0.133750, 0.200479
0.133750, 0.200675
0.133750, 0.200612
0.133750, 0.200603
0.133750, 0.200628
0.133750, 0.200599
0.133750, 0.200618
0.133750, 0.200598
0.133750, 0.200612
0.133750, 0.200599
0.133750, 0.200624
0.133750, 0.200610
0.133750, 0.200600
0.133750, 0.200619
0.133750, 0.200617
0.133750, 0.200611
0.133750, 0.200642
0.133750, 0.200604
0.133750, 0.200614
0.133750, 0.200613
0.133750, 0.200614
0.133750, 0.200585
0.133750, 0.200642
0.133750, 0.200613
0.133750, 0.200611
0.133750, 0.200455
0.133750, 0.200715
0.133750, 0.200602

====================================================================
Flow ID: 382 | Shape: (30, 2)
Features: [Size/1600, IAT/0.1]
--------------------------------------------------------------------
0.133750, 0.000000
0.133750, 0.200651
0.133750, 0.200609
0.133750, 0.200601
0.133750, 0.200594
0.133750, 0.200609
0.133750, 0.200623
0.133750, 0.200633
0.133750, 0.200598
0.133750, 0.200616
0.133750, 0.200611
0.133750, 0.200621
0.133750, 0.200814
0.133750, 0.200309
0.133750, 0.200617
0.133750, 0.200670
0.133750, 0.200549
0.133750, 0.200586
0.133750, 0.200622
0.133750, 0.200632
0.133750, 0.200605
0.133750, 0.200597
0.133750, 0.200618
0.133750, 0.200623
0.133750, 0.200582
0.133750, 0.200501
0.133750, 0.200692
0.133750, 0.200610
0.133750, 0.200675
0.133750, 0.200574

====================================================================
Flow ID: 263 | Shape: (30, 2)
Features: [Size/1600, IAT/0.1]
--------------------------------------------------------------------
0.133750, 0.000000
0.133750, 0.200609
0.133750, 0.200599
0.133750, 0.200701
0.133750, 0.200528
0.133750, 0.200780
0.133750, 0.200444
0.133750, 0.200614
0.133750, 0.200621
0.133750, 0.200632
0.133750, 0.200591
0.133750, 0.200614
0.133750, 0.200619
0.133750, 0.200687
0.133750, 0.200619
0.133750, 0.200631
0.133750, 0.200612
0.133750, 0.200620
0.133750, 0.200588
0.133750, 0.200637
0.133750, 0.200614
0.133750, 0.200625
0.133750, 0.200613
0.133750, 0.200613
0.133750, 0.200598
0.133750, 0.200628
0.133750, 0.200608
0.133750, 0.200620
0.133750, 0.200610
0.133750, 0.200622

====================================================================
Flow ID: 268 | Shape: (30, 2)
Features: [Size/1600, IAT/0.1]
--------------------------------------------------------------------
0.133750, 0.000000
0.133750, 0.200593
0.133750, 0.200633
0.133750, 0.200599
0.133750, 0.200629
0.133750, 0.200622
0.133750, 0.200614
0.133750, 0.200600
0.133750, 0.200612
0.133750, 0.200646
0.133750, 0.200635
0.133750, 0.200629
0.133750, 0.200625
0.133750, 0.200613
0.133750, 0.200617
0.133750, 0.200607
0.133750, 0.200620
0.133750, 0.200588
0.133750, 0.200645
0.133750, 0.200583
0.133750, 0.200599
0.133750, 0.200604
0.133750, 0.200646
0.133750, 0.200614
0.133750, 0.200627
0.133750, 0.200666
0.133750, 0.200598
0.133750, 0.200657
0.133750, 0.200588
0.133750, 0.200634

====================================================================
Flow ID: 269 | Shape: (30, 2)
Features: [Size/1600, IAT/0.1]
--------------------------------------------------------------------
0.133750, 0.000000
0.133750, 0.200617
0.133750, 0.200658
0.133750, 0.200236
0.133750, 0.200616
0.133750, 0.200625
0.133750, 0.200581
0.133750, 0.200912
0.133750, 0.200361
0.133750, 0.200636
0.133750, 0.200610
0.133750, 0.200645
0.133750, 0.200609
0.133750, 0.200640
0.133750, 0.200599
0.133750, 0.200615
0.133750, 0.200631
0.133750, 0.200686
0.133750, 0.200517
0.133750, 0.200627
0.133750, 0.200631
0.133750, 0.200650
0.133750, 0.200609
0.133750, 0.200585
0.133750, 0.200630
0.133750, 0.200616
0.133750, 0.201097
0.133750, 0.200197
0.133750, 0.200582
0.133750, 0.200596

====================================================================
Flow ID: 270 | Shape: (30, 2)
Features: [Size/1600, IAT/0.1]
--------------------------------------------------------------------
0.133750, 0.000000
0.133750, 0.200514
0.133750, 0.200668
0.133750, 0.200620
0.133750, 0.200658
0.133750, 0.200563
0.133750, 0.200568
0.133750, 0.200611
0.133750, 0.200630
0.133750, 0.200618
0.133750, 0.200596
0.133750, 0.200621
0.133750, 0.200606
0.133750, 0.200602
0.133750, 0.200603
0.133750, 0.200598
0.133750, 0.200619
0.133750, 0.200602
0.133750, 0.200625
0.133750, 0.200596
0.133750, 0.200629
0.133750, 0.200616
0.133750, 0.200594
0.133750, 0.200216
0.133750, 0.200637
0.133750, 0.200610
0.133750, 0.200609
0.133750, 0.200644
0.133750, 0.200611
0.133750, 0.200622

====================================================================
Flow ID: 272 | Shape: (30, 2)
Features: [Size/1600, IAT/0.1]
--------------------------------------------------------------------
0.133750, 0.000000
0.133750, 0.200623
0.133750, 0.200603
0.133750, 0.200612
0.133750, 0.200873
0.133750, 0.200605
0.133750, 0.200628
0.133750, 0.200615
0.133750, 0.200643
0.133750, 0.200620
0.133750, 0.200627
0.133750, 0.200622
0.133750, 0.200606
0.133750, 0.200609
0.133750, 0.200648
0.133750, 0.200600
0.133750, 0.200634
0.133750, 0.200893
0.133750, 0.200360
0.133750, 0.200577
0.133750, 0.200621
0.133750, 0.200619
0.133750, 0.200616
0.133750, 0.200619
0.133750, 0.200624
0.133750, 0.200621
0.133750, 0.200636
0.133750, 0.200646
0.133750, 0.200616
0.133750, 0.200610

====================================================================
Flow ID: 276 | Shape: (30, 2)
Features: [Size/1600, IAT/0.1]
--------------------------------------------------------------------
0.133750, 0.000000
0.133750, 0.200598
0.133750, 0.200617
0.133750, 0.200624
0.133750, 0.200637
0.133750, 0.200606
0.133750, 0.200606
0.133750, 0.200633
0.133750, 0.200667
0.133750, 0.200539
0.133750, 0.200638
0.133750, 0.200617
0.133750, 0.200780
0.133750, 0.200618
0.133750, 0.200611
0.133750, 0.200630
0.133750, 0.200635
0.133750, 0.200626
0.133750, 0.200628
0.133750, 0.200627
0.133750, 0.200622
0.133750, 0.200608
0.133750, 0.200614
0.133750, 0.200609
0.133750, 0.200684
0.133750, 0.200550
0.133750, 0.200579
0.133750, 0.200599
0.133750, 0.200627
0.133750, 0.200625

====================================================================
Flow ID: 279 | Shape: (30, 2)
Features: [Size/1600, IAT/0.1]
--------------------------------------------------------------------
0.133750, 0.000000
0.133750, 0.200608
0.133750, 0.200629
0.133750, 0.200614
0.133750, 0.200613
0.133750, 0.200591
0.133750, 0.200637
0.133750, 0.200613
0.133750, 0.200627
0.133750, 0.200630
0.133750, 0.200586
0.133750, 0.200640
0.133750, 0.200611
0.133750, 0.200605
0.133750, 0.200589
0.133750, 0.200652
0.133750, 0.200622
0.133750, 0.200634
0.133750, 0.200640
0.133750, 0.200630
0.133750, 0.200603
0.133750, 0.200589
0.133750, 0.200636
0.133750, 0.200703
0.133750, 0.200518
0.133750, 0.200597
0.133750, 0.200598
0.133750, 0.200621
0.133750, 0.200627
0.133750, 0.200588

====================================================================
Flow ID: 281 | Shape: (30, 2)
Features: [Size/1600, IAT/0.1]
--------------------------------------------------------------------
0.133750, 0.000000
0.133750, 0.200602
0.133750, 0.200608
0.133750, 0.200246
0.133750, 0.200841
0.133750, 0.200450
0.133750, 0.200579
0.133750, 0.200624
0.133750, 0.200619
0.133750, 0.200617
0.133750, 0.200624
0.133750, 0.200583
0.133750, 0.200666
0.133750, 0.200616
0.133750, 0.200612
0.133750, 0.200598
0.133750, 0.200608
0.133750, 0.200631
0.133750, 0.200607
0.133750, 0.200642
0.133750, 0.200609
0.133750, 0.200616
0.133750, 0.200617
0.133750, 0.200680
0.133750, 0.200606
0.133750, 0.200625
0.133750, 0.200601
0.133750, 0.200617
0.133750, 0.200617
0.133750, 0.200634

====================================================================
Flow ID: 282 | Shape: (30, 2)
Features: [Size/1600, IAT/0.1]
--------------------------------------------------------------------
0.133750, 0.000000
0.133750, 0.200594
0.133750, 0.200615
0.133750, 0.200604
0.133750, 0.200612
0.133750, 0.200618
0.133750, 0.200622
0.133750, 0.200603
0.133750, 0.200611
0.133750, 0.200613
0.133750, 0.200607
0.133750, 0.200601
0.133750, 0.200613
0.133750, 0.200623
0.133750, 0.200629
0.133750, 0.200604
0.133750, 0.200969
0.133750, 0.200369
0.133750, 0.200600
0.133750, 0.200614
0.133750, 0.200601
0.133750, 0.200614
0.133750, 0.200611
0.133750, 0.200606
0.133750, 0.200618
0.133750, 0.200594
0.133750, 0.200598
0.133750, 0.200620
0.133750, 0.200612
0.133750, 0.200595

====================================================================
Flow ID: 283 | Shape: (30, 2)
Features: [Size/1600, IAT/0.1]
--------------------------------------------------------------------
0.133750, 0.000000
0.133750, 0.200604
0.133750, 0.200605
0.133750, 0.200617
0.133750, 0.200612
0.133750, 0.200623
0.133750, 0.200618
0.133750, 0.200608
0.133750, 0.200590
0.133750, 0.200645
0.133750, 0.200583
0.133750, 0.200631
0.133750, 0.200639
0.133750, 0.200615
0.133750, 0.200609
0.133750, 0.200624
0.133750, 0.200621
0.133750, 0.200609
0.133750, 0.200440
0.133750, 0.200701
0.133750, 0.200602
0.133750, 0.200623
0.133750, 0.200604
0.133750, 0.200609
0.133750, 0.200614
0.133750, 0.200620
0.133750, 0.200587
0.133750, 0.200921
0.133750, 0.200646
0.133750, 0.200588

====================================================================
Flow ID: 286 | Shape: (30, 2)
Features: [Size/1600, IAT/0.1]
--------------------------------------------------------------------
0.133750, 0.000000
0.133750, 0.200595
0.133750, 0.200608
0.133750, 0.200600
0.133750, 0.200592
0.133750, 0.200644
0.133750, 0.200594
0.133750, 0.200606
0.133750, 0.200633
0.133750, 0.200600
0.133750, 0.200687
0.133750, 0.200710
0.133750, 0.200515
0.133750, 0.200627
0.133750, 0.200599
0.133750, 0.200601
0.133750, 0.200618
0.133750, 0.200613
0.133750, 0.200604
0.133750, 0.200805
0.133750, 0.200288
0.133750, 0.200616
0.133750, 0.200613
0.133750, 0.200613
0.133750, 0.200735
0.133750, 0.200520
0.133750, 0.200616
0.133750, 0.200631
0.133750, 0.200601
0.133750, 0.200613

====================================================================
Flow ID: 287 | Shape: (30, 2)
Features: [Size/1600, IAT/0.1]
--------------------------------------------------------------------
0.133750, 0.000000
0.133750, 0.200609
0.133750, 0.200592
0.133750, 0.200615
0.133750, 0.200649
0.133750, 0.200619
0.133750, 0.200594
0.133750, 0.200612
0.133750, 0.200630
0.133750, 0.200600
0.133750, 0.200611
0.133750, 0.200627
0.133750, 0.200624
0.133750, 0.200617
0.133750, 0.200604
0.133750, 0.200634
0.133750, 0.200609
0.133750, 0.200595
0.133750, 0.200610
0.133750, 0.200605
0.133750, 0.200607
0.133750, 0.200635
0.133750, 0.200619
0.133750, 0.200611
0.133750, 0.200619
0.133750, 0.200619
0.133750, 0.200639
0.133750, 0.200604
0.133750, 0.200640
0.133750, 0.200623

====================================================================
Flow ID: 291 | Shape: (30, 2)
Features: [Size/1600, IAT/0.1]
--------------------------------------------------------------------
0.133750, 0.000000
0.133750, 0.200599
0.133750, 0.200659
0.133750, 0.200557
0.133750, 0.200646
0.133750, 0.200554
0.133750, 0.200760
0.133750, 0.200372
0.133750, 0.200594
0.133750, 0.200657
0.133750, 0.200608
0.133750, 0.200669
0.133750, 0.200600
0.133750, 0.200631
0.133750, 0.200639
0.133750, 0.200634
0.133750, 0.200646
0.133750, 0.200596
0.133750, 0.200608
0.133750, 0.200689
0.133750, 0.200520
0.133750, 0.200622
0.133750, 0.200626
0.133750, 0.200626
0.133750, 0.200629
0.133750, 0.200617
0.133750, 0.200620
0.133750, 0.200639
0.133750, 0.200599
0.133750, 0.200795

====================================================================
Flow ID: 292 | Shape: (30, 2)
Features: [Size/1600, IAT/0.1]
--------------------------------------------------------------------
0.133750, 0.000000
0.133750, 0.200626
0.133750, 0.200670
0.133750, 0.200552
0.133750, 0.200652
0.133750, 0.200633
0.133750, 0.200724
0.133750, 0.200523
0.133750, 0.200660
0.133750, 0.200621
0.133750, 0.200596
0.133750, 0.200638
0.133750, 0.200590
0.133750, 0.200634
0.133750, 0.200620
0.133750, 0.200653
0.133750, 0.200622
0.133750, 0.200630
0.133750, 0.200670
0.133750, 0.200538
0.133750, 0.200628
0.133750, 0.200656
0.133750, 0.200626
0.133750, 0.200626
0.133750, 0.200637
0.133750, 0.200601
0.133750, 0.200625
0.133750, 0.200629
0.133750, 0.200615
0.133750, 0.200639

====================================================================
Flow ID: 293 | Shape: (30, 2)
Features: [Size/1600, IAT/0.1]
--------------------------------------------------------------------
0.133750, 0.000000
0.133750, 0.200507
0.133750, 0.200627
0.133750, 0.200607
0.133750, 0.200689
0.133750, 0.200262
0.133750, 0.200605
0.133750, 0.200627
0.133750, 0.200623
0.133750, 0.200611
0.133750, 0.200610
0.133750, 0.200612
0.133750, 0.200609
0.133750, 0.200605
0.133750, 0.200620
0.133750, 0.200605
0.133750, 0.200608
0.133750, 0.200683
0.133750, 0.200564
0.133750, 0.200613
0.133750, 0.200616
0.133750, 0.200680
0.133750, 0.200531
0.133750, 0.200636
0.133750, 0.200594
0.133750, 0.200648
0.133750, 0.200608
0.133750, 0.200637
0.133750, 0.200610
0.133750, 0.200621

====================================================================
Flow ID: 295 | Shape: (30, 2)
Features: [Size/1600, IAT/0.1]
--------------------------------------------------------------------
0.133750, 0.000000
0.133750, 0.200591
0.133750, 0.200608
0.133750, 0.200600
0.133750, 0.200622
0.133750, 0.200644
0.133750, 0.200580
0.133750, 0.200612
0.133750, 0.200623
0.133750, 0.200618
0.133750, 0.200598
0.133750, 0.200612
0.133750, 0.200628
0.133750, 0.200606
0.133750, 0.200599
0.133750, 0.200703
0.133750, 0.200599
0.133750, 0.200629
0.133750, 0.200605
0.133750, 0.200623
0.133750, 0.200615
0.133750, 0.200619
0.133750, 0.200646
0.133750, 0.200595
0.133750, 0.200624
0.133750, 0.200641
0.133750, 0.200611
0.133750, 0.200622
0.133750, 0.200597
0.133750, 0.200635

====================================================================
Flow ID: 298 | Shape: (30, 2)
Features: [Size/1600, IAT/0.1]
--------------------------------------------------------------------
0.133750, 0.000000
0.133750, 0.200622
0.133750, 0.200617
0.133750, 0.200572
0.133750, 0.200608
0.133750, 0.200604
0.133750, 0.200645
0.133750, 0.200578
0.133750, 0.200621
0.133750, 0.200622
0.133750, 0.200643
0.133750, 0.200658
0.133750, 0.200600
0.133750, 0.200613
0.133750, 0.200625
0.133750, 0.200643
0.133750, 0.200595
0.133750, 0.200630
0.133750, 0.200668
0.133750, 0.200578
0.133750, 0.200614
0.133750, 0.200630
0.133750, 0.200623
0.133750, 0.200597
0.133750, 0.200632
0.133750, 0.200608
0.133750, 0.200634
0.133750, 0.200600
0.133750, 0.200623
0.133750, 0.200597

====================================================================
Flow ID: 301 | Shape: (30, 2)
Features: [Size/1600, IAT/0.1]
--------------------------------------------------------------------
0.133750, 0.000000
0.133750, 0.200616
0.133750, 0.200595
0.133750, 0.200616
0.133750, 0.200612
0.133750, 0.200618
0.133750, 0.200611
0.133750, 0.200641
0.133750, 0.200591
0.133750, 0.200674
0.133750, 0.200581
0.133750, 0.200628
0.133750, 0.200608
0.133750, 0.200610
0.133750, 0.200589
0.133750, 0.200648
0.133750, 0.200573
0.133750, 0.200666
0.133750, 0.200595
0.133750, 0.200630
0.133750, 0.200617
0.133750, 0.200623
0.133750, 0.200670
0.133750, 0.200569
0.133750, 0.200632
0.133750, 0.200609
0.133750, 0.200588
0.133750, 0.200630
0.133750, 0.200643
0.133750, 0.200590

====================================================================
Flow ID: 304 | Shape: (30, 2)
Features: [Size/1600, IAT/0.1]
--------------------------------------------------------------------
0.133750, 0.000000
0.133750, 0.200603
0.133750, 0.200604
0.133750, 0.201112
0.133750, 0.200273
0.133750, 0.200589
0.133750, 0.200610
0.133750, 0.200590
0.133750, 0.200604
0.133750, 0.200620
0.133750, 0.200605
0.133750, 0.200613
0.133750, 0.200581
0.133750, 0.200611
0.133750, 0.200705
0.133750, 0.200126
0.133750, 0.200605
0.133750, 0.200632
0.133750, 0.200599
0.133750, 0.200601
0.133750, 0.200619
0.133750, 0.200608
0.133750, 0.200594
0.133750, 0.200602
0.133750, 0.200605
0.133750, 0.200605
0.133750, 0.200704
0.133750, 0.200494
0.133750, 0.200619
0.133750, 0.200638

====================================================================
Flow ID: 308 | Shape: (30, 2)
Features: [Size/1600, IAT/0.1]
--------------------------------------------------------------------
0.133750, 0.000000
0.133750, 0.200612
0.133750, 0.200596
0.133750, 0.200598
0.133750, 0.200616
0.133750, 0.200632
0.133750, 0.200618
0.133750, 0.200576
0.133750, 0.200599
0.133750, 0.200620
0.133750, 0.200623
0.133750, 0.200237
0.133750, 0.200608
0.133750, 0.200635
0.133750, 0.200632
0.133750, 0.200596
0.133750, 0.200618
0.133750, 0.200612
0.133750, 0.200610
0.133750, 0.200605
0.133750, 0.200609
0.133750, 0.200620
0.133750, 0.200618
0.133750, 0.200605
0.133750, 0.200590
0.133750, 0.200628
0.133750, 0.200599
0.133750, 0.200598
0.133750, 0.200688
0.133750, 0.200532

====================================================================
Flow ID: 309 | Shape: (30, 2)
Features: [Size/1600, IAT/0.1]
--------------------------------------------------------------------
0.133750, 0.000000
0.133750, 0.200601
0.133750, 0.200597
0.133750, 0.200598
0.133750, 0.200617
0.133750, 0.200407
0.133750, 0.200613
0.133750, 0.200601
0.133750, 0.200640
0.133750, 0.200578
0.133750, 0.200656
0.133750, 0.200617
0.133750, 0.200592
0.133750, 0.200619
0.133750, 0.200608
0.133750, 0.200624
0.133750, 0.200592
0.133750, 0.200606
0.133750, 0.200605
0.133750, 0.200608
0.133750, 0.200615
0.133750, 0.200609
0.133750, 0.200612
0.133750, 0.200626
0.133750, 0.200599
0.133750, 0.200618
0.133750, 0.200607
0.133750, 0.200605
0.133750, 0.200635
0.133750, 0.200598

====================================================================
Flow ID: 315 | Shape: (30, 2)
Features: [Size/1600, IAT/0.1]
--------------------------------------------------------------------
0.133750, 0.000000
0.133750, 0.200593
0.133750, 0.200592
0.133750, 0.200616
0.133750, 0.200609
0.133750, 0.200776
0.133750, 0.200446
0.133750, 0.200629
0.133750, 0.200610
0.133750, 0.200680
0.133750, 0.200589
0.133750, 0.200612
0.133750, 0.200596
0.133750, 0.200621
0.133750, 0.200861
0.133750, 0.200338
0.133750, 0.200619
0.133750, 0.200607
0.133750, 0.200624
0.133750, 0.200681
0.133750, 0.200543
0.133750, 0.200632
0.133750, 0.200595
0.133750, 0.200617
0.133750, 0.200613
0.133750, 0.200587
0.133750, 0.200614
0.133750, 0.200621
0.133750, 0.200607
0.133750, 0.200616

====================================================================
Flow ID: 318 | Shape: (30, 2)
Features: [Size/1600, IAT/0.1]
--------------------------------------------------------------------
0.133750, 0.000000
0.133750, 0.200608
0.133750, 0.200593
0.133750, 0.200610
0.133750, 0.200607
0.133750, 0.200609
0.133750, 0.200612
0.133750, 0.200594
0.133750, 0.200601
0.133750, 0.200608
0.133750, 0.200713
0.133750, 0.200582
0.133750, 0.200691
0.133750, 0.200335
0.133750, 0.200692
0.133750, 0.200618
0.133750, 0.200609
0.133750, 0.200586
0.133750, 0.200604
0.133750, 0.200610
0.133750, 0.200653
0.133750, 0.200597
0.133750, 0.200608
0.133750, 0.200592
0.133750, 0.200601
0.133750, 0.200619
0.133750, 0.200605
0.133750, 0.200606
0.133750, 0.200598
0.133750, 0.200589

====================================================================
Flow ID: 322 | Shape: (30, 2)
Features: [Size/1600, IAT/0.1]
--------------------------------------------------------------------
0.133750, 0.000000
0.133750, 0.200596
0.133750, 0.200603
0.133750, 0.200609
0.133750, 0.200689
0.133750, 0.200536
0.133750, 0.200609
0.133750, 0.200613
0.133750, 0.200603
0.133750, 0.200606
0.133750, 0.200607
0.133750, 0.200647
0.133750, 0.200610
0.133750, 0.200621
0.133750, 0.200604
0.133750, 0.200611
0.133750, 0.200596
0.133750, 0.200612
0.133750, 0.200601
0.133750, 0.200616
0.133750, 0.200601
0.133750, 0.200612
0.133750, 0.200641
0.133750, 0.200488
0.133750, 0.200676
0.133750, 0.200633
0.133750, 0.200618
0.133750, 0.200596
0.133750, 0.200328
0.133750, 0.200621

====================================================================
Flow ID: 323 | Shape: (30, 2)
Features: [Size/1600, IAT/0.1]
--------------------------------------------------------------------
0.133750, 0.000000
0.133750, 0.200606
0.133750, 0.200596
0.133750, 0.200645
0.133750, 0.200567
0.133750, 0.200618
0.133750, 0.200599
0.133750, 0.200617
0.133750, 0.200610
0.133750, 0.200605
0.133750, 0.200599
0.133750, 0.200612
0.133750, 0.200607
0.133750, 0.200613
0.133750, 0.200603
0.133750, 0.200326
0.133750, 0.200574
0.133750, 0.200601
0.133750, 0.200608
0.133750, 0.200458
0.133750, 0.200776
0.133750, 0.200552
0.133750, 0.200222
0.133750, 0.200613
0.133750, 0.200611
0.133750, 0.200606
0.133750, 0.200611
0.133750, 0.200622
0.133750, 0.200600
0.133750, 0.200607

====================================================================
Flow ID: 324 | Shape: (30, 2)
Features: [Size/1600, IAT/0.1]
--------------------------------------------------------------------
0.133750, 0.000000
0.133750, 0.200613
0.133750, 0.200599
0.133750, 0.200600
0.133750, 0.200605
0.133750, 0.200612
0.133750, 0.200622
0.133750, 0.200595
0.133750, 0.200626
0.133750, 0.200646
0.133750, 0.200579
0.133750, 0.200549
0.133750, 0.200620
0.133750, 0.200601
0.133750, 0.200617
0.133750, 0.200602
0.133750, 0.200620
0.133750, 0.200605
0.133750, 0.200609
0.133750, 0.200613
0.133750, 0.200615
0.133750, 0.200605
0.133750, 0.200616
0.133750, 0.200592
0.133750, 0.200629
0.133750, 0.200621
0.133750, 0.200607
0.133750, 0.200597
0.133750, 0.200619
0.133750, 0.200633

====================================================================
Flow ID: 334 | Shape: (30, 2)
Features: [Size/1600, IAT/0.1]
--------------------------------------------------------------------
0.133750, 0.000000
0.133750, 0.200613
0.133750, 0.200599
0.133750, 0.200599
0.133750, 0.200601
0.133750, 0.200549
0.133750, 0.200643
0.133750, 0.200589
0.133750, 0.200609
0.133750, 0.200620
0.133750, 0.200588
0.133750, 0.200608
0.133750, 0.200606
0.133750, 0.200691
0.133750, 0.200533
0.133750, 0.200624
0.133750, 0.200610
0.133750, 0.200618
0.133750, 0.200615
0.133750, 0.200626
0.133750, 0.200926
0.133750, 0.200306
0.133750, 0.200607
0.133750, 0.200607
0.133750, 0.200599
0.133750, 0.200604
0.133750, 0.200593
0.133750, 0.200598
0.133750, 0.200610
0.133750, 0.200597

====================================================================
Flow ID: 335 | Shape: (30, 2)
Features: [Size/1600, IAT/0.1]
--------------------------------------------------------------------
0.133750, 0.000000
0.133750, 0.200454
0.133750, 0.200699
0.133750, 0.200477
0.133750, 0.200548
0.133750, 0.200579
0.133750, 0.200599
0.133750, 0.200631
0.133750, 0.200593
0.133750, 0.200600
0.133750, 0.200603
0.133750, 0.200641
0.133750, 0.200581
0.133750, 0.200603
0.133750, 0.200606
0.133750, 0.200610
0.133750, 0.200606
0.133750, 0.200634
0.133750, 0.200611
0.133750, 0.200600
0.133750, 0.200624
0.133750, 0.200618
0.133750, 0.200668
0.133750, 0.200563
0.133750, 0.200671
0.133750, 0.200603
0.133750, 0.200623
0.133750, 0.200614
0.133750, 0.200599
0.133750, 0.200633

====================================================================
Flow ID: 337 | Shape: (30, 2)
Features: [Size/1600, IAT/0.1]
--------------------------------------------------------------------
0.133750, 0.000000
0.133750, 0.200615
0.133750, 0.200626
0.133750, 0.200603
0.133750, 0.200616
0.133750, 0.200742
0.133750, 0.200505
0.133750, 0.200691
0.133750, 0.200615
0.133750, 0.200598
0.133750, 0.200599
0.133750, 0.200608
0.133750, 0.200611
0.133750, 0.200616
0.133750, 0.200666
0.133750, 0.200572
0.133750, 0.200582
0.133750, 0.200639
0.133750, 0.200604
0.133750, 0.200612
0.133750, 0.200615
0.133750, 0.200608
0.133750, 0.200613
0.133750, 0.200616
0.133750, 0.200653
0.133750, 0.200621
0.133750, 0.200623
0.133750, 0.200611
0.133750, 0.200611
0.133750, 0.200616

====================================================================
Flow ID: 340 | Shape: (30, 2)
Features: [Size/1600, IAT/0.1]
--------------------------------------------------------------------
0.133750, 0.000000
0.133750, 0.200082
0.133750, 0.200625
0.133750, 0.200618
0.133750, 0.200646
0.133750, 0.200604
0.133750, 0.200604
0.133750, 0.200606
0.133750, 0.200601
0.133750, 0.200573
0.133750, 0.200654
0.133750, 0.200622
0.133750, 0.200618
0.133750, 0.200614
0.133750, 0.200591
0.133750, 0.200604
0.133750, 0.200631
0.133750, 0.200884
0.133750, 0.200648
0.133750, 0.200627
0.133750, 0.200617
0.133750, 0.200586
0.133750, 0.200612
0.133750, 0.200604
0.133750, 0.200622
0.133750, 0.200512
0.133750, 0.200660
0.133750, 0.200616
0.133750, 0.200596
0.133750, 0.200601

====================================================================
Flow ID: 343 | Shape: (30, 2)
Features: [Size/1600, IAT/0.1]
--------------------------------------------------------------------
0.133750, 0.000000
0.133750, 0.200587
0.133750, 0.200600
0.133750, 0.200618
0.133750, 0.200613
0.133750, 0.200586
0.133750, 0.200609
0.133750, 0.200591
0.133750, 0.200601
0.133750, 0.200606
0.133750, 0.200599
0.133750, 0.200599
0.133750, 0.200624
0.133750, 0.200585
0.133750, 0.200606
0.133750, 0.200604
0.133750, 0.200627
0.133750, 0.200577
0.133750, 0.200616
0.133750, 0.200598
0.133750, 0.200615
0.133750, 0.200598
0.133750, 0.200688
0.133750, 0.200568
0.133750, 0.200625
0.133750, 0.200577
0.133750, 0.200534
0.133750, 0.200622
0.133750, 0.200620
0.133750, 0.200638

====================================================================
Flow ID: 348 | Shape: (30, 2)
Features: [Size/1600, IAT/0.1]
--------------------------------------------------------------------
0.133750, 0.000000
0.133750, 0.200530
0.133750, 0.200608
0.133750, 0.200612
0.133750, 0.200611
0.133750, 0.200543
0.133750, 0.200638
0.133750, 0.200597
0.133750, 0.200677
0.133750, 0.200595
0.133750, 0.200602
0.133750, 0.200662
0.133750, 0.200577
0.133750, 0.200623
0.133750, 0.200610
0.133750, 0.200613
0.133750, 0.200622
0.133750, 0.200598
0.133750, 0.200603
0.133750, 0.200618
0.133750, 0.200602
0.133750, 0.200635
0.133750, 0.200605
0.133750, 0.200610
0.133750, 0.200595
0.133750, 0.200641
0.133750, 0.200605
0.133750, 0.200615
0.133750, 0.200609
0.133750, 0.200899

====================================================================
Flow ID: 349 | Shape: (30, 2)
Features: [Size/1600, IAT/0.1]
--------------------------------------------------------------------
0.133750, 0.000000
0.133750, 0.200508
0.133750, 0.200663
0.133750, 0.200601
0.133750, 0.200599
0.133750, 0.200596
0.133750, 0.200613
0.133750, 0.200625
0.133750, 0.200633
0.133750, 0.200579
0.133750, 0.200621
0.133750, 0.200609
0.133750, 0.200655
0.133750, 0.200589
0.133750, 0.200589
0.133750, 0.200631
0.133750, 0.200584
0.133750, 0.200605
0.133750, 0.200614
0.133750, 0.200607
0.133750, 0.200616
0.133750, 0.200620
0.133750, 0.200598
0.133750, 0.200609
0.133750, 0.200626
0.133750, 0.200611
0.133750, 0.200463
0.133750, 0.200699
0.133750, 0.200604
0.133750, 0.200629

====================================================================
Flow ID: 350 | Shape: (30, 2)
Features: [Size/1600, IAT/0.1]
--------------------------------------------------------------------
0.133750, 0.000000
0.133750, 0.200618
0.133750, 0.200594
0.133750, 0.200638
0.133750, 0.200627
0.133750, 0.200602
0.133750, 0.200594
0.133750, 0.200610
0.133750, 0.200600
0.133750, 0.200630
0.133750, 0.201029
0.133750, 0.200066
0.133750, 0.200890
0.133750, 0.200625
0.133750, 0.200596
0.133750, 0.200614
0.133750, 0.200581
0.133750, 0.200616
0.133750, 0.200586
0.133750, 0.200615
0.133750, 0.200603
0.133750, 0.200618
0.133750, 0.200599
0.133750, 0.200510
0.133750, 0.200672
0.133750, 0.200620
0.133750, 0.200614
0.133750, 0.200589
0.133750, 0.200796
0.133750, 0.200619

====================================================================
Flow ID: 353 | Shape: (30, 2)
Features: [Size/1600, IAT/0.1]
--------------------------------------------------------------------
0.133750, 0.000000
0.133750, 0.200597
0.133750, 0.200718
0.133750, 0.200481
0.133750, 0.200602
0.133750, 0.200592
0.133750, 0.200597
0.133750, 0.200605
0.133750, 0.200618
0.133750, 0.200613
0.133750, 0.200603
0.133750, 0.200608
0.133750, 0.200617
0.133750, 0.200615
0.133750, 0.200603
0.133750, 0.200608
0.133750, 0.200736
0.133750, 0.200498
0.133750, 0.200600
0.133750, 0.200616
0.133750, 0.200623
0.133750, 0.200658
0.133750, 0.200584
0.133750, 0.200585
0.133750, 0.200592
0.133750, 0.200606
0.133750, 0.200585
0.133750, 0.200605
0.133750, 0.200608
0.133750, 0.200650

====================================================================
Flow ID: 360 | Shape: (30, 2)
Features: [Size/1600, IAT/0.1]
--------------------------------------------------------------------
0.133750, 0.000000
0.133750, 0.200620
0.133750, 0.200597
0.133750, 0.200622
0.133750, 0.200614
0.133750, 0.200628
0.133750, 0.200633
0.133750, 0.200586
0.133750, 0.200619
0.133750, 0.200589
0.133750, 0.200627
0.133750, 0.200607
0.133750, 0.200641
0.133750, 0.200633
0.133750, 0.200625
0.133750, 0.200621
0.133750, 0.200629
0.133750, 0.200613
0.133750, 0.200626
0.133750, 0.200582
0.133750, 0.200634
0.133750, 0.200665
0.133750, 0.200597
0.133750, 0.200587
0.133750, 0.200605
0.133750, 0.200634
0.133750, 0.200605
0.133750, 0.200642
0.133750, 0.200467
0.133750, 0.200621

====================================================================
Flow ID: 365 | Shape: (30, 2)
Features: [Size/1600, IAT/0.1]
--------------------------------------------------------------------
0.133750, 0.000000
0.133750, 0.200622
0.133750, 0.200618
0.133750, 0.200602
0.133750, 0.200609
0.133750, 0.200629
0.133750, 0.200612
0.133750, 0.200585
0.133750, 0.200624
0.133750, 0.200601
0.133750, 0.200627
0.133750, 0.200597
0.133750, 0.200607
0.133750, 0.200643
0.133750, 0.200593
0.133750, 0.200584
0.133750, 0.200627
0.133750, 0.200579
0.133750, 0.200645
0.133750, 0.200606
0.133750, 0.200629
0.133750, 0.200636
0.133750, 0.200622
0.133750, 0.200599
0.133750, 0.200585
0.133750, 0.200599
0.133750, 0.200647
0.133750, 0.200581
0.133750, 0.200627
0.133750, 0.200603

====================================================================
Flow ID: 368 | Shape: (30, 2)
Features: [Size/1600, IAT/0.1]
--------------------------------------------------------------------
0.133750, 0.000000
0.133750, 0.200650
0.133750, 0.200554
0.133750, 0.200602
0.133750, 0.200585
0.133750, 0.200545
0.133750, 0.200786
0.133750, 0.200233
0.133750, 0.200701
0.133750, 0.200616
0.133750, 0.200603
0.133750, 0.200600
0.133750, 0.200597
0.133750, 0.200611
0.133750, 0.200617
0.133750, 0.200595
0.133750, 0.200596
0.133750, 0.200604
0.133750, 0.200598
0.133750, 0.200597
0.133750, 0.200600
0.133750, 0.200629
0.133750, 0.200454
0.133750, 0.200603
0.133750, 0.200610
0.133750, 0.200635
0.133750, 0.200628
0.133750, 0.200584
0.133750, 0.200785
0.133750, 0.200269

====================================================================
Flow ID: 369 | Shape: (30, 2)
Features: [Size/1600, IAT/0.1]
--------------------------------------------------------------------
0.133750, 0.000000
0.133750, 0.200594
0.133750, 0.200659
0.133750, 0.200614
0.133750, 0.200614
0.133750, 0.200615
0.133750, 0.200879
0.133750, 0.200616
0.133750, 0.200625
0.133750, 0.200629
0.133750, 0.200629
0.133750, 0.200619
0.133750, 0.200637
0.133750, 0.200612
0.133750, 0.200620
0.133750, 0.200608
0.133750, 0.200616
0.133750, 0.200605
0.133750, 0.200631
0.133750, 0.200717
0.133750, 0.200520
0.133750, 0.200633
0.133750, 0.200640
0.133750, 0.200580
0.133750, 0.200612
0.133750, 0.200632
0.133750, 0.200604
0.133750, 0.200615
0.133750, 0.200615
0.133750, 0.200640

====================================================================
Flow ID: 372 | Shape: (30, 2)
Features: [Size/1600, IAT/0.1]
--------------------------------------------------------------------
0.133750, 0.000000
0.133750, 0.200608
0.133750, 0.200610
0.133750, 0.200594
0.133750, 0.200620
0.133750, 0.200593
0.133750, 0.200620
0.133750, 0.200591
0.133750, 0.200620
0.133750, 0.200602
0.133750, 0.200618
0.133750, 0.200604
0.133750, 0.200631
0.133750, 0.200600
0.133750, 0.200623
0.133750, 0.200598
0.133750, 0.200734
0.133750, 0.200605
0.133750, 0.200632
0.133750, 0.200589
0.133750, 0.200612
0.133750, 0.200621
0.133750, 0.200653
0.133750, 0.200611
0.133750, 0.200608
0.133750, 0.200628
0.133750, 0.200661
0.133750, 0.200727
0.133750, 0.200329
0.133750, 0.200572

====================================================================
Flow ID: 373 | Shape: (30, 2)
Features: [Size/1600, IAT/0.1]
--------------------------------------------------------------------
0.133750, 0.000000
0.133750, 0.200611
0.133750, 0.200599
0.133750, 0.200636
0.133750, 0.200604
0.133750, 0.200617
0.133750, 0.200607
0.133750, 0.200617
0.133750, 0.200646
0.133750, 0.200632
0.133750, 0.200608
0.133750, 0.200598
0.133750, 0.200621
0.133750, 0.200629
0.133750, 0.200621
0.133750, 0.200603
0.133750, 0.200606
0.133750, 0.200646
0.133750, 0.200603
0.133750, 0.200629
0.133750, 0.200610
0.133750, 0.200610
0.133750, 0.200628
0.133750, 0.200651
0.133750, 0.200688
0.133750, 0.200627
0.133750, 0.200611
0.133750, 0.200615
0.133750, 0.200639
0.133750, 0.200625

====================================================================
Flow ID: 378 | Shape: (30, 2)
Features: [Size/1600, IAT/0.1]
--------------------------------------------------------------------
0.133750, 0.000000
0.133750, 0.200593
0.133750, 0.200634
0.133750, 0.200606
0.133750, 0.200601
0.133750, 0.200595
0.133750, 0.200440
0.133750, 0.200609
0.133750, 0.200605
0.133750, 0.200624
0.133750, 0.200630
0.133750, 0.200613
0.133750, 0.200612
0.133750, 0.200614
0.133750, 0.200639
0.133750, 0.200580
0.133750, 0.200612
0.133750, 0.200635
0.133750, 0.200610
0.133750, 0.200621
0.133750, 0.200602
0.133750, 0.200619
0.133750, 0.200606
0.133750, 0.200672
0.133750, 0.200599
0.133750, 0.200640
0.133750, 0.200637
0.133750, 0.200625
0.133750, 0.200600
0.133750, 0.200628

====================================================================
Flow ID: 381 | Shape: (30, 2)
Features: [Size/1600, IAT/0.1]
--------------------------------------------------------------------
0.133750, 0.000000
0.133750, 0.200450
0.133750, 0.200691
0.133750, 0.200616
0.133750, 0.200600
0.133750, 0.200617
0.133750, 0.200608
0.133750, 0.200635
0.133750, 0.200610
0.133750, 0.200629
0.133750, 0.200610
0.133750, 0.200611
0.133750, 0.200601
0.133750, 0.200726
0.133750, 0.200493
0.133750, 0.200607
0.133750, 0.200616
0.133750, 0.200620
0.133750, 0.200602
0.133750, 0.200628
0.133750, 0.200592
0.133750, 0.200616
0.133750, 0.200606
0.133750, 0.200622
0.133750, 0.200661
0.133750, 0.200561
0.133750, 0.200458
0.133750, 0.200708
0.133750, 0.200615
0.133750, 0.200618
