
====================================================================
Flow ID: 26 | Shape: (30, 2)
Features: [Size/1600, IAT/0.1]
--------------------------------------------------------------------
0.057500, 0.000000
0.044375, 0.419152
0.051875, 0.468748
0.048750, 0.417006
0.045625, 0.422897
0.058750, 0.416069
0.051250, 0.417366
0.058125, 0.418927
0.048125, 0.518007
0.055625, 0.415195
0.055000, 0.421242
0.061875, 0.400222
0.057500, 0.416215
0.046875, 0.417412
0.048750, 0.417519
0.056250, 0.418276
0.051875, 0.414674
0.046250, 0.413922
0.050625, 0.427834
0.049375, 0.422219
0.051875, 0.416610
0.060625, 0.423126
0.055000, 0.419713
0.059375, 0.417833
0.056250, 0.417971
0.056875, 0.418302
0.058750, 0.417773
0.056250, 0.416822
0.053125, 0.408080
0.055625, 0.417310

====================================================================
Flow ID: 27 | Shape: (30, 2)
Features: [Size/1600, IAT/0.1]
--------------------------------------------------------------------
0.055625, 0.000000
0.053125, 0.344350
0.061875, 0.075824
0.055625, 0.419456
0.056875, 0.413877
0.057500, 0.412468
0.056250, 0.416694
0.060625, 0.417638
0.045625, 0.422527
0.060000, 0.417792
0.055625, 0.427100
0.052500, 0.449899
0.056250, 0.418747
0.048750, 0.416892
0.048750, 0.407554
0.048750, 0.417507
0.049375, 0.418818
0.055000, 0.418169
0.046250, 0.418460
0.046875, 0.417209
0.048750, 0.419491
0.056250, 0.411431
0.058750, 0.417441
0.057500, 0.417930
0.054375, 0.421138
0.058750, 0.405077
0.056875, 0.420936
0.046250, 0.415486
0.056875, 0.418096
0.054375, 0.418089

====================================================================
Flow ID: 28 | Shape: (30, 2)
Features: [Size/1600, IAT/0.1]
--------------------------------------------------------------------
0.045000, 0.000000
0.048750, 0.417021
0.054375, 0.418695
0.060000, 0.416964
0.057500, 0.418807
0.052500, 0.418005
0.046875, 0.416788
0.050625, 0.417637
0.059375, 0.417684
0.054375, 0.417878
0.057500, 0.417079
0.058750, 0.419336
0.048750, 0.417396
0.058750, 0.419145
0.045625, 0.416878
0.057500, 0.420627
0.050000, 0.417789
0.060000, 0.416283
0.056875, 0.417702
0.059375, 0.420336
0.053125, 0.378075
0.049375, 0.426865
0.056875, 0.417410
0.044375, 0.415818
0.055625, 0.416417
0.051875, 0.418549
0.056250, 0.420851
0.052500, 0.418730
0.046250, 0.417008
0.046250, 0.417796

====================================================================
Flow ID: 32 | Shape: (30, 2)
Features: [Size/1600, IAT/0.1]
--------------------------------------------------------------------
0.058125, 0.000000
0.060625, 0.416939
0.050000, 0.402376
0.056250, 0.420505
0.056250, 0.417466
0.050000, 0.420880
0.045625, 0.418414
0.055000, 0.413820
0.055625, 0.417443
0.046875, 0.434385
0.056875, 0.416390
0.048125, 0.416049
0.058125, 0.412928
0.056250, 0.417604
0.058750, 0.421405
0.058125, 0.418151
0.046250, 0.420642
0.051250, 0.417537
0.046250, 0.417625
0.057500, 0.417831
0.041875, 0.402801
0.046875, 0.450470
0.053125, 0.417629
0.048125, 0.417572
0.052500, 0.416989
0.045625, 0.417253
0.055625, 0.414913
0.058125, 0.410010
0.058750, 0.416408
0.050000, 0.418250

====================================================================
Flow ID: 36 | Shape: (30, 2)
Features: [Size/1600, IAT/0.1]
--------------------------------------------------------------------
0.046250, 0.000000
0.046250, 0.418557
0.056875, 0.413098
0.045000, 0.415560
0.055625, 0.425283
0.050000, 0.416630
0.043125, 0.416320
0.055625, 0.422677
0.060000, 0.418335
0.057500, 0.417140
0.044375, 0.418212
0.058125, 0.416961
0.059375, 0.417789
0.057500, 0.417121
0.048125, 0.416757
0.057500, 0.401387
0.055000, 0.427357
0.060000, 0.412228
0.054375, 0.418941
0.048125, 0.417010
0.056875, 0.417367
0.048125, 0.418087
0.053125, 0.417944
0.054375, 0.419454
0.044375, 0.414914
0.057500, 0.445692
0.055000, 0.418822
0.055000, 0.417995
0.057500, 0.424379
0.054375, 0.434957

====================================================================
Flow ID: 39 | Shape: (30, 2)
Features: [Size/1600, IAT/0.1]
--------------------------------------------------------------------
0.058750, 0.000000
0.055625, 0.415888
0.055000, 0.416688
0.049375, 0.416963
0.046875, 0.457196
0.055625, 0.418109
0.047500, 0.420016
0.050000, 0.407932
0.051875, 0.405656
0.051875, 0.424307
0.057500, 0.417576
0.055000, 0.401922
0.052500, 0.424403
0.056250, 0.418033
0.056250, 0.418472
0.049375, 0.418830
0.045625, 0.420002
0.041875, 0.418198
0.055625, 0.417506
0.048125, 0.417257
0.058125, 0.418313
0.058125, 0.412693
0.048750, 0.418238
0.057500, 0.421479
0.058750, 0.416892
0.055625, 0.415735
0.058125, 0.418988
0.055625, 0.417811
0.053750, 0.399420
0.060000, 0.417145

====================================================================
Flow ID: 41 | Shape: (30, 2)
Features: [Size/1600, IAT/0.1]
--------------------------------------------------------------------
0.055625, 0.000000
0.049375, 0.422145
0.055000, 0.422008
0.056875, 0.429471
0.055625, 0.416897
0.053750, 0.417308
0.055000, 0.416634
0.057500, 0.369883
0.050000, 0.417667
0.048125, 0.417707
0.058125, 0.419223
0.059375, 0.421594
0.046250, 0.416764
0.048750, 0.417345
0.056875, 0.413638
0.053125, 0.415850
0.060625, 0.417436
0.060000, 0.417138
0.058750, 0.418627
0.043750, 0.415803
0.056250, 0.417872
0.058750, 0.419839
0.056875, 0.419510
0.052500, 0.418173
0.046875, 0.419985
0.048750, 0.418353
0.053750, 0.422164
0.054375, 0.415218
0.046875, 0.417876
0.057500, 0.428178

====================================================================
Flow ID: 42 | Shape: (30, 2)
Features: [Size/1600, IAT/0.1]
--------------------------------------------------------------------
0.055625, 0.000000
0.046875, 0.418887
0.058125, 0.419015
0.046875, 0.423544
0.048125, 0.438049
0.050625, 0.417758
0.054375, 0.417771
0.046250, 0.413844
0.056875, 0.417181
0.057500, 0.418271
0.059375, 0.421007
0.056875, 0.413287
0.046875, 0.418227
0.047500, 0.417800
0.050625, 0.418977
0.053750, 0.418433
0.058125, 0.420035
0.057500, 0.408535
0.041875, 0.415192
0.045625, 0.417022
0.050000, 0.390688
0.045000, 0.414597
0.053125, 0.418374
0.058750, 0.417032
0.049375, 0.415403
0.047500, 0.417199
0.049375, 0.420083
0.056250, 0.425273
0.055625, 0.415048
0.056250, 0.417248

====================================================================
Flow ID: 50 | Shape: (30, 2)
Features: [Size/1600, IAT/0.1]
--------------------------------------------------------------------
0.051875, 0.000000
0.049375, 0.418613
0.050000, 0.418018
0.058125, 0.419094
0.060000, 0.418238
0.057500, 0.416773
0.051875, 0.418167
0.045000, 0.419930
0.047500, 0.417171
0.054375, 0.416668
0.051250, 0.417374
0.055625, 0.412906
0.044375, 0.418309
0.057500, 0.417088
0.048125, 0.417489
0.045000, 0.418832
0.045000, 0.394346
0.045625, 0.418258
0.051250, 0.416980
0.051875, 0.417547
0.061250, 0.417370
0.057500, 0.417996
0.058750, 0.419454
0.054375, 0.416285
0.055000, 0.417357
0.047500, 0.418954
0.053125, 0.420004
0.050000, 0.413631
0.055625, 0.418853
0.055625, 0.429092

====================================================================
Flow ID: 55 | Shape: (30, 2)
Features: [Size/1600, IAT/0.1]
--------------------------------------------------------------------
0.050625, 0.000000
0.056875, 0.418418
0.048750, 0.409144
0.045625, 0.417457
0.050000, 0.430821
0.056875, 0.000146
0.048750, 0.405306
0.057500, 0.409213
0.054375, 0.418776
0.044375, 0.418036
0.055625, 0.419024
0.053125, 0.392412
0.050000, 0.418440
0.058750, 0.419723
0.055000, 0.418209
0.055625, 0.469274
0.054375, 0.417478
0.045000, 0.416386
0.051250, 0.418699
0.055625, 0.408195
0.053750, 0.416329
0.053125, 0.400355
0.056250, 0.417879
0.046250, 0.417801
0.056250, 0.417676
0.049375, 0.445633
0.040625, 0.417336
0.050000, 0.422883
0.058125, 0.417821
0.053125, 0.422807

====================================================================
Flow ID: 58 | Shape: (30, 2)
Features: [Size/1600, IAT/0.1]
--------------------------------------------------------------------
0.043125, 0.000000
0.055625, 0.418308
0.056875, 0.417689
0.056875, 0.419251
0.057500, 0.424061
0.053750, 0.408367
0.056875, 0.418631
0.056875, 0.416823
0.046875, 0.418323
0.050000, 0.417338
0.043125, 0.407703
0.054375, 0.421601
0.046875, 0.417164
0.059375, 0.417313
0.046875, 0.418776
0.045000, 0.413265
0.059375, 0.418414
0.046250, 0.415511
0.048125, 0.416305
0.058750, 0.416928
0.051250, 0.417565
0.053750, 0.418502
0.054375, 0.417058
0.056250, 0.417729
0.056250, 0.417395
0.056875, 0.417638
0.057500, 0.417871
0.046250, 0.422799
0.059375, 0.417191
0.056250, 0.417923

====================================================================
Flow ID: 61 | Shape: (30, 2)
Features: [Size/1600, IAT/0.1]
--------------------------------------------------------------------
0.058750, 0.000000
0.048750, 0.065594
0.043125, 0.416744
0.047500, 0.417562
0.058125, 0.456406
0.061250, 0.419198
0.055625, 0.417212
0.057500, 0.423199
0.050625, 0.419550
0.057500, 0.412534
0.050625, 0.417330
0.058125, 0.417696
0.058750, 0.417026
0.056250, 0.417764
0.055000, 0.415924
0.052500, 0.417464
0.045625, 0.401589
0.055000, 0.417515
0.057500, 0.421278
0.049375, 0.417316
0.050000, 0.420575
0.045000, 0.413747
0.054375, 0.418242
0.058125, 0.420172
0.050625, 0.416916
0.051250, 0.415912
0.047500, 0.413468
0.059375, 0.413569
0.059375, 0.423644
0.043750, 0.000098

====================================================================
Flow ID: 62 | Shape: (30, 2)
Features: [Size/1600, IAT/0.1]
--------------------------------------------------------------------
0.057500, 0.000000
0.051250, 0.406751
0.051250, 0.415965
0.058125, 0.421061
0.047500, 0.419833
0.056250, 0.417214
0.049375, 0.418315
0.055000, 0.416759
0.047500, 0.418535
0.058750, 0.415719
0.049375, 0.417589
0.046250, 0.417936
0.058750, 0.418850
0.050625, 0.416523
0.056875, 0.418132
0.056250, 0.419353
0.056875, 0.517279
0.045000, 0.417222
0.058750, 0.415718
0.053125, 0.417748
0.055000, 0.418291
0.048125, 0.418174
0.050000, 0.418488
0.048750, 0.404487
0.056875, 0.418336
0.053750, 0.417720
0.058125, 0.416568
0.054375, 0.417026
0.044375, 0.411965
0.056250, 0.417490

====================================================================
Flow ID: 65 | Shape: (30, 2)
Features: [Size/1600, IAT/0.1]
--------------------------------------------------------------------
0.052500, 0.000000
0.055625, 0.418297
0.056875, 0.415074
0.059375, 0.417125
0.045625, 0.327724
0.055000, 0.417816
0.050625, 0.417512
0.056250, 0.415530
0.056875, 0.423084
0.058125, 0.417942
0.057500, 0.417545
0.054375, 0.439232
0.053125, 0.419132
0.041875, 0.414850
0.058750, 0.419559
0.056250, 0.422106
0.043750, 0.400684
0.054375, 0.417196
0.058125, 0.418605
0.049375, 0.418503
0.046250, 0.414854
0.055000, 0.433522
0.056875, 0.422288
0.054375, 0.417598
0.057500, 0.420201
0.053125, 0.417930
0.054375, 0.418487
0.060000, 0.413791
0.048125, 0.422045
0.043750, 0.391114

====================================================================
Flow ID: 67 | Shape: (30, 2)
Features: [Size/1600, IAT/0.1]
--------------------------------------------------------------------
0.054375, 0.000000
0.058750, 0.418172
0.050000, 0.417513
0.058750, 0.376889
0.060000, 0.418617
0.056250, 0.416251
0.053125, 0.425093
0.051250, 0.426515
0.056250, 0.422120
0.043125, 0.415326
0.055625, 0.417890
0.055625, 0.415699
0.053125, 0.000151
0.058125, 0.417644
0.057500, 0.416598
0.046875, 0.418760
0.058125, 0.417254
0.056250, 0.417557
0.061875, 0.419442
0.051875, 0.417520
0.053750, 0.417230
0.056250, 0.417521
0.046875, 0.417875
0.047500, 0.418649
0.044375, 0.566444
0.056875, 0.425913
0.058750, 0.417684
0.053125, 0.416182
0.059375, 0.421205
0.051875, 0.420736

====================================================================
Flow ID: 75 | Shape: (30, 2)
Features: [Size/1600, IAT/0.1]
--------------------------------------------------------------------
0.055000, 0.000000
0.063125, 0.418016
0.058750, 0.418683
0.045000, 0.410923
0.048750, 0.417544
0.054375, 0.417761
0.054375, 0.420077
0.056875, 0.415117
0.056250, 0.417968
0.055000, 0.417611
0.057500, 0.417216
0.055000, 0.416324
0.055625, 0.417350
0.056250, 0.415492
0.051875, 0.416740
0.058125, 0.417159
0.048125, 0.416598
0.049375, 0.418514
0.050000, 0.418289
0.050625, 0.425597
0.050625, 0.417640
0.050000, 0.350165
0.058750, 0.418409
0.049375, 0.421833
0.048125, 0.418548
0.045625, 0.416711
0.054375, 0.418458
0.055000, 0.415131
0.046250, 0.416016
0.049375, 0.416624

====================================================================
Flow ID: 76 | Shape: (30, 2)
Features: [Size/1600, IAT/0.1]
--------------------------------------------------------------------
0.056250, 0.000000
0.047500, 0.410720
0.058125, 0.417742
0.056875, 0.417242
0.046875, 0.413601
0.058125, 0.418679
0.045000, 0.416990
0.059375, 0.413727
0.053125, 0.416089
0.048750, 0.417533
0.056875, 0.419534
0.057500, 0.411671
0.061875, 0.420171
0.056250, 0.419627
0.048125, 0.421072
0.049375, 0.842604
0.056250, 0.419441
0.054375, 0.422967
0.049375, 0.417619
0.044375, 0.417511
0.046875, 0.417446
0.061875, 0.714323
0.059375, 0.417269
0.051250, 0.417212
0.054375, 0.413752
0.055625, 0.417740
0.054375, 0.419802
0.055625, 0.417872
0.055625, 0.413221
0.055625, 0.418377

====================================================================
Flow ID: 77 | Shape: (30, 2)
Features: [Size/1600, IAT/0.1]
--------------------------------------------------------------------
0.057500, 0.000000
0.044375, 0.417150
0.046250, 0.416347
0.056875, 0.417279
0.059375, 0.418807
0.059375, 0.420784
0.055625, 0.409677
0.057500, 0.417095
0.043125, 0.418550
0.055000, 0.418414
0.050000, 0.417802
0.043750, 0.416552
0.057500, 0.417297
0.047500, 0.415896
0.058125, 0.416791
0.058750, 0.102077
0.053750, 0.463656
0.055625, 0.407544
0.045000, 0.417149
0.056250, 0.418521
0.055000, 0.419169
0.050000, 0.412151
0.046875, 0.417432
0.055625, 0.417155
0.043125, 0.417997
0.045625, 0.431426
0.058125, 0.418491
0.058750, 0.416761
0.050000, 0.412329
0.058750, 0.419243

====================================================================
Flow ID: 80 | Shape: (30, 2)
Features: [Size/1600, IAT/0.1]
--------------------------------------------------------------------
0.055000, 0.000000
0.043750, 0.437989
0.045625, 0.418383
0.056250, 0.411823
0.047500, 0.417349
0.048125, 0.417551
0.055000, 0.470188
0.043125, 0.418322
0.056875, 0.401835
0.051875, 0.417622
0.051875, 0.418249
0.056875, 0.424958
0.058125, 0.418208
0.056875, 0.416414
0.045625, 0.420634
0.050625, 0.417069
0.055625, 0.419010
0.045000, 0.420837
0.057500, 0.416945
0.057500, 0.381670
0.048750, 0.405431
0.058750, 0.434424
0.056875, 0.418047
0.050625, 0.417216
0.058125, 0.394421
0.050625, 0.417215
0.047500, 0.419533
0.053750, 0.417151
0.057500, 0.415470
0.056875, 0.417333

====================================================================
Flow ID: 84 | Shape: (30, 2)
Features: [Size/1600, IAT/0.1]
--------------------------------------------------------------------
0.053125, 0.000000
0.056875, 0.417822
0.055625, 0.383721
0.058125, 0.419153
0.046875, 0.413440
0.055000, 0.416903
0.044375, 0.416425
0.056250, 0.418969
0.045625, 0.414148
0.046875, 0.413533
0.052500, 0.416725
0.056875, 0.418073
0.052500, 0.405843
0.057500, 0.414905
0.055625, 0.417459
0.051250, 0.404628
0.058750, 0.000152
0.050000, 0.418118
0.050625, 0.415760
0.055000, 0.417093
0.058750, 0.417887
0.060625, 0.417290
0.055625, 0.416055
0.050000, 0.418139
0.056875, 0.417423
0.055625, 0.419217
0.051875, 0.417049
0.056250, 0.415525
0.043125, 0.416961
0.050000, 0.414563

====================================================================
Flow ID: 85 | Shape: (30, 2)
Features: [Size/1600, IAT/0.1]
--------------------------------------------------------------------
0.055000, 0.000000
0.052500, 0.415828
0.058125, 0.417442
0.055625, 0.418652
0.050000, 0.428767
0.051875, 0.419285
0.053750, 0.417309
0.046875, 0.416264
0.047500, 0.379169
0.059375, 0.417825
0.056875, 0.407886
0.055000, 0.414590
0.044375, 0.415578
0.049375, 0.417927
0.056875, 0.417325
0.057500, 0.418852
0.059375, 0.417576
0.048125, 0.419037
0.046250, 0.384855
0.058125, 0.413390
0.050000, 0.443918
0.057500, 0.420248
0.055000, 0.417477
0.055625, 0.417921
0.048750, 0.426595
0.046875, 0.416834
0.057500, 0.421051
0.045000, 0.436742
0.045000, 0.408668
0.046875, 0.420030

====================================================================
Flow ID: 86 | Shape: (30, 2)
Features: [Size/1600, IAT/0.1]
--------------------------------------------------------------------
0.056250, 0.000000
0.049375, 0.417430
0.055000, 0.407354
0.048125, 0.417994
0.047500, 0.417479
0.048750, 0.429459
0.059375, 0.414089
0.040625, 0.416710
0.058750, 0.417531
0.050000, 0.417397
0.057500, 0.417336
0.053750, 0.420108
0.058750, 0.404106
0.060000, 0.417940
0.055625, 0.415908
0.050625, 0.417336
0.046875, 0.418071
0.055625, 0.416569
0.046250, 0.414511
0.050000, 0.421515
0.046875, 0.417152
0.054375, 0.399300
0.046875, 0.416835
0.041250, 0.419795
0.060000, 0.417490
0.048125, 0.414441
0.050000, 0.419042
0.045000, 0.382786
0.056250, 0.416834
0.045625, 0.416748

====================================================================
Flow ID: 87 | Shape: (30, 2)
Features: [Size/1600, IAT/0.1]
--------------------------------------------------------------------
0.045625, 0.000000
0.049375, 0.418831
0.056250, 0.416398
0.041875, 0.417053
0.051250, 0.417987
0.058750, 0.417803
0.046875, 0.417469
0.048125, 0.417716
0.056250, 0.417204
0.056250, 0.423955
0.057500, 0.416962
0.056250, 0.413390
0.058125, 0.419222
0.047500, 0.485870
0.045625, 0.415835
0.054375, 0.417799
0.049375, 0.409660
0.058125, 0.418551
0.048750, 0.417677
0.056250, 0.416882
0.048125, 0.414048
0.048125, 0.419731
0.044375, 0.419893
0.042500, 0.418143
0.053750, 0.420378
0.058750, 0.428440
0.045000, 0.419905
0.058125, 0.419459
0.060000, 0.417583
0.045000, 0.417634

====================================================================
Flow ID: 92 | Shape: (30, 2)
Features: [Size/1600, IAT/0.1]
--------------------------------------------------------------------
0.059375, 0.000000
0.048750, 0.417992
0.045625, 0.428510
0.050000, 0.407207
0.055000, 0.514134
0.061250, 0.130686
0.052500, 0.417131
0.045000, 0.417264
0.045625, 0.418220
0.058125, 0.417792
0.054375, 0.417727
0.055000, 0.414925
0.057500, 0.418285
0.055625, 0.416218
0.045000, 0.424092
0.056250, 0.417650
0.056875, 0.416492
0.050625, 0.417731
0.057500, 0.419666
0.055000, 0.439880
0.046250, 0.420282
0.045625, 0.416419
0.048750, 0.395563
0.053125, 0.417865
0.061250, 0.417909
0.051250, 0.418005
0.051250, 0.417678
0.055000, 0.419781
0.056875, 0.428971
0.046875, 0.417462

====================================================================
Flow ID: 97 | Shape: (30, 2)
Features: [Size/1600, IAT/0.1]
--------------------------------------------------------------------
0.055000, 0.000000
0.046875, 0.405553
0.045625, 0.417014
0.061250, 0.416147
0.048750, 0.417691
0.058125, 0.416437
0.057500, 0.417782
0.056875, 0.418064
0.060625, 0.417720
0.048750, 0.419955
0.056250, 0.418721
0.058750, 0.401284
0.048750, 0.415092
0.051250, 0.417881
0.060000, 0.417139
0.055625, 0.417002
0.054375, 0.417686
0.046875, 0.419856
0.045625, 0.416892
0.056875, 0.415890
0.045625, 0.417431
0.055625, 0.412545
0.050625, 0.416509
0.048750, 0.423107
0.058750, 0.418962
0.047500, 0.417851
0.053750, 0.417356
0.057500, 0.410980
0.055000, 0.418699
0.053125, 0.417450

====================================================================
Flow ID: 104 | Shape: (30, 2)
Features: [Size/1600, IAT/0.1]
--------------------------------------------------------------------
0.046875, 0.000000
0.049375, 0.537535
0.053750, 0.417205
0.048750, 0.414654
0.053750, 0.421599
0.055625, 0.420643
0.048750, 0.419415
0.045000, 0.460968
0.057500, 0.416304
0.058750, 0.416540
0.045000, 0.417993
0.050625, 0.419939
0.048125, 0.417629
0.047500, 0.417533
0.056250, 0.417698
0.050000, 0.417923
0.051875, 0.418566
0.040625, 0.415242
0.055000, 0.397457
0.058750, 0.000159
0.058750, 0.418568
0.045625, 0.417091
0.054375, 0.414855
0.048125, 0.418160
0.046250, 0.418500
0.047500, 0.415720
0.060000, 0.417652
0.055625, 0.416635
0.056875, 0.417171
0.061875, 0.417445

====================================================================
Flow ID: 107 | Shape: (30, 2)
Features: [Size/1600, IAT/0.1]
--------------------------------------------------------------------
0.058750, 0.000000
0.060000, 0.416650
0.055000, 0.276250
0.059375, 0.418378
0.060625, 0.417447
0.047500, 0.422101
0.050625, 0.416991
0.057500, 0.417282
0.058125, 0.415061
0.055000, 0.416308
0.058125, 0.458276
0.047500, 0.413823
0.055625, 0.427156
0.055625, 0.414839
0.058125, 0.428121
0.057500, 0.414286
0.055625, 0.415154
0.054375, 0.442931
0.060625, 0.415372
0.046250, 0.403381
0.057500, 0.417026
0.046875, 0.419727
0.050000, 0.418700
0.044375, 0.420218
0.055000, 0.417215
0.056250, 0.418374
0.053125, 0.420596
0.055625, 0.418132
0.056250, 0.412450
0.046875, 0.396839

====================================================================
Flow ID: 115 | Shape: (30, 2)
Features: [Size/1600, IAT/0.1]
--------------------------------------------------------------------
0.046250, 0.000000
0.050000, 0.416590
0.056875, 0.417267
0.051875, 0.421104
0.045000, 0.420528
0.056875, 0.422852
0.045000, 0.513044
0.060625, 0.417130
0.053750, 0.425963
0.057500, 0.418686
0.049375, 0.406168
0.046250, 0.425558
0.056875, 0.419611
0.060000, 0.381037
0.052500, 0.417634
0.058750, 0.417641
0.056875, 0.620196
0.055000, 0.418550
0.048750, 0.418380
0.058750, 0.418261
0.049375, 0.418908
0.060000, 0.420237
0.056250, 0.416990
0.056875, 0.422812
0.057500, 0.412983
0.050625, 0.416967
0.056250, 0.419127
0.057500, 0.417836
0.059375, 0.419075
0.055625, 0.418021

====================================================================
Flow ID: 120 | Shape: (30, 2)
Features: [Size/1600, IAT/0.1]
--------------------------------------------------------------------
0.055625, 0.000000
0.048750, 0.417891
0.049375, 0.414626
0.055000, 0.417168
0.040625, 0.418138
0.058125, 0.417562
0.060000, 0.422314
0.055625, 0.417925
0.050625, 0.418580
0.045625, 0.417225
0.055625, 0.418979
0.046250, 0.416642
0.046875, 0.417131
0.055625, 0.423653
0.060000, 0.416239
0.045000, 0.416464
0.057500, 0.422062
0.057500, 0.418313
0.056875, 0.407317
0.059375, 0.417696
0.058125, 0.412349
0.047500, 0.418839
0.056875, 0.418304
0.045625, 0.417951
0.058125, 0.421494
0.052500, 0.403567
0.058750, 0.418278
0.046250, 0.395588
0.043750, 0.437491
0.059375, 0.417928

====================================================================
Flow ID: 121 | Shape: (30, 2)
Features: [Size/1600, IAT/0.1]
--------------------------------------------------------------------
0.056875, 0.000000
0.050625, 0.728325
0.045000, 0.418033
0.058125, 0.414830
0.048125, 0.414578
0.047500, 0.416925
0.053750, 0.429734
0.045625, 0.417562
0.055000, 0.418386
0.056875, 0.417514
0.046250, 0.424810
0.043125, 0.419437
0.060000, 0.419507
0.045625, 0.417834
0.053750, 0.416410
0.050625, 0.418139
0.055625, 0.417440
0.055625, 0.418226
0.056250, 0.417683
0.045000, 0.417065
0.056250, 0.416647
0.057500, 0.385421
0.053750, 0.417900
0.048125, 0.419775
0.046875, 0.417377
0.048750, 0.408571
0.046875, 0.417149
0.060000, 0.419777
0.041875, 0.419969
0.057500, 0.417807

====================================================================
Flow ID: 122 | Shape: (30, 2)
Features: [Size/1600, IAT/0.1]
--------------------------------------------------------------------
0.043125, 0.000000
0.048125, 0.417884
0.055625, 0.418178
0.055000, 0.412225
0.046875, 0.418635
0.053125, 0.415772
0.053125, 0.416227
0.053750, 0.427353
0.048750, 0.416544
0.052500, 0.417058
0.058125, 0.418495
0.058750, 0.417760
0.054375, 0.417296
0.043125, 0.418477
0.055625, 0.409964
0.047500, 0.411777
0.056250, 0.418079
0.059375, 0.401477
0.058750, 0.417050
0.058750, 0.417219
0.052500, 0.418084
0.053125, 0.418578
0.060625, 0.411208
0.056875, 0.417436
0.056875, 0.412155
0.056875, 0.415430
0.057500, 0.335833
0.045625, 0.414830
0.050625, 0.417067
0.046250, 0.429821

====================================================================
Flow ID: 123 | Shape: (30, 2)
Features: [Size/1600, IAT/0.1]
--------------------------------------------------------------------
0.041875, 0.000000
0.046250, 0.382070
0.057500, 0.418190
0.060625, 0.429827
0.058750, 0.417021
0.048125, 0.422346
0.057500, 0.416935
0.048125, 0.000137
0.050000, 0.417490
0.045625, 0.417333
0.057500, 0.415052
0.058125, 0.416738
0.056250, 0.414879
0.048125, 0.482586
0.059375, 0.414278
0.046250, 0.418436
0.057500, 0.416870
0.055625, 0.417388
0.047500, 0.417503
0.056875, 0.419484
0.048750, 0.417268
0.055625, 0.416249
0.046250, 0.418260
0.054375, 0.417502
0.046875, 0.418103
0.049375, 0.417390
0.055000, 0.415070
0.057500, 0.415670
0.055625, 0.411214
0.060000, 0.417612

====================================================================
Flow ID: 125 | Shape: (30, 2)
Features: [Size/1600, IAT/0.1]
--------------------------------------------------------------------
0.053125, 0.000000
0.055625, 0.417864
0.055000, 0.416491
0.051250, 0.000185
0.045000, 0.415696
0.051250, 0.418160
0.055000, 0.422600
0.041875, 0.412996
0.047500, 0.420159
0.058125, 0.414807
0.050000, 0.416437
0.047500, 0.418759
0.058750, 0.417424
0.060000, 0.413320
0.048125, 0.417467
0.058125, 0.416920
0.048750, 0.417426
0.056250, 0.416502
0.050000, 0.422785
0.047500, 0.418381
0.051875, 0.418662
0.060000, 0.411225
0.053125, 0.524798
0.052500, 0.427597
0.046875, 0.416798
0.055000, 0.410401
0.056250, 0.407636
0.059375, 0.418262
0.043750, 0.416878
0.048125, 0.419817

====================================================================
Flow ID: 126 | Shape: (30, 2)
Features: [Size/1600, IAT/0.1]
--------------------------------------------------------------------
0.049375, 0.000000
0.044375, 0.423572
0.056875, 0.411826
0.046250, 0.416175
0.055000, 0.417927
0.046250, 0.416150
0.045625, 0.418420
0.056250, 0.417001
0.053125, 0.418529
0.060000, 0.419123
0.048750, 0.418868
0.050000, 0.417089
0.049375, 0.418091
0.061250, 0.417314
0.054375, 0.390676
0.055625, 0.417878
0.056250, 0.416336
0.056875, 0.417470
0.046875, 0.422289
0.059375, 0.417343
0.046875, 0.417542
0.041875, 0.415738
0.056875, 0.420641
0.058125, 0.417590
0.060000, 0.417690
0.053750, 0.415222
0.059375, 0.418404
0.059375, 0.413330
0.059375, 0.417937
0.056875, 0.418618

====================================================================
Flow ID: 128 | Shape: (30, 2)
Features: [Size/1600, IAT/0.1]
--------------------------------------------------------------------
0.038750, 0.000000
0.053750, 0.414199
0.057500, 0.410807
0.048750, 0.416865
0.047500, 0.318010
0.053750, 0.415453
0.059375, 0.416588
0.053750, 0.417199
0.059375, 0.442894
0.059375, 0.425827
0.041250, 0.412981
0.057500, 0.416836
0.059375, 0.401732
0.060000, 0.417098
0.055625, 0.418787
0.054375, 0.418913
0.048125, 0.418404
0.057500, 0.417323
0.050000, 0.421029
0.056250, 0.416051
0.043125, 0.427702
0.057500, 0.419254
0.057500, 0.416038
0.057500, 0.420230
0.056875, 0.420276
0.051875, 0.399814
0.054375, 0.416940
0.046875, 0.420209
0.054375, 0.400373
0.058125, 0.414409

====================================================================
Flow ID: 1 | Shape: (30, 2)
Features: [Size/1600, IAT/0.1]
--------------------------------------------------------------------
0.051250, 0.000000
0.054375, 0.419993
0.058750, 0.415901
0.055000, 0.418936
0.057500, 0.416181
0.055625, 0.463485
0.055000, 0.420630
0.056250, 0.417692
0.058750, 0.332022
0.048125, 0.548102
0.055625, 0.449065
0.046250, 0.405463
0.046875, 0.450799
0.053125, 0.417081
0.048125, 0.415291
0.057500, 0.420862
0.047500, 0.416032
0.048125, 0.419299
0.055625, 0.418895
0.053750, 0.421321
0.053750, 0.423144
0.058125, 0.417311
0.056250, 0.415740
0.045000, 0.418762
0.056250, 0.418527
0.058750, 0.407025
0.054375, 0.421319
0.058750, 0.412816
0.050000, 0.416115
0.062500, 1.000000

====================================================================
Flow ID: 5 | Shape: (30, 2)
Features: [Size/1600, IAT/0.1]
--------------------------------------------------------------------
0.055000, 0.000000
0.046875, 0.418016
0.047500, 0.417253
0.044375, 0.416181
0.057500, 0.426725
0.051250, 0.417232
0.056250, 0.418632
0.057500, 0.417136
0.054375, 0.417166
0.055625, 0.418047
0.051875, 0.417624
0.049375, 0.417440
0.056250, 0.420651
0.055000, 0.462528
0.051250, 0.416911
0.057500, 0.416991
0.058125, 0.418335
0.058750, 0.417111
0.056250, 0.409304
0.057500, 0.416530
0.051875, 0.423326
0.058750, 0.415869
0.048750, 0.418271
0.045625, 0.419526
0.050625, 0.417902
0.054375, 0.417113
0.061875, 0.418631
0.051250, 0.423066
0.044375, 0.417141
0.043750, 0.401978

====================================================================
Flow ID: 7 | Shape: (30, 2)
Features: [Size/1600, IAT/0.1]
--------------------------------------------------------------------
0.060625, 0.000000
0.047500, 0.410460
0.058750, 0.415807
0.054375, 0.418127
0.055625, 0.417371
0.058125, 0.419620
0.057500, 0.413711
0.056250, 0.417770
0.056250, 0.417064
0.053750, 0.417389
0.056875, 0.418349
0.055000, 0.416326
0.049375, 0.425731
0.054375, 0.418342
0.058750, 0.410039
0.051875, 0.421001
0.048750, 0.421758
0.046875, 0.416899
0.055625, 0.418506
0.046875, 0.420315
0.055000, 0.411007
0.055000, 0.428481
0.055000, 0.526789
0.056875, 0.415381
0.055625, 0.404084
0.056250, 0.417294
0.056875, 0.418371
0.048125, 0.417184
0.057500, 0.415835
0.055625, 0.417666

====================================================================
Flow ID: 8 | Shape: (30, 2)
Features: [Size/1600, IAT/0.1]
--------------------------------------------------------------------
0.048125, 0.000000
0.051250, 0.399861
0.045625, 0.402382
0.047500, 0.416709
0.055625, 0.414685
0.046250, 0.425251
0.060000, 0.416557
0.041250, 0.423042
0.056250, 0.417233
0.047500, 0.415447
0.062500, 0.409900
0.053125, 0.419373
0.056875, 0.417883
0.045000, 0.415336
0.046875, 0.418036
0.057500, 0.417331
0.046875, 0.421964
0.043750, 0.420278
0.059375, 0.420674
0.055000, 0.415456
0.055000, 0.411859
0.042500, 0.418354
0.050625, 0.414011
0.048750, 0.418172
0.045000, 0.417800
0.060000, 0.415396
0.056250, 0.417842
0.041875, 0.423732
0.050000, 0.417176
0.046875, 0.418388

====================================================================
Flow ID: 9 | Shape: (30, 2)
Features: [Size/1600, IAT/0.1]
--------------------------------------------------------------------
0.047500, 0.000000
0.061250, 0.386859
0.050625, 0.417139
0.046875, 0.417770
0.047500, 0.417448
0.059375, 0.508420
0.055000, 0.453478
0.049375, 0.416657
0.049375, 0.476781
0.049375, 0.416720
0.058125, 0.421894
0.045000, 0.417648
0.053125, 0.416492
0.050625, 0.419423
0.060000, 0.417353
0.055625, 0.420575
0.058750, 0.408422
0.060000, 0.437714
0.057500, 0.417300
0.046875, 0.412745
0.059375, 0.442155
0.058125, 0.414926
0.045625, 0.423390
0.055625, 0.422258
0.051250, 0.417673
0.059375, 0.415215
0.051875, 0.420324
0.053125, 0.417947
0.061250, 0.419607
0.048750, 0.406291

====================================================================
Flow ID: 11 | Shape: (30, 2)
Features: [Size/1600, IAT/0.1]
--------------------------------------------------------------------
0.049375, 0.000000
0.057500, 0.413384
0.056875, 0.418483
0.058125, 0.422190
0.058125, 0.426796
0.045000, 0.411886
0.051250, 0.417368
0.059375, 0.417646
0.058750, 0.418439
0.060625, 0.416626
0.048750, 0.418121
0.046875, 0.418673
0.056250, 0.409152
0.061250, 0.417800
0.059375, 0.416022
0.051250, 0.418967
0.058125, 0.406162
0.057500, 0.416800
0.045625, 0.416647
0.056250, 0.455079
0.053125, 0.417313
0.058750, 0.416743
0.049375, 0.426679
0.058125, 0.000158
0.045000, 0.418432
0.059375, 0.419252
0.053125, 0.409279
0.050625, 0.417954
0.056875, 0.417977
0.051250, 0.417839

====================================================================
Flow ID: 14 | Shape: (30, 2)
Features: [Size/1600, IAT/0.1]
--------------------------------------------------------------------
0.051875, 0.000000
0.047500, 0.418345
0.053125, 0.417946
0.057500, 0.424090
0.045000, 0.412419
0.045625, 0.417452
0.055000, 0.419383
0.046250, 0.417750
0.056875, 0.416945
0.051250, 0.413108
0.058125, 0.421061
0.053125, 0.418008
0.056250, 0.417344
0.060625, 0.421147
0.058125, 0.417408
0.055625, 0.416432
0.058125, 0.419490
0.057500, 0.414906
0.055625, 0.406808
0.060625, 0.413434
0.055625, 0.417440
0.058750, 0.417857
0.053750, 0.418134
0.057500, 0.417477
0.055000, 0.418371
0.050000, 0.419861
0.057500, 0.417833
0.048125, 0.413453
0.047500, 0.415574
0.050000, 0.414741

====================================================================
Flow ID: 19 | Shape: (30, 2)
Features: [Size/1600, IAT/0.1]
--------------------------------------------------------------------
0.055625, 0.000000
0.055000, 0.418126
0.058750, 0.415195
0.058125, 0.417101
0.048125, 0.417862
0.050625, 0.417685
0.046875, 0.417819
0.057500, 0.414995
0.060000, 0.418371
0.056250, 0.418207
0.046250, 0.403623
0.053125, 0.421954
0.058125, 0.422896
0.058750, 0.415462
0.056875, 0.417799
0.050625, 0.424687
0.048125, 0.417787
0.060625, 0.414910
0.045000, 0.415098
0.056875, 0.420740
0.055000, 0.418275
0.055625, 0.413416
0.047500, 0.416434
0.055625, 0.416772
0.054375, 0.463304
0.058125, 0.418050
0.055625, 0.417722
0.059375, 0.415752
0.060625, 0.416005
0.056250, 0.418518

====================================================================
Flow ID: 20 | Shape: (30, 2)
Features: [Size/1600, IAT/0.1]
--------------------------------------------------------------------
0.063125, 0.000000
0.046250, 0.416751
0.048125, 0.421081
0.059375, 0.416385
0.055625, 0.422437
0.048125, 0.417117
0.055000, 0.417493
0.045000, 0.416137
0.054375, 0.416235
0.049375, 0.416218
0.050000, 0.416315
0.049375, 0.418824
0.061875, 0.420594
0.055625, 0.418465
0.039375, 0.417530
0.042500, 0.423795
0.056875, 0.417477
0.047500, 0.417713
0.054375, 0.418449
0.061875, 0.424025
0.057500, 0.415748
0.057500, 0.154725
0.046875, 0.427718
0.061250, 0.418046
0.056875, 0.360752
0.055000, 0.414971
0.059375, 0.415668
0.046875, 0.334307
0.056250, 0.417472
0.045625, 0.420595

====================================================================
Flow ID: 22 | Shape: (30, 2)
Features: [Size/1600, IAT/0.1]
--------------------------------------------------------------------
0.053750, 0.000000
0.048750, 0.412162
0.048125, 0.416313
0.058750, 0.417143
0.049375, 0.416554
0.055625, 0.418400
0.055000, 0.417331
0.055000, 0.417038
0.054375, 0.416898
0.058125, 0.416497
0.058750, 0.424770
0.056875, 0.418196
0.060000, 0.419336
0.061250, 0.423964
0.046875, 0.417732
0.042500, 0.417125
0.046250, 0.430984
0.055000, 0.418625
0.056250, 0.416238
0.047500, 0.415665
0.047500, 0.416410
0.055625, 0.421651
0.056250, 0.417086
0.045000, 0.416112
0.055000, 0.415083
0.062500, 0.420010
0.061875, 0.417496
0.057500, 0.417612
0.056250, 0.413561
0.061250, 0.418160

====================================================================
Flow ID: 23 | Shape: (30, 2)
Features: [Size/1600, IAT/0.1]
--------------------------------------------------------------------
0.055625, 0.000000
0.056250, 0.416873
0.056250, 0.416800
0.058750, 0.417583
0.057500, 0.415540
0.055625, 0.419106
0.055000, 0.425059
0.056875, 0.419853
0.056250, 0.417802
0.048125, 0.417788
0.060000, 0.417281
0.055625, 0.418236
0.062500, 0.417680
0.058750, 0.419646
0.052500, 0.418961
0.048125, 0.430580
0.053125, 0.417660
0.056875, 0.418007
0.054375, 0.416108
0.056875, 0.416734
0.046875, 0.418211
0.047500, 0.418256
0.060000, 0.418341
0.051250, 0.418691
0.056875, 0.416037
0.041250, 0.415264
0.045000, 0.406848
0.055625, 0.416102
0.045000, 0.413786
0.056250, 0.417851

====================================================================
Flow ID: 30 | Shape: (30, 2)
Features: [Size/1600, IAT/0.1]
--------------------------------------------------------------------
0.058750, 0.000000
0.058125, 0.419750
0.055625, 0.416839
0.044375, 0.418068
0.058125, 0.416773
0.054375, 0.416703
0.044375, 0.421335
0.057500, 0.418156
0.045000, 0.418075
0.056875, 0.414930
0.053750, 0.415271
0.058750, 0.416873
0.055000, 0.417662
0.056250, 0.417384
0.056250, 0.417903
0.057500, 0.414943
0.056875, 0.423253
0.046875, 0.419383
0.053750, 0.417987
0.046875, 0.417975
0.046875, 0.417699
0.060000, 0.418154
0.055625, 0.416998
0.055625, 0.416094
0.055625, 0.437226
0.049375, 0.417611
0.055625, 0.417216
0.053750, 0.416754
0.057500, 0.413300
0.058125, 0.419613

====================================================================
Flow ID: 38 | Shape: (30, 2)
Features: [Size/1600, IAT/0.1]
--------------------------------------------------------------------
0.043125, 0.000000
0.056875, 0.415374
0.055000, 0.415221
0.049375, 0.407866
0.044375, 0.420508
0.049375, 0.457408
0.055000, 0.416018
0.058750, 0.417796
0.055625, 0.426823
0.055625, 0.419974
0.060000, 0.414833
0.051250, 0.422110
0.050000, 0.389241
0.058125, 0.418112
0.060000, 0.415895
0.055000, 0.419637
0.047500, 0.415853
0.055625, 0.418829
0.043750, 0.589212
0.049375, 0.418589
0.058125, 0.420162
0.055625, 0.414592
0.052500, 0.418976
0.054375, 0.442233
0.055000, 0.417427
0.059375, 0.416251
0.056875, 0.418253
0.060625, 0.418718
0.052500, 0.419788
0.059375, 0.418773

====================================================================
Flow ID: 39 | Shape: (30, 2)
Features: [Size/1600, IAT/0.1]
--------------------------------------------------------------------
0.056875, 0.000000
0.060000, 0.420691
0.054375, 0.413843
0.059375, 0.414777
0.045000, 0.417553
0.056875, 0.416391
0.053125, 0.421655
0.048750, 0.417939
0.058125, 0.411419
0.048750, 0.418235
0.048125, 0.416454
0.057500, 0.421742
0.055000, 0.395175
0.058125, 0.432205
0.058125, 0.405632
0.047500, 0.419586
0.055000, 0.416725
0.056875, 0.417590
0.057500, 0.415894
0.058125, 0.412889
0.056875, 0.416467
0.047500, 0.419177
0.053125, 0.418447
0.058125, 0.418014
0.056250, 0.418854
0.056250, 0.415425
0.060000, 0.431598
0.048125, 0.416085
0.052500, 0.416522
0.055000, 0.418195

====================================================================
Flow ID: 48 | Shape: (30, 2)
Features: [Size/1600, IAT/0.1]
--------------------------------------------------------------------
0.061875, 0.000000
0.056875, 0.417563
0.057500, 0.416884
0.057500, 0.418799
0.056250, 0.422138
0.059375, 0.414542
0.046250, 0.415207
0.056250, 0.415341
0.055000, 0.417373
0.056250, 0.417076
0.051250, 0.417690
0.056250, 0.417143
0.058125, 0.414042
0.055000, 0.417417
0.058750, 0.457228
0.055000, 0.418361
0.058125, 0.325236
0.058750, 0.422119
0.046875, 0.416671
0.058750, 0.417721
0.054375, 0.379490
0.057500, 0.415444
0.055000, 0.416988
0.057500, 0.420172
0.060000, 0.418506
0.056875, 0.417749
0.057500, 0.417293
0.058125, 0.415549
0.056875, 0.416740
0.050000, 0.419015

====================================================================
Flow ID: 55 | Shape: (30, 2)
Features: [Size/1600, IAT/0.1]
--------------------------------------------------------------------
0.053750, 0.000000
0.058125, 0.418772
0.048125, 0.429732
0.055625, 0.415586
0.061250, 0.432918
0.061250, 0.418359
0.057500, 0.419427
0.048750, 0.419236
0.054375, 0.416610
0.050625, 0.417180
0.055625, 0.416270
0.059375, 0.421500
0.055625, 0.423927
0.043750, 0.415383
0.056250, 0.418474
0.061250, 0.416879
0.043125, 0.424752
0.055000, 0.416487
0.049375, 0.416647
0.053750, 0.430268
0.055625, 0.495216
0.056875, 0.421944
0.045000, 0.418536
0.057500, 0.417570
0.054375, 0.416645
0.055625, 0.422496
0.047500, 0.417039
0.061875, 0.416991
0.054375, 0.420528
0.059375, 0.417962

====================================================================
Flow ID: 59 | Shape: (30, 2)
Features: [Size/1600, IAT/0.1]
--------------------------------------------------------------------
0.052500, 0.000000
0.046875, 0.418607
0.057500, 0.418213
0.057500, 0.418180
0.053750, 0.417794
0.060625, 0.418654
0.058750, 0.418115
0.054375, 0.416783
0.043125, 0.418854
0.045000, 0.420669
0.051250, 0.416963
0.056875, 0.417652
0.045000, 0.418049
0.058750, 0.417604
0.055625, 0.000166
0.055625, 0.416910
0.055000, 0.384191
0.044375, 0.417459
0.046875, 0.419602
0.043125, 0.419783
0.056875, 0.423324
0.060000, 0.000148
0.049375, 0.417661
0.057500, 0.425029
0.050625, 0.429180
0.055000, 0.411869
0.056250, 0.418597
0.048750, 0.416778
0.055625, 0.424022
0.046250, 0.417923

====================================================================
Flow ID: 60 | Shape: (30, 2)
Features: [Size/1600, IAT/0.1]
--------------------------------------------------------------------
0.055000, 0.000000
0.057500, 0.415333
0.052500, 0.419580
0.045000, 0.418631
0.058750, 0.417229
0.051875, 0.417856
0.055000, 0.403415
0.055625, 0.384930
0.047500, 0.416757
0.049375, 0.418236
0.053125, 0.418199
0.056250, 0.969551
0.056875, 0.419884
0.048750, 0.416506
0.047500, 0.416622
0.046250, 0.418740
0.056250, 0.418202
0.056250, 0.417934
0.058125, 0.419165
0.055625, 0.420605
0.058750, 0.418583
0.057500, 0.417840
0.046875, 0.417890
0.055625, 0.416102
0.058125, 0.325373
0.057500, 0.414812
0.045000, 0.417111
0.057500, 0.414636
0.058125, 0.417756
0.051875, 0.389593

====================================================================
Flow ID: 61 | Shape: (30, 2)
Features: [Size/1600, IAT/0.1]
--------------------------------------------------------------------
0.060000, 0.000000
0.044375, 0.415991
0.045625, 0.418111
0.055000, 0.416116
0.050000, 0.418890
0.040000, 0.417256
0.057500, 0.419813
0.057500, 0.417849
0.058750, 0.410949
0.048125, 0.427318
0.046875, 0.418470
0.045000, 0.418853
0.055625, 0.416967
0.055625, 0.420249
0.058125, 0.417462
0.059375, 0.417597
0.048750, 0.413245
0.056250, 0.418116
0.048750, 0.414690
0.054375, 0.415747
0.058125, 0.418102
0.057500, 0.417541
0.051875, 0.417668
0.046875, 0.421792
0.057500, 0.418247
0.046250, 0.419079
0.051250, 0.395982
0.048750, 0.416866
0.041875, 0.416382
0.046875, 0.409551

====================================================================
Flow ID: 63 | Shape: (30, 2)
Features: [Size/1600, IAT/0.1]
--------------------------------------------------------------------
0.045000, 0.000000
0.055000, 0.418701
0.057500, 0.415606
0.048750, 0.416281
0.047500, 0.417831
0.046875, 0.419722
0.049375, 0.422662
0.059375, 0.421891
0.058750, 0.413843
0.058750, 0.414986
0.049375, 0.413646
0.056875, 0.418311
0.058125, 0.411376
0.057500, 0.416011
0.056875, 0.416934
0.053750, 0.419386
0.054375, 0.419658
0.052500, 0.404518
0.048750, 0.418889
0.055625, 0.417164
0.056875, 0.414445
0.058750, 0.416293
0.058125, 0.416621
0.057500, 0.417811
0.056875, 0.415938
0.058750, 0.413815
0.060000, 0.400125
0.048750, 0.416943
0.053125, 0.418119
0.059375, 0.419128

====================================================================
Flow ID: 72 | Shape: (30, 2)
Features: [Size/1600, IAT/0.1]
--------------------------------------------------------------------
0.045625, 0.000000
0.059375, 0.415396
0.050000, 0.419321
0.048750, 0.415942
0.056250, 0.417935
0.055000, 0.418235
0.050000, 0.416956
0.056250, 0.418287
0.044375, 0.416999
0.048125, 0.416734
0.056250, 0.427824
0.058125, 0.415275
0.056875, 0.414392
0.050625, 0.415580
0.045000, 0.475894
0.059375, 0.418108
0.045000, 0.418086
0.056250, 0.415920
0.047500, 0.418062
0.055000, 0.212066
0.049375, 0.420690
0.053125, 0.419623
0.052500, 0.419486
0.053750, 0.415430
0.058125, 0.152823
0.045000, 0.426750
0.053125, 0.417432
0.043125, 0.420620
0.053750, 0.418088
0.060000, 0.419509

====================================================================
Flow ID: 75 | Shape: (30, 2)
Features: [Size/1600, IAT/0.1]
--------------------------------------------------------------------
0.053125, 0.000000
0.055625, 0.418259
0.051875, 0.439233
0.052500, 0.416402
0.056250, 0.438713
0.045000, 0.418307
0.058750, 0.417829
0.060625, 0.417820
0.060625, 0.417931
0.043125, 0.421128
0.049375, 0.418680
0.058125, 0.417849
0.060000, 0.417274
0.050625, 0.426077
0.060000, 0.415662
0.054375, 0.418301
0.060000, 0.417520
0.058125, 0.417455
0.055625, 0.417073
0.058125, 0.417335
0.054375, 0.416909
0.045000, 0.418262
0.046250, 0.404674
0.058750, 0.423111
0.053125, 0.419824
0.046875, 0.419410
0.058125, 0.417172
0.056250, 0.418064
0.050000, 0.420160
0.052500, 0.412982

====================================================================
Flow ID: 76 | Shape: (30, 2)
Features: [Size/1600, IAT/0.1]
--------------------------------------------------------------------
0.049375, 0.000000
0.045625, 0.418870
0.058750, 0.417012
0.049375, 0.417583
0.058125, 0.417895
0.056250, 0.417565
0.046875, 0.417381
0.048750, 0.415807
0.051875, 0.447738
0.060625, 0.416853
0.058125, 0.418043
0.044375, 0.413089
0.056250, 0.417525
0.058125, 0.418070
0.050000, 0.417161
0.054375, 0.417039
0.057500, 0.418182
0.059375, 0.418114
0.057500, 0.416757
0.047500, 0.415067
0.061875, 0.417159
0.060000, 0.416770
0.046250, 0.420940
0.055000, 0.417949
0.055000, 0.425169
0.045625, 0.417351
0.055625, 0.421583
0.047500, 0.414135
0.050625, 0.419784
0.058750, 0.416738

====================================================================
Flow ID: 79 | Shape: (30, 2)
Features: [Size/1600, IAT/0.1]
--------------------------------------------------------------------
0.061875, 0.000000
0.056875, 0.417355
0.053750, 0.417070
0.043750, 0.422000
0.058750, 0.411432
0.045625, 0.422167
0.057500, 0.676901
0.055625, 0.417689
0.056250, 0.417065
0.055625, 0.388235
0.058125, 0.077309
0.048125, 0.485939
0.058750, 0.416260
0.048125, 0.426539
0.051875, 0.416831
0.059375, 0.420479
0.051875, 0.418163
0.051875, 0.421688
0.056250, 0.443851
0.061875, 0.422285
0.060000, 0.417783
0.048750, 0.425466
0.058125, 0.408797
0.058750, 0.413803
0.048125, 0.418397
0.048125, 0.417482
0.060000, 0.417578
0.045625, 0.418317
0.047500, 0.443222
0.059375, 0.414766

====================================================================
Flow ID: 80 | Shape: (30, 2)
Features: [Size/1600, IAT/0.1]
--------------------------------------------------------------------
0.057500, 0.000000
0.053125, 0.418532
0.045000, 0.431848
0.055000, 0.312924
0.058125, 1.000000
0.048750, 0.417555
0.055000, 0.417077
0.048750, 0.419164
0.054375, 0.412439
0.045000, 0.379305
0.057500, 0.419119
0.044375, 0.420764
0.047500, 0.419449
0.046250, 0.418986
0.047500, 0.431358
0.058125, 0.417724
0.046875, 0.535846
0.050000, 0.417482
0.043125, 0.417279
0.047500, 0.415709
0.058750, 0.418458
0.056875, 0.418823
0.049375, 0.416618
0.058125, 0.418864
0.057500, 0.411911
0.051250, 0.411288
0.058750, 0.417944
0.050625, 0.375164
0.053750, 0.413998
0.056250, 0.419165

====================================================================
Flow ID: 82 | Shape: (30, 2)
Features: [Size/1600, IAT/0.1]
--------------------------------------------------------------------
0.050625, 0.000000
0.055625, 0.411702
0.056250, 0.412120
0.054375, 0.416290
0.060625, 0.416100
0.055625, 0.414890
0.040625, 0.417137
0.058750, 0.420039
0.048750, 0.416988
0.051250, 0.417255
0.059375, 0.418259
0.058750, 0.593594
0.053750, 0.417283
0.046875, 0.398313
0.050000, 0.416311
0.058125, 0.417367
0.052500, 0.416464
0.050000, 0.417096
0.057500, 0.420280
0.053125, 0.418468
0.058750, 0.417458
0.053750, 0.412721
0.058750, 0.417972
0.050625, 0.417392
0.056250, 0.414679
0.049375, 0.417460
0.051875, 0.434697
0.060625, 0.419580
0.048750, 0.415851
0.048125, 0.378276

====================================================================
Flow ID: 83 | Shape: (30, 2)
Features: [Size/1600, IAT/0.1]
--------------------------------------------------------------------
0.047500, 0.000000
0.058750, 0.417637
0.046875, 0.424479
0.055000, 0.396101
0.050625, 0.415898
0.058125, 0.498766
0.056875, 0.419225
0.051250, 0.410515
0.057500, 0.418859
0.057500, 0.418348
0.044375, 0.416925
0.055000, 0.416696
0.048125, 0.415365
0.052500, 0.416258
0.055000, 0.417374
0.059375, 0.407491
0.056875, 0.412977
0.048750, 0.431929
0.059375, 0.409650
0.052500, 0.417485
0.055625, 0.416862
0.058750, 0.418088
0.055625, 0.415308
0.050000, 0.418960
0.058125, 0.382740
0.060000, 0.417635
0.053750, 0.416834
0.057500, 0.417553
0.057500, 0.416493
0.046250, 0.417570

====================================================================
Flow ID: 84 | Shape: (30, 2)
Features: [Size/1600, IAT/0.1]
--------------------------------------------------------------------
0.053750, 0.000000
0.057500, 0.417812
0.047500, 0.415465
0.058750, 0.417435
0.053750, 0.417461
0.061250, 0.416345
0.045000, 0.416958
0.055625, 0.417399
0.058750, 0.410979
0.054375, 0.416868
0.050625, 0.417302
0.050000, 0.424812
0.056875, 0.419798
0.056875, 0.417361
0.048750, 0.417324
0.056875, 0.417315
0.059375, 0.416790
0.060625, 0.416731
0.048125, 0.426407
0.042500, 0.417250
0.058125, 0.417756
0.048125, 0.416450
0.050625, 0.431148
0.050000, 0.413723
0.053125, 0.341166
0.056250, 0.415357
0.051875, 0.422177
0.063125, 0.418359
0.055625, 0.417304
0.056875, 0.417608

====================================================================
Flow ID: 89 | Shape: (30, 2)
Features: [Size/1600, IAT/0.1]
--------------------------------------------------------------------
0.056250, 0.000000
0.056875, 0.416145
0.056250, 0.417612
0.056250, 0.435995
0.055625, 0.417901
0.058125, 0.418148
0.054375, 0.418370
0.054375, 0.416620
0.059375, 0.717382
0.055625, 0.419012
0.053125, 0.417950
0.041875, 0.411386
0.060000, 0.497930
0.056875, 0.417167
0.056250, 0.420364
0.058750, 0.419588
0.056875, 0.417091
0.056875, 0.417483
0.057500, 0.419383
0.055625, 0.402100
0.048750, 0.417559
0.062500, 0.407215
0.060000, 0.417565
0.054375, 0.418091
0.047500, 0.414931
0.046250, 0.398535
0.049375, 0.361361
0.052500, 0.417092
0.045625, 0.418649
0.057500, 0.417394

====================================================================
Flow ID: 93 | Shape: (30, 2)
Features: [Size/1600, IAT/0.1]
--------------------------------------------------------------------
0.058125, 0.000000
0.048125, 0.414880
0.055625, 0.416808
0.056250, 0.418298
0.054375, 0.416994
0.049375, 0.437722
0.056250, 0.415481
0.054375, 0.418848
0.050000, 0.419160
0.057500, 0.416113
0.056250, 0.438691
0.060000, 0.414796
0.058750, 0.418345
0.048750, 0.419340
0.053125, 0.417591
0.056875, 0.418551
0.054375, 0.416788
0.058750, 0.417233
0.053125, 0.418898
0.058125, 0.415328
0.055625, 0.416859
0.057500, 0.417789
0.053750, 0.419159
0.058750, 0.417096
0.055000, 0.420453
0.061250, 0.417123
0.045000, 0.417025
0.055625, 0.421585
0.054375, 0.414928
0.056875, 0.418534

====================================================================
Flow ID: 95 | Shape: (30, 2)
Features: [Size/1600, IAT/0.1]
--------------------------------------------------------------------
0.058750, 0.000000
0.049375, 0.417691
0.055625, 0.418273
0.058750, 0.417621
0.056875, 0.418466
0.050000, 0.612962
0.056250, 0.412559
0.059375, 0.417019
0.046250, 0.416283
0.053125, 0.414801
0.046875, 0.402793
0.057500, 0.416563
0.049375, 0.417322
0.046250, 0.420502
0.059375, 0.437490
0.054375, 0.417966
0.047500, 0.416865
0.053750, 0.325543
0.047500, 0.418309
0.048750, 0.418289
0.054375, 0.535555
0.056875, 0.419677
0.060625, 0.418576
0.052500, 0.416006
0.053750, 0.420104
0.042500, 0.417461
0.045000, 0.418572
0.056250, 0.398726
0.054375, 0.416886
0.058125, 0.417489

====================================================================
Flow ID: 98 | Shape: (30, 2)
Features: [Size/1600, IAT/0.1]
--------------------------------------------------------------------
0.053125, 0.000000
0.057500, 0.416652
0.053125, 0.413581
0.047500, 0.418489
0.058750, 0.416524
0.054375, 0.418062
0.056250, 0.899594
0.047500, 0.415305
0.046875, 0.419198
0.058125, 0.415146
0.060000, 0.422713
0.047500, 0.418398
0.044375, 0.408667
0.049375, 0.417379
0.050000, 0.417920
0.061250, 0.416847
0.047500, 0.416172
0.055000, 0.413968
0.056875, 0.417585
0.050000, 0.416969
0.058750, 0.418132
0.049375, 0.417520
0.046875, 0.416518
0.056250, 0.418052
0.051875, 0.431294
0.053750, 0.413534
0.056875, 0.419971
0.051250, 0.418256
0.058125, 0.417543
0.049375, 0.419475

====================================================================
Flow ID: 99 | Shape: (30, 2)
Features: [Size/1600, IAT/0.1]
--------------------------------------------------------------------
0.058125, 0.000000
0.053125, 0.414572
0.056875, 0.427762
0.055000, 0.386484
0.055625, 0.417948
0.052500, 0.417426
0.056250, 0.430336
0.051250, 0.417247
0.055625, 0.417477
0.048750, 0.417454
0.043750, 0.510460
0.049375, 0.416191
0.048125, 0.417345
0.054375, 0.417199
0.044375, 0.414790
0.058750, 0.421179
0.060000, 0.414440
0.051250, 0.420610
0.053750, 0.416260
0.055000, 0.395839
0.058125, 0.416054
0.059375, 0.465314
0.060625, 0.417417
0.055625, 0.425493
0.057500, 0.418681
0.055000, 0.418422
0.056875, 0.418509
0.060625, 0.414013
0.055625, 0.374656
0.046250, 0.421949

====================================================================
Flow ID: 100 | Shape: (30, 2)
Features: [Size/1600, IAT/0.1]
--------------------------------------------------------------------
0.058125, 0.000000
0.056875, 0.416100
0.058750, 0.416641
0.053125, 0.418326
0.056875, 0.421115
0.048125, 0.414360
0.061250, 0.417687
0.055625, 0.419281
0.055625, 0.417300
0.055625, 0.417314
0.055000, 0.418480
0.046250, 0.417716
0.053125, 0.418502
0.055000, 0.417976
0.045625, 0.416472
0.056250, 0.417023
0.058750, 0.414119
0.053750, 0.413641
0.054375, 0.417252
0.048750, 0.427003
0.054375, 0.416427
0.060625, 0.416120
0.053750, 0.417965
0.058125, 0.417668
0.058750, 0.405466
0.060625, 0.417667
0.056250, 0.418842
0.056875, 0.417586
0.058750, 0.416670
0.060625, 0.416370

====================================================================
Flow ID: 101 | Shape: (30, 2)
Features: [Size/1600, IAT/0.1]
--------------------------------------------------------------------
0.056875, 0.000000
0.057500, 0.421308
0.059375, 0.416224
0.057500, 0.415163
0.054375, 0.421595
0.055625, 0.419591
0.056875, 0.418052
0.043750, 0.418064
0.046250, 0.418012
0.057500, 0.419179
0.055000, 0.375969
0.056875, 0.420263
0.048750, 0.416590
0.045625, 0.417083
0.062500, 0.414293
0.058750, 0.416843
0.054375, 0.411512
0.058750, 0.418592
0.055000, 0.419292
0.050000, 0.433310
0.056875, 0.420502
0.051250, 0.417154
0.054375, 0.417061
0.056875, 0.784738
0.054375, 0.413206
0.046875, 0.418805
0.053750, 0.419517
0.045000, 0.416564
0.055625, 0.418948
0.056250, 0.417696

====================================================================
Flow ID: 103 | Shape: (30, 2)
Features: [Size/1600, IAT/0.1]
--------------------------------------------------------------------
0.058750, 0.000000
0.044375, 0.416276
0.057500, 0.417110
0.055625, 0.419076
0.044375, 0.418973
0.056250, 0.413481
0.060625, 0.418293
0.051875, 0.416796
0.056875, 0.418001
0.058125, 0.417886
0.046875, 0.414183
0.046875, 0.417746
0.057500, 0.418921
0.046250, 0.415752
0.057500, 0.415791
0.058125, 0.417324
0.044375, 0.418374
0.058125, 0.416727
0.058125, 0.417209
0.050000, 0.417436
0.053750, 0.417849
0.056875, 0.417985
0.050000, 0.417497
0.051250, 0.417960
0.048750, 0.417471
0.056250, 0.417225
0.054375, 0.450199
0.046250, 0.418548
0.054375, 0.383093
0.061250, 0.415856

====================================================================
Flow ID: 104 | Shape: (30, 2)
Features: [Size/1600, IAT/0.1]
--------------------------------------------------------------------
0.051875, 0.000000
0.056250, 0.417188
0.050625, 0.416293
0.056250, 0.416354
0.050625, 0.412238
0.049375, 0.417318
0.043125, 0.418162
0.050000, 0.417220
0.060625, 0.415879
0.050625, 0.420376
0.056875, 0.418558
0.060000, 0.412275
0.049375, 0.422057
0.050625, 0.417553
0.061875, 0.417058
0.057500, 0.419080
0.057500, 0.412655
0.050000, 0.419460
0.055625, 0.460933
0.055000, 0.418147
0.051875, 0.418534
0.044375, 0.374516
0.044375, 0.418138
0.057500, 0.415375
0.057500, 0.423810
0.058125, 0.420385
0.058125, 0.420134
0.048125, 0.417475
0.055000, 0.418714
0.056250, 0.422131

====================================================================
Flow ID: 105 | Shape: (30, 2)
Features: [Size/1600, IAT/0.1]
--------------------------------------------------------------------
0.058750, 0.000000
0.060000, 0.416038
0.056875, 0.417699
0.054375, 0.438970
0.056875, 0.417799
0.060000, 0.415651
0.043750, 0.418454
0.056875, 0.417603
0.058750, 0.409940
0.056250, 0.415658
0.055625, 0.355003
0.053750, 0.419773
0.058125, 0.415407
0.058125, 0.419370
0.043750, 0.415003
0.056875, 0.419083
0.056250, 0.417947
0.055000, 0.418730
0.047500, 0.419472
0.042500, 0.417602
0.058125, 0.417678
0.046875, 0.391937
0.056875, 0.420337
0.058125, 0.419378
0.060000, 0.416686
0.053750, 0.419682
0.058125, 0.420141
0.055000, 0.420556
0.051875, 0.418987
0.051250, 0.423963

====================================================================
Flow ID: 108 | Shape: (30, 2)
Features: [Size/1600, IAT/0.1]
--------------------------------------------------------------------
0.043750, 0.000000
0.053750, 0.416895
0.058750, 0.415115
0.060625, 0.417831
0.057500, 0.418867
0.048750, 0.443428
0.047500, 0.416978
0.051875, 0.417299
0.048125, 0.418271
0.055625, 0.417234
0.059375, 0.416798
0.055625, 0.417427
0.058125, 0.417203
0.051250, 0.418883
0.059375, 0.416996
0.056250, 0.417378
0.058125, 0.394116
0.060625, 0.418466
0.060625, 0.418731
0.058750, 0.417708
0.055000, 0.418527
0.054375, 0.418851
0.056250, 0.417949
0.049375, 0.416184
0.057500, 0.422959
0.055625, 0.000156
0.060000, 0.408335
0.045000, 0.413561
0.058750, 0.416562
0.052500, 0.418225

====================================================================
Flow ID: 113 | Shape: (30, 2)
Features: [Size/1600, IAT/0.1]
--------------------------------------------------------------------
0.056875, 0.000000
0.045625, 0.420624
0.053750, 0.416124
0.055625, 0.416138
0.056250, 0.414544
0.059375, 0.417800
0.046875, 0.417220
0.048125, 0.417591
0.054375, 0.418479
0.051875, 0.413759
0.057500, 0.417681
0.056875, 0.416667
0.062500, 0.413878
0.053125, 0.420816
0.051875, 0.432230
0.049375, 0.417887
0.053750, 0.416682
0.051250, 0.418155
0.055625, 0.418232
0.047500, 0.418324
0.047500, 0.417399
0.056875, 0.415298
0.060000, 0.417228
0.054375, 0.415315
0.053125, 0.417689
0.058125, 0.330162
0.055625, 0.416220
0.057500, 0.413075
0.059375, 0.417551
0.060000, 0.418751

====================================================================
Flow ID: 116 | Shape: (30, 2)
Features: [Size/1600, IAT/0.1]
--------------------------------------------------------------------
0.042500, 0.000000
0.043750, 0.418394
0.054375, 0.414027
0.051875, 0.399046
0.051250, 0.745036
0.045625, 0.417037
0.055000, 0.423965
0.046250, 0.446054
0.048125, 0.434882
0.056875, 0.416374
0.049375, 0.420816
0.045625, 0.417526
0.057500, 0.418838
0.057500, 0.417406
0.055000, 0.434223
0.060625, 0.441374
0.058125, 0.416082
0.058750, 0.416946
0.057500, 0.415730
0.056875, 0.420378
0.060000, 0.418893
0.043750, 0.366111
0.045000, 0.418081
0.058750, 0.424773
0.053750, 0.483491
0.058750, 0.417878
0.057500, 0.414426
0.058750, 0.455213
0.061250, 0.428846
0.058125, 0.407660

====================================================================
Flow ID: 121 | Shape: (30, 2)
Features: [Size/1600, IAT/0.1]
--------------------------------------------------------------------
0.048750, 0.000000
0.058750, 0.443574
0.052500, 0.416134
0.059375, 0.413653
0.047500, 0.420751
0.053125, 0.416372
0.056250, 0.417970
0.053125, 0.413692
0.056875, 0.417711
0.055625, 0.409297
0.048750, 0.435944
0.057500, 0.418713
0.057500, 0.421392
0.046875, 0.413913
0.057500, 0.402387
0.057500, 0.409532
0.048750, 0.418279
0.050625, 0.413515
0.055625, 0.433383
0.050000, 0.417592
0.045000, 0.417404
0.045625, 0.426172
0.056250, 0.418512
0.042500, 0.421113
0.054375, 0.418522
0.051250, 0.421189
0.055000, 0.423634
0.051875, 0.421430
0.055625, 0.420434
0.055000, 0.417465

====================================================================
Flow ID: 124 | Shape: (30, 2)
Features: [Size/1600, IAT/0.1]
--------------------------------------------------------------------
0.048750, 0.000000
0.061250, 0.415871
0.051875, 0.418745
0.057500, 0.414444
0.056250, 0.418065
0.060000, 0.420132
0.058750, 0.417076
0.048125, 0.417960
0.056875, 0.417628
0.050625, 0.381153
0.045625, 0.438745
0.058750, 0.648195
0.056250, 0.414941
0.046875, 0.417926
0.061250, 0.417908
0.056250, 0.420138
0.056250, 0.415464
0.054375, 0.413083
0.061250, 0.416518
0.059375, 0.417169
0.056250, 0.417628
0.058750, 0.405286
0.045000, 0.444226
0.056875, 0.417219
0.051250, 0.417167
0.061875, 0.418202
0.058125, 0.419472
0.047500, 0.417846
0.057500, 0.418148
0.053750, 0.417155

====================================================================
Flow ID: 125 | Shape: (30, 2)
Features: [Size/1600, IAT/0.1]
--------------------------------------------------------------------
0.048750, 0.000000
0.055625, 0.408940
0.060000, 0.417841
0.059375, 0.417006
0.058125, 0.416221
0.046250, 0.416469
0.047500, 0.416744
0.055000, 0.420472
0.047500, 0.418821
0.050625, 0.416827
0.044375, 0.417029
0.060000, 0.425376
0.047500, 0.416971
0.057500, 0.416092
0.060000, 0.416604
0.051875, 0.417128
0.056875, 0.417458
0.055000, 0.419106
0.057500, 0.418713
0.057500, 1.000000
0.058125, 0.418991
0.053750, 0.417286
0.046250, 0.417558
0.053125, 0.422395
0.060000, 0.107282
0.057500, 0.417286
0.058125, 0.389179
0.058125, 0.415459
0.051250, 0.416702
0.049375, 0.417542

====================================================================
Flow ID: 126 | Shape: (30, 2)
Features: [Size/1600, IAT/0.1]
--------------------------------------------------------------------
0.056875, 0.000000
0.055000, 0.418399
0.058750, 0.417925
0.055625, 0.418818
0.058750, 0.418632
0.060000, 0.415777
0.059375, 0.418437
0.053750, 0.433471
0.043125, 0.416163
0.048750, 0.416845
0.056875, 0.419127
0.055000, 0.424103
0.052500, 0.417434
0.058750, 0.419246
0.057500, 0.419382
0.047500, 0.421084
0.054375, 0.417772
0.053125, 0.416461
0.056250, 0.419296
0.056250, 0.417254
0.056875, 0.417656
0.046250, 0.427770
0.051250, 0.420329
0.058750, 0.416679
0.055625, 0.426977
0.058750, 0.413945
0.055625, 0.422038
0.052500, 0.418148
0.055625, 0.411469
0.046250, 0.426464
