
====================================================================
Flow ID: 31 | Shape: (30, 2)
Features: [Size/1600, IAT/0.1]
--------------------------------------------------------------------
0.046250, 0.000000
0.041250, 0.024472
0.041875, 0.000140
0.041250, 0.027827
0.058125, 0.001697
0.046250, 0.063882
0.041250, 0.024518
0.953750, 0.000329
0.946250, 0.010449
0.946250, 0.010536
0.056250, 0.003189
0.946250, 0.007337
0.946250, 0.010527
0.056250, 0.006333
0.946250, 0.004203
0.946250, 0.010534
0.056250, 0.009510
0.946250, 0.001073
0.946250, 0.010598
0.946250, 0.010511
0.063750, 0.001991
0.946250, 0.008560
0.946250, 0.010556
0.056250, 0.005083
0.946250, 0.005526
0.946250, 0.010057
0.056250, 0.008634
0.946250, 0.001923
0.946250, 0.010280
0.946250, 0.010564

====================================================================
Flow ID: 33 | Shape: (30, 2)
Features: [Size/1600, IAT/0.1]
--------------------------------------------------------------------
0.046250, 0.000000
0.041250, 0.024431
0.041875, 0.000130
0.041250, 0.027655
0.058125, 0.001575
0.046250, 0.062765
0.041250, 0.024407
0.953750, 0.000328
0.946250, 0.010457
0.946250, 0.010544
0.056250, 0.003187
0.946250, 0.007335
0.946250, 0.010540
0.056250, 0.006359
0.946250, 0.004174
0.946250, 0.010594
0.056250, 0.009507
0.946250, 0.000993
0.946250, 0.010112
0.946250, 0.010531
0.063750, 0.002611
0.946250, 0.007902
0.946250, 0.010556
0.056250, 0.005720
0.946250, 0.004826
0.946250, 0.010518
0.056250, 0.008905
0.946250, 0.001650
0.946250, 0.010529
0.946250, 0.010507

====================================================================
Flow ID: 34 | Shape: (30, 2)
Features: [Size/1600, IAT/0.1]
--------------------------------------------------------------------
0.046250, 0.000000
0.041250, 0.024459
0.041875, 0.000149
0.041250, 0.027734
0.058125, 0.001746
0.046250, 0.061611
0.041250, 0.024422
0.953750, 0.000266
0.946250, 0.010463
0.946250, 0.010542
0.056250, 0.003269
0.946250, 0.007261
0.946250, 0.010522
0.056250, 0.006348
0.946250, 0.004180
0.946250, 0.010244
0.056250, 0.009772
0.946250, 0.000767
0.946250, 0.010341
0.946250, 0.010524
0.063750, 0.002558
0.946250, 0.007971
0.946250, 0.010560
0.056250, 0.005662
0.946250, 0.004897
0.946250, 0.010567
0.056250, 0.008872
0.946250, 0.001704
0.946250, 0.010521
0.946250, 0.010542

====================================================================
Flow ID: 35 | Shape: (30, 2)
Features: [Size/1600, IAT/0.1]
--------------------------------------------------------------------
0.046250, 0.000000
0.041250, 0.024507
0.041875, 0.000115
0.041250, 0.027435
0.058125, 0.001668
0.046250, 0.072635
0.041250, 0.024383
0.953750, 0.000303
0.946250, 0.010475
0.946250, 0.010531
0.056250, 0.003166
0.946250, 0.007370
0.946250, 0.010521
0.056250, 0.006316
0.946250, 0.004221
0.946250, 0.010539
0.056250, 0.009526
0.946250, 0.001112
0.946250, 0.010510
0.946250, 0.010560
0.063750, 0.002092
0.946250, 0.008535
0.946250, 0.010607
0.056250, 0.005357
0.946250, 0.005368
0.946250, 0.010395
0.056250, 0.008618
0.946250, 0.001972
0.946250, 0.010324
0.946250, 0.010593

====================================================================
Flow ID: 37 | Shape: (30, 2)
Features: [Size/1600, IAT/0.1]
--------------------------------------------------------------------
0.046250, 0.000000
0.041250, 0.024379
0.041875, 0.000123
0.041250, 0.027617
0.058125, 0.001374
0.046250, 0.060204
0.041250, 0.024440
0.953750, 0.000422
0.946250, 0.010402
0.946250, 0.010519
0.056250, 0.003246
0.946250, 0.007281
0.946250, 0.010517
0.056250, 0.006331
0.946250, 0.004205
0.946250, 0.010529
0.056250, 0.009541
0.946250, 0.000994
0.946250, 0.010105
0.946250, 0.010535
0.063750, 0.002531
0.946250, 0.008027
0.946250, 0.010569
0.056250, 0.005579
0.946250, 0.004975
0.946250, 0.010555
0.056250, 0.008728
0.946250, 0.001856
0.946250, 0.010348
0.946250, 0.010544

====================================================================
Flow ID: 44 | Shape: (30, 2)
Features: [Size/1600, IAT/0.1]
--------------------------------------------------------------------
0.046250, 0.000000
0.041250, 0.024485
0.041875, 0.000165
0.041250, 0.027752
0.058125, 0.001767
0.046250, 0.067921
0.041250, 0.024450
0.953750, 0.000335
0.946250, 0.010440
0.946250, 0.010461
0.056250, 0.003273
0.946250, 0.007259
0.946250, 0.010551
0.056250, 0.006323
0.946250, 0.004235
0.946250, 0.010535
0.056250, 0.009516
0.946250, 0.000988
0.946250, 0.010114
0.946250, 0.010501
0.063750, 0.002558
0.946250, 0.007979
0.946250, 0.010579
0.056250, 0.005615
0.946250, 0.004938
0.946250, 0.010564
0.056250, 0.008840
0.946250, 0.001755
0.946250, 0.010460
0.946250, 0.010495

====================================================================
Flow ID: 45 | Shape: (30, 2)
Features: [Size/1600, IAT/0.1]
--------------------------------------------------------------------
0.046250, 0.000000
0.041250, 0.024450
0.041875, 0.000131
0.041250, 0.027644
0.058125, 0.001747
0.046250, 0.069390
0.041250, 0.024534
0.953750, 0.000304
0.946250, 0.010454
0.946250, 0.010515
0.056250, 0.003287
0.946250, 0.007316
0.946250, 0.010300
0.056250, 0.006522
0.946250, 0.003913
0.946250, 0.010545
0.056250, 0.009785
0.946250, 0.000768
0.946250, 0.010348
0.946250, 0.010534
0.063750, 0.002562
0.946250, 0.008000
0.946250, 0.010554
0.056250, 0.007104
0.946250, 0.003442
0.946250, 0.010567
0.056250, 0.010256
0.946250, 0.000059
0.946250, 0.010574
0.946250, 0.010580

====================================================================
Flow ID: 46 | Shape: (30, 2)
Features: [Size/1600, IAT/0.1]
--------------------------------------------------------------------
0.046250, 0.000000
0.041250, 0.024458
0.041875, 0.000136
0.041250, 0.027928
0.058125, 0.001745
0.046250, 0.077544
0.041250, 0.024384
0.953750, 0.000306
0.946250, 0.010452
0.946250, 0.010539
0.056250, 0.003228
0.946250, 0.007316
0.946250, 0.010535
0.056250, 0.006341
0.946250, 0.004198
0.946250, 0.010533
0.056250, 0.009625
0.946250, 0.000961
0.946250, 0.010170
0.946250, 0.010481
0.063750, 0.002615
0.946250, 0.007935
0.946250, 0.010565
0.056250, 0.005737
0.946250, 0.004831
0.946250, 0.010637
0.056250, 0.008807
0.946250, 0.001713
0.946250, 0.010615
0.946250, 0.010575

====================================================================
Flow ID: 49 | Shape: (30, 2)
Features: [Size/1600, IAT/0.1]
--------------------------------------------------------------------
0.046250, 0.000000
0.041250, 0.024442
0.041875, 0.000133
0.041250, 0.027821
0.058125, 0.001610
0.046250, 0.071539
0.041250, 0.024402
0.953750, 0.000311
0.946250, 0.010472
0.946250, 0.010509
0.056250, 0.003195
0.946250, 0.007349
0.946250, 0.010521
0.056250, 0.006272
0.946250, 0.004277
0.946250, 0.010546
0.056250, 0.009499
0.946250, 0.000993
0.946250, 0.010119
0.946250, 0.010526
0.063750, 0.002559
0.946250, 0.008007
0.946250, 0.010546
0.056250, 0.005722
0.946250, 0.004825
0.946250, 0.010568
0.056250, 0.008822
0.946250, 0.001748
0.946250, 0.010474
0.946250, 0.010533

====================================================================
Flow ID: 53 | Shape: (30, 2)
Features: [Size/1600, IAT/0.1]
--------------------------------------------------------------------
0.046250, 0.000000
0.041250, 0.024577
0.041875, 0.000161
0.041250, 0.027584
0.058125, 0.001713
0.046250, 0.059219
0.041250, 0.024448
0.953750, 0.000331
0.946250, 0.010457
0.946250, 0.010576
0.056250, 0.003209
0.946250, 0.007326
0.946250, 0.010517
0.056250, 0.006344
0.946250, 0.004184
0.946250, 0.010553
0.056250, 0.009436
0.946250, 0.001081
0.946250, 0.010521
0.946250, 0.010542
0.063750, 0.002125
0.946250, 0.008440
0.946250, 0.010561
0.056250, 0.005195
0.946250, 0.005014
0.946250, 0.010553
0.056250, 0.008693
0.946250, 0.001896
0.946250, 0.011122
0.946250, 0.010299

====================================================================
Flow ID: 54 | Shape: (30, 2)
Features: [Size/1600, IAT/0.1]
--------------------------------------------------------------------
0.046250, 0.000000
0.041250, 0.024484
0.041875, 0.000178
0.041250, 0.027820
0.058125, 0.001608
0.046250, 0.075612
0.041250, 0.024504
0.953750, 0.000182
0.946250, 0.010520
0.946250, 0.010472
0.056250, 0.003270
0.946250, 0.007262
0.946250, 0.010527
0.056250, 0.006358
0.946250, 0.004183
0.946250, 0.010550
0.056250, 0.009456
0.946250, 0.001110
0.946250, 0.010492
0.946250, 0.010560
0.063750, 0.002047
0.946250, 0.008500
0.946250, 0.010583
0.056250, 0.005130
0.946250, 0.005462
0.946250, 0.010574
0.056250, 0.008296
0.946250, 0.002278
0.946250, 0.010635
0.946250, 0.010535

====================================================================
Flow ID: 60 | Shape: (30, 2)
Features: [Size/1600, IAT/0.1]
--------------------------------------------------------------------
0.046250, 0.000000
0.041250, 0.024476
0.041875, 0.000137
0.041250, 0.027682
0.058125, 0.001698
0.046250, 0.058946
0.041250, 0.024397
0.953750, 0.000335
0.946250, 0.010432
0.946250, 0.010528
0.056250, 0.003266
0.946250, 0.007270
0.946250, 0.010538
0.056250, 0.006327
0.946250, 0.004204
0.946250, 0.010523
0.056250, 0.009435
0.946250, 0.001084
0.946250, 0.010522
0.946250, 0.010546
0.063750, 0.002013
0.946250, 0.008548
0.946250, 0.010554
0.056250, 0.005079
0.946250, 0.005474
0.946250, 0.010558
0.056250, 0.008246
0.946250, 0.002331
0.946250, 0.010571
0.946250, 0.010566

====================================================================
Flow ID: 63 | Shape: (30, 2)
Features: [Size/1600, IAT/0.1]
--------------------------------------------------------------------
0.046250, 0.000000
0.041250, 0.024476
0.041875, 0.000136
0.041250, 0.027706
0.058125, 0.001629
0.046250, 0.074036
0.041250, 0.024482
0.953750, 0.000239
0.946250, 0.010466
0.946250, 0.010522
0.056250, 0.003293
0.946250, 0.007225
0.946250, 0.010186
0.056250, 0.006734
0.946250, 0.003830
0.946250, 0.010536
0.056250, 0.009908
0.946250, 0.000636
0.946250, 0.010494
0.946250, 0.010522
0.063750, 0.002569
0.946250, 0.007988
0.946250, 0.010571
0.056250, 0.005674
0.946250, 0.004892
0.946250, 0.010578
0.056250, 0.008856
0.946250, 0.001753
0.946250, 0.010543
0.946250, 0.010531

====================================================================
Flow ID: 66 | Shape: (30, 2)
Features: [Size/1600, IAT/0.1]
--------------------------------------------------------------------
0.046250, 0.000000
0.041250, 0.024583
0.041875, 0.000146
0.041250, 0.027657
0.058125, 0.001812
0.046250, 0.067951
0.041250, 0.024384
0.953750, 0.000322
0.946250, 0.010464
0.946250, 0.010512
0.056250, 0.003200
0.946250, 0.007314
0.946250, 0.010554
0.056250, 0.006411
0.946250, 0.004125
0.946250, 0.010528
0.056250, 0.009548
0.946250, 0.001074
0.946250, 0.010539
0.946250, 0.010530
0.063750, 0.002035
0.946250, 0.008524
0.946250, 0.010553
0.056250, 0.005095
0.946250, 0.005353
0.946250, 0.010539
0.056250, 0.008306
0.946250, 0.002268
0.946250, 0.010581
0.946250, 0.010568

====================================================================
Flow ID: 69 | Shape: (30, 2)
Features: [Size/1600, IAT/0.1]
--------------------------------------------------------------------
0.046250, 0.000000
0.041250, 0.024532
0.041875, 0.000158
0.041250, 0.027700
0.058125, 0.001638
0.046250, 0.059418
0.041250, 0.024442
0.953750, 0.000372
0.946250, 0.010439
0.946250, 0.010519
0.056250, 0.003268
0.946250, 0.007265
0.946250, 0.010521
0.056250, 0.006344
0.946250, 0.004201
0.946250, 0.010550
0.056250, 0.009437
0.946250, 0.001085
0.946250, 0.010455
0.946250, 0.010519
0.063750, 0.002103
0.946250, 0.008440
0.946250, 0.010562
0.056250, 0.005175
0.946250, 0.005388
0.946250, 0.010552
0.056250, 0.008417
0.946250, 0.002194
0.946250, 0.010557
0.946250, 0.010574

====================================================================
Flow ID: 70 | Shape: (30, 2)
Features: [Size/1600, IAT/0.1]
--------------------------------------------------------------------
0.046250, 0.000000
0.041250, 0.024446
0.041875, 0.000139
0.041250, 0.027752
0.058125, 0.001668
0.046250, 0.075799
0.041250, 0.024401
0.953750, 0.000323
0.946250, 0.010466
0.946250, 0.010517
0.056250, 0.003181
0.946250, 0.007363
0.946250, 0.010556
0.056250, 0.006373
0.946250, 0.004164
0.946250, 0.010537
0.056250, 0.009637
0.946250, 0.000907
0.946250, 0.010217
0.946250, 0.010575
0.063750, 0.002516
0.946250, 0.008048
0.946250, 0.010588
0.056250, 0.005605
0.946250, 0.004978
0.946250, 0.010765
0.056250, 0.008553
0.946250, 0.001860
0.946250, 0.010451
0.946250, 0.010643

====================================================================
Flow ID: 72 | Shape: (30, 2)
Features: [Size/1600, IAT/0.1]
--------------------------------------------------------------------
0.046250, 0.000000
0.041250, 0.024473
0.041875, 0.000133
0.041250, 0.027680
0.058125, 0.001666
0.046250, 0.073143
0.041250, 0.024630
0.953750, 0.000211
0.946250, 0.010428
0.946250, 0.010516
0.056250, 0.003224
0.946250, 0.007308
0.946250, 0.010525
0.056250, 0.006307
0.946250, 0.004231
0.946250, 0.010543
0.056250, 0.009449
0.946250, 0.001021
0.946250, 0.010095
0.946250, 0.010526
0.063750, 0.002645
0.946250, 0.007476
0.946250, 0.010560
0.056250, 0.006354
0.946250, 0.004231
0.946250, 0.010565
0.056250, 0.009500
0.946250, 0.001108
0.946250, 0.010546
0.946250, 0.010539

====================================================================
Flow ID: 79 | Shape: (30, 2)
Features: [Size/1600, IAT/0.1]
--------------------------------------------------------------------
0.046250, 0.000000
0.041250, 0.024471
0.041875, 0.000132
0.041250, 0.027721
0.058125, 0.001596
0.046250, 0.063070
0.041250, 0.024537
0.953750, 0.000374
0.946250, 0.010201
0.946250, 0.010597
0.056250, 0.003382
0.946250, 0.007098
0.946250, 0.010539
0.056250, 0.006495
0.946250, 0.004043
0.946250, 0.010535
0.056250, 0.009675
0.946250, 0.000867
0.946250, 0.010239
0.946250, 0.010531
0.063750, 0.002550
0.946250, 0.008010
0.946250, 0.010552
0.056250, 0.005650
0.946250, 0.004908
0.946250, 0.010588
0.056250, 0.008851
0.946250, 0.001722
0.946250, 0.010522
0.946250, 0.010597

====================================================================
Flow ID: 81 | Shape: (30, 2)
Features: [Size/1600, IAT/0.1]
--------------------------------------------------------------------
0.046250, 0.000000
0.041250, 0.024432
0.041875, 0.000128
0.041250, 0.027903
0.058125, 0.001811
0.046250, 0.059305
0.041250, 0.024427
0.953750, 0.000327
0.946250, 0.010442
0.946250, 0.010523
0.056250, 0.003212
0.946250, 0.007331
0.946250, 0.010527
0.056250, 0.006278
0.946250, 0.004250
0.946250, 0.010533
0.056250, 0.009486
0.946250, 0.000987
0.946250, 0.010112
0.946250, 0.010499
0.063750, 0.002564
0.946250, 0.007984
0.946250, 0.010539
0.056250, 0.005717
0.946250, 0.004835
0.946250, 0.010553
0.056250, 0.008782
0.946250, 0.002177
0.946250, 0.010469
0.946250, 0.010560

====================================================================
Flow ID: 93 | Shape: (30, 2)
Features: [Size/1600, IAT/0.1]
--------------------------------------------------------------------
0.046250, 0.000000
0.041250, 0.024472
0.041875, 0.000135
0.041250, 0.027801
0.058125, 0.002545
0.046250, 0.074036
0.041250, 0.024384
0.953750, 0.000319
0.946250, 0.010219
0.946250, 0.010522
0.056250, 0.003438
0.946250, 0.007095
0.946250, 0.010537
0.056250, 0.006524
0.946250, 0.004032
0.946250, 0.010531
0.056250, 0.009700
0.946250, 0.000862
0.946250, 0.010264
0.946250, 0.010548
0.063750, 0.002537
0.946250, 0.008026
0.946250, 0.010580
0.056250, 0.005657
0.946250, 0.004904
0.946250, 0.010560
0.056250, 0.008947
0.946250, 0.001656
0.946250, 0.010662
0.946250, 0.010587

====================================================================
Flow ID: 98 | Shape: (30, 2)
Features: [Size/1600, IAT/0.1]
--------------------------------------------------------------------
0.046250, 0.000000
0.041250, 0.024466
0.041875, 0.000130
0.041250, 0.027699
0.058125, 0.001486
0.046250, 0.060137
0.041250, 0.024457
0.953750, 0.000365
0.946250, 0.010443
0.946250, 0.010511
0.056250, 0.003208
0.946250, 0.007341
0.946250, 0.010531
0.056250, 0.006403
0.946250, 0.004136
0.946250, 0.010544
0.056250, 0.009507
0.946250, 0.001077
0.946250, 0.010520
0.946250, 0.010557
0.063750, 0.002013
0.946250, 0.008595
0.946250, 0.010560
0.056250, 0.005014
0.946250, 0.005563
0.946250, 0.010580
0.056250, 0.008054
0.946250, 0.002582
0.946250, 0.010565
0.946250, 0.010592

====================================================================
Flow ID: 100 | Shape: (30, 2)
Features: [Size/1600, IAT/0.1]
--------------------------------------------------------------------
0.046250, 0.000000
0.041250, 0.024475
0.041875, 0.000150
0.041250, 0.027023
0.058125, 0.001620
0.046250, 0.059176
0.041250, 0.024421
0.953750, 0.000355
0.946250, 0.010438
0.946250, 0.010584
0.056250, 0.003158
0.946250, 0.006900
0.946250, 0.010527
0.056250, 0.006704
0.946250, 0.003824
0.946250, 0.010529
0.056250, 0.009924
0.946250, 0.000608
0.946250, 0.010490
0.946250, 0.010529
0.063750, 0.002534
0.946250, 0.008019
0.946250, 0.010573
0.056250, 0.005592
0.946250, 0.004957
0.946250, 0.010551
0.056250, 0.008818
0.946250, 0.001760
0.946250, 0.010467
0.946250, 0.010569

====================================================================
Flow ID: 101 | Shape: (30, 2)
Features: [Size/1600, IAT/0.1]
--------------------------------------------------------------------
0.046250, 0.000000
0.041250, 0.024503
0.041875, 0.000129
0.041250, 0.027597
0.058125, 0.001706
0.046250, 0.068933
0.041250, 0.024388
0.953750, 0.000320
0.946250, 0.010437
0.946250, 0.010544
0.056250, 0.003198
0.946250, 0.007343
0.946250, 0.010542
0.056250, 0.006248
0.946250, 0.004283
0.946250, 0.010532
0.056250, 0.009473
0.946250, 0.001084
0.946250, 0.010549
0.946250, 0.010533
0.063750, 0.002005
0.946250, 0.008546
0.946250, 0.010568
0.056250, 0.005147
0.946250, 0.005413
0.946250, 0.010563
0.056250, 0.008299
0.946250, 0.002277
0.946250, 0.010584
0.946250, 0.010560

====================================================================
Flow ID: 105 | Shape: (30, 2)
Features: [Size/1600, IAT/0.1]
--------------------------------------------------------------------
0.046250, 0.000000
0.041250, 0.024463
0.041875, 0.000144
0.041250, 0.027899
0.058125, 0.001700
0.046250, 0.063803
0.041250, 0.024498
0.953750, 0.000309
0.946250, 0.010456
0.946250, 0.010534
0.056250, 0.003283
0.946250, 0.007243
0.946250, 0.010535
0.056250, 0.006370
0.946250, 0.004275
0.946250, 0.010502
0.056250, 0.009550
0.946250, 0.001206
0.946250, 0.010509
0.946250, 0.010578
0.063750, 0.002255
0.946250, 0.008433
0.946250, 0.010490
0.056250, 0.005428
0.946250, 0.005146
0.946250, 0.010530
0.056250, 0.008619
0.946250, 0.001975
0.946250, 0.010268
0.946250, 0.010543

====================================================================
Flow ID: 108 | Shape: (30, 2)
Features: [Size/1600, IAT/0.1]
--------------------------------------------------------------------
0.046250, 0.000000
0.041250, 0.024506
0.041875, 0.000169
0.041250, 0.027807
0.058125, 0.001854
0.046250, 0.076526
0.041250, 0.024392
0.953750, 0.000322
0.946250, 0.010472
0.946250, 0.010523
0.056250, 0.003264
0.946250, 0.007278
0.946250, 0.010539
0.056250, 0.006338
0.946250, 0.004236
0.946250, 0.010513
0.056250, 0.009412
0.946250, 0.001142
0.946250, 0.010568
0.946250, 0.010552
0.063750, 0.001944
0.946250, 0.008620
0.946250, 0.010575
0.056250, 0.005040
0.946250, 0.005520
0.946250, 0.010578
0.056250, 0.008299
0.946250, 0.002292
0.946250, 0.010593
0.946250, 0.010580

====================================================================
Flow ID: 109 | Shape: (30, 2)
Features: [Size/1600, IAT/0.1]
--------------------------------------------------------------------
0.046250, 0.000000
0.041250, 0.024456
0.041875, 0.000127
0.041250, 0.027934
0.058125, 0.001669
0.046250, 0.065874
0.041250, 0.024525
0.953750, 0.000314
0.946250, 0.010521
0.946250, 0.010450
0.056250, 0.003267
0.946250, 0.007274
0.946250, 0.010509
0.056250, 0.006354
0.946250, 0.004086
0.946250, 0.010550
0.056250, 0.009644
0.946250, 0.000891
0.946250, 0.010210
0.946250, 0.010496
0.063750, 0.002601
0.946250, 0.007963
0.946250, 0.010560
0.056250, 0.005687
0.946250, 0.004876
0.946250, 0.010588
0.056250, 0.008894
0.946250, 0.001683
0.946250, 0.010541
0.946250, 0.010534

====================================================================
Flow ID: 110 | Shape: (30, 2)
Features: [Size/1600, IAT/0.1]
--------------------------------------------------------------------
0.046250, 0.000000
0.041250, 0.024489
0.041875, 0.000142
0.041250, 0.027444
0.058125, 0.001731
0.046250, 0.062014
0.041250, 0.024373
0.953750, 0.000280
0.946250, 0.010470
0.946250, 0.010192
0.056250, 0.003509
0.946250, 0.007019
0.946250, 0.010520
0.056250, 0.006595
0.946250, 0.003952
0.946250, 0.010536
0.056250, 0.009832
0.946250, 0.000710
0.946250, 0.010387
0.946250, 0.010532
0.063750, 0.002542
0.946250, 0.008005
0.946250, 0.010583
0.056250, 0.005678
0.946250, 0.004877
0.946250, 0.010560
0.056250, 0.008896
0.946250, 0.001707
0.946250, 0.010525
0.946250, 0.010512

====================================================================
Flow ID: 111 | Shape: (30, 2)
Features: [Size/1600, IAT/0.1]
--------------------------------------------------------------------
0.046250, 0.000000
0.041250, 0.024431
0.041875, 0.000146
0.041250, 0.026785
0.058125, 0.001529
0.046250, 0.069653
0.041250, 0.024550
0.953750, 0.000287
0.946250, 0.010461
0.946250, 0.010530
0.056250, 0.003183
0.946250, 0.007350
0.946250, 0.010526
0.056250, 0.006273
0.946250, 0.004257
0.946250, 0.010541
0.056250, 0.009433
0.946250, 0.001081
0.946250, 0.010514
0.946250, 0.010588
0.063750, 0.002108
0.946250, 0.008438
0.946250, 0.010556
0.056250, 0.005252
0.946250, 0.005314
0.946250, 0.010440
0.056250, 0.008506
0.946250, 0.002060
0.946250, 0.010172
0.946250, 0.010585

====================================================================
Flow ID: 114 | Shape: (30, 2)
Features: [Size/1600, IAT/0.1]
--------------------------------------------------------------------
0.046250, 0.000000
0.041250, 0.024547
0.041875, 0.000136
0.041250, 0.027704
0.058125, 0.002040
0.046250, 0.062691
0.041250, 0.024484
0.953750, 0.000332
0.946250, 0.010451
0.946250, 0.010540
0.056250, 0.003184
0.946250, 0.007345
0.946250, 0.010598
0.056250, 0.006191
0.946250, 0.004319
0.946250, 0.010542
0.056250, 0.009363
0.946250, 0.001086
0.946250, 0.010539
0.946250, 0.010534
0.063750, 0.002010
0.946250, 0.008525
0.946250, 0.010557
0.056250, 0.005152
0.946250, 0.005396
0.946250, 0.010567
0.056250, 0.008205
0.946250, 0.002340
0.946250, 0.010554
0.946250, 0.010537

====================================================================
Flow ID: 117 | Shape: (30, 2)
Features: [Size/1600, IAT/0.1]
--------------------------------------------------------------------
0.046250, 0.000000
0.041250, 0.024414
0.041875, 0.000137
0.041250, 0.028040
0.058125, 0.001689
0.046250, 0.059781
0.041250, 0.024440
0.953750, 0.000319
0.946250, 0.010447
0.946250, 0.010620
0.056250, 0.003114
0.946250, 0.007333
0.946250, 0.010521
0.056250, 0.006348
0.946250, 0.004179
0.946250, 0.010537
0.056250, 0.009557
0.946250, 0.000998
0.946250, 0.010104
0.946250, 0.010530
0.063750, 0.002549
0.946250, 0.007999
0.946250, 0.010550
0.056250, 0.005634
0.946250, 0.004907
0.946250, 0.010570
0.056250, 0.008766
0.946250, 0.001821
0.946250, 0.010402
0.946250, 0.010564

====================================================================
Flow ID: 118 | Shape: (30, 2)
Features: [Size/1600, IAT/0.1]
--------------------------------------------------------------------
0.046250, 0.000000
0.041250, 0.024434
0.041875, 0.000145
0.041250, 0.027789
0.058125, 0.001693
0.046250, 0.075914
0.041250, 0.024377
0.953750, 0.000297
0.946250, 0.010464
0.946250, 0.010540
0.056250, 0.003167
0.946250, 0.007343
0.946250, 0.010542
0.056250, 0.006326
0.946250, 0.004210
0.946250, 0.010547
0.056250, 0.009500
0.946250, 0.001091
0.946250, 0.010529
0.946250, 0.010536
0.063750, 0.002040
0.946250, 0.008507
0.946250, 0.010555
0.056250, 0.005153
0.946250, 0.005427
0.946250, 0.010562
0.056250, 0.008331
0.946250, 0.001965
0.946250, 0.010296
0.946250, 0.010577

====================================================================
Flow ID: 127 | Shape: (30, 2)
Features: [Size/1600, IAT/0.1]
--------------------------------------------------------------------
0.046250, 0.000000
0.041250, 0.024449
0.041875, 0.000132
0.041250, 0.028027
0.058125, 0.002053
0.046250, 0.059787
0.041250, 0.024463
0.953750, 0.000330
0.946250, 0.010463
0.946250, 0.010531
0.056250, 0.003178
0.946250, 0.007353
0.946250, 0.010516
0.056250, 0.006342
0.946250, 0.004212
0.946250, 0.010530
0.056250, 0.009514
0.946250, 0.000987
0.946250, 0.010115
0.946250, 0.010506
0.063750, 0.002556
0.946250, 0.007978
0.946250, 0.010548
0.056250, 0.005628
0.946250, 0.004913
0.946250, 0.010553
0.056250, 0.008679
0.946250, 0.001846
0.946250, 0.010553
0.946250, 0.010530

====================================================================
Flow ID: 3 | Shape: (30, 2)
Features: [Size/1600, IAT/0.1]
--------------------------------------------------------------------
0.046250, 0.000000
0.041250, 0.024481
0.041875, 0.000163
0.041250, 0.028000
0.058125, 0.001711
0.046250, 0.077078
0.041250, 0.024420
0.953750, 0.000320
0.946250, 0.010460
0.946250, 0.010529
0.056250, 0.003224
0.946250, 0.007312
0.946250, 0.010538
0.056250, 0.006403
0.946250, 0.004119
0.946250, 0.010559
0.056250, 0.009607
0.946250, 0.000930
0.946250, 0.010199
0.946250, 0.010464
0.063750, 0.002634
0.946250, 0.007916
0.946250, 0.010543
0.056250, 0.005771
0.946250, 0.004787
0.946250, 0.010576
0.056250, 0.008894
0.946250, 0.001686
0.946250, 0.010529
0.946250, 0.010272

====================================================================
Flow ID: 4 | Shape: (30, 2)
Features: [Size/1600, IAT/0.1]
--------------------------------------------------------------------
0.046250, 0.000000
0.041250, 0.024441
0.041875, 0.000132
0.041250, 0.027494
0.058125, 0.001489
0.046250, 0.059262
0.041250, 0.024505
0.953750, 0.000277
0.946250, 0.010495
0.946250, 0.010487
0.056250, 0.003281
0.946250, 0.007260
0.946250, 0.010530
0.056250, 0.006339
0.946250, 0.004235
0.946250, 0.010500
0.056250, 0.009388
0.946250, 0.001173
0.946250, 0.010540
0.946250, 0.010559
0.063750, 0.001884
0.946250, 0.008663
0.946250, 0.010570
0.056250, 0.004964
0.946250, 0.005598
0.946250, 0.010553
0.056250, 0.008144
0.946250, 0.002438
0.946250, 0.010582
0.946250, 0.010552

====================================================================
Flow ID: 6 | Shape: (30, 2)
Features: [Size/1600, IAT/0.1]
--------------------------------------------------------------------
0.046250, 0.000000
0.041250, 0.024528
0.041875, 0.000144
0.041250, 0.027631
0.058125, 0.001597
0.046250, 0.076165
0.041250, 0.024388
0.953750, 0.000312
0.946250, 0.010455
0.946250, 0.010510
0.056250, 0.003213
0.946250, 0.007322
0.946250, 0.010525
0.056250, 0.006342
0.946250, 0.004198
0.946250, 0.010531
0.056250, 0.009581
0.946250, 0.000997
0.946250, 0.010118
0.946250, 0.010537
0.063750, 0.002565
0.946250, 0.007994
0.946250, 0.010549
0.056250, 0.005657
0.946250, 0.004950
0.946250, 0.010544
0.056250, 0.008739
0.946250, 0.001826
0.946250, 0.010384
0.946250, 0.010574

====================================================================
Flow ID: 12 | Shape: (30, 2)
Features: [Size/1600, IAT/0.1]
--------------------------------------------------------------------
0.046250, 0.000000
0.041250, 0.024452
0.041875, 0.000128
0.041250, 0.026807
0.058125, 0.001524
0.046250, 0.055149
0.041250, 0.024386
0.953750, 0.000250
0.946250, 0.010472
0.946250, 0.010527
0.056250, 0.003157
0.946250, 0.007372
0.946250, 0.010520
0.056250, 0.006271
0.946250, 0.004261
0.946250, 0.010558
0.056250, 0.009418
0.946250, 0.001075
0.946250, 0.010531
0.946250, 0.010533
0.063750, 0.002017
0.946250, 0.008526
0.946250, 0.010256
0.056250, 0.005389
0.946250, 0.005141
0.946250, 0.010569
0.056250, 0.008482
0.946250, 0.002070
0.946250, 0.010552
0.946250, 0.010514

====================================================================
Flow ID: 13 | Shape: (30, 2)
Features: [Size/1600, IAT/0.1]
--------------------------------------------------------------------
0.046250, 0.000000
0.041250, 0.024463
0.041875, 0.000136
0.041250, 0.027832
0.058125, 0.001877
0.046250, 0.071753
0.041250, 0.024421
0.953750, 0.000318
0.946250, 0.010467
0.946250, 0.010881
0.056250, 0.003042
0.946250, 0.007387
0.946250, 0.010531
0.056250, 0.006537
0.946250, 0.004137
0.946250, 0.010586
0.056250, 0.009792
0.946250, 0.000794
0.946250, 0.010415
0.946250, 0.010550
0.063750, 0.002642
0.946250, 0.007939
0.946250, 0.010576
0.056250, 0.005845
0.946250, 0.004761
0.946250, 0.010588
0.056250, 0.009073
0.946250, 0.001188
0.946250, 0.010542
0.946250, 0.010541

====================================================================
Flow ID: 16 | Shape: (30, 2)
Features: [Size/1600, IAT/0.1]
--------------------------------------------------------------------
0.046250, 0.000000
0.041250, 0.024464
0.041875, 0.000144
0.041250, 0.027486
0.058125, 0.001633
0.046250, 0.065912
0.041250, 0.024544
0.953750, 0.000314
0.946250, 0.010466
0.946250, 0.010520
0.056250, 0.003186
0.946250, 0.007347
0.946250, 0.010541
0.056250, 0.006253
0.946250, 0.004291
0.946250, 0.010541
0.056250, 0.009480
0.946250, 0.000992
0.946250, 0.010109
0.946250, 0.010525
0.063750, 0.002560
0.946250, 0.007993
0.946250, 0.010552
0.056250, 0.005694
0.946250, 0.004842
0.946250, 0.010556
0.056250, 0.008814
0.946250, 0.001742
0.946250, 0.010428
0.946250, 0.010527

====================================================================
Flow ID: 17 | Shape: (30, 2)
Features: [Size/1600, IAT/0.1]
--------------------------------------------------------------------
0.046250, 0.000000
0.041250, 0.024433
0.041875, 0.000129
0.041250, 0.027734
0.058125, 0.001695
0.046250, 0.075423
0.041250, 0.024414
0.953750, 0.000316
0.946250, 0.010460
0.946250, 0.010518
0.056250, 0.003226
0.946250, 0.007372
0.946250, 0.010135
0.056250, 0.006648
0.946250, 0.003898
0.946250, 0.010531
0.056250, 0.009797
0.946250, 0.000758
0.946250, 0.010379
0.946250, 0.010537
0.063750, 0.002560
0.946250, 0.008005
0.946250, 0.010640
0.056250, 0.005592
0.946250, 0.004913
0.946250, 0.010559
0.056250, 0.008923
0.946250, 0.001674
0.946250, 0.010627
0.946250, 0.010600

====================================================================
Flow ID: 18 | Shape: (30, 2)
Features: [Size/1600, IAT/0.1]
--------------------------------------------------------------------
0.046250, 0.000000
0.041250, 0.024438
0.041875, 0.000128
0.041250, 0.027600
0.058125, 0.001735
0.046250, 0.076506
0.041250, 0.024401
0.953750, 0.000316
0.946250, 0.010449
0.946250, 0.010521
0.056250, 0.003211
0.946250, 0.007391
0.946250, 0.010469
0.056250, 0.006342
0.946250, 0.004197
0.946250, 0.010545
0.056250, 0.009523
0.946250, 0.001105
0.946250, 0.010520
0.946250, 0.010548
0.063750, 0.002170
0.946250, 0.008379
0.946250, 0.010563
0.056250, 0.005293
0.946250, 0.005281
0.946250, 0.010239
0.056250, 0.008762
0.946250, 0.001866
0.946250, 0.010405
0.946250, 0.010575

====================================================================
Flow ID: 21 | Shape: (30, 2)
Features: [Size/1600, IAT/0.1]
--------------------------------------------------------------------
0.046250, 0.000000
0.041250, 0.024491
0.041875, 0.000133
0.041250, 0.027712
0.058125, 0.001766
0.046250, 0.062804
0.041250, 0.024578
0.953750, 0.000426
0.946250, 0.010419
0.946250, 0.010521
0.056250, 0.003235
0.946250, 0.007299
0.946250, 0.010544
0.056250, 0.006377
0.946250, 0.004156
0.946250, 0.010533
0.056250, 0.009528
0.946250, 0.001190
0.946250, 0.010410
0.946250, 0.010559
0.063750, 0.002050
0.946250, 0.008549
0.946250, 0.010512
0.056250, 0.005135
0.946250, 0.005462
0.946250, 0.010591
0.056250, 0.008181
0.946250, 0.002393
0.946250, 0.010572
0.946250, 0.010584

====================================================================
Flow ID: 25 | Shape: (30, 2)
Features: [Size/1600, IAT/0.1]
--------------------------------------------------------------------
0.046250, 0.000000
0.041250, 0.024485
0.041875, 0.000128
0.041250, 0.027792
0.058125, 0.001700
0.046250, 0.075099
0.041250, 0.024411
0.953750, 0.000319
0.946250, 0.010456
0.946250, 0.010540
0.056250, 0.003299
0.946250, 0.007228
0.946250, 0.010538
0.056250, 0.006372
0.946250, 0.004210
0.946250, 0.010557
0.056250, 0.009496
0.946250, 0.001107
0.946250, 0.010518
0.946250, 0.010561
0.063750, 0.002080
0.946250, 0.008454
0.946250, 0.010577
0.056250, 0.005157
0.946250, 0.005381
0.946250, 0.010562
0.056250, 0.008268
0.946250, 0.002298
0.946250, 0.010603
0.946250, 0.010556

====================================================================
Flow ID: 26 | Shape: (30, 2)
Features: [Size/1600, IAT/0.1]
--------------------------------------------------------------------
0.046250, 0.000000
0.041250, 0.024441
0.041875, 0.000136
0.041250, 0.027502
0.058125, 0.001730
0.046250, 0.077136
0.041250, 0.024415
0.953750, 0.000324
0.946250, 0.010441
0.946250, 0.010526
0.056250, 0.003208
0.946250, 0.007321
0.946250, 0.010553
0.056250, 0.006279
0.946250, 0.004258
0.946250, 0.010542
0.056250, 0.009502
0.946250, 0.001106
0.946250, 0.010527
0.946250, 0.010557
0.063750, 0.002028
0.946250, 0.008527
0.946250, 0.010554
0.056250, 0.005221
0.946250, 0.005352
0.946250, 0.010600
0.056250, 0.008309
0.946250, 0.002250
0.946250, 0.010619
0.946250, 0.010515

====================================================================
Flow ID: 28 | Shape: (30, 2)
Features: [Size/1600, IAT/0.1]
--------------------------------------------------------------------
0.046250, 0.000000
0.041250, 0.024442
0.041875, 0.000133
0.041250, 0.027968
0.058125, 0.001692
0.046250, 0.073897
0.041250, 0.024395
0.953750, 0.000315
0.946250, 0.010464
0.946250, 0.010519
0.056250, 0.003189
0.946250, 0.007350
0.946250, 0.010528
0.056250, 0.006275
0.946250, 0.004269
0.946250, 0.010551
0.056250, 0.009415
0.946250, 0.001101
0.946250, 0.010529
0.946250, 0.010144
0.063750, 0.002452
0.946250, 0.008108
0.946250, 0.010613
0.056250, 0.005505
0.946250, 0.005050
0.946250, 0.010599
0.056250, 0.008656
0.946250, 0.001890
0.946250, 0.010331
0.946250, 0.010575

====================================================================
Flow ID: 31 | Shape: (30, 2)
Features: [Size/1600, IAT/0.1]
--------------------------------------------------------------------
0.046250, 0.000000
0.041250, 0.024472
0.041875, 0.000130
0.041250, 0.027755
0.058125, 0.001780
0.046250, 0.072253
0.041250, 0.024388
0.953750, 0.000310
0.946250, 0.010169
0.946250, 0.010531
0.056250, 0.003596
0.946250, 0.006921
0.946250, 0.010530
0.056250, 0.006685
0.946250, 0.003844
0.946250, 0.010526
0.056250, 0.009849
0.946250, 0.000685
0.946250, 0.010429
0.946250, 0.010535
0.063750, 0.002538
0.946250, 0.008636
0.946250, 0.010451
0.056250, 0.005074
0.946250, 0.005457
0.946250, 0.010547
0.056250, 0.008212
0.946250, 0.002341
0.946250, 0.010563
0.946250, 0.010402

====================================================================
Flow ID: 33 | Shape: (30, 2)
Features: [Size/1600, IAT/0.1]
--------------------------------------------------------------------
0.046250, 0.000000
0.041250, 0.024405
0.041875, 0.000181
0.041250, 0.026719
0.058125, 0.001294
0.046250, 0.059520
0.041250, 0.024459
0.953750, 0.000343
0.946250, 0.010438
0.946250, 0.010517
0.056250, 0.003226
0.946250, 0.007305
0.946250, 0.010522
0.056250, 0.006300
0.946250, 0.004237
0.946250, 0.010536
0.056250, 0.009423
0.946250, 0.001074
0.946250, 0.010401
0.946250, 0.010634
0.063750, 0.002043
0.946250, 0.008435
0.946250, 0.010544
0.056250, 0.005197
0.946250, 0.005357
0.946250, 0.010544
0.056250, 0.008332
0.946250, 0.002225
0.946250, 0.010549
0.946250, 0.010565

====================================================================
Flow ID: 34 | Shape: (30, 2)
Features: [Size/1600, IAT/0.1]
--------------------------------------------------------------------
0.046250, 0.000000
0.041250, 0.024455
0.041875, 0.000150
0.041250, 0.027951
0.058125, 0.001734
0.046250, 0.074172
0.041250, 0.024399
0.953750, 0.000320
0.946250, 0.010467
0.946250, 0.010993
0.056250, 0.003157
0.946250, 0.007263
0.946250, 0.010647
0.056250, 0.006525
0.946250, 0.003997
0.946250, 0.010667
0.056250, 0.009792
0.946250, 0.000786
0.946250, 0.010386
0.946250, 0.010479
0.063750, 0.002713
0.946250, 0.007871
0.946250, 0.010581
0.056250, 0.005854
0.946250, 0.004733
0.946250, 0.010597
0.056250, 0.009075
0.946250, 0.001156
0.946250, 0.010576
0.946250, 0.010588

====================================================================
Flow ID: 37 | Shape: (30, 2)
Features: [Size/1600, IAT/0.1]
--------------------------------------------------------------------
0.046250, 0.000000
0.041250, 0.024453
0.041875, 0.000134
0.041250, 0.027763
0.058125, 0.001767
0.046250, 0.059660
0.041250, 0.024416
0.953750, 0.000324
0.946250, 0.010439
0.946250, 0.010126
0.056250, 0.003769
0.946250, 0.006762
0.946250, 0.010520
0.056250, 0.006879
0.946250, 0.003653
0.946250, 0.010547
0.056250, 0.010014
0.946250, 0.000523
0.946250, 0.010574
0.946250, 0.010514
0.063750, 0.002636
0.946250, 0.007924
0.946250, 0.010573
0.056250, 0.005839
0.946250, 0.004726
0.946250, 0.010545
0.056250, 0.009000
0.946250, 0.001581
0.946250, 0.010624
0.946250, 0.010553

====================================================================
Flow ID: 40 | Shape: (30, 2)
Features: [Size/1600, IAT/0.1]
--------------------------------------------------------------------
0.046250, 0.000000
0.041250, 0.024460
0.041875, 0.000177
0.041250, 0.026769
0.058125, 0.001561
0.046250, 0.058612
0.041250, 0.024338
0.953750, 0.000260
0.946250, 0.010469
0.946250, 0.010536
0.056250, 0.003161
0.946250, 0.007361
0.946250, 0.010530
0.056250, 0.006255
0.946250, 0.003960
0.946250, 0.010539
0.056250, 0.009704
0.946250, 0.000856
0.946250, 0.010249
0.946250, 0.010524
0.063750, 0.002549
0.946250, 0.008016
0.946250, 0.011001
0.056250, 0.005173
0.946250, 0.004934
0.946250, 0.010245
0.056250, 0.009026
0.946250, 0.001079
0.946250, 0.010543
0.946250, 0.010556

====================================================================
Flow ID: 44 | Shape: (30, 2)
Features: [Size/1600, IAT/0.1]
--------------------------------------------------------------------
0.046250, 0.000000
0.041250, 0.024452
0.041875, 0.000149
0.041250, 0.027666
0.058125, 0.001760
0.046250, 0.072234
0.041250, 0.024387
0.953750, 0.000315
0.946250, 0.010445
0.946250, 0.010357
0.056250, 0.003373
0.946250, 0.007250
0.946250, 0.010447
0.056250, 0.006450
0.946250, 0.004089
0.946250, 0.010557
0.056250, 0.009531
0.946250, 0.001099
0.946250, 0.010506
0.946250, 0.010546
0.063750, 0.002056
0.946250, 0.008509
0.946250, 0.010560
0.056250, 0.005193
0.946250, 0.005379
0.946250, 0.010562
0.056250, 0.008469
0.946250, 0.002131
0.946250, 0.010648
0.946250, 0.010513

====================================================================
Flow ID: 45 | Shape: (30, 2)
Features: [Size/1600, IAT/0.1]
--------------------------------------------------------------------
0.046250, 0.000000
0.041250, 0.024478
0.041875, 0.000139
0.041250, 0.027533
0.058125, 0.001710
0.046250, 0.071056
0.041250, 0.024457
0.953750, 0.000292
0.946250, 0.010431
0.946250, 0.010525
0.056250, 0.003250
0.946250, 0.007283
0.946250, 0.010526
0.056250, 0.006400
0.946250, 0.004141
0.946250, 0.010160
0.056250, 0.009879
0.946250, 0.000678
0.946250, 0.010451
0.946250, 0.010511
0.063750, 0.002534
0.946250, 0.008023
0.946250, 0.010548
0.056250, 0.005604
0.946250, 0.004965
0.946250, 0.010548
0.056250, 0.008797
0.946250, 0.001774
0.946250, 0.010478
0.946250, 0.010560

====================================================================
Flow ID: 46 | Shape: (30, 2)
Features: [Size/1600, IAT/0.1]
--------------------------------------------------------------------
0.046250, 0.000000
0.041250, 0.024372
0.041875, 0.000125
0.041250, 0.027346
0.058125, 0.001475
0.046250, 0.074419
0.041250, 0.024332
0.953750, 0.000254
0.946250, 0.010471
0.946250, 0.010527
0.056250, 0.003242
0.946250, 0.007296
0.946250, 0.010539
0.056250, 0.006308
0.946250, 0.004244
0.946250, 0.010542
0.056250, 0.009489
0.946250, 0.001114
0.946250, 0.010350
0.946250, 0.010563
0.063750, 0.002196
0.946250, 0.008364
0.946250, 0.010609
0.056250, 0.005256
0.946250, 0.005316
0.946250, 0.010565
0.056250, 0.008437
0.946250, 0.002151
0.946250, 0.010611
0.946250, 0.010573

====================================================================
Flow ID: 47 | Shape: (30, 2)
Features: [Size/1600, IAT/0.1]
--------------------------------------------------------------------
0.046250, 0.000000
0.041250, 0.024430
0.041875, 0.000131
0.041250, 0.027386
0.058125, 0.001839
0.046250, 0.073238
0.041250, 0.024376
0.953750, 0.000305
0.946250, 0.010475
0.946250, 0.010527
0.056250, 0.003173
0.946250, 0.007357
0.946250, 0.010528
0.056250, 0.006249
0.946250, 0.004282
0.946250, 0.010550
0.056250, 0.009380
0.946250, 0.001078
0.946250, 0.010544
0.946250, 0.010453
0.063750, 0.002096
0.946250, 0.008454
0.946250, 0.010576
0.056250, 0.005157
0.946250, 0.005406
0.946250, 0.010578
0.056250, 0.008344
0.946250, 0.002259
0.946250, 0.010552
0.946250, 0.010571

====================================================================
Flow ID: 49 | Shape: (30, 2)
Features: [Size/1600, IAT/0.1]
--------------------------------------------------------------------
0.046250, 0.000000
0.041250, 0.024531
0.041875, 0.000163
0.041250, 0.027646
0.058125, 0.002655
0.046250, 0.069444
0.041250, 0.024581
0.953750, 0.000329
0.946250, 0.010461
0.946250, 0.010537
0.056250, 0.003161
0.946250, 0.007411
0.946250, 0.010533
0.056250, 0.006213
0.946250, 0.004373
0.946250, 0.010496
0.056250, 0.009341
0.946250, 0.001081
0.946250, 0.010519
0.946250, 0.010581
0.063750, 0.002054
0.946250, 0.008446
0.946250, 0.010578
0.056250, 0.005137
0.946250, 0.005413
0.946250, 0.010558
0.056250, 0.008205
0.946250, 0.002347
0.946250, 0.010563
0.946250, 0.010672

====================================================================
Flow ID: 52 | Shape: (30, 2)
Features: [Size/1600, IAT/0.1]
--------------------------------------------------------------------
0.046250, 0.000000
0.041250, 0.024463
0.041875, 0.000139
0.041250, 0.027695
0.058125, 0.001578
0.046250, 0.076719
0.041250, 0.024394
0.953750, 0.000324
0.946250, 0.010456
0.946250, 0.010525
0.056250, 0.003277
0.946250, 0.007263
0.946250, 0.010533
0.056250, 0.006356
0.946250, 0.004184
0.946250, 0.010540
0.056250, 0.009464
0.946250, 0.001104
0.946250, 0.010520
0.946250, 0.010550
0.063750, 0.002040
0.946250, 0.008520
0.946250, 0.010568
0.056250, 0.005146
0.946250, 0.005430
0.946250, 0.010560
0.056250, 0.008338
0.946250, 0.002263
0.946250, 0.010586
0.946250, 0.010574

====================================================================
Flow ID: 53 | Shape: (30, 2)
Features: [Size/1600, IAT/0.1]
--------------------------------------------------------------------
0.046250, 0.000000
0.041250, 0.024521
0.041875, 0.000141
0.041250, 0.027827
0.058125, 0.001654
0.046250, 0.077047
0.041250, 0.024420
0.953750, 0.000338
0.946250, 0.010455
0.946250, 0.010523
0.056250, 0.003199
0.946250, 0.007326
0.946250, 0.010533
0.056250, 0.006302
0.946250, 0.004266
0.946250, 0.010531
0.056250, 0.009432
0.946250, 0.001105
0.946250, 0.010546
0.946250, 0.010378
0.063750, 0.002187
0.946250, 0.008406
0.946250, 0.010552
0.056250, 0.005277
0.946250, 0.005300
0.946250, 0.010570
0.056250, 0.008461
0.946250, 0.002145
0.946250, 0.010764
0.946250, 0.010421

====================================================================
Flow ID: 54 | Shape: (30, 2)
Features: [Size/1600, IAT/0.1]
--------------------------------------------------------------------
0.046250, 0.000000
0.041250, 0.024468
0.041875, 0.000128
0.041250, 0.027632
0.058125, 0.001465
0.046250, 0.062489
0.041250, 0.024460
0.953750, 0.000299
0.946250, 0.010452
0.946250, 0.010553
0.056250, 0.003169
0.946250, 0.007360
0.946250, 0.010573
0.056250, 0.006242
0.946250, 0.004250
0.946250, 0.010547
0.056250, 0.009461
0.946250, 0.001079
0.946250, 0.010535
0.946250, 0.010558
0.063750, 0.002012
0.946250, 0.008549
0.946250, 0.010557
0.056250, 0.005085
0.946250, 0.005473
0.946250, 0.010214
0.056250, 0.008554
0.946250, 0.002025
0.946250, 0.010191
0.946250, 0.010529

====================================================================
Flow ID: 62 | Shape: (30, 2)
Features: [Size/1600, IAT/0.1]
--------------------------------------------------------------------
0.046250, 0.000000
0.041250, 0.024472
0.041875, 0.000143
0.041250, 0.027673
0.058125, 0.001584
0.046250, 0.059229
0.041250, 0.024479
0.953750, 0.000388
0.946250, 0.010449
0.946250, 0.010515
0.056250, 0.003216
0.946250, 0.007335
0.946250, 0.010517
0.056250, 0.006321
0.946250, 0.004211
0.946250, 0.010545
0.056250, 0.009419
0.946250, 0.001084
0.946250, 0.010517
0.946250, 0.010561
0.063750, 0.002019
0.946250, 0.008560
0.946250, 0.010267
0.056250, 0.005368
0.946250, 0.005187
0.946250, 0.010562
0.056250, 0.008502
0.946250, 0.002075
0.946250, 0.010162
0.946250, 0.010577

====================================================================
Flow ID: 65 | Shape: (30, 2)
Features: [Size/1600, IAT/0.1]
--------------------------------------------------------------------
0.046250, 0.000000
0.041250, 0.024435
0.041875, 0.000118
0.041250, 0.027442
0.058125, 0.001444
0.046250, 0.062606
0.041250, 0.024494
0.953750, 0.000282
0.946250, 0.010470
0.946250, 0.010515
0.056250, 0.003183
0.946250, 0.007358
0.946250, 0.010525
0.056250, 0.006247
0.946250, 0.004278
0.946250, 0.010549
0.056250, 0.009423
0.946250, 0.000996
0.946250, 0.010105
0.946250, 0.010524
0.063750, 0.002556
0.946250, 0.008001
0.946250, 0.010553
0.056250, 0.005642
0.946250, 0.004932
0.946250, 0.010558
0.056250, 0.008809
0.946250, 0.001766
0.946250, 0.010452
0.946250, 0.010584

====================================================================
Flow ID: 68 | Shape: (30, 2)
Features: [Size/1600, IAT/0.1]
--------------------------------------------------------------------
0.046250, 0.000000
0.041250, 0.024493
0.041875, 0.000144
0.041250, 0.027788
0.058125, 0.001635
0.046250, 0.076437
0.041250, 0.024398
0.953750, 0.000314
0.946250, 0.010457
0.946250, 0.010497
0.056250, 0.003220
0.946250, 0.007308
0.946250, 0.010522
0.056250, 0.006321
0.946250, 0.004219
0.946250, 0.010528
0.056250, 0.009481
0.946250, 0.001105
0.946250, 0.010553
0.946250, 0.010552
0.063750, 0.002010
0.946250, 0.008540
0.946250, 0.010593
0.056250, 0.005144
0.946250, 0.005424
0.946250, 0.010570
0.056250, 0.008294
0.946250, 0.002284
0.946250, 0.010566
0.946250, 0.010566

====================================================================
Flow ID: 70 | Shape: (30, 2)
Features: [Size/1600, IAT/0.1]
--------------------------------------------------------------------
0.046250, 0.000000
0.041250, 0.024435
0.041875, 0.000123
0.041250, 0.027765
0.058125, 0.001639
0.046250, 0.079584
0.041250, 0.024528
0.953750, 0.000185
0.946250, 0.010527
0.946250, 0.010486
0.056250, 0.003183
0.946250, 0.007356
0.946250, 0.010534
0.056250, 0.006263
0.946250, 0.004284
0.946250, 0.010528
0.056250, 0.009373
0.946250, 0.001104
0.946250, 0.010519
0.946250, 0.010309
0.063750, 0.002286
0.946250, 0.008282
0.946250, 0.010593
0.056250, 0.005362
0.946250, 0.005208
0.946250, 0.010591
0.056250, 0.008495
0.946250, 0.002067
0.946250, 0.010248
0.946250, 0.010599

====================================================================
Flow ID: 73 | Shape: (30, 2)
Features: [Size/1600, IAT/0.1]
--------------------------------------------------------------------
0.046250, 0.000000
0.041250, 0.024412
0.041875, 0.000138
0.041250, 0.027435
0.058125, 0.001435
0.046250, 0.073178
0.041250, 0.024353
0.953750, 0.000279
0.946250, 0.010456
0.946250, 0.010516
0.056250, 0.003199
0.946250, 0.007348
0.946250, 0.010533
0.056250, 0.006405
0.946250, 0.004139
0.946250, 0.010556
0.056250, 0.009585
0.946250, 0.000983
0.946250, 0.010174
0.946250, 0.010453
0.063750, 0.002675
0.946250, 0.007879
0.946250, 0.010566
0.056250, 0.005772
0.946250, 0.004798
0.946250, 0.010538
0.056250, 0.008934
0.946250, 0.001656
0.946250, 0.010621
0.946250, 0.010544

====================================================================
Flow ID: 74 | Shape: (30, 2)
Features: [Size/1600, IAT/0.1]
--------------------------------------------------------------------
0.046250, 0.000000
0.041250, 0.024463
0.041875, 0.000170
0.041250, 0.027708
0.058125, 0.001643
0.046250, 0.075161
0.041250, 0.024413
0.953750, 0.000309
0.946250, 0.010457
0.946250, 0.010524
0.056250, 0.003286
0.946250, 0.007253
0.946250, 0.010554
0.056250, 0.006365
0.946250, 0.004176
0.946250, 0.010248
0.056250, 0.009821
0.946250, 0.000724
0.946250, 0.010413
0.946250, 0.010485
0.063750, 0.002614
0.946250, 0.007942
0.946250, 0.010581
0.056250, 0.005713
0.946250, 0.004844
0.946250, 0.010580
0.056250, 0.008876
0.946250, 0.001703
0.946250, 0.010594
0.946250, 0.010577

====================================================================
Flow ID: 81 | Shape: (30, 2)
Features: [Size/1600, IAT/0.1]
--------------------------------------------------------------------
0.046250, 0.000000
0.041250, 0.024518
0.041875, 0.000160
0.041250, 0.027562
0.058125, 0.001896
0.046250, 0.070364
0.041250, 0.024413
0.953750, 0.000320
0.946250, 0.010453
0.946250, 0.010525
0.056250, 0.003279
0.946250, 0.007248
0.946250, 0.010524
0.056250, 0.006419
0.946250, 0.004127
0.946250, 0.010532
0.056250, 0.009555
0.946250, 0.000993
0.946250, 0.010113
0.946250, 0.010567
0.063750, 0.002508
0.946250, 0.007994
0.946250, 0.010580
0.056250, 0.005618
0.946250, 0.004928
0.946250, 0.010563
0.056250, 0.008833
0.946250, 0.001756
0.946250, 0.010494
0.946250, 0.010705

====================================================================
Flow ID: 85 | Shape: (30, 2)
Features: [Size/1600, IAT/0.1]
--------------------------------------------------------------------
0.046250, 0.000000
0.041250, 0.024481
0.041875, 0.000142
0.041250, 0.027595
0.058125, 0.001688
0.046250, 0.067708
0.041250, 0.024544
0.953750, 0.000308
0.946250, 0.010461
0.946250, 0.010531
0.056250, 0.003184
0.946250, 0.007364
0.946250, 0.010517
0.056250, 0.006260
0.946250, 0.004294
0.946250, 0.010542
0.056250, 0.009424
0.946250, 0.001080
0.946250, 0.010555
0.946250, 0.010561
0.063750, 0.001992
0.946250, 0.008571
0.946250, 0.010588
0.056250, 0.005138
0.946250, 0.005440
0.946250, 0.010591
0.056250, 0.008223
0.946250, 0.002335
0.946250, 0.010571
0.946250, 0.010553

====================================================================
Flow ID: 86 | Shape: (30, 2)
Features: [Size/1600, IAT/0.1]
--------------------------------------------------------------------
0.046250, 0.000000
0.041250, 0.024470
0.041875, 0.000134
0.041250, 0.028245
0.058125, 0.001597
0.046250, 0.058751
0.041250, 0.024493
0.953750, 0.000406
0.946250, 0.010430
0.946250, 0.010528
0.056250, 0.003226
0.946250, 0.007132
0.946250, 0.010688
0.056250, 0.006330
0.946250, 0.004055
0.946250, 0.010540
0.056250, 0.009670
0.946250, 0.000882
0.946250, 0.010217
0.946250, 0.010472
0.063750, 0.002631
0.946250, 0.007915
0.946250, 0.010581
0.056250, 0.005704
0.946250, 0.004844
0.946250, 0.010557
0.056250, 0.008937
0.946250, 0.001657
0.946250, 0.010611
0.946250, 0.010568

====================================================================
Flow ID: 87 | Shape: (30, 2)
Features: [Size/1600, IAT/0.1]
--------------------------------------------------------------------
0.046250, 0.000000
0.041250, 0.024451
0.041875, 0.000156
0.041250, 0.027646
0.058125, 0.001504
0.046250, 0.073869
0.041250, 0.024381
0.953750, 0.000320
0.946250, 0.010437
0.946250, 0.010522
0.056250, 0.003205
0.946250, 0.007335
0.946250, 0.010525
0.056250, 0.006276
0.946250, 0.004276
0.946250, 0.010529
0.056250, 0.009338
0.946250, 0.001216
0.946250, 0.010568
0.946250, 0.010565
0.063750, 0.001837
0.946250, 0.008731
0.946250, 0.010583
0.056250, 0.004911
0.946250, 0.005662
0.946250, 0.010772
0.056250, 0.007948
0.946250, 0.002457
0.946250, 0.010569
0.946250, 0.010750

====================================================================
Flow ID: 88 | Shape: (30, 2)
Features: [Size/1600, IAT/0.1]
--------------------------------------------------------------------
0.046250, 0.000000
0.041250, 0.024436
0.041875, 0.000141
0.041250, 0.027525
0.058125, 0.001645
0.046250, 0.059693
0.041250, 0.024523
0.953750, 0.000417
0.946250, 0.010420
0.946250, 0.010519
0.056250, 0.003231
0.946250, 0.007299
0.946250, 0.010529
0.056250, 0.006373
0.946250, 0.004161
0.946250, 0.010530
0.056250, 0.009558
0.946250, 0.000995
0.946250, 0.010107
0.946250, 0.010393
0.063750, 0.002850
0.946250, 0.007721
0.946250, 0.010561
0.056250, 0.006073
0.946250, 0.004504
0.946250, 0.010634
0.056250, 0.009161
0.946250, 0.001112
0.946250, 0.010566
0.946250, 0.010575

====================================================================
Flow ID: 92 | Shape: (30, 2)
Features: [Size/1600, IAT/0.1]
--------------------------------------------------------------------
0.046250, 0.000000
0.041250, 0.024460
0.041875, 0.000150
0.041250, 0.027834
0.058125, 0.001738
0.046250, 0.075930
0.041250, 0.024388
0.953750, 0.000342
0.946250, 0.010446
0.946250, 0.010519
0.056250, 0.003265
0.946250, 0.007273
0.946250, 0.010546
0.056250, 0.006337
0.946250, 0.004219
0.946250, 0.010550
0.056250, 0.009416
0.946250, 0.001094
0.946250, 0.010521
0.946250, 0.010535
0.063750, 0.002037
0.946250, 0.008516
0.946250, 0.010545
0.056250, 0.005146
0.946250, 0.005416
0.946250, 0.010576
0.056250, 0.008306
0.946250, 0.002278
0.946250, 0.010591
0.946250, 0.010583

====================================================================
Flow ID: 94 | Shape: (30, 2)
Features: [Size/1600, IAT/0.1]
--------------------------------------------------------------------
0.046250, 0.000000
0.041250, 0.024414
0.041875, 0.000151
0.041250, 0.027266
0.058125, 0.001497
0.046250, 0.061314
0.041250, 0.024458
0.953750, 0.000350
0.946250, 0.010437
0.946250, 0.010522
0.056250, 0.003211
0.946250, 0.007322
0.946250, 0.010518
0.056250, 0.006390
0.946250, 0.004156
0.946250, 0.010539
0.056250, 0.009536
0.946250, 0.001021
0.946250, 0.010077
0.946250, 0.010530
0.063750, 0.002693
0.946250, 0.007861
0.946250, 0.010553
0.056250, 0.005780
0.946250, 0.004770
0.946250, 0.010561
0.056250, 0.008900
0.946250, 0.001388
0.946250, 0.010550
0.946250, 0.010575

====================================================================
Flow ID: 96 | Shape: (30, 2)
Features: [Size/1600, IAT/0.1]
--------------------------------------------------------------------
0.046250, 0.000000
0.041250, 0.024533
0.041875, 0.000141
0.041250, 0.027965
0.058125, 0.001688
0.046250, 0.061137
0.041250, 0.024401
0.953750, 0.000327
0.946250, 0.010465
0.946250, 0.010538
0.056250, 0.003175
0.946250, 0.007360
0.946250, 0.010529
0.056250, 0.006255
0.946250, 0.004282
0.946250, 0.010549
0.056250, 0.009408
0.946250, 0.001080
0.946250, 0.010556
0.946250, 0.010533
0.063750, 0.001989
0.946250, 0.008574
0.946250, 0.010578
0.056250, 0.005046
0.946250, 0.005501
0.946250, 0.010556
0.056250, 0.008156
0.946250, 0.002433
0.946250, 0.010578
0.946250, 0.010543

====================================================================
Flow ID: 97 | Shape: (30, 2)
Features: [Size/1600, IAT/0.1]
--------------------------------------------------------------------
0.046250, 0.000000
0.041250, 0.024522
0.041875, 0.000135
0.041250, 0.027997
0.058125, 0.001493
0.046250, 0.059791
0.041250, 0.024486
0.953750, 0.000412
0.946250, 0.010448
0.946250, 0.010519
0.056250, 0.003211
0.946250, 0.007332
0.946250, 0.010521
0.056250, 0.006292
0.946250, 0.004249
0.946250, 0.010547
0.056250, 0.009428
0.946250, 0.001082
0.946250, 0.010543
0.946250, 0.010555
0.063750, 0.002118
0.946250, 0.008428
0.946250, 0.010550
0.056250, 0.005208
0.946250, 0.005019
0.946250, 0.010566
0.056250, 0.008717
0.946250, 0.001882
0.946250, 0.010349
0.946250, 0.010503

====================================================================
Flow ID: 106 | Shape: (30, 2)
Features: [Size/1600, IAT/0.1]
--------------------------------------------------------------------
0.046250, 0.000000
0.041250, 0.024459
0.041875, 0.000182
0.041250, 0.027648
0.058125, 0.001611
0.046250, 0.075692
0.041250, 0.024397
0.953750, 0.000296
0.946250, 0.010326
0.946250, 0.010535
0.056250, 0.003319
0.946250, 0.007219
0.946250, 0.010529
0.056250, 0.006405
0.946250, 0.004142
0.946250, 0.010526
0.056250, 0.009648
0.946250, 0.000899
0.946250, 0.010223
0.946250, 0.010541
0.063750, 0.002548
0.946250, 0.007999
0.946250, 0.010550
0.056250, 0.005722
0.946250, 0.004868
0.946250, 0.010561
0.056250, 0.008916
0.946250, 0.001687
0.946250, 0.010571
0.946250, 0.010522

====================================================================
Flow ID: 107 | Shape: (30, 2)
Features: [Size/1600, IAT/0.1]
--------------------------------------------------------------------
0.046250, 0.000000
0.041250, 0.024434
0.041875, 0.000123
0.041250, 0.028028
0.058125, 0.001528
0.046250, 0.076850
0.041250, 0.024412
0.953750, 0.000287
0.946250, 0.010468
0.946250, 0.010527
0.056250, 0.003243
0.946250, 0.007240
0.946250, 0.010529
0.056250, 0.006379
0.946250, 0.004175
0.946250, 0.010545
0.056250, 0.009504
0.946250, 0.001105
0.946250, 0.010523
0.946250, 0.010553
0.063750, 0.002114
0.946250, 0.008435
0.946250, 0.010555
0.056250, 0.005244
0.946250, 0.005337
0.946250, 0.010615
0.056250, 0.008355
0.946250, 0.002198
0.946250, 0.010579
0.946250, 0.010569

====================================================================
Flow ID: 109 | Shape: (30, 2)
Features: [Size/1600, IAT/0.1]
--------------------------------------------------------------------
0.046250, 0.000000
0.041250, 0.024508
0.041875, 0.000130
0.041250, 0.028246
0.058125, 0.001714
0.046250, 0.072226
0.041250, 0.024464
0.953750, 0.000322
0.946250, 0.010436
0.946250, 0.010521
0.056250, 0.003230
0.946250, 0.007295
0.946250, 0.010520
0.056250, 0.006422
0.946250, 0.004132
0.946250, 0.010534
0.056250, 0.009528
0.946250, 0.001093
0.946250, 0.010533
0.946250, 0.010595
0.063750, 0.002043
0.946250, 0.008458
0.946250, 0.010640
0.056250, 0.005108
0.946250, 0.005447
0.946250, 0.010554
0.056250, 0.008324
0.946250, 0.002247
0.946250, 0.010590
0.946250, 0.010575

====================================================================
Flow ID: 112 | Shape: (30, 2)
Features: [Size/1600, IAT/0.1]
--------------------------------------------------------------------
0.046250, 0.000000
0.041250, 0.024508
0.041875, 0.000161
0.041250, 0.027661
0.058125, 0.001940
0.046250, 0.071153
0.041250, 0.024401
0.953750, 0.000316
0.946250, 0.010444
0.946250, 0.010533
0.056250, 0.003309
0.946250, 0.007226
0.946250, 0.010516
0.056250, 0.006391
0.946250, 0.004147
0.946250, 0.010537
0.056250, 0.009515
0.946250, 0.001080
0.946250, 0.010116
0.946250, 0.010546
0.063750, 0.002408
0.946250, 0.008157
0.946250, 0.010571
0.056250, 0.005450
0.946250, 0.005096
0.946250, 0.010580
0.056250, 0.008629
0.946250, 0.001966
0.946250, 0.010255
0.946250, 0.010554

====================================================================
Flow ID: 115 | Shape: (30, 2)
Features: [Size/1600, IAT/0.1]
--------------------------------------------------------------------
0.046250, 0.000000
0.041250, 0.024427
0.041875, 0.000121
0.041250, 0.027439
0.058125, 0.001523
0.046250, 0.069476
0.041250, 0.024404
0.953750, 0.000293
0.946250, 0.010478
0.946250, 0.010517
0.056250, 0.003174
0.946250, 0.006964
0.946250, 0.010558
0.056250, 0.006610
0.946250, 0.003919
0.946250, 0.010542
0.056250, 0.009751
0.946250, 0.000786
0.946250, 0.010315
0.946250, 0.010552
0.063750, 0.002532
0.946250, 0.008023
0.946250, 0.010563
0.056250, 0.005615
0.946250, 0.004949
0.946250, 0.010580
0.056250, 0.008751
0.946250, 0.001817
0.946250, 0.010407
0.946250, 0.010588

====================================================================
Flow ID: 117 | Shape: (30, 2)
Features: [Size/1600, IAT/0.1]
--------------------------------------------------------------------
0.046250, 0.000000
0.041250, 0.024499
0.041875, 0.000158
0.041250, 0.027639
0.058125, 0.001682
0.046250, 0.071493
0.041250, 0.024398
0.953750, 0.000289
0.946250, 0.010479
0.946250, 0.010527
0.056250, 0.003263
0.946250, 0.007277
0.946250, 0.010525
0.056250, 0.006347
0.946250, 0.004072
0.946250, 0.010550
0.056250, 0.009631
0.946250, 0.000910
0.946250, 0.010209
0.946250, 0.010532
0.063750, 0.002535
0.946250, 0.008034
0.946250, 0.010563
0.056250, 0.005602
0.946250, 0.004942
0.946250, 0.010558
0.056250, 0.008846
0.946250, 0.001744
0.946250, 0.010497
0.946250, 0.010517

====================================================================
Flow ID: 118 | Shape: (30, 2)
Features: [Size/1600, IAT/0.1]
--------------------------------------------------------------------
0.046250, 0.000000
0.041250, 0.024450
0.041875, 0.000142
0.041250, 0.027722
0.058125, 0.001615
0.046250, 0.074512
0.041250, 0.024382
0.953750, 0.000319
0.946250, 0.010458
0.946250, 0.010525
0.056250, 0.003192
0.946250, 0.007346
0.946250, 0.010536
0.056250, 0.006324
0.946250, 0.004226
0.946250, 0.010549
0.056250, 0.009529
0.946250, 0.000995
0.946250, 0.010142
0.946250, 0.010524
0.063750, 0.002575
0.946250, 0.007990
0.946250, 0.010580
0.056250, 0.005668
0.946250, 0.004895
0.946250, 0.010572
0.056250, 0.008822
0.946250, 0.001764
0.946250, 0.010513
0.946250, 0.010528

====================================================================
Flow ID: 120 | Shape: (30, 2)
Features: [Size/1600, IAT/0.1]
--------------------------------------------------------------------
0.046250, 0.000000
0.041250, 0.024482
0.041875, 0.000140
0.041250, 0.027820
0.058125, 0.001693
0.046250, 0.077637
0.041250, 0.024397
0.953750, 0.000323
0.946250, 0.010447
0.946250, 0.010548
0.056250, 0.003253
0.946250, 0.007273
0.946250, 0.010540
0.056250, 0.006340
0.946250, 0.004198
0.946250, 0.010469
0.056250, 0.009553
0.946250, 0.001102
0.946250, 0.010544
0.946250, 0.010550
0.063750, 0.002025
0.946250, 0.008525
0.946250, 0.010572
0.056250, 0.005095
0.946250, 0.005461
0.946250, 0.010550
0.056250, 0.008224
0.946250, 0.002365
0.946250, 0.010559
0.946250, 0.010611

====================================================================
Flow ID: 122 | Shape: (30, 2)
Features: [Size/1600, IAT/0.1]
--------------------------------------------------------------------
0.046250, 0.000000
0.041250, 0.024478
0.041875, 0.000134
0.041250, 0.027588
0.058125, 0.001694
0.046250, 0.068625
0.041250, 0.024398
0.953750, 0.000308
0.946250, 0.010475
0.946250, 0.010537
0.056250, 0.003203
0.946250, 0.007324
0.946250, 0.010343
0.056250, 0.006476
0.946250, 0.004733
0.946250, 0.010841
0.056250, 0.008643
0.946250, 0.001827
0.946250, 0.010337
0.946250, 0.010545
0.063750, 0.001467
0.946250, 0.009107
0.946250, 0.010559
0.056250, 0.004518
0.946250, 0.006039
0.946250, 0.010561
0.056250, 0.007721
0.946250, 0.002862
0.946250, 0.010557
0.946250, 0.010383
