
====================================================================
Flow ID: 29 | Shape: (30, 2)
Features: [Size/1600, IAT/0.1]
--------------------------------------------------------------------
0.133750, 0.000000
0.133750, 0.200594
0.133750, 0.200619
0.133750, 0.200671
0.133750, 0.200569
0.133750, 0.200606
0.133750, 0.200590
0.133750, 0.200642
0.133750, 0.200623
0.133750, 0.200637
0.133750, 0.200623
0.133750, 0.200649
0.133750, 0.200595
0.133750, 0.200626
0.133750, 0.200601
0.133750, 0.200626
0.133750, 0.200640
0.133750, 0.200614
0.133750, 0.200635
0.133750, 0.200653
0.133750, 0.200612
0.133750, 0.200639
0.133750, 0.200602
0.133750, 0.200450
0.133750, 0.200617
0.133750, 0.200622
0.133750, 0.200609
0.133750, 0.200626
0.133750, 0.200600
0.133750, 0.200609

====================================================================
Flow ID: 30 | Shape: (30, 2)
Features: [Size/1600, IAT/0.1]
--------------------------------------------------------------------
0.133750, 0.000000
0.133750, 0.200607
0.133750, 0.200720
0.133750, 0.200553
0.133750, 0.200591
0.133750, 0.200605
0.133750, 0.200625
0.133750, 0.200634
0.133750, 0.200633
0.133750, 0.200612
0.133750, 0.200612
0.133750, 0.200631
0.133750, 0.200628
0.133750, 0.200656
0.133750, 0.200264
0.133750, 0.200285
0.133750, 0.200650
0.133750, 0.200606
0.133750, 0.200632
0.133750, 0.200622
0.133750, 0.200599
0.133750, 0.200684
0.133750, 0.200563
0.133750, 0.200697
0.133750, 0.200596
0.133750, 0.200621
0.133750, 0.200619
0.133750, 0.200618
0.133750, 0.200678
0.133750, 0.200617

====================================================================
Flow ID: 38 | Shape: (30, 2)
Features: [Size/1600, IAT/0.1]
--------------------------------------------------------------------
0.133750, 0.000000
0.133750, 0.200517
0.133750, 0.200616
0.133750, 0.200620
0.133750, 0.200619
0.133750, 0.200583
0.133750, 0.200624
0.133750, 0.200628
0.133750, 0.200437
0.133750, 0.200632
0.133750, 0.200613
0.133750, 0.200622
0.133750, 0.200627
0.133750, 0.200624
0.133750, 0.200631
0.133750, 0.200659
0.133750, 0.200572
0.133750, 0.200615
0.133750, 0.200626
0.133750, 0.200664
0.133750, 0.200559
0.133750, 0.200610
0.133750, 0.200601
0.133750, 0.200611
0.133750, 0.200863
0.133750, 0.200621
0.133750, 0.200624
0.133750, 0.200642
0.133750, 0.200599
0.133750, 0.200618

====================================================================
Flow ID: 40 | Shape: (30, 2)
Features: [Size/1600, IAT/0.1]
--------------------------------------------------------------------
0.133750, 0.000000
0.133750, 0.200617
0.133750, 0.200607
0.133750, 0.200612
0.133750, 0.200621
0.133750, 0.200630
0.133750, 0.200655
0.133750, 0.200575
0.133750, 0.200628
0.133750, 0.200595
0.133750, 0.200457
0.133750, 0.200597
0.133750, 0.200634
0.133750, 0.200606
0.133750, 0.200616
0.133750, 0.200594
0.133750, 0.200645
0.133750, 0.200608
0.133750, 0.200598
0.133750, 0.200600
0.133750, 0.200619
0.133750, 0.200625
0.133750, 0.200659
0.133750, 0.200601
0.133750, 0.200581
0.133750, 0.200620
0.133750, 0.200686
0.133750, 0.200536
0.133750, 0.200627
0.133750, 0.200610

====================================================================
Flow ID: 43 | Shape: (30, 2)
Features: [Size/1600, IAT/0.1]
--------------------------------------------------------------------
0.133750, 0.000000
0.133750, 0.200609
0.133750, 0.200613
0.133750, 0.200588
0.133750, 0.200621
0.133750, 0.200616
0.133750, 0.200628
0.133750, 0.200630
0.133750, 0.200632
0.133750, 0.200594
0.133750, 0.200626
0.133750, 0.200620
0.133750, 0.200633
0.133750, 0.200603
0.133750, 0.200638
0.133750, 0.200603
0.133750, 0.200631
0.133750, 0.200736
0.133750, 0.200514
0.133750, 0.200635
0.133750, 0.200617
0.133750, 0.200611
0.133750, 0.200616
0.133750, 0.200629
0.133750, 0.200617
0.133750, 0.200588
0.133750, 0.200617
0.133750, 0.200601
0.133750, 0.200605
0.133750, 0.200598

====================================================================
Flow ID: 47 | Shape: (30, 2)
Features: [Size/1600, IAT/0.1]
--------------------------------------------------------------------
0.133750, 0.000000
0.133750, 0.200608
0.133750, 0.200622
0.133750, 0.200620
0.133750, 0.200629
0.133750, 0.200597
0.133750, 0.200623
0.133750, 0.200604
0.133750, 0.200680
0.133750, 0.200536
0.133750, 0.200646
0.133750, 0.200577
0.133750, 0.200629
0.133750, 0.200616
0.133750, 0.200613
0.133750, 0.200606
0.133750, 0.200606
0.133750, 0.200605
0.133750, 0.200615
0.133750, 0.200607
0.133750, 0.200358
0.133750, 0.200579
0.133750, 0.200613
0.133750, 0.200599
0.133750, 0.200624
0.133750, 0.200905
0.133750, 0.200294
0.133750, 0.200603
0.133750, 0.201276
0.133750, 0.199979

====================================================================
Flow ID: 48 | Shape: (30, 2)
Features: [Size/1600, IAT/0.1]
--------------------------------------------------------------------
0.133750, 0.000000
0.133750, 0.200678
0.133750, 0.200512
0.133750, 0.200597
0.133750, 0.200631
0.133750, 0.200617
0.133750, 0.200612
0.133750, 0.200610
0.133750, 0.200616
0.133750, 0.200679
0.133750, 0.200581
0.133750, 0.200600
0.133750, 0.200598
0.133750, 0.200603
0.133750, 0.200644
0.133750, 0.200590
0.133750, 0.200605
0.133750, 0.200856
0.133750, 0.200639
0.133750, 0.200593
0.133750, 0.200620
0.133750, 0.200597
0.133750, 0.200627
0.133750, 0.200617
0.133750, 0.200638
0.133750, 0.200616
0.133750, 0.200596
0.133750, 0.200605
0.133750, 0.200564
0.133750, 0.200614

====================================================================
Flow ID: 51 | Shape: (30, 2)
Features: [Size/1600, IAT/0.1]
--------------------------------------------------------------------
0.133750, 0.000000
0.133750, 0.200595
0.133750, 0.200619
0.133750, 0.200600
0.133750, 0.200623
0.133750, 0.200595
0.133750, 0.200634
0.133750, 0.200616
0.133750, 0.200629
0.133750, 0.200625
0.133750, 0.200597
0.133750, 0.200630
0.133750, 0.200612
0.133750, 0.200599
0.133750, 0.200653
0.133750, 0.200592
0.133750, 0.200604
0.133750, 0.200605
0.133750, 0.200622
0.133750, 0.200630
0.133750, 0.200613
0.133750, 0.200610
0.133750, 0.200388
0.133750, 0.200591
0.133750, 0.200602
0.133750, 0.200618
0.133750, 0.200615
0.133750, 0.200625
0.133750, 0.200588
0.133750, 0.200618

====================================================================
Flow ID: 52 | Shape: (30, 2)
Features: [Size/1600, IAT/0.1]
--------------------------------------------------------------------
0.133750, 0.000000
0.133750, 0.200600
0.133750, 0.200615
0.133750, 0.200604
0.133750, 0.200614
0.133750, 0.200633
0.133750, 0.200597
0.133750, 0.200596
0.133750, 0.200610
0.133750, 0.200572
0.133750, 0.200600
0.133750, 0.200623
0.133750, 0.200607
0.133750, 0.200621
0.133750, 0.200607
0.133750, 0.200593
0.133750, 0.200612
0.133750, 0.200629
0.133750, 0.200645
0.133750, 0.200563
0.133750, 0.200606
0.133750, 0.200616
0.133750, 0.200592
0.133750, 0.200626
0.133750, 0.200628
0.133750, 0.200622
0.133750, 0.200505
0.133750, 0.200614
0.133750, 0.200620
0.133750, 0.200620

====================================================================
Flow ID: 56 | Shape: (30, 2)
Features: [Size/1600, IAT/0.1]
--------------------------------------------------------------------
0.133750, 0.000000
0.133750, 0.200675
0.133750, 0.200556
0.133750, 0.200604
0.133750, 0.200615
0.133750, 0.200615
0.133750, 0.200628
0.133750, 0.200600
0.133750, 0.200618
0.133750, 0.200628
0.133750, 0.200582
0.133750, 0.200703
0.133750, 0.200624
0.133750, 0.200596
0.133750, 0.200632
0.133750, 0.200619
0.133750, 0.200638
0.133750, 0.200591
0.133750, 0.200604
0.133750, 0.200864
0.133750, 0.200638
0.133750, 0.200634
0.133750, 0.200620
0.133750, 0.200710
0.133750, 0.200507
0.133750, 0.200610
0.133750, 0.200612
0.133750, 0.200613
0.133750, 0.200622
0.133750, 0.200587

====================================================================
Flow ID: 57 | Shape: (30, 2)
Features: [Size/1600, IAT/0.1]
--------------------------------------------------------------------
0.133750, 0.000000
0.133750, 0.200611
0.133750, 0.200626
0.133750, 0.200638
0.133750, 0.200635
0.133750, 0.200628
0.133750, 0.200433
0.133750, 0.200631
0.133750, 0.200606
0.133750, 0.200624
0.133750, 0.200605
0.133750, 0.200588
0.133750, 0.200615
0.133750, 0.200607
0.133750, 0.200624
0.133750, 0.200593
0.133750, 0.200619
0.133750, 0.200598
0.133750, 0.200610
0.133750, 0.200631
0.133750, 0.200675
0.133750, 0.200598
0.133750, 0.200829
0.133750, 0.200422
0.133750, 0.200612
0.133750, 0.200622
0.133750, 0.200608
0.133750, 0.200621
0.133750, 0.200606
0.133750, 0.200596

====================================================================
Flow ID: 59 | Shape: (30, 2)
Features: [Size/1600, IAT/0.1]
--------------------------------------------------------------------
0.133750, 0.000000
0.133750, 0.200605
0.133750, 0.200609
0.133750, 0.200624
0.133750, 0.200638
0.133750, 0.200622
0.133750, 0.200616
0.133750, 0.200623
0.133750, 0.200620
0.133750, 0.200673
0.133750, 0.200550
0.133750, 0.200608
0.133750, 0.200605
0.133750, 0.200632
0.133750, 0.200611
0.133750, 0.200623
0.133750, 0.200615
0.133750, 0.200620
0.133750, 0.200619
0.133750, 0.200608
0.133750, 0.200640
0.133750, 0.200620
0.133750, 0.200595
0.133750, 0.200613
0.133750, 0.200625
0.133750, 0.200671
0.133750, 0.200574
0.133750, 0.200891
0.133750, 0.200615
0.133750, 0.200610

====================================================================
Flow ID: 64 | Shape: (30, 2)
Features: [Size/1600, IAT/0.1]
--------------------------------------------------------------------
0.133750, 0.000000
0.133750, 0.200853
0.133750, 0.200605
0.133750, 0.200618
0.133750, 0.200615
0.133750, 0.200602
0.133750, 0.200595
0.133750, 0.200739
0.133750, 0.200556
0.133750, 0.200680
0.133750, 0.200514
0.133750, 0.200621
0.133750, 0.200583
0.133750, 0.200595
0.133750, 0.200588
0.133750, 0.200632
0.133750, 0.200609
0.133750, 0.200882
0.133750, 0.200564
0.133750, 0.200608
0.133750, 0.200604
0.133750, 0.200642
0.133750, 0.200632
0.133750, 0.200620
0.133750, 0.200600
0.133750, 0.200608
0.133750, 0.200602
0.133750, 0.200610
0.133750, 0.200603
0.133750, 0.200627

====================================================================
Flow ID: 68 | Shape: (30, 2)
Features: [Size/1600, IAT/0.1]
--------------------------------------------------------------------
0.133750, 0.000000
0.133750, 0.200655
0.133750, 0.200612
0.133750, 0.200614
0.133750, 0.200664
0.133750, 0.200592
0.133750, 0.200585
0.133750, 0.200633
0.133750, 0.200586
0.133750, 0.200616
0.133750, 0.200637
0.133750, 0.200619
0.133750, 0.200593
0.133750, 0.200625
0.133750, 0.200625
0.133750, 0.200623
0.133750, 0.200611
0.133750, 0.200612
0.133750, 0.200622
0.133750, 0.200646
0.133750, 0.200593
0.133750, 0.200620
0.133750, 0.200626
0.133750, 0.200621
0.133750, 0.200592
0.133750, 0.200628
0.133750, 0.200616
0.133750, 0.200623
0.133750, 0.200609
0.133750, 0.200630

====================================================================
Flow ID: 71 | Shape: (30, 2)
Features: [Size/1600, IAT/0.1]
--------------------------------------------------------------------
0.133750, 0.000000
0.133750, 0.200586
0.133750, 0.200603
0.133750, 0.200620
0.133750, 0.200596
0.133750, 0.200622
0.133750, 0.200632
0.133750, 0.200604
0.133750, 0.200626
0.133750, 0.200622
0.133750, 0.200608
0.133750, 0.200613
0.133750, 0.200624
0.133750, 0.200624
0.133750, 0.200601
0.133750, 0.200644
0.133750, 0.200603
0.133750, 0.200622
0.133750, 0.200617
0.133750, 0.200625
0.133750, 0.200587
0.133750, 0.200700
0.133750, 0.200639
0.133750, 0.200578
0.133750, 0.200624
0.133750, 0.200617
0.133750, 0.200724
0.133750, 0.200542
0.133750, 0.200606
0.133750, 0.200612

====================================================================
Flow ID: 73 | Shape: (30, 2)
Features: [Size/1600, IAT/0.1]
--------------------------------------------------------------------
0.133750, 0.000000
0.133750, 0.200595
0.133750, 0.200606
0.133750, 0.200588
0.133750, 0.200616
0.133750, 0.200613
0.133750, 0.200587
0.133750, 0.200609
0.133750, 0.200635
0.133750, 0.200619
0.133750, 0.200622
0.133750, 0.200613
0.133750, 0.200596
0.133750, 0.200637
0.133750, 0.200617
0.133750, 0.200606
0.133750, 0.200621
0.133750, 0.200647
0.133750, 0.200640
0.133750, 0.200602
0.133750, 0.200608
0.133750, 0.200623
0.133750, 0.200631
0.133750, 0.200608
0.133750, 0.200623
0.133750, 0.200627
0.133750, 0.200605
0.133750, 0.200597
0.133750, 0.200863
0.133750, 0.200368

====================================================================
Flow ID: 74 | Shape: (30, 2)
Features: [Size/1600, IAT/0.1]
--------------------------------------------------------------------
0.133750, 0.000000
0.133750, 0.200565
0.133750, 0.200605
0.133750, 0.200610
0.133750, 0.200620
0.133750, 0.200633
0.133750, 0.200608
0.133750, 0.200632
0.133750, 0.200597
0.133750, 0.200625
0.133750, 0.200636
0.133750, 0.200618
0.133750, 0.200589
0.133750, 0.200612
0.133750, 0.200923
0.133750, 0.200630
0.133750, 0.200622
0.133750, 0.200599
0.133750, 0.200612
0.133750, 0.200622
0.133750, 0.200600
0.133750, 0.200668
0.133750, 0.200621
0.133750, 0.200627
0.133750, 0.200615
0.133750, 0.200625
0.133750, 0.200631
0.133750, 0.200627
0.133750, 0.200586
0.133750, 0.200635

====================================================================
Flow ID: 78 | Shape: (30, 2)
Features: [Size/1600, IAT/0.1]
--------------------------------------------------------------------
0.133750, 0.000000
0.133750, 0.200592
0.133750, 0.200589
0.133750, 0.200612
0.133750, 0.200686
0.133750, 0.200527
0.133750, 0.200631
0.133750, 0.200618
0.133750, 0.200642
0.133750, 0.200606
0.133750, 0.200625
0.133750, 0.200625
0.133750, 0.200644
0.133750, 0.200650
0.133750, 0.200572
0.133750, 0.200618
0.133750, 0.200618
0.133750, 0.200612
0.133750, 0.200579
0.133750, 0.200616
0.133750, 0.200624
0.133750, 0.201000
0.133750, 0.200209
0.133750, 0.200669
0.133750, 0.200580
0.133750, 0.200604
0.133750, 0.200607
0.133750, 0.200614
0.133750, 0.200611
0.133750, 0.200596

====================================================================
Flow ID: 82 | Shape: (30, 2)
Features: [Size/1600, IAT/0.1]
--------------------------------------------------------------------
0.133750, 0.000000
0.133750, 0.200630
0.133750, 0.200615
0.133750, 0.200608
0.133750, 0.200603
0.133750, 0.200625
0.133750, 0.200619
0.133750, 0.200625
0.133750, 0.200622
0.133750, 0.200610
0.133750, 0.200609
0.133750, 0.200598
0.133750, 0.200637
0.133750, 0.200633
0.133750, 0.200613
0.133750, 0.200664
0.133750, 0.200566
0.133750, 0.200670
0.133750, 0.200622
0.133750, 0.200621
0.133750, 0.200648
0.133750, 0.200614
0.133750, 0.200602
0.133750, 0.200626
0.133750, 0.200621
0.133750, 0.200623
0.133750, 0.200623
0.133750, 0.200605
0.133750, 0.200612
0.133750, 0.200619

====================================================================
Flow ID: 83 | Shape: (30, 2)
Features: [Size/1600, IAT/0.1]
--------------------------------------------------------------------
0.133750, 0.000000
0.133750, 0.200601
0.133750, 0.200609
0.133750, 0.200632
0.133750, 0.200608
0.133750, 0.200605
0.133750, 0.200395
0.133750, 0.200611
0.133750, 0.200626
0.133750, 0.200616
0.133750, 0.200588
0.133750, 0.200593
0.133750, 0.200639
0.133750, 0.200603
0.133750, 0.200638
0.133750, 0.200612
0.133750, 0.200666
0.133750, 0.200578
0.133750, 0.200612
0.133750, 0.200649
0.133750, 0.200587
0.133750, 0.200610
0.133750, 0.200635
0.133750, 0.200640
0.133750, 0.200596
0.133750, 0.200587
0.133750, 0.200622
0.133750, 0.200673
0.133750, 0.200570
0.133750, 0.200609

====================================================================
Flow ID: 88 | Shape: (30, 2)
Features: [Size/1600, IAT/0.1]
--------------------------------------------------------------------
0.133750, 0.000000
0.133750, 0.200577
0.133750, 0.200614
0.133750, 0.200641
0.133750, 0.200605
0.133750, 0.200603
0.133750, 0.200627
0.133750, 0.200611
0.133750, 0.200636
0.133750, 0.200606
0.133750, 0.200628
0.133750, 0.200664
0.133750, 0.200563
0.133750, 0.200634
0.133750, 0.200607
0.133750, 0.200625
0.133750, 0.200603
0.133750, 0.200611
0.133750, 0.200610
0.133750, 0.200646
0.133750, 0.200592
0.133750, 0.200657
0.133750, 0.200591
0.133750, 0.200624
0.133750, 0.200635
0.133750, 0.200628
0.133750, 0.200623
0.133750, 0.200616
0.133750, 0.200622
0.133750, 0.200636

====================================================================
Flow ID: 89 | Shape: (30, 2)
Features: [Size/1600, IAT/0.1]
--------------------------------------------------------------------
0.133750, 0.000000
0.133750, 0.200510
0.133750, 0.200594
0.133750, 0.200613
0.133750, 0.200600
0.133750, 0.200855
0.133750, 0.200222
0.133750, 0.200621
0.133750, 0.200610
0.133750, 0.200605
0.133750, 0.200594
0.133750, 0.200674
0.133750, 0.200595
0.133750, 0.200579
0.133750, 0.200604
0.133750, 0.200614
0.133750, 0.200616
0.133750, 0.200618
0.133750, 0.200592
0.133750, 0.200632
0.133750, 0.200612
0.133750, 0.200603
0.133750, 0.200605
0.133750, 0.200244
0.133750, 0.200612
0.133750, 0.200633
0.133750, 0.200568
0.133750, 0.200623
0.133750, 0.200641
0.133750, 0.200567

====================================================================
Flow ID: 90 | Shape: (30, 2)
Features: [Size/1600, IAT/0.1]
--------------------------------------------------------------------
0.133750, 0.000000
0.133750, 0.200697
0.133750, 0.200637
0.133750, 0.200615
0.133750, 0.200634
0.133750, 0.200617
0.133750, 0.200605
0.133750, 0.200598
0.133750, 0.200615
0.133750, 0.200614
0.133750, 0.200595
0.133750, 0.200628
0.133750, 0.201024
0.133750, 0.200510
0.133750, 0.200608
0.133750, 0.200658
0.133750, 0.200573
0.133750, 0.200656
0.133750, 0.200644
0.133750, 0.200598
0.133750, 0.200620
0.133750, 0.200626
0.133750, 0.200597
0.133750, 0.200637
0.133750, 0.200610
0.133750, 0.200620
0.133750, 0.200626
0.133750, 0.200640
0.133750, 0.200625
0.133750, 0.200601

====================================================================
Flow ID: 91 | Shape: (30, 2)
Features: [Size/1600, IAT/0.1]
--------------------------------------------------------------------
0.133750, 0.000000
0.133750, 0.200621
0.133750, 0.200754
0.133750, 0.200092
0.133750, 0.200591
0.133750, 0.200628
0.133750, 0.200611
0.133750, 0.200604
0.133750, 0.200610
0.133750, 0.200591
0.133750, 0.200613
0.133750, 0.200606
0.133750, 0.200597
0.133750, 0.200597
0.133750, 0.200791
0.133750, 0.200421
0.133750, 0.200601
0.133750, 0.200606
0.133750, 0.200609
0.133750, 0.200628
0.133750, 0.200301
0.133750, 0.200603
0.133750, 0.200623
0.133750, 0.200600
0.133750, 0.200596
0.133750, 0.200632
0.133750, 0.200622
0.133750, 0.200604
0.133750, 0.200599
0.133750, 0.200618

====================================================================
Flow ID: 94 | Shape: (30, 2)
Features: [Size/1600, IAT/0.1]
--------------------------------------------------------------------
0.133750, 0.000000
0.133750, 0.200542
0.133750, 0.200619
0.133750, 0.200613
0.133750, 0.200612
0.133750, 0.200616
0.133750, 0.200626
0.133750, 0.200664
0.133750, 0.200634
0.133750, 0.200617
0.133750, 0.200613
0.133750, 0.200617
0.133750, 0.200597
0.133750, 0.200606
0.133750, 0.200604
0.133750, 0.200676
0.133750, 0.200590
0.133750, 0.200615
0.133750, 0.200714
0.133750, 0.200623
0.133750, 0.200600
0.133750, 0.200653
0.133750, 0.200612
0.133750, 0.200614
0.133750, 0.200231
0.133750, 0.200621
0.133750, 0.200579
0.133750, 0.200620
0.133750, 0.200619
0.133750, 0.200585

====================================================================
Flow ID: 95 | Shape: (30, 2)
Features: [Size/1600, IAT/0.1]
--------------------------------------------------------------------
0.133750, 0.000000
0.133750, 0.200643
0.133750, 0.200610
0.133750, 0.200618
0.133750, 0.200596
0.133750, 0.200621
0.133750, 0.200595
0.133750, 0.200703
0.133750, 0.200500
0.133750, 0.200605
0.133750, 0.200618
0.133750, 0.200227
0.133750, 0.200604
0.133750, 0.200609
0.133750, 0.200639
0.133750, 0.200598
0.133750, 0.200622
0.133750, 0.200581
0.133750, 0.200631
0.133750, 0.200612
0.133750, 0.200596
0.133750, 0.200609
0.133750, 0.200635
0.133750, 0.200600
0.133750, 0.200598
0.133750, 0.200599
0.133750, 0.200633
0.133750, 0.200605
0.133750, 0.200211
0.133750, 0.200600

====================================================================
Flow ID: 96 | Shape: (30, 2)
Features: [Size/1600, IAT/0.1]
--------------------------------------------------------------------
0.133750, 0.000000
0.133750, 0.200601
0.133750, 0.200612
0.133750, 0.200664
0.133750, 0.200387
0.133750, 0.200599
0.133750, 0.200609
0.133750, 0.200612
0.133750, 0.200626
0.133750, 0.200561
0.133750, 0.200644
0.133750, 0.200615
0.133750, 0.200632
0.133750, 0.200599
0.133750, 0.200643
0.133750, 0.200628
0.133750, 0.200900
0.133750, 0.200618
0.133750, 0.200644
0.133750, 0.200612
0.133750, 0.200621
0.133750, 0.200625
0.133750, 0.200609
0.133750, 0.200620
0.133750, 0.200622
0.133750, 0.200609
0.133750, 0.200624
0.133750, 0.200605
0.133750, 0.200621
0.133750, 0.200604

====================================================================
Flow ID: 99 | Shape: (30, 2)
Features: [Size/1600, IAT/0.1]
--------------------------------------------------------------------
0.133750, 0.000000
0.133750, 0.200597
0.133750, 0.200636
0.133750, 0.200618
0.133750, 0.200610
0.133750, 0.200293
0.133750, 0.200724
0.133750, 0.200524
0.133750, 0.200625
0.133750, 0.200597
0.133750, 0.200445
0.133750, 0.200717
0.133750, 0.200653
0.133750, 0.200598
0.133750, 0.200616
0.133750, 0.200666
0.133750, 0.200557
0.133750, 0.200621
0.133750, 0.200596
0.133750, 0.200629
0.133750, 0.200600
0.133750, 0.200585
0.133750, 0.200622
0.133750, 0.200613
0.133750, 0.200594
0.133750, 0.200733
0.133750, 0.200518
0.133750, 0.200618
0.133750, 0.200616
0.133750, 0.200618

====================================================================
Flow ID: 102 | Shape: (30, 2)
Features: [Size/1600, IAT/0.1]
--------------------------------------------------------------------
0.133750, 0.000000
0.133750, 0.200593
0.133750, 0.200859
0.133750, 0.200369
0.133750, 0.200602
0.133750, 0.200599
0.133750, 0.200624
0.133750, 0.200642
0.133750, 0.200607
0.133750, 0.200602
0.133750, 0.200662
0.133750, 0.200615
0.133750, 0.200624
0.133750, 0.200615
0.133750, 0.200607
0.133750, 0.200603
0.133750, 0.200629
0.133750, 0.200620
0.133750, 0.200607
0.133750, 0.200632
0.133750, 0.200604
0.133750, 0.200630
0.133750, 0.200614
0.133750, 0.200632
0.133750, 0.200597
0.133750, 0.200649
0.133750, 0.200594
0.133750, 0.200639
0.133750, 0.200621
0.133750, 0.200607

====================================================================
Flow ID: 103 | Shape: (30, 2)
Features: [Size/1600, IAT/0.1]
--------------------------------------------------------------------
0.133750, 0.000000
0.133750, 0.200601
0.133750, 0.200588
0.133750, 0.200618
0.133750, 0.200655
0.133750, 0.200588
0.133750, 0.200808
0.133750, 0.200468
0.133750, 0.200585
0.133750, 0.200622
0.133750, 0.200621
0.133750, 0.200618
0.133750, 0.200621
0.133750, 0.200635
0.133750, 0.200631
0.133750, 0.200617
0.133750, 0.200620
0.133750, 0.200631
0.133750, 0.200608
0.133750, 0.200624
0.133750, 0.200623
0.133750, 0.200632
0.133750, 0.200586
0.133750, 0.200606
0.133750, 0.200606
0.133750, 0.200639
0.133750, 0.200596
0.133750, 0.200609
0.133750, 0.200622
0.133750, 0.200642

====================================================================
Flow ID: 106 | Shape: (30, 2)
Features: [Size/1600, IAT/0.1]
--------------------------------------------------------------------
0.133750, 0.000000
0.133750, 0.200661
0.133750, 0.200540
0.133750, 0.200617
0.133750, 0.200630
0.133750, 0.200603
0.133750, 0.200645
0.133750, 0.200589
0.133750, 0.200609
0.133750, 0.200602
0.133750, 0.200597
0.133750, 0.200625
0.133750, 0.200638
0.133750, 0.200887
0.133750, 0.199852
0.133750, 0.200638
0.133750, 0.200649
0.133750, 0.200629
0.133750, 0.200609
0.133750, 0.200625
0.133750, 0.200630
0.133750, 0.200612
0.133750, 0.200598
0.133750, 0.200629
0.133750, 0.200648
0.133750, 0.200597
0.133750, 0.200606
0.133750, 0.200627
0.133750, 0.200626
0.133750, 0.200588

====================================================================
Flow ID: 112 | Shape: (30, 2)
Features: [Size/1600, IAT/0.1]
--------------------------------------------------------------------
0.133750, 0.000000
0.133750, 0.200607
0.133750, 0.200615
0.133750, 0.200599
0.133750, 0.200630
0.133750, 0.200608
0.133750, 0.200601
0.133750, 0.200880
0.133750, 0.200635
0.133750, 0.200619
0.133750, 0.200600
0.133750, 0.200604
0.133750, 0.200624
0.133750, 0.200633
0.133750, 0.200610
0.133750, 0.200613
0.133750, 0.200623
0.133750, 0.200617
0.133750, 0.200625
0.133750, 0.200598
0.133750, 0.200605
0.133750, 0.200702
0.133750, 0.200533
0.133750, 0.200647
0.133750, 0.200614
0.133750, 0.200638
0.133750, 0.200240
0.133750, 0.200605
0.133750, 0.200649
0.133750, 0.200605

====================================================================
Flow ID: 113 | Shape: (30, 2)
Features: [Size/1600, IAT/0.1]
--------------------------------------------------------------------
0.133750, 0.000000
0.133750, 0.200622
0.133750, 0.200613
0.133750, 0.200624
0.133750, 0.200597
0.133750, 0.200618
0.133750, 0.200596
0.133750, 0.200594
0.133750, 0.200638
0.133750, 0.200630
0.133750, 0.200614
0.133750, 0.200606
0.133750, 0.200897
0.133750, 0.200600
0.133750, 0.200625
0.133750, 0.200594
0.133750, 0.200840
0.133750, 0.200392
0.133750, 0.200618
0.133750, 0.200591
0.133750, 0.200606
0.133750, 0.200637
0.133750, 0.200573
0.133750, 0.200603
0.133750, 0.200618
0.133750, 0.200632
0.133750, 0.200625
0.133750, 0.200590
0.133750, 0.200930
0.133750, 0.200622

====================================================================
Flow ID: 116 | Shape: (30, 2)
Features: [Size/1600, IAT/0.1]
--------------------------------------------------------------------
0.133750, 0.000000
0.133750, 0.200610
0.133750, 0.200619
0.133750, 0.200626
0.133750, 0.200634
0.133750, 0.200236
0.133750, 0.200603
0.133750, 0.200598
0.133750, 0.200624
0.133750, 0.200603
0.133750, 0.200614
0.133750, 0.200603
0.133750, 0.200610
0.133750, 0.200619
0.133750, 0.200624
0.133750, 0.200615
0.133750, 0.200627
0.133750, 0.200610
0.133750, 0.200624
0.133750, 0.200599
0.133750, 0.200612
0.133750, 0.200589
0.133750, 0.200885
0.133750, 0.200613
0.133750, 0.200610
0.133750, 0.200612
0.133750, 0.200595
0.133750, 0.200624
0.133750, 0.200608
0.133750, 0.200603

====================================================================
Flow ID: 119 | Shape: (30, 2)
Features: [Size/1600, IAT/0.1]
--------------------------------------------------------------------
0.133750, 0.000000
0.133750, 0.200648
0.133750, 0.200596
0.133750, 0.200609
0.133750, 0.200698
0.133750, 0.200567
0.133750, 0.200616
0.133750, 0.200601
0.133750, 0.200597
0.133750, 0.200603
0.133750, 0.200646
0.133750, 0.200594
0.133750, 0.200629
0.133750, 0.200618
0.133750, 0.200882
0.133750, 0.200342
0.133750, 0.200644
0.133750, 0.200618
0.133750, 0.200647
0.133750, 0.200657
0.133750, 0.200578
0.133750, 0.200707
0.133750, 0.200628
0.133750, 0.200600
0.133750, 0.200638
0.133750, 0.200595
0.133750, 0.200622
0.133750, 0.200607
0.133750, 0.200635
0.133750, 0.200636

====================================================================
Flow ID: 124 | Shape: (30, 2)
Features: [Size/1600, IAT/0.1]
--------------------------------------------------------------------
0.133750, 0.000000
0.133750, 0.200605
0.133750, 0.200602
0.133750, 0.200585
0.133750, 0.200649
0.133750, 0.200616
0.133750, 0.200611
0.133750, 0.200599
0.133750, 0.200624
0.133750, 0.200624
0.133750, 0.200615
0.133750, 0.200708
0.133750, 0.200502
0.133750, 0.200628
0.133750, 0.200612
0.133750, 0.200598
0.133750, 0.200609
0.133750, 0.200615
0.133750, 0.200710
0.133750, 0.200496
0.133750, 0.200623
0.133750, 0.200614
0.133750, 0.200598
0.133750, 0.200614
0.133750, 0.200604
0.133750, 0.200626
0.133750, 0.200594
0.133750, 0.200596
0.133750, 0.200621
0.133750, 0.200605

====================================================================
Flow ID: 2 | Shape: (30, 2)
Features: [Size/1600, IAT/0.1]
--------------------------------------------------------------------
0.133750, 0.000000
0.133750, 0.200605
0.133750, 0.200610
0.133750, 0.200602
0.133750, 0.200609
0.133750, 0.200610
0.133750, 0.200611
0.133750, 0.200644
0.133750, 0.200582
0.133750, 0.200443
0.133750, 0.200695
0.133750, 0.200609
0.133750, 0.200624
0.133750, 0.200611
0.133750, 0.200607
0.133750, 0.200475
0.133750, 0.200694
0.133750, 0.202829
0.133750, 0.200383
0.133750, 0.200655
0.133750, 0.200603
0.133750, 0.200606
0.133750, 0.200683
0.133750, 0.200536
0.133750, 0.200630
0.133750, 0.200620
0.133750, 0.200612
0.133750, 0.200608
0.133750, 0.200588
0.133750, 0.200610

====================================================================
Flow ID: 10 | Shape: (30, 2)
Features: [Size/1600, IAT/0.1]
--------------------------------------------------------------------
0.133750, 0.000000
0.133750, 0.200592
0.133750, 0.200603
0.133750, 0.200593
0.133750, 0.200607
0.133750, 0.200606
0.133750, 0.200606
0.133750, 0.200604
0.133750, 0.200602
0.133750, 0.200611
0.133750, 0.200611
0.133750, 0.200605
0.133750, 0.200632
0.133750, 0.200577
0.133750, 0.200612
0.133750, 0.200683
0.133750, 0.200541
0.133750, 0.200603
0.133750, 0.200624
0.133750, 0.200644
0.133750, 0.200571
0.133750, 0.200600
0.133750, 0.200467
0.133750, 0.200699
0.133750, 0.200623
0.133750, 0.200612
0.133750, 0.200610
0.133750, 0.200598
0.133750, 0.200659
0.133750, 0.200555

====================================================================
Flow ID: 15 | Shape: (30, 2)
Features: [Size/1600, IAT/0.1]
--------------------------------------------------------------------
0.133750, 0.000000
0.133750, 0.200631
0.133750, 0.200608
0.133750, 0.200611
0.133750, 0.200598
0.133750, 0.200404
0.133750, 0.200613
0.133750, 0.200637
0.133750, 0.200604
0.133750, 0.200626
0.133750, 0.200688
0.133750, 0.200609
0.133750, 0.200599
0.133750, 0.200609
0.133750, 0.200620
0.133750, 0.200620
0.133750, 0.200633
0.133750, 0.200602
0.133750, 0.200620
0.133750, 0.200605
0.133750, 0.200614
0.133750, 0.200848
0.133750, 0.200636
0.133750, 0.200594
0.133750, 0.200628
0.133750, 0.200702
0.133750, 0.200571
0.133750, 0.200570
0.133750, 0.200654
0.133750, 0.200618

====================================================================
Flow ID: 24 | Shape: (30, 2)
Features: [Size/1600, IAT/0.1]
--------------------------------------------------------------------
0.133750, 0.000000
0.133750, 0.200655
0.133750, 0.200607
0.133750, 0.200609
0.133750, 0.200613
0.133750, 0.200627
0.133750, 0.200611
0.133750, 0.200610
0.133750, 0.200617
0.133750, 0.200629
0.133750, 0.200611
0.133750, 0.200621
0.133750, 0.200626
0.133750, 0.200623
0.133750, 0.200623
0.133750, 0.200640
0.133750, 0.200660
0.133750, 0.200576
0.133750, 0.200598
0.133750, 0.200633
0.133750, 0.200596
0.133750, 0.200611
0.133750, 0.200624
0.133750, 0.200616
0.133750, 0.200624
0.133750, 0.200641
0.133750, 0.200600
0.133750, 0.200631
0.133750, 0.200630
0.133750, 0.200620

====================================================================
Flow ID: 27 | Shape: (30, 2)
Features: [Size/1600, IAT/0.1]
--------------------------------------------------------------------
0.133750, 0.000000
0.133750, 0.200601
0.133750, 0.200620
0.133750, 0.200628
0.133750, 0.200616
0.133750, 0.200653
0.133750, 0.200588
0.133750, 0.200621
0.133750, 0.200604
0.133750, 0.200602
0.133750, 0.200594
0.133750, 0.200619
0.133750, 0.200627
0.133750, 0.200702
0.133750, 0.200666
0.133750, 0.200567
0.133750, 0.200630
0.133750, 0.200625
0.133750, 0.200587
0.133750, 0.200612
0.133750, 0.200617
0.133750, 0.200609
0.133750, 0.200594
0.133750, 0.200609
0.133750, 0.200627
0.133750, 0.200661
0.133750, 0.200802
0.133750, 0.200303
0.133750, 0.200604
0.133750, 0.200623

====================================================================
Flow ID: 29 | Shape: (30, 2)
Features: [Size/1600, IAT/0.1]
--------------------------------------------------------------------
0.133750, 0.000000
0.133750, 0.200589
0.133750, 0.200610
0.133750, 0.200595
0.133750, 0.200603
0.133750, 0.200625
0.133750, 0.200616
0.133750, 0.200609
0.133750, 0.200601
0.133750, 0.200604
0.133750, 0.200620
0.133750, 0.200589
0.133750, 0.200622
0.133750, 0.200599
0.133750, 0.200604
0.133750, 0.200602
0.133750, 0.200588
0.133750, 0.200627
0.133750, 0.200631
0.133750, 0.200583
0.133750, 0.200616
0.133750, 0.200654
0.133750, 0.200567
0.133750, 0.200621
0.133750, 0.200630
0.133750, 0.200600
0.133750, 0.200638
0.133750, 0.200943
0.133750, 0.200355
0.133750, 0.200613

====================================================================
Flow ID: 32 | Shape: (30, 2)
Features: [Size/1600, IAT/0.1]
--------------------------------------------------------------------
0.133750, 0.000000
0.133750, 0.200637
0.133750, 0.200613
0.133750, 0.200609
0.133750, 0.201302
0.133750, 0.200199
0.133750, 0.200369
0.133750, 0.200604
0.133750, 0.200621
0.133750, 0.200609
0.133750, 0.200619
0.133750, 0.200708
0.133750, 0.200534
0.133750, 0.200623
0.133750, 0.200633
0.133750, 0.200570
0.133750, 0.200598
0.133750, 0.200649
0.133750, 0.200594
0.133750, 0.200616
0.133750, 0.200646
0.133750, 0.200615
0.133750, 0.200623
0.133750, 0.200592
0.133750, 0.200679
0.133750, 0.200573
0.133750, 0.200625
0.133750, 0.200622
0.133750, 0.200611
0.133750, 0.200595

====================================================================
Flow ID: 35 | Shape: (30, 2)
Features: [Size/1600, IAT/0.1]
--------------------------------------------------------------------
0.133750, 0.000000
0.133750, 0.200237
0.133750, 0.200679
0.133750, 0.200545
0.133750, 0.200620
0.133750, 0.200625
0.133750, 0.200634
0.133750, 0.200603
0.133750, 0.200628
0.133750, 0.200647
0.133750, 0.200650
0.133750, 0.200603
0.133750, 0.200632
0.133750, 0.200671
0.133750, 0.200639
0.133750, 0.200560
0.133750, 0.200597
0.133750, 0.200610
0.133750, 0.200642
0.133750, 0.200604
0.133750, 0.200624
0.133750, 0.200633
0.133750, 0.200623
0.133750, 0.200596
0.133750, 0.200632
0.133750, 0.200616
0.133750, 0.200613
0.133750, 0.200637
0.133750, 0.200608
0.133750, 0.200636

====================================================================
Flow ID: 36 | Shape: (30, 2)
Features: [Size/1600, IAT/0.1]
--------------------------------------------------------------------
0.133750, 0.000000
0.133750, 0.200614
0.133750, 0.200623
0.133750, 0.200846
0.133750, 0.200630
0.133750, 0.200622
0.133750, 0.200637
0.133750, 0.200626
0.133750, 0.200625
0.133750, 0.200606
0.133750, 0.200608
0.133750, 0.200864
0.133750, 0.200320
0.133750, 0.200603
0.133750, 0.200629
0.133750, 0.200597
0.133750, 0.200597
0.133750, 0.200603
0.133750, 0.200619
0.133750, 0.200838
0.133750, 0.200504
0.133750, 0.200601
0.133750, 0.200640
0.133750, 0.200612
0.133750, 0.200621
0.133750, 0.200886
0.133750, 0.200409
0.133750, 0.200601
0.133750, 0.200621
0.133750, 0.200616

====================================================================
Flow ID: 41 | Shape: (30, 2)
Features: [Size/1600, IAT/0.1]
--------------------------------------------------------------------
0.133750, 0.000000
0.133750, 0.200546
0.133750, 0.200662
0.133750, 0.200606
0.133750, 0.200644
0.133750, 0.200607
0.133750, 0.200618
0.133750, 0.200607
0.133750, 0.200618
0.133750, 0.200601
0.133750, 0.200632
0.133750, 0.200626
0.133750, 0.200599
0.133750, 0.200621
0.133750, 0.200629
0.133750, 0.200587
0.133750, 0.200633
0.133750, 0.200623
0.133750, 0.200646
0.133750, 0.200665
0.133750, 0.200574
0.133750, 0.200629
0.133750, 0.200603
0.133750, 0.200626
0.133750, 0.200637
0.133750, 0.200609
0.133750, 0.200636
0.133750, 0.200596
0.133750, 0.200631
0.133750, 0.200693

====================================================================
Flow ID: 42 | Shape: (30, 2)
Features: [Size/1600, IAT/0.1]
--------------------------------------------------------------------
0.133750, 0.000000
0.133750, 0.200655
0.133750, 0.200497
0.133750, 0.200851
0.133750, 0.200623
0.133750, 0.200619
0.133750, 0.200617
0.133750, 0.200605
0.133750, 0.200609
0.133750, 0.200605
0.133750, 0.200624
0.133750, 0.200614
0.133750, 0.200617
0.133750, 0.200627
0.133750, 0.200601
0.133750, 0.200599
0.133750, 0.200630
0.133750, 0.200684
0.133750, 0.200555
0.133750, 0.200641
0.133750, 0.200618
0.133750, 0.200625
0.133750, 0.200630
0.133750, 0.200638
0.133750, 0.200645
0.133750, 0.200593
0.133750, 0.200607
0.133750, 0.200644
0.133750, 0.200632
0.133750, 0.200621

====================================================================
Flow ID: 43 | Shape: (30, 2)
Features: [Size/1600, IAT/0.1]
--------------------------------------------------------------------
0.133750, 0.000000
0.133750, 0.200610
0.133750, 0.200617
0.133750, 0.200606
0.133750, 0.200610
0.133750, 0.200595
0.133750, 0.200628
0.133750, 0.200603
0.133750, 0.200651
0.133750, 0.200599
0.133750, 0.200615
0.133750, 0.200601
0.133750, 0.200637
0.133750, 0.200689
0.133750, 0.200536
0.133750, 0.200615
0.133750, 0.200640
0.133750, 0.200622
0.133750, 0.200619
0.133750, 0.200616
0.133750, 0.200595
0.133750, 0.200645
0.133750, 0.200581
0.133750, 0.200621
0.133750, 0.200624
0.133750, 0.200636
0.133750, 0.200622
0.133750, 0.200587
0.133750, 0.200621
0.133750, 0.200608

====================================================================
Flow ID: 50 | Shape: (30, 2)
Features: [Size/1600, IAT/0.1]
--------------------------------------------------------------------
0.133750, 0.000000
0.133750, 0.200585
0.133750, 0.200614
0.133750, 0.200617
0.133750, 0.200692
0.133750, 0.200533
0.133750, 0.200705
0.133750, 0.200602
0.133750, 0.200703
0.133750, 0.200568
0.133750, 0.200617
0.133750, 0.200633
0.133750, 0.200627
0.133750, 0.200606
0.133750, 0.200616
0.133750, 0.200626
0.133750, 0.200614
0.133750, 0.200602
0.133750, 0.200617
0.133750, 0.200597
0.133750, 0.200634
0.133750, 0.200601
0.133750, 0.200832
0.133750, 0.200626
0.133750, 0.200620
0.133750, 0.200579
0.133750, 0.200612
0.133750, 0.200607
0.133750, 0.200625
0.133750, 0.200588

====================================================================
Flow ID: 51 | Shape: (30, 2)
Features: [Size/1600, IAT/0.1]
--------------------------------------------------------------------
0.133750, 0.000000
0.133750, 0.200596
0.133750, 0.200455
0.133750, 0.200707
0.133750, 0.200630
0.133750, 0.200620
0.133750, 0.200592
0.133750, 0.200638
0.133750, 0.200590
0.133750, 0.200609
0.133750, 0.200601
0.133750, 0.200616
0.133750, 0.200599
0.133750, 0.200619
0.133750, 0.200922
0.133750, 0.200380
0.133750, 0.200523
0.133750, 0.200614
0.133750, 0.200614
0.133750, 0.200611
0.133750, 0.200623
0.133750, 0.200645
0.133750, 0.200602
0.133750, 0.200623
0.133750, 0.200635
0.133750, 0.200611
0.133750, 0.200584
0.133750, 0.200483
0.133750, 0.200698
0.133750, 0.200631

====================================================================
Flow ID: 56 | Shape: (30, 2)
Features: [Size/1600, IAT/0.1]
--------------------------------------------------------------------
0.133750, 0.000000
0.133750, 0.200608
0.133750, 0.200618
0.133750, 0.200625
0.133750, 0.200623
0.133750, 0.200634
0.133750, 0.200636
0.133750, 0.200600
0.133750, 0.200628
0.133750, 0.200548
0.133750, 0.200616
0.133750, 0.200613
0.133750, 0.200619
0.133750, 0.200624
0.133750, 0.200615
0.133750, 0.200644
0.133750, 0.200864
0.133750, 0.200639
0.133750, 0.200598
0.133750, 0.200652
0.133750, 0.200627
0.133750, 0.200635
0.133750, 0.200627
0.133750, 0.200637
0.133750, 0.200621
0.133750, 0.200610
0.133750, 0.200643
0.133750, 0.200612
0.133750, 0.200628
0.133750, 0.200612

====================================================================
Flow ID: 57 | Shape: (30, 2)
Features: [Size/1600, IAT/0.1]
--------------------------------------------------------------------
0.133750, 0.000000
0.133750, 0.200725
0.133750, 0.200607
0.133750, 0.200619
0.133750, 0.200619
0.133750, 0.200611
0.133750, 0.200612
0.133750, 0.200620
0.133750, 0.200642
0.133750, 0.200590
0.133750, 0.200597
0.133750, 0.200609
0.133750, 0.200619
0.133750, 0.200700
0.133750, 0.200560
0.133750, 0.200654
0.133750, 0.200624
0.133750, 0.200672
0.133750, 0.200585
0.133750, 0.200642
0.133750, 0.200610
0.133750, 0.200610
0.133750, 0.200611
0.133750, 0.200611
0.133750, 0.200596
0.133750, 0.200595
0.133750, 0.200608
0.133750, 0.200619
0.133750, 0.200644
0.133750, 0.200592

====================================================================
Flow ID: 58 | Shape: (30, 2)
Features: [Size/1600, IAT/0.1]
--------------------------------------------------------------------
0.133750, 0.000000
0.133750, 0.200611
0.133750, 0.200662
0.133750, 0.200567
0.133750, 0.200630
0.133750, 0.200637
0.133750, 0.200777
0.133750, 0.200446
0.133750, 0.200688
0.133750, 0.200551
0.133750, 0.200606
0.133750, 0.200602
0.133750, 0.200624
0.133750, 0.200663
0.133750, 0.200615
0.133750, 0.201380
0.133750, 0.199964
0.133750, 0.200610
0.133750, 0.200652
0.133750, 0.200622
0.133750, 0.200625
0.133750, 0.200625
0.133750, 0.200605
0.133750, 0.200606
0.133750, 0.200603
0.133750, 0.200614
0.133750, 0.200611
0.133750, 0.200601
0.133750, 0.200609
0.133750, 0.200617

====================================================================
Flow ID: 64 | Shape: (30, 2)
Features: [Size/1600, IAT/0.1]
--------------------------------------------------------------------
0.133750, 0.000000
0.133750, 0.200584
0.133750, 0.200601
0.133750, 0.200606
0.133750, 0.200612
0.133750, 0.200612
0.133750, 0.200609
0.133750, 0.200624
0.133750, 0.200596
0.133750, 0.200645
0.133750, 0.200670
0.133750, 0.200558
0.133750, 0.200632
0.133750, 0.200633
0.133750, 0.200610
0.133750, 0.200645
0.133750, 0.200602
0.133750, 0.200621
0.133750, 0.200595
0.133750, 0.200645
0.133750, 0.200617
0.133750, 0.200631
0.133750, 0.200621
0.133750, 0.200613
0.133750, 0.200602
0.133750, 0.200664
0.133750, 0.200687
0.133750, 0.200546
0.133750, 0.200601
0.133750, 0.200632

====================================================================
Flow ID: 66 | Shape: (30, 2)
Features: [Size/1600, IAT/0.1]
--------------------------------------------------------------------
0.133750, 0.000000
0.133750, 0.200613
0.133750, 0.200616
0.133750, 0.200601
0.133750, 0.200626
0.133750, 0.200623
0.133750, 0.202159
0.133750, 0.199341
0.133750, 0.200622
0.133750, 0.200735
0.133750, 0.200532
0.133750, 0.200625
0.133750, 0.200643
0.133750, 0.200597
0.133750, 0.200629
0.133750, 0.200627
0.133750, 0.200607
0.133750, 0.200667
0.133750, 0.200601
0.133750, 0.200592
0.133750, 0.200624
0.133750, 0.200635
0.133750, 0.200604
0.133750, 0.200631
0.133750, 0.200612
0.133750, 0.200616
0.133750, 0.200611
0.133750, 0.200639
0.133750, 0.200655
0.133750, 0.200608

====================================================================
Flow ID: 67 | Shape: (30, 2)
Features: [Size/1600, IAT/0.1]
--------------------------------------------------------------------
0.133750, 0.000000
0.133750, 0.200612
0.133750, 0.200604
0.133750, 0.200600
0.133750, 0.200737
0.133750, 0.200503
0.133750, 0.200623
0.133750, 0.200612
0.133750, 0.200614
0.133750, 0.200197
0.133750, 0.200619
0.133750, 0.200607
0.133750, 0.200643
0.133750, 0.200632
0.133750, 0.200610
0.133750, 0.200610
0.133750, 0.200628
0.133750, 0.200604
0.133750, 0.200640
0.133750, 0.200874
0.133750, 0.200337
0.133750, 0.200616
0.133750, 0.200689
0.133750, 0.200611
0.133750, 0.200626
0.133750, 0.200636
0.133750, 0.200631
0.133750, 0.200609
0.133750, 0.200632
0.133750, 0.200596

====================================================================
Flow ID: 69 | Shape: (30, 2)
Features: [Size/1600, IAT/0.1]
--------------------------------------------------------------------
0.133750, 0.000000
0.133750, 0.200682
0.133750, 0.200588
0.133750, 0.200613
0.133750, 0.200593
0.133750, 0.200626
0.133750, 0.200790
0.133750, 0.200469
0.133750, 0.200657
0.133750, 0.200645
0.133750, 0.200591
0.133750, 0.200633
0.133750, 0.200628
0.133750, 0.200621
0.133750, 0.200660
0.133750, 0.200433
0.133750, 0.200591
0.133750, 0.200631
0.133750, 0.200624
0.133750, 0.200631
0.133750, 0.200631
0.133750, 0.200613
0.133750, 0.200606
0.133750, 0.200629
0.133750, 0.200635
0.133750, 0.200591
0.133750, 0.200617
0.133750, 0.200649
0.133750, 0.200644
0.133750, 0.200609

====================================================================
Flow ID: 71 | Shape: (30, 2)
Features: [Size/1600, IAT/0.1]
--------------------------------------------------------------------
0.133750, 0.000000
0.133750, 0.200605
0.133750, 0.200619
0.133750, 0.200615
0.133750, 0.200616
0.133750, 0.200637
0.133750, 0.200621
0.133750, 0.200617
0.133750, 0.200619
0.133750, 0.200647
0.133750, 0.200628
0.133750, 0.200606
0.133750, 0.200636
0.133750, 0.200607
0.133750, 0.200615
0.133750, 0.200637
0.133750, 0.200621
0.133750, 0.200624
0.133750, 0.200623
0.133750, 0.200613
0.133750, 0.200616
0.133750, 0.200615
0.133750, 0.200654
0.133750, 0.200685
0.133750, 0.200519
0.133750, 0.200628
0.133750, 0.200598
0.133750, 0.200616
0.133750, 0.200632
0.133750, 0.200597

====================================================================
Flow ID: 77 | Shape: (30, 2)
Features: [Size/1600, IAT/0.1]
--------------------------------------------------------------------
0.133750, 0.000000
0.133750, 0.200629
0.133750, 0.200628
0.133750, 0.200644
0.133750, 0.200185
0.133750, 0.200601
0.133750, 0.200610
0.133750, 0.200632
0.133750, 0.200613
0.133750, 0.200613
0.133750, 0.200610
0.133750, 0.200620
0.133750, 0.200681
0.133750, 0.200553
0.133750, 0.200594
0.133750, 0.200621
0.133750, 0.200631
0.133750, 0.200607
0.133750, 0.200627
0.133750, 0.200604
0.133750, 0.200636
0.133750, 0.200610
0.133750, 0.200607
0.133750, 0.200599
0.133750, 0.200637
0.133750, 0.200588
0.133750, 0.200621
0.133750, 0.200614
0.133750, 0.200643
0.133750, 0.200605

====================================================================
Flow ID: 78 | Shape: (30, 2)
Features: [Size/1600, IAT/0.1]
--------------------------------------------------------------------
0.133750, 0.000000
0.133750, 0.200603
0.133750, 0.200613
0.133750, 0.200623
0.133750, 0.200619
0.133750, 0.200617
0.133750, 0.200599
0.133750, 0.200604
0.133750, 0.200615
0.133750, 0.200723
0.133750, 0.200483
0.133750, 0.200656
0.133750, 0.200616
0.133750, 0.200688
0.133750, 0.200588
0.133750, 0.200538
0.133750, 0.200537
0.133750, 0.200587
0.133750, 0.200629
0.133750, 0.200624
0.133750, 0.200608
0.133750, 0.200631
0.133750, 0.200628
0.133750, 0.200587
0.133750, 0.200626
0.133750, 0.200628
0.133750, 0.200614
0.133750, 0.200607
0.133750, 0.200614
0.133750, 0.200595

====================================================================
Flow ID: 90 | Shape: (30, 2)
Features: [Size/1600, IAT/0.1]
--------------------------------------------------------------------
0.133750, 0.000000
0.133750, 0.200576
0.133750, 0.200611
0.133750, 0.200632
0.133750, 0.200607
0.133750, 0.200595
0.133750, 0.200604
0.133750, 0.200616
0.133750, 0.200651
0.133750, 0.200586
0.133750, 0.200608
0.133750, 0.200632
0.133750, 0.200627
0.133750, 0.200623
0.133750, 0.200671
0.133750, 0.200618
0.133750, 0.200583
0.133750, 0.200624
0.133750, 0.200613
0.133750, 0.200621
0.133750, 0.200624
0.133750, 0.200623
0.133750, 0.200626
0.133750, 0.200630
0.133750, 0.200623
0.133750, 0.200605
0.133750, 0.200615
0.133750, 0.200621
0.133750, 0.200619
0.133750, 0.200595

====================================================================
Flow ID: 91 | Shape: (30, 2)
Features: [Size/1600, IAT/0.1]
--------------------------------------------------------------------
0.133750, 0.000000
0.133750, 0.200607
0.133750, 0.200876
0.133750, 0.200336
0.133750, 0.200612
0.133750, 0.200601
0.133750, 0.200597
0.133750, 0.200603
0.133750, 0.200610
0.133750, 0.200615
0.133750, 0.200353
0.133750, 0.200640
0.133750, 0.200626
0.133750, 0.200651
0.133750, 0.200574
0.133750, 0.200664
0.133750, 0.200595
0.133750, 0.200607
0.133750, 0.200600
0.133750, 0.200608
0.133750, 0.200611
0.133750, 0.200607
0.133750, 0.200606
0.133750, 0.200636
0.133750, 0.200620
0.133750, 0.200606
0.133750, 0.200744
0.133750, 0.200060
0.133750, 0.200621
0.133750, 0.200614

====================================================================
Flow ID: 102 | Shape: (30, 2)
Features: [Size/1600, IAT/0.1]
--------------------------------------------------------------------
0.133750, 0.000000
0.133750, 0.200601
0.133750, 0.200612
0.133750, 0.200599
0.133750, 0.200607
0.133750, 0.200611
0.133750, 0.200620
0.133750, 0.200616
0.133750, 0.200712
0.133750, 0.200536
0.133750, 0.200650
0.133750, 0.200610
0.133750, 0.200599
0.133750, 0.200605
0.133750, 0.200624
0.133750, 0.200596
0.133750, 0.200717
0.133750, 0.200568
0.133750, 0.200605
0.133750, 0.200581
0.133750, 0.200630
0.133750, 0.200599
0.133750, 0.200611
0.133750, 0.200601
0.133750, 0.200655
0.133750, 0.200601
0.133750, 0.200867
0.133750, 0.200625
0.133750, 0.200659
0.133750, 0.200585

====================================================================
Flow ID: 110 | Shape: (30, 2)
Features: [Size/1600, IAT/0.1]
--------------------------------------------------------------------
0.133750, 0.000000
0.133750, 0.200619
0.133750, 0.200611
0.133750, 0.200624
0.133750, 0.200612
0.133750, 0.200629
0.133750, 0.200613
0.133750, 0.200634
0.133750, 0.200629
0.133750, 0.200629
0.133750, 0.200648
0.133750, 0.200596
0.133750, 0.200637
0.133750, 0.200603
0.133750, 0.200653
0.133750, 0.200597
0.133750, 0.200780
0.133750, 0.200623
0.133750, 0.200623
0.133750, 0.200630
0.133750, 0.200629
0.133750, 0.200601
0.133750, 0.200658
0.133750, 0.200605
0.133750, 0.200609
0.133750, 0.200617
0.133750, 0.200630
0.133750, 0.200613
0.133750, 0.200613
0.133750, 0.200622

====================================================================
Flow ID: 111 | Shape: (30, 2)
Features: [Size/1600, IAT/0.1]
--------------------------------------------------------------------
0.133750, 0.000000
0.133750, 0.200632
0.133750, 0.200591
0.133750, 0.200620
0.133750, 0.200604
0.133750, 0.200607
0.133750, 0.200596
0.133750, 0.200590
0.133750, 0.200590
0.133750, 0.200638
0.133750, 0.200702
0.133750, 0.200314
0.133750, 0.200572
0.133750, 0.200594
0.133750, 0.200601
0.133750, 0.200605
0.133750, 0.200627
0.133750, 0.200596
0.133750, 0.200543
0.133750, 0.200600
0.133750, 0.200625
0.133750, 0.200608
0.133750, 0.200602
0.133750, 0.200623
0.133750, 0.200604
0.133750, 0.200626
0.133750, 0.200609
0.133750, 0.200643
0.133750, 0.200631
0.133750, 0.200542

====================================================================
Flow ID: 114 | Shape: (30, 2)
Features: [Size/1600, IAT/0.1]
--------------------------------------------------------------------
0.133750, 0.000000
0.133750, 0.200594
0.133750, 0.200611
0.133750, 0.200590
0.133750, 0.200683
0.133750, 0.200569
0.133750, 0.200627
0.133750, 0.200604
0.133750, 0.200634
0.133750, 0.200590
0.133750, 0.200613
0.133750, 0.200599
0.133750, 0.200634
0.133750, 0.200600
0.133750, 0.200625
0.133750, 0.200620
0.133750, 0.200625
0.133750, 0.200600
0.133750, 0.200616
0.133750, 0.200602
0.133750, 0.200649
0.133750, 0.200590
0.133750, 0.200618
0.133750, 0.200829
0.133750, 0.200521
0.133750, 0.200517
0.133750, 0.200670
0.133750, 0.200607
0.133750, 0.200626
0.133750, 0.200594

====================================================================
Flow ID: 119 | Shape: (30, 2)
Features: [Size/1600, IAT/0.1]
--------------------------------------------------------------------
0.133750, 0.000000
0.133750, 0.200598
0.133750, 0.200771
0.133750, 0.200654
0.133750, 0.200595
0.133750, 0.200621
0.133750, 0.200611
0.133750, 0.200651
0.133750, 0.200611
0.133750, 0.200616
0.133750, 0.200609
0.133750, 0.200629
0.133750, 0.200619
0.133750, 0.200605
0.133750, 0.200582
0.133750, 0.200631
0.133750, 0.200621
0.133750, 0.200702
0.133750, 0.200584
0.133750, 0.200607
0.133750, 0.200598
0.133750, 0.200631
0.133750, 0.200631
0.133750, 0.200611
0.133750, 0.200613
0.133750, 0.200686
0.133750, 0.200525
0.133750, 0.200581
0.133750, 0.200615
0.133750, 0.200624

====================================================================
Flow ID: 123 | Shape: (30, 2)
Features: [Size/1600, IAT/0.1]
--------------------------------------------------------------------
0.133750, 0.000000
0.133750, 0.200625
0.133750, 0.200603
0.133750, 0.200635
0.133750, 0.200624
0.133750, 0.200608
0.133750, 0.200626
0.133750, 0.200615
0.133750, 0.200626
0.133750, 0.200638
0.133750, 0.200797
0.133750, 0.200424
0.133750, 0.200615
0.133750, 0.200591
0.133750, 0.200616
0.133750, 0.200616
0.133750, 0.200586
0.133750, 0.200610
0.133750, 0.201080
0.133750, 0.200407
0.133750, 0.200349
0.133750, 0.200583
0.133750, 0.200631
0.133750, 0.200637
0.133750, 0.200614
0.133750, 0.200695
0.133750, 0.200523
0.133750, 0.200606
0.133750, 0.200606
0.133750, 0.200633

====================================================================
Flow ID: 127 | Shape: (30, 2)
Features: [Size/1600, IAT/0.1]
--------------------------------------------------------------------
0.133750, 0.000000
0.133750, 0.200611
0.133750, 0.200604
0.133750, 0.200611
0.133750, 0.200761
0.133750, 0.200469
0.133750, 0.200610
0.133750, 0.200612
0.133750, 0.200619
0.133750, 0.200603
0.133750, 0.200605
0.133750, 0.200633
0.133750, 0.200635
0.133750, 0.200598
0.133750, 0.200593
0.133750, 0.200608
0.133750, 0.200636
0.133750, 0.200602
0.133750, 0.200593
0.133750, 0.200608
0.133750, 0.200600
0.133750, 0.200631
0.133750, 0.200646
0.133750, 0.200583
0.133750, 0.200643
0.133750, 0.200618
0.133750, 0.200602
0.133750, 0.200615
0.133750, 0.200635
0.133750, 0.200595

====================================================================
Flow ID: 128 | Shape: (30, 2)
Features: [Size/1600, IAT/0.1]
--------------------------------------------------------------------
0.133750, 0.000000
0.133750, 0.200621
0.133750, 0.200625
0.133750, 0.200621
0.133750, 0.200609
0.133750, 0.200614
0.133750, 0.200623
0.133750, 0.200621
0.133750, 0.200610
0.133750, 0.200641
0.133750, 0.200604
0.133750, 0.200631
0.133750, 0.200638
0.133750, 0.200612
0.133750, 0.200642
0.133750, 0.200607
0.133750, 0.200605
0.133750, 0.200629
0.133750, 0.200608
0.133750, 0.200624
0.133750, 0.200725
0.133750, 0.200555
0.133750, 0.200534
0.133750, 0.200618
0.133750, 0.200642
0.133750, 0.200596
0.133750, 0.200636
0.133750, 0.200612
0.133750, 0.200635
0.133750, 0.200592
