
====================================================================
Flow ID: 641 | Shape: (30, 2)
Features: [Size/1600, IAT/0.1]
--------------------------------------------------------------------
0.056875, 0.000000
0.053750, 0.385635
0.053750, 0.390168
0.055000, 0.417098
0.057500, 0.415603
0.051250, 0.417573
0.055625, 0.416751
0.054375, 0.418257
0.045000, 0.372970
0.058125, 0.416108
0.055625, 0.415445
0.056250, 0.418615
0.043750, 0.425099
0.058125, 0.415412
0.054375, 0.562830
0.055625, 0.410724
0.046250, 0.419606
0.053750, 0.420459
0.055625, 0.415036
0.055625, 0.440221
0.060000, 0.415920
0.055000, 0.418338
0.047500, 0.417947
0.056250, 0.418472
0.046250, 0.417755
0.046875, 0.414889
0.050000, 0.413215
0.059375, 0.211238
0.047500, 0.412704
0.058125, 0.416402

====================================================================
Flow ID: 642 | Shape: (30, 2)
Features: [Size/1600, IAT/0.1]
--------------------------------------------------------------------
0.048125, 0.000000
0.053125, 0.414203
0.058750, 0.421085
0.057500, 0.427062
0.044375, 0.416028
0.058750, 0.418839
0.048125, 0.417331
0.050000, 0.420403
0.047500, 0.418206
0.040000, 0.415145
0.053125, 0.420716
0.050625, 0.416925
0.049375, 0.417997
0.058125, 0.417008
0.045000, 0.418532
0.059375, 0.416026
0.045625, 0.416529
0.061875, 0.417289
0.044375, 0.417154
0.052500, 0.415426
0.046250, 0.417448
0.045625, 0.418825
0.059375, 0.416244
0.046875, 0.418169
0.061250, 0.421549
0.050625, 0.418018
0.046250, 0.421091
0.055625, 0.422218
0.058125, 0.417482
0.053750, 0.417300

====================================================================
Flow ID: 643 | Shape: (30, 2)
Features: [Size/1600, IAT/0.1]
--------------------------------------------------------------------
0.058750, 0.000000
0.059375, 0.412533
0.050625, 0.417452
0.056875, 0.416691
0.056875, 0.415924
0.046875, 0.415088
0.046875, 0.416257
0.055625, 0.412981
0.058125, 0.414524
0.048125, 0.418808
0.056250, 0.417395
0.054375, 0.416655
0.050000, 0.420113
0.051875, 0.418692
0.044375, 0.415840
0.055625, 0.412402
0.048125, 0.416956
0.052500, 0.420228
0.048125, 0.443882
0.059375, 0.418013
0.048125, 0.418742
0.049375, 0.418427
0.056875, 0.417848
0.058750, 1.000000
0.055000, 0.418638
0.058125, 0.418256
0.056875, 0.415280
0.057500, 0.416355
0.056875, 0.419338
0.058750, 0.414457

====================================================================
Flow ID: 651 | Shape: (30, 2)
Features: [Size/1600, IAT/0.1]
--------------------------------------------------------------------
0.060625, 0.000000
0.060625, 0.418066
0.057500, 0.419149
0.053750, 0.418560
0.058125, 0.418974
0.056875, 0.416895
0.063125, 0.417474
0.055625, 0.427082
0.061250, 0.421567
0.056875, 0.418367
0.055625, 0.416383
0.061250, 0.418488
0.045625, 0.416652
0.057500, 0.417579
0.053750, 0.417610
0.056875, 0.419381
0.058750, 0.415243
0.055625, 0.416538
0.059375, 0.425143
0.056250, 0.418175
0.056250, 0.414974
0.060000, 0.417095
0.049375, 0.416514
0.057500, 0.416096
0.060000, 0.417464
0.053750, 0.417293
0.061250, 0.417641
0.054375, 0.415224
0.056875, 0.414762
0.058750, 0.425221

====================================================================
Flow ID: 653 | Shape: (30, 2)
Features: [Size/1600, IAT/0.1]
--------------------------------------------------------------------
0.056875, 0.000000
0.059375, 0.416568
0.057500, 0.417526
0.060625, 0.417442
0.056250, 0.417085
0.046250, 0.418949
0.056250, 0.416382
0.053750, 0.421755
0.060000, 0.418095
0.060000, 0.420126
0.055625, 0.417860
0.048750, 0.415720
0.048750, 0.424587
0.055625, 0.407454
0.048125, 0.417525
0.055000, 0.415749
0.046875, 0.414774
0.055625, 0.413370
0.044375, 0.414653
0.056250, 0.418314
0.043750, 0.412219
0.045000, 0.417422
0.053750, 0.418371
0.046875, 0.417645
0.048125, 0.420010
0.051875, 0.417707
0.055000, 0.418085
0.058125, 0.424455
0.050000, 0.418110
0.058750, 0.418794

====================================================================
Flow ID: 656 | Shape: (30, 2)
Features: [Size/1600, IAT/0.1]
--------------------------------------------------------------------
0.056250, 0.000000
0.056875, 0.422211
0.053125, 0.417511
0.052500, 0.419358
0.058125, 0.417377
0.059375, 0.422807
0.055000, 0.417536
0.058750, 0.417897
0.059375, 0.417794
0.055000, 0.423808
0.056250, 0.416851
0.052500, 0.417412
0.054375, 0.414310
0.048750, 0.474234
0.039375, 0.416151
0.043750, 0.324256
0.047500, 0.415299
0.058125, 0.417492
0.055000, 0.421556
0.056875, 0.453130
0.058750, 0.418051
0.057500, 0.138620
0.056250, 0.417371
0.045625, 0.418919
0.056250, 0.423199
0.046250, 0.418660
0.065625, 0.424389
0.045625, 0.417143
0.054375, 0.210167
0.058125, 0.417580

====================================================================
Flow ID: 659 | Shape: (30, 2)
Features: [Size/1600, IAT/0.1]
--------------------------------------------------------------------
0.048750, 0.000000
0.042500, 0.416461
0.055000, 0.412659
0.040625, 0.417448
0.059375, 0.407844
0.056875, 0.417693
0.050000, 0.410545
0.056875, 0.417862
0.058750, 0.417912
0.060625, 0.417234
0.048125, 0.436078
0.045625, 0.417184
0.060000, 0.421392
0.055625, 0.419390
0.054375, 0.419410
0.058750, 0.414082
0.056875, 0.417807
0.057500, 0.418228
0.044375, 0.416843
0.053125, 0.417474
0.053125, 0.418778
0.060000, 0.426476
0.055000, 0.416827
0.053750, 0.419603
0.048125, 0.413619
0.045000, 0.417144
0.058125, 0.428270
0.056875, 0.419269
0.049375, 0.419304
0.059375, 0.416910

====================================================================
Flow ID: 661 | Shape: (30, 2)
Features: [Size/1600, IAT/0.1]
--------------------------------------------------------------------
0.048750, 0.000000
0.047500, 0.421461
0.051250, 0.416189
0.058125, 0.417106
0.049375, 0.417578
0.056875, 0.416339
0.055625, 0.423835
0.048750, 0.410871
0.049375, 0.417765
0.050000, 0.419306
0.052500, 0.418099
0.046875, 0.481464
0.055625, 0.314045
0.056250, 0.000151
0.057500, 0.658888
0.046875, 0.417461
0.056250, 0.416507
0.056250, 0.418117
0.060625, 0.416130
0.048750, 0.402974
0.050000, 0.416676
0.045000, 0.416117
0.055625, 0.419931
0.056875, 0.261781
0.046875, 0.391422
0.058750, 0.417422
0.058750, 0.415817
0.046875, 0.416250
0.056250, 0.421209
0.058125, 0.419152

====================================================================
Flow ID: 663 | Shape: (30, 2)
Features: [Size/1600, IAT/0.1]
--------------------------------------------------------------------
0.057500, 0.000000
0.045625, 0.417561
0.054375, 0.417192
0.058750, 0.413071
0.060625, 0.282399
0.054375, 0.418492
0.048750, 0.418678
0.054375, 0.417699
0.056875, 0.419363
0.047500, 0.416671
0.050625, 0.417543
0.051875, 0.415611
0.047500, 0.418059
0.057500, 0.416815
0.051875, 0.416874
0.059375, 0.423430
0.056250, 0.000155
0.058125, 0.416546
0.058125, 0.427697
0.056250, 0.415524
0.057500, 0.417525
0.057500, 0.418340
0.048125, 0.414442
0.059375, 0.417541
0.045000, 0.417572
0.055625, 0.425782
0.047500, 0.417997
0.048750, 0.419465
0.053125, 0.416875
0.059375, 0.417745

====================================================================
Flow ID: 669 | Shape: (30, 2)
Features: [Size/1600, IAT/0.1]
--------------------------------------------------------------------
0.056875, 0.000000
0.056250, 0.417550
0.054375, 0.418816
0.060625, 0.415581
0.053125, 0.418531
0.057500, 0.417418
0.043750, 0.397798
0.047500, 0.417640
0.050000, 0.415582
0.055000, 0.417503
0.051250, 0.439106
0.048750, 0.413592
0.057500, 0.415875
0.056875, 0.417280
0.051875, 0.415614
0.047500, 0.417177
0.048125, 0.421878
0.048125, 0.419777
0.046250, 0.417112
0.056250, 0.417314
0.059375, 0.414957
0.056250, 0.404755
0.053750, 0.419136
0.056875, 0.426644
0.048750, 0.385901
0.057500, 0.417196
0.050000, 0.407651
0.045625, 0.489934
0.060000, 0.416372
0.056875, 0.418430

====================================================================
Flow ID: 671 | Shape: (30, 2)
Features: [Size/1600, IAT/0.1]
--------------------------------------------------------------------
0.049375, 0.000000
0.056875, 0.416962
0.045000, 0.419525
0.058125, 0.432155
0.058125, 0.416184
0.058750, 0.417865
0.048750, 0.411930
0.047500, 0.417860
0.058750, 0.415897
0.055625, 0.750346
0.055625, 0.420284
0.056250, 0.434071
0.058750, 0.416845
0.058750, 0.424019
0.053125, 0.419172
0.056250, 0.416911
0.058750, 0.418545
0.058750, 0.417293
0.049375, 0.416301
0.046875, 0.086976
0.047500, 0.419512
0.054375, 0.414452
0.058750, 0.068315
0.058125, 0.421224
0.049375, 0.419226
0.058125, 0.410782
0.046250, 0.417743
0.049375, 0.415840
0.043750, 0.416874
0.059375, 0.416971

====================================================================
Flow ID: 677 | Shape: (30, 2)
Features: [Size/1600, IAT/0.1]
--------------------------------------------------------------------
0.049375, 0.000000
0.056250, 0.417179
0.045000, 0.410094
0.050000, 0.426395
0.059375, 0.406242
0.059375, 0.416455
0.052500, 0.418306
0.055625, 0.411360
0.048750, 0.415459
0.048125, 0.416083
0.046250, 0.413191
0.051875, 0.417316
0.057500, 0.423125
0.060625, 0.417995
0.048125, 0.475434
0.056250, 0.416696
0.046875, 0.416622
0.049375, 0.418001
0.056250, 0.418337
0.056250, 0.417575
0.045625, 0.417861
0.050625, 0.416315
0.054375, 0.417947
0.056250, 0.417759
0.057500, 0.417168
0.049375, 0.414474
0.055625, 0.417928
0.056250, 0.422969
0.059375, 0.411901
0.056250, 0.416642

====================================================================
Flow ID: 681 | Shape: (30, 2)
Features: [Size/1600, IAT/0.1]
--------------------------------------------------------------------
0.056875, 0.000000
0.048750, 0.435510
0.054375, 0.416428
0.048750, 0.410404
0.061875, 0.417531
0.059375, 0.285386
0.057500, 0.417681
0.056250, 0.418669
0.049375, 0.418986
0.060000, 0.416444
0.053750, 0.417010
0.055000, 0.417074
0.055000, 0.415768
0.062500, 0.360006
0.050000, 0.417940
0.058125, 0.415739
0.048750, 0.419099
0.048125, 0.416484
0.055000, 0.417417
0.054375, 0.417658
0.045000, 0.421278
0.048125, 0.407012
0.055000, 0.421602
0.047500, 0.420302
0.062500, 0.418321
0.056250, 0.424454
0.057500, 0.414484
0.053750, 0.413872
0.053750, 0.418558
0.048750, 0.413943

====================================================================
Flow ID: 685 | Shape: (30, 2)
Features: [Size/1600, IAT/0.1]
--------------------------------------------------------------------
0.050000, 0.000000
0.058125, 0.419086
0.046875, 0.416433
0.059375, 0.416728
0.057500, 0.383734
0.058125, 0.416539
0.055625, 0.420300
0.061875, 0.423808
0.047500, 0.426903
0.054375, 0.417170
0.055000, 0.417325
0.042500, 0.421818
0.058750, 0.416484
0.050625, 0.418082
0.051875, 0.406584
0.060625, 0.418352
0.046250, 0.418196
0.054375, 0.419176
0.051250, 0.461712
0.059375, 0.428086
0.048750, 0.417511
0.055000, 0.426603
0.058750, 0.419770
0.057500, 0.417790
0.045625, 0.418154
0.050625, 0.418030
0.057500, 0.415654
0.050625, 0.419174
0.056250, 0.417001
0.050625, 0.418363

====================================================================
Flow ID: 686 | Shape: (30, 2)
Features: [Size/1600, IAT/0.1]
--------------------------------------------------------------------
0.057500, 0.000000
0.057500, 0.417474
0.058750, 0.414277
0.045625, 0.396655
0.053750, 0.417566
0.053750, 0.416919
0.045000, 0.429980
0.043750, 0.418196
0.058125, 0.417564
0.060000, 0.415378
0.054375, 0.405223
0.045000, 0.416350
0.050625, 0.418689
0.048750, 0.419997
0.058125, 0.417505
0.044375, 0.418205
0.050625, 0.416038
0.056875, 0.417207
0.047500, 0.420522
0.051250, 0.418270
0.045625, 0.419095
0.049375, 0.417482
0.056875, 0.421246
0.045625, 0.416043
0.046250, 0.419233
0.051250, 0.448843
0.041250, 0.418487
0.053125, 0.417058
0.045625, 0.420531
0.048125, 0.416798

====================================================================
Flow ID: 688 | Shape: (30, 2)
Features: [Size/1600, IAT/0.1]
--------------------------------------------------------------------
0.045000, 0.000000
0.047500, 0.418507
0.058125, 0.431960
0.045000, 0.417007
0.052500, 0.417999
0.044375, 0.390934
0.060000, 0.417451
0.048750, 0.417427
0.061875, 0.417374
0.058750, 0.416389
0.061875, 0.415858
0.050000, 0.417455
0.053750, 0.426737
0.058125, 0.418020
0.059375, 0.411945
0.044375, 0.418179
0.048750, 0.417665
0.058125, 0.416575
0.055625, 0.417082
0.056875, 0.418707
0.044375, 0.419097
0.045625, 0.415714
0.060000, 0.417776
0.056250, 0.416853
0.055000, 0.416766
0.057500, 0.420568
0.052500, 0.444003
0.048125, 0.417453
0.053125, 0.418657
0.048750, 0.417879

====================================================================
Flow ID: 693 | Shape: (30, 2)
Features: [Size/1600, IAT/0.1]
--------------------------------------------------------------------
0.060000, 0.000000
0.057500, 0.377751
0.049375, 0.478251
0.048125, 0.416968
0.054375, 0.418557
0.054375, 0.482199
0.056250, 0.418157
0.055625, 0.428820
0.058750, 0.418616
0.057500, 0.417970
0.051250, 0.417655
0.047500, 0.416388
0.057500, 0.418020
0.058125, 0.419969
0.053125, 0.416770
0.045000, 0.415256
0.046875, 0.417999
0.057500, 0.415780
0.050625, 0.438821
0.053125, 0.419590
0.048750, 0.392451
0.058125, 0.423704
0.048750, 0.416715
0.058125, 0.417725
0.057500, 0.417433
0.054375, 0.419105
0.056250, 0.417628
0.045000, 0.413213
0.043125, 0.417552
0.058125, 0.428482

====================================================================
Flow ID: 694 | Shape: (30, 2)
Features: [Size/1600, IAT/0.1]
--------------------------------------------------------------------
0.058750, 0.000000
0.046875, 0.416120
0.050000, 0.417039
0.045625, 0.421769
0.056250, 0.417809
0.042500, 0.424139
0.058750, 0.494324
0.058125, 0.416827
0.052500, 0.415281
0.058750, 0.425194
0.056875, 1.000000
0.055625, 0.420523
0.056250, 0.417842
0.045000, 0.414926
0.050000, 1.000000
0.055625, 0.414647
0.053750, 0.489609
0.045625, 0.412402
0.048750, 0.441348
0.049375, 0.418123
0.055000, 0.451449
0.050625, 0.416950
0.056875, 0.421809
0.057500, 0.416968
0.060625, 0.418743
0.050625, 0.464690
0.060000, 0.418074
0.058750, 0.417364
0.061250, 0.417277
0.044375, 0.418178

====================================================================
Flow ID: 699 | Shape: (30, 2)
Features: [Size/1600, IAT/0.1]
--------------------------------------------------------------------
0.058125, 0.000000
0.048125, 0.418029
0.059375, 0.421783
0.062500, 0.417201
0.056875, 0.418062
0.057500, 0.419529
0.058125, 0.415362
0.046875, 0.418520
0.043750, 0.417928
0.050000, 0.419198
0.054375, 0.417183
0.053750, 0.421750
0.046875, 0.415474
0.055000, 0.422004
0.058125, 0.417950
0.057500, 0.413998
0.053750, 0.418238
0.043125, 0.416583
0.056250, 0.418080
0.055625, 0.419498
0.053750, 0.422135
0.056875, 0.416726
0.060625, 0.418680
0.054375, 0.419510
0.047500, 0.406456
0.055625, 0.420909
0.054375, 0.410873
0.055625, 0.412204
0.050625, 0.416625
0.060625, 0.401184

====================================================================
Flow ID: 700 | Shape: (30, 2)
Features: [Size/1600, IAT/0.1]
--------------------------------------------------------------------
0.058750, 0.000000
0.056875, 0.417723
0.051250, 0.417076
0.058750, 0.288495
0.047500, 0.418002
0.055625, 0.423676
0.056875, 0.417015
0.060000, 0.416519
0.060625, 0.420849
0.057500, 0.405905
0.053125, 0.417831
0.047500, 0.419111
0.046250, 0.418485
0.050625, 0.417490
0.050625, 0.412268
0.057500, 0.420319
0.053750, 0.418037
0.058750, 0.417001
0.056875, 0.418436
0.058750, 0.422487
0.057500, 0.417844
0.051250, 0.417460
0.050625, 0.428018
0.052500, 0.425033
0.056875, 0.415573
0.043750, 0.418327
0.060000, 0.417594
0.056250, 0.417426
0.054375, 0.416136
0.046875, 0.417586

====================================================================
Flow ID: 702 | Shape: (30, 2)
Features: [Size/1600, IAT/0.1]
--------------------------------------------------------------------
0.057500, 0.000000
0.055000, 0.416868
0.048125, 0.427244
0.049375, 0.417793
0.058125, 0.443642
0.046250, 0.417426
0.056875, 0.416378
0.055625, 0.415613
0.060625, 0.346446
0.048750, 0.416704
0.060625, 0.417508
0.061250, 0.423199
0.046875, 0.410122
0.052500, 0.414704
0.058125, 0.417789
0.057500, 0.751268
0.046875, 0.608801
0.058125, 0.416408
0.048125, 0.417819
0.049375, 0.416886
0.058125, 0.418360
0.056250, 0.414835
0.054375, 0.419960
0.056250, 0.416843
0.048750, 0.416823
0.053750, 0.418573
0.058750, 0.419992
0.057500, 0.416504
0.051250, 0.408923
0.059375, 0.403354

====================================================================
Flow ID: 718 | Shape: (30, 2)
Features: [Size/1600, IAT/0.1]
--------------------------------------------------------------------
0.058125, 0.000000
0.045625, 0.291206
0.047500, 0.413123
0.056875, 0.418748
0.046250, 0.415597
0.055625, 0.433820
0.060000, 0.404558
0.055625, 0.405997
0.049375, 0.440757
0.044375, 0.418080
0.055625, 0.415563
0.055625, 0.418547
0.058750, 0.421711
0.058750, 0.416464
0.053125, 0.414755
0.056250, 0.418835
0.048125, 0.422660
0.055000, 0.407395
0.058125, 0.415571
0.059375, 0.413943
0.043750, 0.418099
0.056875, 0.416684
0.045625, 0.447046
0.046250, 0.416649
0.053125, 0.444179
0.044375, 0.416027
0.060000, 0.416326
0.051250, 0.418171
0.059375, 0.494068
0.048750, 0.437523

====================================================================
Flow ID: 719 | Shape: (30, 2)
Features: [Size/1600, IAT/0.1]
--------------------------------------------------------------------
0.055625, 0.000000
0.055625, 0.416986
0.054375, 0.416122
0.053125, 0.417931
0.056875, 0.417964
0.047500, 0.435114
0.046875, 0.418824
0.048125, 0.418313
0.046875, 0.416396
0.048750, 0.417528
0.056250, 0.412511
0.058750, 0.431976
0.056250, 0.421861
0.058750, 0.419283
0.046875, 0.492577
0.055625, 0.401346
0.046875, 0.420414
0.049375, 0.418811
0.048750, 0.421259
0.053750, 0.419209
0.059375, 0.409084
0.055625, 0.419276
0.056250, 0.417583
0.053750, 0.417283
0.048750, 0.419232
0.056250, 0.416330
0.058125, 0.419471
0.059375, 0.413960
0.045625, 0.417470
0.050625, 0.416996

====================================================================
Flow ID: 723 | Shape: (30, 2)
Features: [Size/1600, IAT/0.1]
--------------------------------------------------------------------
0.055625, 0.000000
0.060000, 0.410270
0.060625, 0.408532
0.056250, 0.416401
0.053750, 0.417330
0.057500, 0.431605
0.056250, 0.424569
0.054375, 0.417477
0.054375, 0.417092
0.055000, 0.417178
0.053750, 0.416848
0.049375, 0.417439
0.049375, 0.416226
0.059375, 0.418573
0.048750, 0.431085
0.046250, 0.410361
0.045625, 0.348995
0.058750, 0.416498
0.056250, 0.394915
0.045625, 0.413048
0.056250, 0.417674
0.041250, 0.418168
0.058750, 0.417298
0.060000, 0.418440
0.058125, 0.417715
0.055000, 0.417544
0.046875, 0.443668
0.058125, 0.418210
0.043125, 0.417738
0.048750, 0.418795

====================================================================
Flow ID: 727 | Shape: (30, 2)
Features: [Size/1600, IAT/0.1]
--------------------------------------------------------------------
0.048750, 0.000000
0.055625, 0.413431
0.055625, 0.417262
0.048750, 0.420281
0.056875, 0.428057
0.046250, 0.418921
0.057500, 0.417482
0.052500, 0.418455
0.057500, 0.416904
0.058125, 0.421232
0.056875, 0.418016
0.048750, 0.415636
0.054375, 0.906574
0.060000, 0.417155
0.056250, 0.417485
0.056875, 0.417407
0.055625, 0.417266
0.047500, 0.434581
0.056875, 0.420815
0.056250, 0.418241
0.058750, 0.412864
0.058750, 0.416088
0.059375, 0.354747
0.060000, 0.416639
0.057500, 0.418054
0.059375, 0.419950
0.060625, 0.412953
0.046875, 0.418009
0.045625, 0.418033
0.056875, 0.430361

====================================================================
Flow ID: 728 | Shape: (30, 2)
Features: [Size/1600, IAT/0.1]
--------------------------------------------------------------------
0.056250, 0.000000
0.058125, 0.418840
0.043750, 0.417263
0.057500, 0.417955
0.056250, 0.410793
0.060000, 0.418206
0.049375, 0.417064
0.059375, 0.417512
0.055000, 0.405597
0.060000, 0.418257
0.047500, 0.416616
0.060000, 0.416836
0.060000, 0.417937
0.050000, 0.418398
0.059375, 0.419862
0.043125, 0.406595
0.047500, 0.422249
0.045000, 0.419651
0.058125, 0.419545
0.055625, 0.416099
0.054375, 0.415210
0.056250, 0.417295
0.043125, 0.341114
0.058125, 0.416777
0.055000, 0.416570
0.057500, 0.415033
0.056875, 0.415974
0.048125, 0.415502
0.044375, 0.417678
0.053750, 0.442492

====================================================================
Flow ID: 731 | Shape: (30, 2)
Features: [Size/1600, IAT/0.1]
--------------------------------------------------------------------
0.054375, 0.000000
0.055000, 0.417425
0.055000, 0.419525
0.048125, 0.415691
0.058125, 0.420256
0.057500, 0.424480
0.055000, 0.417097
0.045625, 0.418017
0.047500, 0.417850
0.048125, 0.418460
0.057500, 0.418211
0.048125, 0.418571
0.053750, 0.396447
0.049375, 0.416956
0.043750, 0.417319
0.058750, 0.416354
0.055625, 0.423043
0.060000, 0.404713
0.058125, 0.418126
0.058125, 0.417535
0.055625, 0.417223
0.056875, 0.411534
0.046250, 0.417175
0.059375, 0.417926
0.053750, 0.418284
0.057500, 0.417261
0.056875, 0.414066
0.055625, 0.417248
0.048750, 0.418186
0.056875, 0.416356

====================================================================
Flow ID: 741 | Shape: (30, 2)
Features: [Size/1600, IAT/0.1]
--------------------------------------------------------------------
0.041250, 0.000000
0.057500, 0.397041
0.047500, 0.407408
0.046250, 0.417002
0.060000, 0.418345
0.045625, 0.417659
0.056875, 0.518626
0.046875, 0.418330
0.056875, 0.417572
0.050000, 0.349963
0.049375, 0.417030
0.046875, 0.310593
0.060000, 0.417367
0.048125, 0.170394
0.059375, 0.423666
0.055000, 0.419610
0.056875, 0.418531
0.055000, 0.418106
0.045000, 0.416071
0.050625, 0.416568
0.051875, 0.417583
0.055000, 0.408490
0.058125, 0.423575
0.058125, 0.418922
0.057500, 0.415524
0.056250, 0.417257
0.054375, 0.419405
0.050625, 0.420406
0.057500, 0.418155
0.058750, 0.428455

====================================================================
Flow ID: 742 | Shape: (30, 2)
Features: [Size/1600, IAT/0.1]
--------------------------------------------------------------------
0.047500, 0.000000
0.058125, 0.417906
0.048750, 0.415187
0.048125, 0.418251
0.059375, 0.417344
0.055625, 0.420769
0.056875, 0.419093
0.057500, 1.000000
0.059375, 0.416797
0.047500, 0.417013
0.048750, 0.416866
0.056875, 0.414446
0.056250, 0.418164
0.056250, 0.417933
0.053125, 0.438054
0.049375, 0.416353
0.055000, 0.418683
0.056875, 0.413571
0.043125, 0.403385
0.048750, 1.000000
0.055625, 0.354353
0.053750, 0.415017
0.056875, 0.417729
0.052500, 0.417659
0.058750, 0.415924
0.059375, 0.412805
0.063125, 0.409487
0.053125, 0.404681
0.047500, 0.416875
0.055625, 0.418765

====================================================================
Flow ID: 743 | Shape: (30, 2)
Features: [Size/1600, IAT/0.1]
--------------------------------------------------------------------
0.054375, 0.000000
0.049375, 0.418611
0.049375, 0.415365
0.056875, 0.417144
0.048125, 0.416089
0.050625, 0.418867
0.055000, 0.416989
0.050625, 0.419180
0.060000, 0.418276
0.054375, 0.417045
0.044375, 0.417680
0.045000, 0.418581
0.050000, 0.418568
0.050000, 0.416656
0.057500, 0.407796
0.055000, 0.417040
0.056250, 0.420118
0.057500, 0.421521
0.047500, 0.415641
0.056250, 0.417146
0.048750, 0.416374
0.058125, 0.421567
0.058125, 0.418261
0.048750, 0.418028
0.043750, 0.418281
0.056250, 0.417953
0.048750, 0.418504
0.048750, 0.418051
0.057500, 0.417161
0.055000, 0.418040

====================================================================
Flow ID: 745 | Shape: (30, 2)
Features: [Size/1600, IAT/0.1]
--------------------------------------------------------------------
0.056875, 0.000000
0.055000, 0.416985
0.060000, 0.414911
0.055625, 0.438952
0.055000, 0.388814
0.052500, 0.425258
0.059375, 0.416816
0.055000, 0.419292
0.047500, 0.415308
0.057500, 0.419152
0.048750, 0.421174
0.045625, 0.382984
0.058750, 0.416372
0.056875, 0.418462
0.058125, 0.433703
0.056250, 0.418094
0.051250, 0.432800
0.058125, 0.416928
0.053125, 0.418257
0.050000, 0.386785
0.056250, 0.417241
0.057500, 0.420681
0.056875, 0.414863
0.048125, 0.419568
0.048750, 0.426562
0.060625, 0.416534
0.056875, 0.417508
0.050625, 0.405883
0.061250, 0.421683
0.048125, 0.420892

====================================================================
Flow ID: 747 | Shape: (30, 2)
Features: [Size/1600, IAT/0.1]
--------------------------------------------------------------------
0.058125, 0.000000
0.054375, 0.418314
0.061250, 0.419107
0.053750, 0.421503
0.059375, 0.417634
0.056875, 0.422629
0.046250, 0.416698
0.047500, 0.416906
0.055625, 0.419277
0.050625, 0.417145
0.054375, 0.418908
0.055000, 0.413368
0.046875, 0.418104
0.056875, 0.411923
0.056875, 0.416404
0.047500, 0.417004
0.059375, 0.419656
0.053750, 0.418566
0.060000, 0.418858
0.055625, 0.418807
0.058125, 0.418289
0.063125, 0.426569
0.045625, 0.418310
0.055625, 0.411865
0.058750, 0.416438
0.057500, 0.418793
0.053750, 0.418137
0.054375, 0.417110
0.055625, 0.417219
0.058125, 0.416448

====================================================================
Flow ID: 748 | Shape: (30, 2)
Features: [Size/1600, IAT/0.1]
--------------------------------------------------------------------
0.055625, 0.000000
0.051250, 0.392264
0.056875, 0.417796
0.047500, 0.416286
0.047500, 0.418985
0.049375, 0.416128
0.056250, 0.418547
0.050000, 0.417635
0.053125, 0.416195
0.050000, 0.417131
0.056250, 0.416953
0.058750, 0.425487
0.057500, 0.418246
0.060000, 0.417783
0.053750, 0.416604
0.053750, 0.419287
0.055000, 0.417864
0.056250, 0.416771
0.053125, 0.418095
0.057500, 0.417930
0.051250, 0.419358
0.056875, 0.419539
0.058750, 0.416437
0.053750, 0.416105
0.054375, 0.405834
0.050000, 0.413509
0.058750, 0.412670
0.051250, 0.414621
0.056875, 0.418169
0.048750, 0.410703

====================================================================
Flow ID: 749 | Shape: (30, 2)
Features: [Size/1600, IAT/0.1]
--------------------------------------------------------------------
0.056875, 0.000000
0.043750, 0.417952
0.045000, 0.412235
0.048750, 0.415726
0.048750, 0.421655
0.045625, 0.418033
0.055625, 0.419654
0.055000, 0.418597
0.058125, 0.419416
0.060000, 0.417169
0.054375, 0.416186
0.057500, 0.420259
0.056250, 0.417919
0.055000, 0.420233
0.060000, 0.436737
0.048125, 0.417538
0.058125, 0.423523
0.058750, 0.418027
0.045625, 0.415711
0.051250, 0.418241
0.050625, 0.421059
0.045625, 0.411894
0.049375, 0.417594
0.046250, 0.418752
0.051875, 0.412338
0.050625, 0.418139
0.051250, 0.417588
0.054375, 0.417592
0.058125, 0.415979
0.059375, 0.417712

====================================================================
Flow ID: 751 | Shape: (30, 2)
Features: [Size/1600, IAT/0.1]
--------------------------------------------------------------------
0.048750, 0.000000
0.050000, 0.668077
0.050625, 0.417830
0.056250, 0.416108
0.045625, 0.418272
0.046875, 0.412141
0.048125, 0.383853
0.047500, 0.416246
0.043125, 0.417438
0.055000, 0.416641
0.047500, 0.417957
0.045000, 0.416648
0.042500, 0.417866
0.046250, 0.417744
0.052500, 0.411860
0.045000, 0.381732
0.051875, 0.411551
0.057500, 0.428707
0.053125, 0.418853
0.043125, 0.417021
0.056250, 0.416540
0.056875, 0.415042
0.046250, 0.417443
0.060000, 0.417275
0.048125, 0.415063
0.050000, 0.414665
0.050625, 0.419148
0.055000, 0.419528
0.046250, 0.454172
0.048750, 0.420030

====================================================================
Flow ID: 752 | Shape: (30, 2)
Features: [Size/1600, IAT/0.1]
--------------------------------------------------------------------
0.055625, 0.000000
0.042500, 0.419721
0.055625, 0.419150
0.055000, 0.422928
0.054375, 0.416577
0.052500, 0.416498
0.060000, 0.415743
0.058750, 0.426636
0.048750, 0.425844
0.046875, 0.404602
0.049375, 0.416692
0.045625, 0.422622
0.051250, 0.415575
0.055000, 0.417430
0.054375, 0.417725
0.056250, 0.418149
0.045625, 0.391865
0.048125, 0.417181
0.048750, 0.417406
0.043750, 0.421413
0.060000, 0.414318
0.058750, 0.419750
0.058125, 0.444256
0.060625, 0.417613
0.055000, 0.418570
0.042500, 0.415458
0.055625, 0.387991
0.049375, 0.412657
0.046875, 0.417382
0.051875, 0.419706

====================================================================
Flow ID: 765 | Shape: (30, 2)
Features: [Size/1600, IAT/0.1]
--------------------------------------------------------------------
0.055625, 0.000000
0.058125, 0.415781
0.058125, 0.415711
0.051250, 0.422347
0.056875, 0.416546
0.055625, 0.418167
0.052500, 0.416649
0.058125, 0.418279
0.048750, 0.416667
0.048125, 0.417684
0.045625, 0.419845
0.046250, 0.416703
0.057500, 0.418119
0.056250, 0.417558
0.058125, 0.293194
0.051250, 0.417530
0.056250, 0.413247
0.060000, 0.418811
0.054375, 0.418193
0.055000, 0.422384
0.048750, 0.416819
0.058125, 0.416441
0.051250, 0.475587
0.055625, 0.417910
0.048750, 0.439376
0.048750, 0.415599
0.058750, 0.416467
0.058125, 0.418502
0.047500, 0.409179
0.057500, 0.415994

====================================================================
Flow ID: 766 | Shape: (30, 2)
Features: [Size/1600, IAT/0.1]
--------------------------------------------------------------------
0.061250, 0.000000
0.055000, 0.518271
0.055000, 0.418018
0.043750, 0.427351
0.045000, 0.417413
0.057500, 0.416439
0.060000, 0.418124
0.046250, 0.417075
0.055625, 0.418220
0.053750, 0.431146
0.051250, 0.418461
0.044375, 0.407559
0.056250, 0.417033
0.048750, 0.417666
0.056250, 0.417957
0.056875, 0.418328
0.050000, 0.421768
0.049375, 0.416766
0.050000, 0.413456
0.061250, 0.418668
0.053750, 0.417399
0.052500, 0.418701
0.056875, 0.416367
0.046250, 0.415708
0.058125, 0.417673
0.060000, 0.417025
0.050625, 0.417460
0.047500, 0.419191
0.050000, 0.416737
0.058125, 0.417721

====================================================================
Flow ID: 767 | Shape: (30, 2)
Features: [Size/1600, IAT/0.1]
--------------------------------------------------------------------
0.046250, 0.000000
0.057500, 0.429146
0.059375, 0.416809
0.056875, 0.433060
0.055000, 0.403229
0.047500, 0.418597
0.045625, 0.414942
0.055625, 0.410749
0.058750, 0.420437
0.050000, 0.417423
0.051875, 0.417947
0.047500, 0.416420
0.056875, 0.409819
0.056250, 0.417040
0.048750, 0.449257
0.043750, 0.601401
0.058125, 0.415409
0.057500, 0.416180
0.052500, 0.726894
0.045625, 0.000159
0.058750, 0.416694
0.060625, 0.417595
0.059375, 0.411374
0.056250, 0.419236
0.061250, 0.418529
0.053125, 0.442034
0.050625, 0.418509
0.049375, 0.416954
0.046250, 0.417742
0.043750, 0.418987

====================================================================
Flow ID: 768 | Shape: (30, 2)
Features: [Size/1600, IAT/0.1]
--------------------------------------------------------------------
0.056250, 0.000000
0.056875, 0.429293
0.056250, 0.417892
0.058125, 0.414813
0.056250, 0.417145
0.049375, 0.417944
0.058125, 0.403791
0.057500, 0.417685
0.046250, 0.401992
0.059375, 0.416537
0.052500, 0.417798
0.046250, 0.416022
0.063125, 0.418507
0.042500, 0.441094
0.055000, 0.418377
0.048750, 0.669884
0.056250, 0.418227
0.053750, 0.416688
0.058125, 0.412844
0.045000, 0.424537
0.045625, 0.419064
0.047500, 0.416947
0.044375, 0.419470
0.052500, 0.417412
0.044375, 0.419426
0.057500, 0.419382
0.052500, 0.416646
0.059375, 0.416806
0.058750, 0.417240
0.048125, 0.415050

====================================================================
Flow ID: 641 | Shape: (30, 2)
Features: [Size/1600, IAT/0.1]
--------------------------------------------------------------------
0.055000, 0.000000
0.053750, 0.417844
0.048750, 0.417237
0.055000, 0.417307
0.058125, 0.418543
0.044375, 0.418025
0.040625, 0.420447
0.049375, 0.424450
0.058750, 0.415490
0.060000, 0.415982
0.043750, 0.418084
0.041875, 0.410022
0.050000, 0.415324
0.058750, 0.417461
0.060000, 0.417258
0.044375, 0.417794
0.050000, 0.417560
0.056250, 0.425902
0.058125, 0.417430
0.046875, 0.416971
0.057500, 0.418206
0.043125, 0.417459
0.061875, 0.417299
0.058750, 0.417838
0.048750, 0.420710
0.052500, 0.417001
0.056875, 0.411760
0.059375, 0.416538
0.060000, 0.417888
0.045625, 0.416618

====================================================================
Flow ID: 648 | Shape: (30, 2)
Features: [Size/1600, IAT/0.1]
--------------------------------------------------------------------
0.060000, 0.000000
0.057500, 0.357006
0.048750, 0.419770
0.060625, 0.422356
0.054375, 0.415928
0.056250, 0.417694
0.044375, 0.415660
0.060000, 0.417164
0.049375, 0.418576
0.058125, 0.399384
0.053750, 0.415724
0.048125, 0.000162
0.058125, 0.422556
0.058750, 0.422551
0.061250, 0.417949
0.058125, 0.414171
0.058125, 0.417267
0.055625, 0.417274
0.056250, 0.416872
0.054375, 0.418837
0.045000, 0.417350
0.045625, 0.400607
0.058125, 0.453877
0.054375, 0.410813
0.058125, 0.415709
0.048125, 0.418255
0.060000, 0.417111
0.054375, 0.416894
0.043125, 0.417273
0.058750, 0.571508

====================================================================
Flow ID: 654 | Shape: (30, 2)
Features: [Size/1600, IAT/0.1]
--------------------------------------------------------------------
0.055000, 0.000000
0.055000, 0.415699
0.043750, 0.416942
0.043125, 0.417637
0.048750, 0.417884
0.049375, 0.418010
0.055000, 0.418205
0.058750, 0.417271
0.055000, 0.417826
0.063125, 0.416596
0.059375, 0.416493
0.056250, 0.418207
0.057500, 0.419522
0.046875, 0.413441
0.058750, 0.419058
0.055000, 0.419193
0.057500, 0.423983
0.056250, 0.336837
0.056250, 0.425615
0.053125, 0.416483
0.047500, 0.418958
0.058125, 0.416701
0.043750, 0.417951
0.053750, 0.417985
0.049375, 0.418907
0.047500, 0.420413
0.050000, 0.418373
0.045625, 0.415920
0.054375, 0.411448
0.058750, 1.000000

====================================================================
Flow ID: 656 | Shape: (30, 2)
Features: [Size/1600, IAT/0.1]
--------------------------------------------------------------------
0.045000, 0.000000
0.056875, 0.417916
0.058125, 0.417049
0.042500, 0.418609
0.055000, 0.443762
0.058125, 0.418142
0.055000, 0.418130
0.055625, 0.419668
0.056250, 0.417112
0.061875, 0.417210
0.055000, 0.418598
0.059375, 0.663353
0.055625, 0.419365
0.060000, 0.416955
0.050625, 0.417170
0.056250, 0.418113
0.051250, 0.417739
0.055625, 0.418802
0.056875, 0.415973
0.055000, 0.417986
0.046875, 0.416927
0.056250, 0.416101
0.053750, 0.399405
0.060625, 0.415963
0.044375, 0.425065
0.048750, 0.414541
0.058125, 0.416937
0.056875, 0.412004
0.047500, 0.418589
0.058125, 0.419290

====================================================================
Flow ID: 657 | Shape: (30, 2)
Features: [Size/1600, IAT/0.1]
--------------------------------------------------------------------
0.044375, 0.000000
0.058750, 0.416712
0.045625, 0.419125
0.051250, 0.411664
0.048750, 0.419301
0.056250, 0.417619
0.047500, 0.418047
0.047500, 0.418707
0.056250, 0.713663
0.046875, 0.417787
0.060000, 0.424762
0.045000, 0.417807
0.057500, 0.418168
0.055000, 0.418131
0.053750, 0.417341
0.045625, 0.425318
0.058750, 0.417212
0.046875, 0.419640
0.048125, 0.417540
0.046250, 0.422908
0.060000, 0.414449
0.059375, 0.417667
0.057500, 0.419172
0.050625, 1.000000
0.048750, 0.418185
0.057500, 0.414401
0.056875, 0.415881
0.051250, 0.421077
0.056875, 0.411599
0.054375, 0.416925

====================================================================
Flow ID: 660 | Shape: (30, 2)
Features: [Size/1600, IAT/0.1]
--------------------------------------------------------------------
0.057500, 0.000000
0.057500, 0.407607
0.061875, 0.417206
0.058125, 0.418508
0.060000, 0.422296
0.058750, 0.414872
0.056250, 0.431235
0.057500, 0.414884
0.056875, 0.419442
0.058750, 0.421816
0.056250, 0.416643
0.047500, 0.419339
0.059375, 0.418682
0.046875, 0.416557
0.059375, 0.417358
0.056250, 0.417890
0.056250, 0.419934
0.057500, 0.416730
0.055000, 0.417876
0.052500, 0.412020
0.049375, 0.417843
0.056250, 0.428427
0.058125, 0.407983
0.052500, 0.417346
0.056250, 0.417360
0.060000, 0.416806
0.050625, 0.417679
0.056875, 0.416992
0.046875, 0.412918
0.050000, 0.418445

====================================================================
Flow ID: 664 | Shape: (30, 2)
Features: [Size/1600, IAT/0.1]
--------------------------------------------------------------------
0.054375, 0.000000
0.059375, 0.417622
0.049375, 0.417882
0.058750, 0.400518
0.048125, 0.419206
0.045000, 0.416153
0.058125, 0.417809
0.045000, 0.418377
0.055625, 0.412438
0.055000, 0.422176
0.053750, 0.416267
0.056875, 0.419014
0.048750, 0.416397
0.048750, 0.397187
0.056875, 0.419529
0.056250, 0.419177
0.055000, 0.416582
0.053750, 0.348087
0.046875, 0.418521
0.045625, 0.423400
0.057500, 0.195203
0.054375, 0.418484
0.055625, 0.416494
0.057500, 0.415019
0.047500, 0.416457
0.056875, 0.413459
0.056250, 0.418178
0.057500, 0.419985
0.056875, 0.402701
0.056875, 0.417662

====================================================================
Flow ID: 668 | Shape: (30, 2)
Features: [Size/1600, IAT/0.1]
--------------------------------------------------------------------
0.058750, 0.000000
0.058750, 0.418498
0.052500, 0.420542
0.047500, 0.417620
0.053125, 0.418708
0.058750, 0.424696
0.057500, 0.418151
0.061875, 0.420123
0.057500, 0.412708
0.055625, 0.418450
0.058125, 0.418873
0.044375, 0.416907
0.046250, 0.427253
0.057500, 0.415885
0.044375, 0.417437
0.048750, 0.415790
0.046875, 0.418133
0.043750, 0.418757
0.048750, 0.417360
0.056250, 0.368419
0.050625, 0.420769
0.054375, 0.414664
0.049375, 0.413753
0.041250, 0.251252
0.052500, 0.415729
0.048750, 0.460759
0.056250, 0.433957
0.041250, 0.418263
0.046875, 0.413156
0.047500, 0.416942

====================================================================
Flow ID: 671 | Shape: (30, 2)
Features: [Size/1600, IAT/0.1]
--------------------------------------------------------------------
0.056875, 0.000000
0.055000, 0.418266
0.058125, 0.416501
0.058125, 0.417030
0.056875, 0.418105
0.043750, 0.419482
0.050625, 0.417306
0.049375, 0.346534
0.046250, 0.422565
0.055625, 0.418578
0.053125, 0.416948
0.046250, 0.418592
0.045625, 0.417817
0.055625, 0.389408
0.048125, 0.416686
0.058750, 0.415791
0.054375, 0.420455
0.046875, 0.433564
0.052500, 0.418110
0.047500, 0.416049
0.045000, 0.417533
0.059375, 0.438761
0.044375, 0.413527
0.048125, 0.416731
0.056875, 0.418004
0.046875, 0.417842
0.042500, 0.418337
0.049375, 0.416653
0.057500, 0.417337
0.056250, 0.417653

====================================================================
Flow ID: 672 | Shape: (30, 2)
Features: [Size/1600, IAT/0.1]
--------------------------------------------------------------------
0.051875, 0.000000
0.056250, 0.418990
0.058750, 0.416424
0.055625, 0.417832
0.047500, 0.417884
0.058125, 0.425762
0.055625, 0.419414
0.048750, 0.420927
0.055000, 0.418345
0.057500, 0.417393
0.043750, 0.416061
0.047500, 0.415646
0.054375, 0.427246
0.050625, 0.417718
0.062500, 0.412601
0.046875, 0.417805
0.057500, 0.414302
0.049375, 0.418725
0.049375, 0.419623
0.047500, 0.418830
0.058125, 0.417461
0.055000, 0.409260
0.054375, 0.417498
0.055000, 0.421328
0.049375, 0.412936
0.044375, 0.418084
0.048125, 0.409960
0.046250, 0.436934
0.056875, 0.418824
0.046250, 0.416467

====================================================================
Flow ID: 674 | Shape: (30, 2)
Features: [Size/1600, IAT/0.1]
--------------------------------------------------------------------
0.053125, 0.000000
0.056875, 0.418184
0.056875, 0.418118
0.058125, 0.415700
0.045625, 0.417341
0.041875, 0.425828
0.051250, 0.417503
0.053750, 0.429547
0.050000, 0.385108
0.043750, 0.416798
0.059375, 0.407858
0.048750, 0.424251
0.056250, 0.417735
0.056875, 0.418781
0.057500, 0.418082
0.056250, 0.417967
0.060000, 0.408116
0.056250, 0.417798
0.048750, 0.467979
0.058125, 0.402580
0.060000, 0.413866
0.055625, 0.416367
0.055000, 0.417783
0.056875, 0.416711
0.048750, 0.409591
0.048750, 0.415994
0.046250, 0.416180
0.055000, 0.419317
0.050625, 0.422623
0.047500, 0.416617

====================================================================
Flow ID: 677 | Shape: (30, 2)
Features: [Size/1600, IAT/0.1]
--------------------------------------------------------------------
0.055625, 0.000000
0.048750, 0.417339
0.055625, 0.419649
0.056875, 0.419287
0.055000, 0.411595
0.045000, 0.417272
0.060625, 0.460110
0.052500, 0.419390
0.056250, 0.418433
0.051250, 0.417905
0.056875, 0.326499
0.059375, 0.414405
0.048750, 0.416609
0.056250, 0.420185
0.052500, 0.418343
0.047500, 0.417603
0.057500, 0.416435
0.055000, 0.415091
0.046875, 0.420838
0.056875, 0.417824
0.057500, 0.420188
0.053750, 0.423027
0.058125, 0.418138
0.047500, 0.419815
0.058750, 0.414467
0.046875, 0.417487
0.056875, 0.433368
0.055000, 0.417211
0.048125, 0.423327
0.056250, 0.418063

====================================================================
Flow ID: 681 | Shape: (30, 2)
Features: [Size/1600, IAT/0.1]
--------------------------------------------------------------------
0.052500, 0.000000
0.053750, 0.417222
0.058125, 0.422674
0.060625, 0.415031
0.046875, 0.381322
0.046875, 0.418225
0.055000, 0.407886
0.063750, 0.406831
0.056875, 0.420294
0.046875, 0.412576
0.060000, 0.418503
0.053125, 0.417836
0.048125, 0.419584
0.057500, 0.411210
0.056875, 0.413045
0.052500, 0.414234
0.050000, 0.418080
0.058125, 0.411828
0.058750, 0.418053
0.055000, 0.416953
0.057500, 0.418764
0.048750, 0.417515
0.055000, 0.417711
0.058750, 0.420281
0.050000, 0.420406
0.058125, 0.415914
0.058125, 0.417813
0.045625, 0.413786
0.058750, 0.418446
0.056250, 0.408417

====================================================================
Flow ID: 685 | Shape: (30, 2)
Features: [Size/1600, IAT/0.1]
--------------------------------------------------------------------
0.052500, 0.000000
0.057500, 0.418760
0.060625, 0.422373
0.055625, 0.417206
0.058750, 0.373859
0.046875, 0.439876
0.055625, 0.562177
0.055625, 0.417225
0.061875, 0.417632
0.060000, 0.398002
0.047500, 0.419326
0.046250, 0.418436
0.057500, 0.417076
0.046875, 0.418703
0.058750, 0.415997
0.061875, 0.417932
0.055625, 0.417986
0.060000, 0.418550
0.057500, 0.417616
0.049375, 0.423059
0.056250, 0.321075
0.063750, 0.421489
0.051875, 0.417293
0.051250, 0.419660
0.060000, 0.418028
0.056250, 0.417326
0.062500, 0.416904
0.041875, 0.417812
0.056250, 0.417992
0.060625, 0.418323

====================================================================
Flow ID: 686 | Shape: (30, 2)
Features: [Size/1600, IAT/0.1]
--------------------------------------------------------------------
0.051875, 0.000000
0.055000, 0.417686
0.044375, 0.410431
0.057500, 0.425490
0.055000, 0.419438
0.056250, 0.419687
0.048125, 0.415070
0.056875, 0.417759
0.050625, 0.549477
0.045625, 0.417442
0.045000, 0.418406
0.043750, 0.417320
0.048125, 0.406186
0.054375, 0.422292
0.048125, 0.417116
0.056250, 0.418317
0.058750, 0.418228
0.056875, 0.394005
0.058750, 0.417451
0.056250, 0.419220
0.060000, 0.417692
0.055625, 0.415434
0.060625, 0.419521
0.046875, 0.413710
0.040000, 0.417910
0.046875, 0.400950
0.056250, 0.403202
0.059375, 0.416865
0.055625, 0.416807
0.059375, 0.413089

====================================================================
Flow ID: 693 | Shape: (30, 2)
Features: [Size/1600, IAT/0.1]
--------------------------------------------------------------------
0.056875, 0.000000
0.057500, 0.417429
0.055000, 0.409694
0.044375, 0.416986
0.059375, 0.429421
0.058125, 0.417563
0.050000, 0.418465
0.060625, 0.417923
0.058125, 0.418326
0.058125, 0.416219
0.050000, 0.416937
0.055625, 0.418013
0.047500, 0.405501
0.058125, 0.417909
0.046875, 0.423657
0.056250, 0.417249
0.056875, 0.416533
0.046250, 0.417625
0.058125, 0.416236
0.053750, 0.426549
0.048125, 0.415623
0.057500, 0.427126
0.048125, 0.419325
0.060000, 0.411268
0.046875, 0.416220
0.058125, 0.418592
0.056875, 0.417374
0.058750, 0.418835
0.061250, 0.417090
0.049375, 0.417158

====================================================================
Flow ID: 694 | Shape: (30, 2)
Features: [Size/1600, IAT/0.1]
--------------------------------------------------------------------
0.059375, 0.000000
0.046250, 0.000166
0.060625, 0.417013
0.049375, 0.418222
0.046250, 0.413784
0.048750, 0.420236
0.061250, 0.416198
0.056875, 1.000000
0.055000, 0.417669
0.057500, 0.418045
0.053125, 0.420596
0.056250, 0.991300
0.046875, 0.417001
0.051250, 0.414647
0.057500, 0.414945
0.045000, 0.417724
0.055000, 0.417320
0.047500, 0.405487
0.046250, 0.417355
0.060000, 0.421374
0.056250, 0.417395
0.048125, 0.417014
0.055625, 0.416958
0.049375, 0.416532
0.056875, 0.410829
0.045000, 0.416289
0.051250, 0.419721
0.044375, 0.415819
0.048125, 0.415757
0.055625, 0.423952

====================================================================
Flow ID: 695 | Shape: (30, 2)
Features: [Size/1600, IAT/0.1]
--------------------------------------------------------------------
0.048750, 0.000000
0.045625, 0.416976
0.051875, 0.415636
0.048125, 0.422880
0.050625, 0.416555
0.059375, 0.416539
0.044375, 0.418346
0.055000, 0.417862
0.057500, 0.418841
0.046875, 0.420012
0.052500, 0.406479
0.056250, 0.428657
0.050000, 0.416682
0.061250, 0.417505
0.049375, 0.420480
0.058750, 0.418061
0.050000, 0.420357
0.055000, 0.416551
0.049375, 0.417200
0.058750, 0.418139
0.048750, 0.416498
0.047500, 0.416355
0.055625, 0.370054
0.051875, 0.418128
0.056250, 0.415853
0.057500, 0.417528
0.056250, 0.416484
0.058750, 0.417834
0.058125, 0.418603
0.044375, 0.403421

====================================================================
Flow ID: 696 | Shape: (30, 2)
Features: [Size/1600, IAT/0.1]
--------------------------------------------------------------------
0.056875, 0.000000
0.060625, 0.418484
0.059375, 0.425700
0.054375, 0.419604
0.054375, 0.417618
0.055625, 0.411951
0.056250, 0.416279
0.056250, 0.414147
0.053750, 0.419578
0.044375, 0.417966
0.047500, 0.413568
0.058750, 0.403777
0.056250, 0.417993
0.047500, 0.416858
0.056875, 0.417434
0.058125, 0.413794
0.058125, 0.395708
0.048750, 0.417949
0.056250, 0.400251
0.045625, 0.416764
0.049375, 0.420476
0.056250, 0.420282
0.059375, 0.418878
0.055000, 0.383908
0.053125, 0.418620
0.056875, 0.416699
0.057500, 0.417678
0.048125, 0.416430
0.057500, 0.417455
0.057500, 0.417229

====================================================================
Flow ID: 700 | Shape: (30, 2)
Features: [Size/1600, IAT/0.1]
--------------------------------------------------------------------
0.056875, 0.000000
0.048750, 0.417940
0.056875, 0.414001
0.041875, 0.420061
0.056250, 0.416822
0.057500, 0.415104
0.056250, 0.417033
0.043125, 0.417390
0.050625, 0.417010
0.046250, 0.421066
0.050000, 0.418003
0.055625, 0.414172
0.045625, 0.421293
0.056250, 0.417387
0.056875, 0.414827
0.058125, 0.446606
0.056875, 0.130617
0.051875, 0.410037
0.048125, 0.409883
0.048750, 0.416245
0.057500, 0.415665
0.046875, 0.417769
0.050000, 0.417740
0.051250, 0.416769
0.052500, 0.408801
0.056875, 0.418315
0.048125, 0.411903
0.056875, 0.419732
0.051875, 0.422788
0.055000, 0.418695

====================================================================
Flow ID: 706 | Shape: (30, 2)
Features: [Size/1600, IAT/0.1]
--------------------------------------------------------------------
0.047500, 0.000000
0.048750, 0.447119
0.056875, 0.417592
0.053750, 0.413885
0.057500, 0.416057
0.048125, 0.417053
0.059375, 0.295633
0.057500, 0.418522
0.059375, 0.418056
0.051250, 0.420577
0.056875, 0.418167
0.056250, 0.418453
0.051875, 0.417989
0.050000, 0.417722
0.046250, 0.436493
0.048125, 0.441227
0.052500, 0.418761
0.055000, 0.417148
0.056875, 0.417820
0.053750, 0.402063
0.058750, 0.426668
0.060000, 0.401069
0.055625, 0.417905
0.058750, 0.415897
0.053750, 0.417851
0.056250, 0.418736
0.058750, 0.417346
0.050000, 0.418146
0.053750, 0.420988
0.058750, 0.418537

====================================================================
Flow ID: 711 | Shape: (30, 2)
Features: [Size/1600, IAT/0.1]
--------------------------------------------------------------------
0.055625, 0.000000
0.052500, 0.422934
0.058750, 0.406347
0.048750, 0.424359
0.051250, 0.417531
0.060000, 0.419536
0.053125, 0.418715
0.051250, 0.418253
0.041875, 0.408914
0.056875, 0.418231
0.057500, 0.426021
0.057500, 0.421480
0.053125, 0.418445
0.046875, 0.417872
0.055625, 0.416967
0.053125, 0.423436
0.055000, 0.418069
0.050625, 0.420978
0.058125, 0.418062
0.061875, 0.416134
0.060625, 0.425137
0.056875, 0.417680
0.057500, 0.417107
0.045625, 0.414563
0.059375, 0.415969
0.053125, 0.364558
0.057500, 0.415344
0.055000, 0.423347
0.051875, 0.419851
0.056250, 0.417860

====================================================================
Flow ID: 713 | Shape: (30, 2)
Features: [Size/1600, IAT/0.1]
--------------------------------------------------------------------
0.051875, 0.000000
0.060000, 0.417373
0.045000, 0.416562
0.046875, 0.400459
0.053125, 0.418703
0.049375, 0.416579
0.058750, 0.418530
0.044375, 0.418067
0.055625, 0.420508
0.056250, 0.431609
0.052500, 0.417321
0.054375, 0.416272
0.056250, 0.357868
0.061250, 0.416293
0.053125, 0.416464
0.055625, 0.420530
0.045625, 0.422396
0.051250, 0.421939
0.052500, 0.421035
0.059375, 0.417200
0.056250, 0.418326
0.045625, 0.417760
0.056875, 0.418193
0.052500, 0.412779
0.055000, 0.414574
0.048750, 0.417385
0.058750, 0.419788
0.055000, 0.418197
0.047500, 0.418943
0.055000, 0.417005

====================================================================
Flow ID: 715 | Shape: (30, 2)
Features: [Size/1600, IAT/0.1]
--------------------------------------------------------------------
0.056250, 0.000000
0.042500, 0.416871
0.056875, 0.417168
0.050000, 0.417807
0.053750, 0.416837
0.058125, 0.416752
0.058125, 0.416169
0.054375, 0.400730
0.050625, 0.416425
0.057500, 0.392947
0.050000, 0.417254
0.046250, 0.414343
0.059375, 0.417152
0.045625, 0.420227
0.054375, 0.417708
0.054375, 0.416229
0.056250, 0.416600
0.055625, 0.417235
0.056250, 0.553309
0.054375, 0.418322
0.056875, 0.417686
0.059375, 0.414518
0.048125, 0.412182
0.056875, 0.422270
0.046875, 0.546739
0.045000, 0.417763
0.051875, 0.416087
0.056875, 0.418472
0.055625, 0.000144
0.053125, 0.415262

====================================================================
Flow ID: 720 | Shape: (30, 2)
Features: [Size/1600, IAT/0.1]
--------------------------------------------------------------------
0.060625, 0.000000
0.043750, 0.418088
0.060625, 0.416574
0.047500, 0.416413
0.060000, 0.451180
0.053125, 0.417301
0.048125, 0.391120
0.051250, 0.417575
0.048750, 0.417083
0.056250, 0.417264
0.049375, 0.410971
0.057500, 0.417276
0.048750, 0.416884
0.046875, 0.418451
0.045625, 0.423080
0.046875, 0.414828
0.059375, 0.417736
0.056875, 0.417486
0.055000, 0.417393
0.057500, 0.448732
0.056250, 0.417342
0.056875, 0.417289
0.060625, 0.443685
0.055625, 0.424670
0.057500, 0.419914
0.056875, 0.417542
0.055000, 0.423612
0.056875, 0.416433
0.055000, 0.418173
0.056875, 0.421672

====================================================================
Flow ID: 721 | Shape: (30, 2)
Features: [Size/1600, IAT/0.1]
--------------------------------------------------------------------
0.048125, 0.000000
0.052500, 0.444194
0.056875, 0.417203
0.059375, 0.416783
0.059375, 0.412464
0.049375, 0.417326
0.056250, 0.404195
0.055000, 0.417024
0.058750, 0.416937
0.055625, 0.415314
0.046875, 0.414606
0.056250, 0.417472
0.046250, 0.413811
0.050625, 0.419462
0.056250, 0.416749
0.048125, 0.418954
0.054375, 0.401385
0.047500, 0.521997
0.056875, 0.417514
0.052500, 0.425164
0.055625, 0.412920
0.056875, 0.417766
0.054375, 0.415513
0.055000, 0.417808
0.046875, 0.416491
0.056875, 0.468518
0.058750, 0.417100
0.053750, 0.421974
0.043750, 0.418310
0.050000, 0.417903

====================================================================
Flow ID: 722 | Shape: (30, 2)
Features: [Size/1600, IAT/0.1]
--------------------------------------------------------------------
0.057500, 0.000000
0.055625, 0.416122
0.043750, 0.426341
0.055625, 0.416110
0.050625, 0.418649
0.058125, 0.420959
0.055000, 0.417438
0.058125, 0.426190
0.056875, 0.417207
0.047500, 0.417120
0.050625, 0.418497
0.043750, 0.448334
0.045625, 0.418428
0.056250, 0.417102
0.048750, 0.000158
0.056250, 0.418356
0.058125, 0.414358
0.058750, 0.416634
0.058750, 0.417258
0.047500, 0.413045
0.060625, 0.419103
0.047500, 0.418559
0.053750, 0.415710
0.046250, 0.417059
0.059375, 0.416734
0.046250, 0.417654
0.046875, 0.415238
0.059375, 0.418249
0.056875, 0.426261
0.058750, 0.415337

====================================================================
Flow ID: 727 | Shape: (30, 2)
Features: [Size/1600, IAT/0.1]
--------------------------------------------------------------------
0.048125, 0.000000
0.047500, 0.418323
0.056875, 0.392363
0.053750, 0.418337
0.059375, 0.418437
0.055625, 0.423050
0.051250, 0.433797
0.046250, 0.411984
0.058125, 0.417102
0.046250, 0.417751
0.057500, 0.417027
0.058125, 0.418122
0.046875, 0.414430
0.058750, 0.416787
0.050625, 0.417486
0.042500, 0.433801
0.048750, 0.418629
0.042500, 0.417653
0.045625, 0.391796
0.051250, 0.416828
0.048750, 0.573774
0.053125, 0.417100
0.048125, 0.413283
0.043750, 0.415590
0.056875, 0.417196
0.051875, 0.416243
0.048125, 0.409994
0.056875, 0.416224
0.046250, 0.418529
0.048125, 0.418517

====================================================================
Flow ID: 728 | Shape: (30, 2)
Features: [Size/1600, IAT/0.1]
--------------------------------------------------------------------
0.058750, 0.000000
0.055625, 0.417046
0.056250, 0.417398
0.050625, 0.417754
0.050625, 0.415384
0.054375, 0.417990
0.045000, 0.432736
0.058125, 0.417881
0.058125, 0.330485
0.058750, 0.432108
0.060000, 0.416267
0.046250, 0.417892
0.048125, 0.415165
0.048750, 0.418312
0.049375, 0.417227
0.061875, 0.418056
0.042500, 0.416375
0.059375, 0.417836
0.056875, 0.416677
0.046875, 0.422483
0.049375, 0.417585
0.053750, 0.418281
0.055000, 0.415688
0.055000, 0.424095
0.056875, 0.475999
0.043750, 0.419666
0.058750, 0.417821
0.061250, 0.416553
0.058125, 0.405894
0.058125, 0.417103

====================================================================
Flow ID: 730 | Shape: (30, 2)
Features: [Size/1600, IAT/0.1]
--------------------------------------------------------------------
0.060625, 0.000000
0.058125, 0.414069
0.056875, 0.300964
0.058750, 0.417039
0.043750, 0.420302
0.058750, 0.441589
0.053125, 0.416806
0.056250, 1.000000
0.044375, 0.417115
0.061250, 0.415847
0.054375, 0.415533
0.045000, 0.413609
0.056875, 0.417077
0.051250, 0.418696
0.058750, 0.422074
0.051250, 0.417045
0.055000, 0.418099
0.055625, 0.417661
0.061875, 0.415574
0.045000, 0.418300
0.058125, 0.409774
0.060625, 0.350667
0.049375, 0.386237
0.055625, 0.416161
0.048750, 0.415906
0.058125, 0.419549
0.047500, 0.417078
0.056250, 0.417768
0.057500, 0.415013
0.048125, 0.417595

====================================================================
Flow ID: 735 | Shape: (30, 2)
Features: [Size/1600, IAT/0.1]
--------------------------------------------------------------------
0.059375, 0.000000
0.056875, 0.411762
0.049375, 0.417265
0.050625, 0.417801
0.054375, 0.386538
0.050625, 0.417508
0.051875, 0.415207
0.047500, 0.418528
0.043750, 0.417537
0.058125, 0.418449
0.045625, 0.415063
0.046875, 0.417475
0.060625, 0.416110
0.057500, 1.000000
0.056250, 0.418248
0.056250, 0.417876
0.053750, 0.421459
0.056875, 0.418084
0.053750, 0.417185
0.055625, 0.419749
0.057500, 0.417262
0.055000, 0.419050
0.055625, 0.417188
0.061875, 0.412992
0.058125, 0.420846
0.046875, 0.418455
0.053750, 0.416429
0.048125, 0.418804
0.054375, 0.414341
0.055625, 0.416618

====================================================================
Flow ID: 738 | Shape: (30, 2)
Features: [Size/1600, IAT/0.1]
--------------------------------------------------------------------
0.043125, 0.000000
0.058125, 0.417446
0.048125, 0.418183
0.055000, 0.426848
0.047500, 0.415797
0.057500, 0.415999
0.052500, 0.417190
0.054375, 0.417403
0.055000, 0.419891
0.045625, 0.416970
0.046875, 0.426127
0.057500, 0.421455
0.055000, 0.418226
0.056875, 0.417216
0.054375, 0.419495
0.063125, 0.415617
0.058750, 0.415508
0.055000, 0.413525
0.057500, 0.417659
0.047500, 0.406486
0.048750, 0.417904
0.056875, 0.419138
0.056250, 0.418103
0.055625, 0.418242
0.055625, 0.324485
0.061250, 0.412620
0.050000, 0.415466
0.055000, 0.416726
0.060000, 0.415913
0.050000, 0.419054

====================================================================
Flow ID: 739 | Shape: (30, 2)
Features: [Size/1600, IAT/0.1]
--------------------------------------------------------------------
0.058750, 0.000000
0.045625, 0.418102
0.043750, 0.418178
0.054375, 0.420535
0.058125, 0.409797
0.055625, 0.421346
0.053750, 0.412079
0.051250, 0.417707
0.056875, 0.415423
0.057500, 0.417273
0.056250, 0.274502
0.058125, 0.380585
0.055625, 0.416704
0.054375, 0.421490
0.046875, 0.420372
0.056875, 0.418444
0.045000, 0.416142
0.049375, 0.417427
0.056250, 0.418276
0.046250, 0.397850
0.053125, 0.418819
0.044375, 0.416666
0.054375, 0.418438
0.055000, 0.417450
0.047500, 0.415204
0.045625, 0.417277
0.056875, 0.417901
0.060000, 0.410465
0.054375, 0.415727
0.046875, 0.417693

====================================================================
Flow ID: 740 | Shape: (30, 2)
Features: [Size/1600, IAT/0.1]
--------------------------------------------------------------------
0.057500, 0.000000
0.056250, 0.418210
0.053125, 0.419403
0.056875, 0.658553
0.051250, 0.418189
0.058125, 0.387500
0.051875, 0.191177
0.046875, 0.418494
0.056875, 0.417903
0.056875, 0.420283
0.059375, 0.417341
0.057500, 0.419878
0.060000, 0.419199
0.047500, 0.415278
0.050000, 0.421112
0.046250, 0.426474
0.061250, 0.417548
0.050000, 0.421394
0.050000, 0.420490
0.055625, 0.418802
0.060625, 0.417793
0.045625, 0.418768
0.049375, 0.416208
0.056875, 0.417718
0.055625, 0.412459
0.051250, 0.415803
0.060000, 0.417659
0.058125, 0.416973
0.047500, 0.419563
0.054375, 0.417085

====================================================================
Flow ID: 741 | Shape: (30, 2)
Features: [Size/1600, IAT/0.1]
--------------------------------------------------------------------
0.053750, 0.000000
0.056250, 0.418225
0.051875, 0.416229
0.060625, 0.412595
0.055625, 0.417105
0.050000, 0.416887
0.055000, 0.414915
0.056250, 0.418546
0.055000, 0.417179
0.057500, 0.418095
0.046875, 0.420118
0.048125, 0.417170
0.059375, 0.416244
0.056875, 0.417657
0.056250, 0.426451
0.046875, 0.411002
0.048125, 0.418916
0.058125, 0.417062
0.055625, 0.417005
0.058125, 0.418202
0.057500, 0.420154
0.051250, 0.424813
0.045625, 0.422657
0.056875, 0.417628
0.057500, 0.427513
0.053750, 0.396201
0.054375, 0.417540
0.049375, 0.416136
0.059375, 0.415748
0.058125, 0.419114

====================================================================
Flow ID: 743 | Shape: (30, 2)
Features: [Size/1600, IAT/0.1]
--------------------------------------------------------------------
0.046875, 0.000000
0.040625, 0.417442
0.046875, 0.497065
0.052500, 0.415962
0.058125, 0.392460
0.050000, 0.418000
0.060625, 0.417091
0.058750, 0.360204
0.055000, 0.419495
0.055625, 0.417564
0.054375, 0.000150
0.060000, 0.325328
0.048125, 0.418480
0.041875, 0.422015
0.048125, 0.418626
0.047500, 0.418119
0.058125, 0.441030
0.043750, 0.417503
0.058750, 0.417801
0.048750, 0.418985
0.051875, 0.417044
0.059375, 0.416939
0.056250, 0.421608
0.052500, 0.417494
0.060000, 0.414582
0.055625, 0.417058
0.047500, 0.417119
0.048125, 0.418821
0.056250, 0.416689
0.061875, 0.420898

====================================================================
Flow ID: 744 | Shape: (30, 2)
Features: [Size/1600, IAT/0.1]
--------------------------------------------------------------------
0.046875, 0.000000
0.057500, 0.413487
0.056250, 0.417104
0.046250, 0.418914
0.055000, 0.417311
0.056250, 0.417227
0.054375, 0.415108
0.044375, 0.418658
0.056250, 0.344601
0.046250, 0.416587
0.058125, 0.418436
0.046250, 0.418209
0.053750, 0.408317
0.051875, 0.415028
0.045625, 0.418597
0.043125, 0.419545
0.054375, 0.416777
0.051250, 0.415183
0.043125, 0.429290
0.057500, 0.419021
0.045000, 0.438832
0.046250, 0.423411
0.058125, 0.418132
0.062500, 0.416280
0.056875, 0.417208
0.055000, 0.417468
0.058750, 0.416664
0.055000, 0.409557
0.055625, 0.418171
0.044375, 0.415219

====================================================================
Flow ID: 747 | Shape: (30, 2)
Features: [Size/1600, IAT/0.1]
--------------------------------------------------------------------
0.053125, 0.000000
0.059375, 0.422153
0.046250, 0.417794
0.055625, 0.420875
0.055000, 0.408404
0.045625, 0.417722
0.063750, 0.423866
0.055000, 0.416688
0.061250, 0.418932
0.057500, 0.417203
0.056875, 0.436414
0.050000, 0.416448
0.060625, 0.417242
0.046875, 0.421720
0.046875, 0.418158
0.054375, 0.417511
0.047500, 0.418038
0.057500, 0.417302
0.046250, 0.418800
0.046875, 0.415865
0.046875, 0.410210
0.055625, 0.418295
0.045000, 0.417626
0.048125, 0.436659
0.053750, 0.423767
0.053750, 0.415185
0.055625, 0.417055
0.058750, 0.417851
0.058125, 0.417776
0.046875, 0.418626

====================================================================
Flow ID: 749 | Shape: (30, 2)
Features: [Size/1600, IAT/0.1]
--------------------------------------------------------------------
0.042500, 0.000000
0.046875, 0.416371
0.056875, 0.422555
0.060625, 0.418216
0.056875, 0.420263
0.059375, 0.414542
0.053125, 0.418646
0.058125, 0.416246
0.050625, 0.418126
0.061250, 0.417046
0.050625, 0.501231
0.052500, 0.418646
0.058750, 0.418107
0.056250, 0.416388
0.050625, 0.427982
0.045625, 0.416909
0.058125, 0.415682
0.052500, 0.421285
0.046875, 0.417510
0.047500, 0.431743
0.060000, 0.431010
0.056875, 0.415003
0.055000, 0.418534
0.058125, 0.417738
0.055000, 0.419533
0.058750, 0.418864
0.055625, 0.417604
0.046250, 0.422132
0.045625, 0.415395
0.058750, 0.412732

====================================================================
Flow ID: 761 | Shape: (30, 2)
Features: [Size/1600, IAT/0.1]
--------------------------------------------------------------------
0.059375, 0.000000
0.045000, 0.417510
0.045000, 0.411847
0.047500, 0.417286
0.057500, 0.538931
0.056250, 0.418231
0.049375, 0.407896
0.049375, 0.420306
0.047500, 0.419497
0.055625, 0.418907
0.048125, 0.409753
0.048750, 0.422285
0.050000, 0.419792
0.055625, 0.419817
0.056250, 0.419743
0.055000, 0.418735
0.045000, 0.418588
0.057500, 0.418698
0.056875, 0.417888
0.051250, 0.416325
0.045000, 0.416811
0.056250, 0.417890
0.049375, 0.413007
0.054375, 0.496086
0.057500, 0.413050
0.056875, 0.415984
0.057500, 0.419181
0.055625, 0.418972
0.048125, 0.419315
0.057500, 0.416901

====================================================================
Flow ID: 763 | Shape: (30, 2)
Features: [Size/1600, IAT/0.1]
--------------------------------------------------------------------
0.044375, 0.000000
0.056250, 0.418432
0.047500, 0.404397
0.045000, 0.423294
0.053750, 0.420480
0.051250, 0.420140
0.045625, 0.418102
0.043750, 0.404080
0.057500, 0.417871
0.060000, 0.417420
0.055000, 0.417083
0.056875, 0.418830
0.052500, 0.417448
0.048125, 0.410084
0.056875, 0.417114
0.056250, 0.416961
0.058125, 0.417870
0.056875, 0.422045
0.055000, 0.417594
0.052500, 0.412591
0.045625, 0.417376
0.046875, 0.416461
0.059375, 0.417615
0.048750, 0.412527
0.058125, 0.442145
0.055625, 0.416290
0.058125, 0.417192
0.058125, 0.416774
0.051875, 0.419953
0.045625, 0.421986

====================================================================
Flow ID: 765 | Shape: (30, 2)
Features: [Size/1600, IAT/0.1]
--------------------------------------------------------------------
0.050625, 0.000000
0.053125, 0.418065
0.060625, 0.416885
0.054375, 0.416814
0.056250, 0.417703
0.050625, 0.418955
0.057500, 0.417340
0.053750, 0.420878
0.058125, 0.417229
0.045000, 0.434125
0.048750, 0.416183
0.055625, 0.633873
0.054375, 0.416331
0.054375, 0.416586
0.053125, 0.417103
0.044375, 0.415891
0.056250, 0.416855
0.058750, 0.423834
0.048750, 0.399490
0.058750, 0.424696
0.056875, 0.417469
0.050625, 0.418173
0.052500, 0.417980
0.056250, 0.416255
0.055625, 0.418533
0.055000, 0.416770
0.060000, 0.417970
0.044375, 0.414615
0.058750, 0.416283
0.041875, 0.417220
