
====================================================================
Flow ID: 644 | Shape: (30, 2)
Features: [Size/1600, IAT/0.1]
--------------------------------------------------------------------
0.046250, 0.000000
0.041250, 0.024565
0.041875, 0.000145
0.041250, 0.027617
0.058125, 0.001711
0.046250, 0.070305
0.041250, 0.024419
0.953750, 0.000315
0.946250, 0.010446
0.946250, 0.010521
0.056250, 0.003190
0.946250, 0.007361
0.946250, 0.010530
0.056250, 0.006243
0.946250, 0.004297
0.946250, 0.010541
0.056250, 0.009365
0.946250, 0.000998
0.946250, 0.010100
0.946250, 0.010518
0.063750, 0.002654
0.946250, 0.007532
0.946250, 0.010560
0.056250, 0.006073
0.946250, 0.004511
0.946250, 0.010548
0.056250, 0.009264
0.946250, 0.001033
0.946250, 0.010113
0.946250, 0.010562

====================================================================
Flow ID: 645 | Shape: (30, 2)
Features: [Size/1600, IAT/0.1]
--------------------------------------------------------------------
0.046250, 0.000000
0.041250, 0.024488
0.041875, 0.000137
0.041250, 0.027494
0.058125, 0.001539
0.046250, 0.059695
0.041250, 0.024450
0.953750, 0.000341
0.946250, 0.010448
0.946250, 0.010515
0.056250, 0.003208
0.946250, 0.007327
0.946250, 0.010526
0.056250, 0.006319
0.946250, 0.004216
0.946250, 0.010534
0.056250, 0.009495
0.946250, 0.001076
0.946250, 0.010527
0.946250, 0.010534
0.063750, 0.002021
0.946250, 0.008529
0.946250, 0.010595
0.056250, 0.005057
0.946250, 0.005457
0.946250, 0.010547
0.056250, 0.008251
0.946250, 0.002313
0.946250, 0.010578
0.946250, 0.010576

====================================================================
Flow ID: 646 | Shape: (30, 2)
Features: [Size/1600, IAT/0.1]
--------------------------------------------------------------------
0.046250, 0.000000
0.041250, 0.024586
0.041875, 0.000162
0.041250, 0.027658
0.058125, 0.001714
0.046250, 0.067980
0.041250, 0.024404
0.953750, 0.000308
0.946250, 0.010456
0.946250, 0.010531
0.056250, 0.003204
0.946250, 0.007338
0.946250, 0.010524
0.056250, 0.006271
0.946250, 0.004256
0.946250, 0.010127
0.056250, 0.009826
0.946250, 0.000715
0.946250, 0.010394
0.946250, 0.010465
0.063750, 0.002597
0.946250, 0.007955
0.946250, 0.010553
0.056250, 0.005673
0.946250, 0.004879
0.946250, 0.010545
0.056250, 0.008851
0.946250, 0.001717
0.946250, 0.010533
0.946250, 0.010571

====================================================================
Flow ID: 647 | Shape: (30, 2)
Features: [Size/1600, IAT/0.1]
--------------------------------------------------------------------
0.046250, 0.000000
0.041250, 0.024435
0.041875, 0.000135
0.041250, 0.027826
0.058125, 0.001483
0.046250, 0.063510
0.041250, 0.024383
0.953750, 0.000303
0.946250, 0.010458
0.946250, 0.010522
0.056250, 0.003189
0.946250, 0.007356
0.946250, 0.010515
0.056250, 0.006313
0.946250, 0.004215
0.946250, 0.010534
0.056250, 0.009517
0.946250, 0.000994
0.946250, 0.010108
0.946250, 0.010509
0.063750, 0.002623
0.946250, 0.007920
0.946250, 0.010558
0.056250, 0.005702
0.946250, 0.004854
0.946250, 0.010550
0.056250, 0.008818
0.946250, 0.001830
0.946250, 0.010380
0.946250, 0.010525

====================================================================
Flow ID: 650 | Shape: (30, 2)
Features: [Size/1600, IAT/0.1]
--------------------------------------------------------------------
0.046250, 0.000000
0.041250, 0.024534
0.041875, 0.000141
0.041250, 0.027598
0.058125, 0.002602
0.046250, 0.073224
0.041250, 0.024445
0.953750, 0.000324
0.946250, 0.010432
0.946250, 0.010523
0.056250, 0.003222
0.946250, 0.007313
0.946250, 0.010521
0.056250, 0.006384
0.946250, 0.004150
0.946250, 0.010547
0.056250, 0.009526
0.946250, 0.001076
0.946250, 0.010547
0.946250, 0.010536
0.063750, 0.002030
0.946250, 0.008533
0.946250, 0.010544
0.056250, 0.005131
0.946250, 0.005430
0.946250, 0.010582
0.056250, 0.008237
0.946250, 0.002341
0.946250, 0.010191
0.946250, 0.010557

====================================================================
Flow ID: 652 | Shape: (30, 2)
Features: [Size/1600, IAT/0.1]
--------------------------------------------------------------------
0.046250, 0.000000
0.041250, 0.024477
0.041875, 0.000142
0.041250, 0.027652
0.058125, 0.001519
0.046250, 0.076146
0.041250, 0.024390
0.953750, 0.000359
0.946250, 0.010397
0.946250, 0.010527
0.056250, 0.003248
0.946250, 0.007276
0.946250, 0.010530
0.056250, 0.006396
0.946250, 0.004144
0.946250, 0.010583
0.056250, 0.009445
0.946250, 0.001078
0.946250, 0.010550
0.946250, 0.010552
0.063750, 0.002086
0.946250, 0.008389
0.946250, 0.010559
0.056250, 0.005251
0.946250, 0.005305
0.946250, 0.010582
0.056250, 0.008380
0.946250, 0.002182
0.946250, 0.010624
0.946250, 0.010567

====================================================================
Flow ID: 657 | Shape: (30, 2)
Features: [Size/1600, IAT/0.1]
--------------------------------------------------------------------
0.046250, 0.000000
0.041250, 0.024443
0.041875, 0.000126
0.041250, 0.027256
0.058125, 0.001612
0.046250, 0.071744
0.041250, 0.024350
0.953750, 0.000264
0.946250, 0.010462
0.946250, 0.010517
0.056250, 0.003203
0.946250, 0.007328
0.946250, 0.010527
0.056250, 0.006278
0.946250, 0.004255
0.946250, 0.010532
0.056250, 0.009377
0.946250, 0.001088
0.946250, 0.010233
0.946250, 0.010546
0.063750, 0.002327
0.946250, 0.008209
0.946250, 0.010552
0.056250, 0.005419
0.946250, 0.005159
0.946250, 0.010576
0.056250, 0.008547
0.946250, 0.002005
0.946250, 0.010235
0.946250, 0.010626

====================================================================
Flow ID: 658 | Shape: (30, 2)
Features: [Size/1600, IAT/0.1]
--------------------------------------------------------------------
0.046250, 0.000000
0.041250, 0.024562
0.041875, 0.000135
0.041250, 0.028101
0.058125, 0.002431
0.046250, 0.076765
0.041250, 0.024467
0.953750, 0.000284
0.946250, 0.010464
0.946250, 0.010520
0.056250, 0.003241
0.946250, 0.007240
0.946250, 0.010546
0.056250, 0.006349
0.946250, 0.004195
0.946250, 0.010538
0.056250, 0.009526
0.946250, 0.001100
0.946250, 0.010516
0.946250, 0.010562
0.063750, 0.002010
0.946250, 0.008528
0.946250, 0.010551
0.056250, 0.005128
0.946250, 0.005426
0.946250, 0.010575
0.056250, 0.008314
0.946250, 0.002252
0.946250, 0.010580
0.946250, 0.010605

====================================================================
Flow ID: 660 | Shape: (30, 2)
Features: [Size/1600, IAT/0.1]
--------------------------------------------------------------------
0.046250, 0.000000
0.041250, 0.024491
0.041875, 0.000143
0.041250, 0.027522
0.058125, 0.001654
0.046250, 0.066519
0.041250, 0.024566
0.953750, 0.000363
0.946250, 0.010452
0.946250, 0.010515
0.056250, 0.003206
0.946250, 0.007326
0.946250, 0.010531
0.056250, 0.006276
0.946250, 0.004260
0.946250, 0.010534
0.056250, 0.009462
0.946250, 0.001158
0.946250, 0.010452
0.946250, 0.010564
0.063750, 0.001988
0.946250, 0.008554
0.946250, 0.010561
0.056250, 0.005141
0.946250, 0.005424
0.946250, 0.010564
0.056250, 0.008252
0.946250, 0.002333
0.946250, 0.010558
0.946250, 0.010565

====================================================================
Flow ID: 664 | Shape: (30, 2)
Features: [Size/1600, IAT/0.1]
--------------------------------------------------------------------
0.046250, 0.000000
0.041250, 0.024428
0.041875, 0.000127
0.041250, 0.027341
0.058125, 0.001415
0.046250, 0.061561
0.041250, 0.024380
0.953750, 0.000284
0.946250, 0.010458
0.946250, 0.010509
0.056250, 0.003203
0.946250, 0.007331
0.946250, 0.010536
0.056250, 0.006273
0.946250, 0.004278
0.946250, 0.010513
0.056250, 0.009366
0.946250, 0.001076
0.946250, 0.010521
0.946250, 0.010540
0.063750, 0.002022
0.946250, 0.008524
0.946250, 0.010558
0.056250, 0.005076
0.946250, 0.005482
0.946250, 0.010540
0.056250, 0.008174
0.946250, 0.002380
0.946250, 0.010556
0.946250, 0.010430

====================================================================
Flow ID: 666 | Shape: (30, 2)
Features: [Size/1600, IAT/0.1]
--------------------------------------------------------------------
0.046250, 0.000000
0.041250, 0.024464
0.041875, 0.000150
0.041250, 0.027742
0.058125, 0.001538
0.046250, 0.062619
0.041250, 0.024390
0.953750, 0.000287
0.946250, 0.010470
0.946250, 0.010517
0.056250, 0.003191
0.946250, 0.007338
0.946250, 0.010527
0.056250, 0.006270
0.946250, 0.004268
0.946250, 0.010532
0.056250, 0.009387
0.946250, 0.001080
0.946250, 0.010522
0.946250, 0.010548
0.063750, 0.002040
0.946250, 0.008275
0.946250, 0.010559
0.056250, 0.005340
0.946250, 0.005214
0.946250, 0.010558
0.056250, 0.008458
0.946250, 0.002106
0.946250, 0.010644
0.946250, 0.010501

====================================================================
Flow ID: 667 | Shape: (30, 2)
Features: [Size/1600, IAT/0.1]
--------------------------------------------------------------------
0.046250, 0.000000
0.041250, 0.024441
0.041875, 0.000197
0.041250, 0.027326
0.058125, 0.001578
0.046250, 0.076426
0.041250, 0.024461
0.953750, 0.000299
0.946250, 0.010464
0.946250, 0.010097
0.056250, 0.003609
0.946250, 0.006921
0.946250, 0.010688
0.056250, 0.006602
0.946250, 0.003720
0.946250, 0.010429
0.056250, 0.010485
0.946250, 0.000147
0.946250, 0.010465
0.946250, 0.010548
0.063750, 0.003285
0.946250, 0.007283
0.946250, 0.010540
0.056250, 0.006475
0.946250, 0.004101
0.946250, 0.010570
0.056250, 0.009756
0.946250, 0.000818
0.946250, 0.010421
0.946250, 0.010517

====================================================================
Flow ID: 668 | Shape: (30, 2)
Features: [Size/1600, IAT/0.1]
--------------------------------------------------------------------
0.046250, 0.000000
0.041250, 0.024406
0.041875, 0.000125
0.041250, 0.027330
0.058125, 0.001480
0.046250, 0.062232
0.041250, 0.024450
0.953750, 0.000341
0.946250, 0.010448
0.946250, 0.010512
0.056250, 0.003244
0.946250, 0.007302
0.946250, 0.010282
0.056250, 0.006546
0.946250, 0.003990
0.946250, 0.010536
0.056250, 0.009759
0.946250, 0.000787
0.946250, 0.010312
0.946250, 0.010475
0.063750, 0.002597
0.946250, 0.007951
0.946250, 0.010566
0.056250, 0.005674
0.946250, 0.004877
0.946250, 0.010552
0.056250, 0.008881
0.946250, 0.001700
0.946250, 0.010536
0.946250, 0.010559

====================================================================
Flow ID: 672 | Shape: (30, 2)
Features: [Size/1600, IAT/0.1]
--------------------------------------------------------------------
0.046250, 0.000000
0.041250, 0.024466
0.041875, 0.000168
0.041250, 0.026703
0.058125, 0.001368
0.046250, 0.061228
0.041250, 0.024500
0.953750, 0.000382
0.946250, 0.010457
0.946250, 0.010518
0.056250, 0.003208
0.946250, 0.007314
0.946250, 0.010522
0.056250, 0.006299
0.946250, 0.004227
0.946250, 0.010533
0.056250, 0.009516
0.946250, 0.001078
0.946250, 0.010537
0.946250, 0.010530
0.063750, 0.002010
0.946250, 0.008533
0.946250, 0.010553
0.056250, 0.005161
0.946250, 0.005444
0.946250, 0.010558
0.056250, 0.008227
0.946250, 0.002350
0.946250, 0.010562
0.946250, 0.010564

====================================================================
Flow ID: 674 | Shape: (30, 2)
Features: [Size/1600, IAT/0.1]
--------------------------------------------------------------------
0.046250, 0.000000
0.041250, 0.024491
0.041875, 0.000135
0.041250, 0.029864
0.058125, 0.001571
0.046250, 0.072321
0.041250, 0.024397
0.953750, 0.000308
0.946250, 0.010457
0.946250, 0.010556
0.056250, 0.003204
0.946250, 0.007291
0.946250, 0.010531
0.056250, 0.006316
0.946250, 0.004210
0.946250, 0.010093
0.056250, 0.009897
0.946250, 0.000641
0.946250, 0.010472
0.946250, 0.010469
0.063750, 0.002611
0.946250, 0.007948
0.946250, 0.010547
0.056250, 0.005698
0.946250, 0.004876
0.946250, 0.010566
0.056250, 0.008827
0.946250, 0.001744
0.946250, 0.010525
0.946250, 0.010562

====================================================================
Flow ID: 678 | Shape: (30, 2)
Features: [Size/1600, IAT/0.1]
--------------------------------------------------------------------
0.046250, 0.000000
0.041250, 0.024446
0.041875, 0.000134
0.041250, 0.027673
0.058125, 0.001510
0.046250, 0.062009
0.041250, 0.024529
0.953750, 0.000389
0.946250, 0.010411
0.946250, 0.010531
0.056250, 0.003233
0.946250, 0.007295
0.946250, 0.010517
0.056250, 0.006344
0.946250, 0.004190
0.946250, 0.010549
0.056250, 0.009451
0.946250, 0.001079
0.946250, 0.010522
0.946250, 0.010530
0.063750, 0.002035
0.946250, 0.008508
0.946250, 0.010556
0.056250, 0.005117
0.946250, 0.005419
0.946250, 0.010546
0.056250, 0.008239
0.946250, 0.002326
0.946250, 0.010461
0.946250, 0.010470

====================================================================
Flow ID: 683 | Shape: (30, 2)
Features: [Size/1600, IAT/0.1]
--------------------------------------------------------------------
0.046250, 0.000000
0.041250, 0.024466
0.041875, 0.000143
0.041250, 0.027718
0.058125, 0.001682
0.046250, 0.060666
0.041250, 0.024407
0.953750, 0.000321
0.946250, 0.010440
0.946250, 0.010531
0.056250, 0.003208
0.946250, 0.007326
0.946250, 0.010522
0.056250, 0.006338
0.946250, 0.004201
0.946250, 0.010535
0.056250, 0.009486
0.946250, 0.000994
0.946250, 0.010346
0.946250, 0.010272
0.063750, 0.002833
0.946250, 0.007714
0.946250, 0.010538
0.056250, 0.005904
0.946250, 0.004505
0.946250, 0.010547
0.056250, 0.009168
0.946250, 0.001086
0.946250, 0.010564
0.946250, 0.010580

====================================================================
Flow ID: 684 | Shape: (30, 2)
Features: [Size/1600, IAT/0.1]
--------------------------------------------------------------------
0.046250, 0.000000
0.041250, 0.024472
0.041875, 0.000112
0.041250, 0.027608
0.058125, 0.001493
0.046250, 0.073246
0.041250, 0.024320
0.953750, 0.000350
0.946250, 0.010376
0.946250, 0.010521
0.056250, 0.003299
0.946250, 0.007237
0.946250, 0.010275
0.056250, 0.006628
0.946250, 0.003906
0.946250, 0.010539
0.056250, 0.009755
0.946250, 0.000793
0.946250, 0.010331
0.946250, 0.010515
0.063750, 0.002574
0.946250, 0.007969
0.946250, 0.010559
0.056250, 0.005695
0.946250, 0.004885
0.946250, 0.010566
0.056250, 0.008840
0.946250, 0.001741
0.946250, 0.010498
0.946250, 0.010578

====================================================================
Flow ID: 690 | Shape: (30, 2)
Features: [Size/1600, IAT/0.1]
--------------------------------------------------------------------
0.046250, 0.000000
0.041250, 0.024462
0.041875, 0.000140
0.041250, 0.027413
0.058125, 0.001619
0.046250, 0.061645
0.041250, 0.024497
0.953750, 0.000383
0.946250, 0.010408
0.946250, 0.010527
0.056250, 0.003290
0.946250, 0.007239
0.946250, 0.010378
0.056250, 0.006515
0.946250, 0.004014
0.946250, 0.010545
0.056250, 0.009719
0.946250, 0.000819
0.946250, 0.010282
0.946250, 0.010477
0.063750, 0.002586
0.946250, 0.007970
0.946250, 0.010591
0.056250, 0.005621
0.946250, 0.004900
0.946250, 0.010560
0.056250, 0.008832
0.946250, 0.001737
0.946250, 0.010475
0.946250, 0.010514

====================================================================
Flow ID: 692 | Shape: (30, 2)
Features: [Size/1600, IAT/0.1]
--------------------------------------------------------------------
0.046250, 0.000000
0.041250, 0.024480
0.041875, 0.000149
0.041250, 0.027722
0.058125, 0.001711
0.046250, 0.061145
0.041250, 0.024440
0.953750, 0.000377
0.946250, 0.010430
0.946250, 0.010514
0.056250, 0.003228
0.946250, 0.007298
0.946250, 0.010530
0.056250, 0.006307
0.946250, 0.004236
0.946250, 0.010541
0.056250, 0.009509
0.946250, 0.001080
0.946250, 0.010502
0.946250, 0.010542
0.063750, 0.002042
0.946250, 0.008487
0.946250, 0.010552
0.056250, 0.005158
0.946250, 0.005359
0.946250, 0.010533
0.056250, 0.008263
0.946250, 0.002287
0.946250, 0.010551
0.946250, 0.010569

====================================================================
Flow ID: 695 | Shape: (30, 2)
Features: [Size/1600, IAT/0.1]
--------------------------------------------------------------------
0.046250, 0.000000
0.041250, 0.024428
0.041875, 0.000125
0.041250, 0.027227
0.058125, 0.001491
0.046250, 0.059580
0.041250, 0.024370
0.953750, 0.000343
0.946250, 0.010393
0.946250, 0.010516
0.056250, 0.003255
0.946250, 0.007268
0.946250, 0.010526
0.056250, 0.006338
0.946250, 0.004198
0.946250, 0.010525
0.056250, 0.009434
0.946250, 0.001077
0.946250, 0.010524
0.946250, 0.011050
0.063750, 0.001585
0.946250, 0.008791
0.946250, 0.010450
0.056250, 0.004997
0.946250, 0.005529
0.946250, 0.010539
0.056250, 0.008060
0.946250, 0.002484
0.946250, 0.010599
0.946250, 0.010207

====================================================================
Flow ID: 697 | Shape: (30, 2)
Features: [Size/1600, IAT/0.1]
--------------------------------------------------------------------
0.046250, 0.000000
0.041250, 0.024467
0.041875, 0.000142
0.041250, 0.027756
0.058125, 0.001548
0.046250, 0.076172
0.041250, 0.024389
0.953750, 0.000288
0.946250, 0.010467
0.946250, 0.010519
0.056250, 0.003240
0.946250, 0.007295
0.946250, 0.010529
0.056250, 0.006317
0.946250, 0.004224
0.946250, 0.010548
0.056250, 0.009438
0.946250, 0.001074
0.946250, 0.010556
0.946250, 0.010558
0.063750, 0.001998
0.946250, 0.008549
0.946250, 0.010563
0.056250, 0.005275
0.946250, 0.005284
0.946250, 0.010555
0.056250, 0.008431
0.946250, 0.002135
0.946250, 0.010607
0.946250, 0.010526

====================================================================
Flow ID: 698 | Shape: (30, 2)
Features: [Size/1600, IAT/0.1]
--------------------------------------------------------------------
0.046250, 0.000000
0.041250, 0.024475
0.041875, 0.000140
0.041250, 0.027158
0.058125, 0.001534
0.046250, 0.061124
0.041250, 0.024478
0.953750, 0.000367
0.946250, 0.010435
0.946250, 0.010520
0.056250, 0.003225
0.946250, 0.007312
0.946250, 0.010528
0.056250, 0.006350
0.946250, 0.004176
0.946250, 0.010534
0.056250, 0.009524
0.946250, 0.001085
0.946250, 0.010518
0.946250, 0.010530
0.063750, 0.002036
0.946250, 0.008502
0.946250, 0.010555
0.056250, 0.005123
0.946250, 0.005439
0.946250, 0.010550
0.056250, 0.008214
0.946250, 0.002350
0.946250, 0.010376
0.946250, 0.010460

====================================================================
Flow ID: 703 | Shape: (30, 2)
Features: [Size/1600, IAT/0.1]
--------------------------------------------------------------------
0.046250, 0.000000
0.041250, 0.024467
0.041875, 0.000201
0.041250, 0.027362
0.058125, 0.001594
0.046250, 0.060565
0.041250, 0.024480
0.953750, 0.000430
0.946250, 0.010384
0.946250, 0.010528
0.056250, 0.003267
0.946250, 0.007274
0.946250, 0.010526
0.056250, 0.006338
0.946250, 0.004217
0.946250, 0.010549
0.056250, 0.009441
0.946250, 0.001083
0.946250, 0.010523
0.946250, 0.010527
0.063750, 0.002030
0.946250, 0.008523
0.946250, 0.010558
0.056250, 0.005128
0.946250, 0.005415
0.946250, 0.010541
0.056250, 0.008226
0.946250, 0.002337
0.946250, 0.010623
0.946250, 0.010521

====================================================================
Flow ID: 704 | Shape: (30, 2)
Features: [Size/1600, IAT/0.1]
--------------------------------------------------------------------
0.046250, 0.000000
0.041250, 0.024507
0.041875, 0.000141
0.041250, 0.027599
0.058125, 0.004061
0.046250, 0.075316
0.041250, 0.024459
0.953750, 0.000300
0.946250, 0.010386
0.946250, 0.010527
0.056250, 0.003262
0.946250, 0.007263
0.946250, 0.010534
0.056250, 0.006392
0.946250, 0.004149
0.946250, 0.010553
0.056250, 0.009521
0.946250, 0.001080
0.946250, 0.010528
0.946250, 0.010567
0.063750, 0.002031
0.946250, 0.008519
0.946250, 0.010557
0.056250, 0.005133
0.946250, 0.005449
0.946250, 0.010559
0.056250, 0.008245
0.946250, 0.002314
0.946250, 0.010536
0.946250, 0.010444

====================================================================
Flow ID: 706 | Shape: (30, 2)
Features: [Size/1600, IAT/0.1]
--------------------------------------------------------------------
0.046250, 0.000000
0.041250, 0.024425
0.041875, 0.000117
0.041250, 0.027381
0.058125, 0.001557
0.046250, 0.069770
0.041250, 0.024436
0.953750, 0.000257
0.946250, 0.010528
0.946250, 0.010464
0.056250, 0.003180
0.946250, 0.007350
0.946250, 0.010532
0.056250, 0.006297
0.946250, 0.004240
0.946250, 0.010537
0.056250, 0.009436
0.946250, 0.001073
0.946250, 0.010529
0.946250, 0.010537
0.063750, 0.002013
0.946250, 0.008537
0.946250, 0.010542
0.056250, 0.005093
0.946250, 0.005470
0.946250, 0.010543
0.056250, 0.008175
0.946250, 0.002438
0.946250, 0.010565
0.946250, 0.010758

====================================================================
Flow ID: 707 | Shape: (30, 2)
Features: [Size/1600, IAT/0.1]
--------------------------------------------------------------------
0.046250, 0.000000
0.041250, 0.024482
0.041875, 0.000135
0.041250, 0.027852
0.058125, 0.001580
0.046250, 0.075883
0.041250, 0.024388
0.953750, 0.000306
0.946250, 0.010445
0.946250, 0.010541
0.056250, 0.003449
0.946250, 0.007075
0.946250, 0.010520
0.056250, 0.006538
0.946250, 0.003732
0.946250, 0.010549
0.056250, 0.009942
0.946250, 0.000596
0.946250, 0.010518
0.946250, 0.010501
0.063750, 0.002599
0.946250, 0.007948
0.946250, 0.010568
0.056250, 0.005738
0.946250, 0.004829
0.946250, 0.010572
0.056250, 0.008885
0.946250, 0.001683
0.946250, 0.010568
0.946250, 0.010558

====================================================================
Flow ID: 708 | Shape: (30, 2)
Features: [Size/1600, IAT/0.1]
--------------------------------------------------------------------
0.046250, 0.000000
0.041250, 0.024455
0.041875, 0.000142
0.041250, 0.029093
0.058125, 0.001561
0.046250, 0.062777
0.041250, 0.024500
0.953750, 0.000354
0.946250, 0.010441
0.946250, 0.010518
0.056250, 0.003267
0.946250, 0.007269
0.946250, 0.010527
0.056250, 0.006336
0.946250, 0.003988
0.946250, 0.010538
0.056250, 0.009726
0.946250, 0.000825
0.946250, 0.010272
0.946250, 0.010530
0.063750, 0.002535
0.946250, 0.008012
0.946250, 0.010562
0.056250, 0.005607
0.946250, 0.004931
0.946250, 0.010541
0.056250, 0.008793
0.946250, 0.001777
0.946250, 0.010461
0.946250, 0.010500

====================================================================
Flow ID: 711 | Shape: (30, 2)
Features: [Size/1600, IAT/0.1]
--------------------------------------------------------------------
0.046250, 0.000000
0.041250, 0.024470
0.041875, 0.000149
0.041250, 0.027600
0.058125, 0.001633
0.046250, 0.068788
0.041250, 0.024586
0.953750, 0.000250
0.946250, 0.010461
0.946250, 0.010519
0.056250, 0.004020
0.946250, 0.006532
0.946250, 0.010511
0.056250, 0.007110
0.946250, 0.003415
0.946250, 0.010530
0.946250, 0.010253
0.063750, 0.000062
0.946250, 0.010470
0.946250, 0.010530
0.056250, 0.003192
0.946250, 0.007342
0.946250, 0.010538
0.056250, 0.006301
0.946250, 0.004251
0.946250, 0.010562
0.056250, 0.009523
0.946250, 0.001108
0.946250, 0.010565
0.946250, 0.010561

====================================================================
Flow ID: 712 | Shape: (30, 2)
Features: [Size/1600, IAT/0.1]
--------------------------------------------------------------------
0.046250, 0.000000
0.041250, 0.024440
0.041875, 0.000134
0.041250, 0.027562
0.058125, 0.001597
0.046250, 0.061263
0.041250, 0.024488
0.953750, 0.000323
0.946250, 0.010455
0.946250, 0.010535
0.056250, 0.003183
0.946250, 0.007354
0.946250, 0.010523
0.056250, 0.006257
0.946250, 0.004271
0.946250, 0.010542
0.056250, 0.009383
0.946250, 0.001077
0.946250, 0.010528
0.946250, 0.010545
0.063750, 0.002010
0.946250, 0.008526
0.946250, 0.010558
0.056250, 0.005094
0.946250, 0.005465
0.946250, 0.010549
0.056250, 0.008182
0.946250, 0.002381
0.946250, 0.010576
0.946250, 0.010536

====================================================================
Flow ID: 714 | Shape: (30, 2)
Features: [Size/1600, IAT/0.1]
--------------------------------------------------------------------
0.046250, 0.000000
0.041250, 0.024566
0.041875, 0.000152
0.041250, 0.027350
0.058125, 0.001529
0.046250, 0.066708
0.041250, 0.024543
0.953750, 0.000339
0.946250, 0.010506
0.946250, 0.010467
0.056250, 0.003196
0.946250, 0.007324
0.946250, 0.010521
0.056250, 0.006346
0.946250, 0.004194
0.946250, 0.010536
0.056250, 0.009501
0.946250, 0.001079
0.946250, 0.010523
0.946250, 0.010543
0.063750, 0.002026
0.946250, 0.008515
0.946250, 0.010552
0.056250, 0.005183
0.946250, 0.005367
0.946250, 0.010573
0.056250, 0.008277
0.946250, 0.002309
0.946250, 0.010567
0.946250, 0.010560

====================================================================
Flow ID: 715 | Shape: (30, 2)
Features: [Size/1600, IAT/0.1]
--------------------------------------------------------------------
0.046250, 0.000000
0.041250, 0.024485
0.041875, 0.000141
0.041250, 0.028025
0.058125, 0.001512
0.046250, 0.061802
0.041250, 0.024440
0.953750, 0.000332
0.946250, 0.010459
0.946250, 0.010517
0.056250, 0.003205
0.946250, 0.007306
0.946250, 0.010555
0.056250, 0.006280
0.946250, 0.004241
0.946250, 0.010556
0.056250, 0.009420
0.946250, 0.001077
0.946250, 0.010519
0.946250, 0.010547
0.063750, 0.002071
0.946250, 0.008464
0.946250, 0.010549
0.056250, 0.005148
0.946250, 0.005405
0.946250, 0.010131
0.056250, 0.008714
0.946250, 0.001841
0.946250, 0.010354
0.946250, 0.010573

====================================================================
Flow ID: 720 | Shape: (30, 2)
Features: [Size/1600, IAT/0.1]
--------------------------------------------------------------------
0.046250, 0.000000
0.041250, 0.024471
0.041875, 0.000281
0.041250, 0.027428
0.058125, 0.001667
0.046250, 0.063125
0.041250, 0.024659
0.953750, 0.000308
0.946250, 0.010456
0.946250, 0.010532
0.056250, 0.003214
0.946250, 0.007319
0.946250, 0.010157
0.056250, 0.006657
0.946250, 0.003886
0.946250, 0.010172
0.056250, 0.010130
0.946250, 0.000063
0.946250, 0.010523
0.946250, 0.010547
0.063750, 0.003060
0.946250, 0.007490
0.946250, 0.010564
0.056250, 0.006138
0.946250, 0.004409
0.946250, 0.010576
0.056250, 0.009433
0.946250, 0.001039
0.946250, 0.010116
0.946250, 0.010545

====================================================================
Flow ID: 721 | Shape: (30, 2)
Features: [Size/1600, IAT/0.1]
--------------------------------------------------------------------
0.046250, 0.000000
0.041250, 0.024469
0.041875, 0.000133
0.041250, 0.027585
0.058125, 0.001625
0.046250, 0.071296
0.041250, 0.024430
0.953750, 0.000315
0.946250, 0.010444
0.946250, 0.010535
0.056250, 0.003196
0.946250, 0.007338
0.946250, 0.010525
0.056250, 0.006274
0.946250, 0.004258
0.946250, 0.010543
0.056250, 0.009441
0.946250, 0.000996
0.946250, 0.010103
0.946250, 0.010520
0.063750, 0.002601
0.946250, 0.007963
0.946250, 0.010552
0.056250, 0.005751
0.946250, 0.004800
0.946250, 0.010560
0.056250, 0.008916
0.946250, 0.001693
0.946250, 0.010495
0.946250, 0.010559

====================================================================
Flow ID: 722 | Shape: (30, 2)
Features: [Size/1600, IAT/0.1]
--------------------------------------------------------------------
0.046250, 0.000000
0.041250, 0.024431
0.041875, 0.000134
0.041250, 0.027315
0.058125, 0.001464
0.046250, 0.059529
0.041250, 0.024380
0.953750, 0.000303
0.946250, 0.010460
0.946250, 0.010536
0.056250, 0.003162
0.946250, 0.007372
0.946250, 0.010515
0.056250, 0.006321
0.946250, 0.004225
0.946250, 0.010524
0.056250, 0.009428
0.946250, 0.001080
0.946250, 0.010535
0.946250, 0.010536
0.063750, 0.001988
0.946250, 0.008555
0.946250, 0.010541
0.056250, 0.005071
0.946250, 0.005482
0.946250, 0.010265
0.056250, 0.008447
0.946250, 0.002132
0.946250, 0.010560
0.946250, 0.010660

====================================================================
Flow ID: 734 | Shape: (30, 2)
Features: [Size/1600, IAT/0.1]
--------------------------------------------------------------------
0.046250, 0.000000
0.041250, 0.024547
0.041875, 0.000167
0.041250, 0.027805
0.058125, 0.001583
0.046250, 0.075947
0.041250, 0.024406
0.953750, 0.000336
0.946250, 0.010429
0.946250, 0.010516
0.056250, 0.003235
0.946250, 0.007298
0.946250, 0.010532
0.056250, 0.006333
0.946250, 0.004223
0.946250, 0.010541
0.056250, 0.009449
0.946250, 0.001083
0.946250, 0.010546
0.946250, 0.010397
0.063750, 0.002168
0.946250, 0.008390
0.946250, 0.010562
0.056250, 0.005256
0.946250, 0.005595
0.946250, 0.010313
0.056250, 0.008369
0.946250, 0.002208
0.946250, 0.010582
0.946250, 0.010575

====================================================================
Flow ID: 737 | Shape: (30, 2)
Features: [Size/1600, IAT/0.1]
--------------------------------------------------------------------
0.046250, 0.000000
0.041250, 0.024442
0.041875, 0.000138
0.041250, 0.027785
0.058125, 0.001622
0.046250, 0.068081
0.041250, 0.024537
0.953750, 0.000305
0.946250, 0.010468
0.946250, 0.010378
0.056250, 0.003326
0.946250, 0.007221
0.946250, 0.010541
0.056250, 0.006425
0.946250, 0.004129
0.946250, 0.010540
0.056250, 0.009528
0.946250, 0.001079
0.946250, 0.010506
0.946250, 0.010556
0.063750, 0.002030
0.946250, 0.008514
0.946250, 0.010550
0.056250, 0.005166
0.946250, 0.005387
0.946250, 0.010560
0.056250, 0.008327
0.946250, 0.002256
0.946250, 0.010568
0.946250, 0.010602

====================================================================
Flow ID: 738 | Shape: (30, 2)
Features: [Size/1600, IAT/0.1]
--------------------------------------------------------------------
0.046250, 0.000000
0.041250, 0.024514
0.041875, 0.000150
0.041250, 0.027453
0.058125, 0.001492
0.046250, 0.063542
0.041250, 0.024525
0.953750, 0.000330
0.946250, 0.010459
0.946250, 0.010583
0.056250, 0.003162
0.946250, 0.007317
0.946250, 0.010526
0.056250, 0.006288
0.946250, 0.003873
0.946250, 0.010539
0.056250, 0.009816
0.946250, 0.000723
0.946250, 0.010381
0.946250, 0.010509
0.063750, 0.002552
0.946250, 0.007997
0.946250, 0.010552
0.056250, 0.005638
0.946250, 0.004916
0.946250, 0.010559
0.056250, 0.008825
0.946250, 0.001768
0.946250, 0.010450
0.946250, 0.010506

====================================================================
Flow ID: 740 | Shape: (30, 2)
Features: [Size/1600, IAT/0.1]
--------------------------------------------------------------------
0.046250, 0.000000
0.041250, 0.024471
0.041875, 0.000310
0.041250, 0.027382
0.058125, 0.001615
0.046250, 0.067957
0.041250, 0.024538
0.953750, 0.000315
0.946250, 0.010439
0.946250, 0.010517
0.056250, 0.003218
0.946250, 0.007328
0.946250, 0.010526
0.056250, 0.006289
0.946250, 0.004237
0.946250, 0.010547
0.056250, 0.009445
0.946250, 0.001075
0.946250, 0.010523
0.946250, 0.010533
0.063750, 0.002026
0.946250, 0.008520
0.946250, 0.010552
0.056250, 0.005104
0.946250, 0.005437
0.946250, 0.010556
0.056250, 0.008224
0.946250, 0.002353
0.946250, 0.010613
0.946250, 0.010558

====================================================================
Flow ID: 746 | Shape: (30, 2)
Features: [Size/1600, IAT/0.1]
--------------------------------------------------------------------
0.046250, 0.000000
0.041250, 0.024512
0.041875, 0.000116
0.041250, 0.026790
0.058125, 0.001336
0.046250, 0.073152
0.041250, 0.024334
0.953750, 0.000259
0.946250, 0.010467
0.946250, 0.010528
0.056250, 0.003198
0.946250, 0.007334
0.946250, 0.010532
0.056250, 0.006279
0.946250, 0.004261
0.946250, 0.010549
0.056250, 0.009390
0.946250, 0.001069
0.946250, 0.010317
0.946250, 0.010565
0.063750, 0.002232
0.946250, 0.008328
0.946250, 0.010550
0.056250, 0.005324
0.946250, 0.005252
0.946250, 0.010559
0.056250, 0.008503
0.946250, 0.002074
0.946250, 0.010156
0.946250, 0.010584

====================================================================
Flow ID: 755 | Shape: (30, 2)
Features: [Size/1600, IAT/0.1]
--------------------------------------------------------------------
0.046250, 0.000000
0.041250, 0.024487
0.041875, 0.000137
0.041250, 0.027555
0.058125, 0.001537
0.046250, 0.060803
0.041250, 0.024440
0.953750, 0.000330
0.946250, 0.010452
0.946250, 0.010502
0.056250, 0.003278
0.946250, 0.006791
0.946250, 0.010551
0.056250, 0.006792
0.946250, 0.003739
0.946250, 0.010523
0.056250, 0.009955
0.946250, 0.000587
0.946250, 0.010517
0.946250, 0.010467
0.063750, 0.002593
0.946250, 0.007947
0.946250, 0.010553
0.056250, 0.005680
0.946250, 0.004859
0.946250, 0.010543
0.056250, 0.008840
0.946250, 0.001743
0.946250, 0.010473
0.946250, 0.010521

====================================================================
Flow ID: 756 | Shape: (30, 2)
Features: [Size/1600, IAT/0.1]
--------------------------------------------------------------------
0.046250, 0.000000
0.041250, 0.024468
0.041875, 0.000170
0.041250, 0.027576
0.058125, 0.001526
0.046250, 0.078703
0.041250, 0.024373
0.953750, 0.000301
0.946250, 0.010520
0.946250, 0.010303
0.056250, 0.003355
0.946250, 0.007019
0.946250, 0.010528
0.056250, 0.006743
0.946250, 0.003814
0.946250, 0.010553
0.056250, 0.009830
0.946250, 0.000698
0.946250, 0.010418
0.946250, 0.010563
0.063750, 0.002530
0.946250, 0.007985
0.946250, 0.010151
0.056250, 0.006194
0.946250, 0.004366
0.946250, 0.010597
0.056250, 0.009340
0.946250, 0.001119
0.946250, 0.010565
0.946250, 0.010732

====================================================================
Flow ID: 757 | Shape: (30, 2)
Features: [Size/1600, IAT/0.1]
--------------------------------------------------------------------
0.046250, 0.000000
0.041250, 0.024474
0.041875, 0.000142
0.041250, 0.027953
0.058125, 0.001691
0.046250, 0.068082
0.041250, 0.024431
0.953750, 0.000367
0.946250, 0.009953
0.946250, 0.010527
0.056250, 0.003690
0.946250, 0.006848
0.946250, 0.010528
0.056250, 0.006757
0.946250, 0.003790
0.946250, 0.010543
0.056250, 0.009951
0.946250, 0.000585
0.946250, 0.010507
0.946250, 0.010547
0.063750, 0.002544
0.946250, 0.008016
0.946250, 0.010548
0.056250, 0.005736
0.946250, 0.004827
0.946250, 0.010564
0.056250, 0.008945
0.946250, 0.001608
0.946250, 0.010600
0.946250, 0.010589

====================================================================
Flow ID: 758 | Shape: (30, 2)
Features: [Size/1600, IAT/0.1]
--------------------------------------------------------------------
0.046250, 0.000000
0.041250, 0.024456
0.041875, 0.000132
0.041250, 0.027531
0.058125, 0.001534
0.046250, 0.063581
0.041250, 0.024521
0.953750, 0.000374
0.946250, 0.010456
0.946250, 0.010531
0.056250, 0.003186
0.946250, 0.007343
0.946250, 0.010526
0.056250, 0.006267
0.946250, 0.004265
0.946250, 0.010560
0.056250, 0.009442
0.946250, 0.001081
0.946250, 0.010509
0.946250, 0.010560
0.063750, 0.002019
0.946250, 0.008555
0.946250, 0.010550
0.056250, 0.005156
0.946250, 0.005391
0.946250, 0.010555
0.056250, 0.008415
0.946250, 0.002167
0.946250, 0.010579
0.946250, 0.010544

====================================================================
Flow ID: 759 | Shape: (30, 2)
Features: [Size/1600, IAT/0.1]
--------------------------------------------------------------------
0.046250, 0.000000
0.041250, 0.024420
0.041875, 0.000122
0.041250, 0.027307
0.058125, 0.001390
0.046250, 0.070063
0.041250, 0.024340
0.953750, 0.000265
0.946250, 0.010472
0.946250, 0.010521
0.056250, 0.003198
0.946250, 0.007335
0.946250, 0.010525
0.056250, 0.006266
0.946250, 0.004268
0.946250, 0.010529
0.056250, 0.009349
0.946250, 0.001085
0.946250, 0.010554
0.946250, 0.010547
0.063750, 0.001968
0.946250, 0.008574
0.946250, 0.010549
0.056250, 0.005062
0.946250, 0.005507
0.946250, 0.010559
0.056250, 0.008175
0.946250, 0.002398
0.946250, 0.010575
0.946250, 0.010558

====================================================================
Flow ID: 761 | Shape: (30, 2)
Features: [Size/1600, IAT/0.1]
--------------------------------------------------------------------
0.046250, 0.000000
0.041250, 0.024465
0.041875, 0.000140
0.041250, 0.026277
0.058125, 0.001416
0.046250, 0.062435
0.041250, 0.024494
0.953750, 0.000302
0.946250, 0.010462
0.946250, 0.010505
0.056250, 0.003254
0.946250, 0.007127
0.946250, 0.010521
0.056250, 0.006486
0.946250, 0.004046
0.946250, 0.010539
0.056250, 0.009641
0.946250, 0.000904
0.946250, 0.010204
0.946250, 0.010508
0.063750, 0.002554
0.946250, 0.007996
0.946250, 0.010559
0.056250, 0.005637
0.946250, 0.004915
0.946250, 0.010557
0.056250, 0.008823
0.946250, 0.001770
0.946250, 0.010466
0.946250, 0.010568

====================================================================
Flow ID: 762 | Shape: (30, 2)
Features: [Size/1600, IAT/0.1]
--------------------------------------------------------------------
0.046250, 0.000000
0.041250, 0.024450
0.041875, 0.000142
0.041250, 0.027270
0.058125, 0.001542
0.046250, 0.067892
0.041250, 0.024501
0.953750, 0.000285
0.946250, 0.010462
0.946250, 0.010526
0.056250, 0.003260
0.946250, 0.007270
0.946250, 0.010396
0.056250, 0.006464
0.946250, 0.004088
0.946250, 0.010528
0.056250, 0.009624
0.946250, 0.000925
0.946250, 0.010177
0.946250, 0.010516
0.063750, 0.002560
0.946250, 0.007996
0.946250, 0.010706
0.056250, 0.005483
0.946250, 0.004901
0.946250, 0.010574
0.056250, 0.008806
0.946250, 0.001779
0.946250, 0.010449
0.946250, 0.010590

====================================================================
Flow ID: 763 | Shape: (30, 2)
Features: [Size/1600, IAT/0.1]
--------------------------------------------------------------------
0.046250, 0.000000
0.041250, 0.024385
0.041875, 0.000127
0.041250, 0.026838
0.058125, 0.001412
0.046250, 0.072147
0.041250, 0.024334
0.953750, 0.000251
0.946250, 0.010178
0.946250, 0.010516
0.056250, 0.003466
0.946250, 0.007064
0.946250, 0.010530
0.056250, 0.006541
0.946250, 0.003991
0.946250, 0.010529
0.056250, 0.009728
0.946250, 0.000809
0.946250, 0.010296
0.946250, 0.010501
0.063750, 0.002587
0.946250, 0.007959
0.946250, 0.010553
0.056250, 0.005705
0.946250, 0.004867
0.946250, 0.010562
0.056250, 0.008907
0.946250, 0.001669
0.946250, 0.010568
0.946250, 0.010614

====================================================================
Flow ID: 764 | Shape: (30, 2)
Features: [Size/1600, IAT/0.1]
--------------------------------------------------------------------
0.046250, 0.000000
0.041250, 0.024487
0.041875, 0.000136
0.041250, 0.027798
0.058125, 0.001625
0.046250, 0.064183
0.041250, 0.024491
0.953750, 0.000316
0.946250, 0.010460
0.946250, 0.010508
0.056250, 0.003206
0.946250, 0.007327
0.946250, 0.010519
0.056250, 0.006333
0.946250, 0.004208
0.946250, 0.010575
0.056250, 0.009455
0.946250, 0.000995
0.946250, 0.010108
0.946250, 0.010512
0.063750, 0.002667
0.946250, 0.007888
0.946250, 0.010567
0.056250, 0.005727
0.946250, 0.004699
0.946250, 0.010572
0.056250, 0.008988
0.946250, 0.001598
0.946250, 0.010622
0.946250, 0.010515

====================================================================
Flow ID: 642 | Shape: (30, 2)
Features: [Size/1600, IAT/0.1]
--------------------------------------------------------------------
0.046250, 0.000000
0.041250, 0.024477
0.041875, 0.000149
0.041250, 0.027710
0.058125, 0.001745
0.046250, 0.063300
0.041250, 0.024566
0.953750, 0.000388
0.946250, 0.010420
0.946250, 0.010512
0.056250, 0.003249
0.946250, 0.007289
0.946250, 0.010539
0.056250, 0.006431
0.946250, 0.004106
0.946250, 0.010548
0.056250, 0.009601
0.946250, 0.000937
0.946250, 0.010158
0.946250, 0.010541
0.063750, 0.002587
0.946250, 0.007982
0.946250, 0.010682
0.056250, 0.005537
0.946250, 0.004886
0.946250, 0.010593
0.056250, 0.008721
0.946250, 0.001832
0.946250, 0.010343
0.946250, 0.010562

====================================================================
Flow ID: 645 | Shape: (30, 2)
Features: [Size/1600, IAT/0.1]
--------------------------------------------------------------------
0.046250, 0.000000
0.041250, 0.024524
0.041875, 0.000140
0.041250, 0.027651
0.058125, 0.002882
0.046250, 0.068360
0.041250, 0.024386
0.953750, 0.000303
0.946250, 0.010465
0.946250, 0.010517
0.056250, 0.003194
0.946250, 0.007328
0.946250, 0.010530
0.056250, 0.006272
0.946250, 0.004260
0.946250, 0.010530
0.056250, 0.009396
0.946250, 0.001080
0.946250, 0.010541
0.946250, 0.010531
0.063750, 0.002091
0.946250, 0.008112
0.946250, 0.010540
0.056250, 0.005530
0.946250, 0.005024
0.946250, 0.010555
0.056250, 0.008711
0.946250, 0.002013
0.946250, 0.010501
0.946250, 0.010578

====================================================================
Flow ID: 647 | Shape: (30, 2)
Features: [Size/1600, IAT/0.1]
--------------------------------------------------------------------
0.046250, 0.000000
0.041250, 0.024501
0.041875, 0.000180
0.041250, 0.027729
0.058125, 0.001579
0.046250, 0.059263
0.041250, 0.024492
0.953750, 0.000374
0.946250, 0.010452
0.946250, 0.010533
0.056250, 0.003189
0.946250, 0.007356
0.946250, 0.010522
0.056250, 0.006255
0.946250, 0.004275
0.946250, 0.010532
0.056250, 0.009458
0.946250, 0.000991
0.946250, 0.010112
0.946250, 0.010512
0.063750, 0.002557
0.946250, 0.007992
0.946250, 0.010567
0.056250, 0.005701
0.946250, 0.004850
0.946250, 0.010574
0.056250, 0.008811
0.946250, 0.001777
0.946250, 0.010492
0.946250, 0.010474

====================================================================
Flow ID: 650 | Shape: (30, 2)
Features: [Size/1600, IAT/0.1]
--------------------------------------------------------------------
0.046250, 0.000000
0.041250, 0.024468
0.041875, 0.000134
0.041250, 0.027431
0.058125, 0.001874
0.046250, 0.064945
0.041250, 0.024548
0.953750, 0.000328
0.946250, 0.010457
0.946250, 0.010515
0.056250, 0.003203
0.946250, 0.007336
0.946250, 0.010540
0.056250, 0.006350
0.946250, 0.004195
0.946250, 0.010544
0.056250, 0.009531
0.946250, 0.000997
0.946250, 0.010122
0.946250, 0.010536
0.063750, 0.002579
0.946250, 0.008002
0.946250, 0.010540
0.056250, 0.005812
0.946250, 0.004759
0.946250, 0.010586
0.056250, 0.008921
0.946250, 0.001587
0.946250, 0.010664
0.946250, 0.010594

====================================================================
Flow ID: 652 | Shape: (30, 2)
Features: [Size/1600, IAT/0.1]
--------------------------------------------------------------------
0.046250, 0.000000
0.041250, 0.024452
0.041875, 0.000133
0.041250, 0.027480
0.058125, 0.001557
0.046250, 0.072899
0.041250, 0.024382
0.953750, 0.000322
0.946250, 0.010453
0.946250, 0.010524
0.056250, 0.003202
0.946250, 0.007366
0.946250, 0.010592
0.056250, 0.006249
0.946250, 0.004235
0.946250, 0.010535
0.056250, 0.009399
0.946250, 0.001100
0.946250, 0.010513
0.946250, 0.010547
0.063750, 0.002112
0.946250, 0.008424
0.946250, 0.010381
0.056250, 0.005418
0.946250, 0.005141
0.946250, 0.010573
0.056250, 0.008558
0.946250, 0.002042
0.946250, 0.010253
0.946250, 0.010516

====================================================================
Flow ID: 658 | Shape: (30, 2)
Features: [Size/1600, IAT/0.1]
--------------------------------------------------------------------
0.046250, 0.000000
0.041250, 0.024537
0.041875, 0.000167
0.041250, 0.026867
0.058125, 0.001795
0.046250, 0.066061
0.041250, 0.024449
0.953750, 0.000327
0.946250, 0.010449
0.946250, 0.010508
0.056250, 0.003216
0.946250, 0.007318
0.946250, 0.010542
0.056250, 0.006305
0.946250, 0.004230
0.946250, 0.010555
0.056250, 0.009432
0.946250, 0.001079
0.946250, 0.010572
0.946250, 0.010567
0.063750, 0.002024
0.946250, 0.008534
0.946250, 0.010541
0.056250, 0.005132
0.946250, 0.005124
0.946250, 0.010591
0.056250, 0.008561
0.946250, 0.002005
0.946250, 0.010246
0.946250, 0.010560

====================================================================
Flow ID: 662 | Shape: (30, 2)
Features: [Size/1600, IAT/0.1]
--------------------------------------------------------------------
0.046250, 0.000000
0.041250, 0.024433
0.041875, 0.000124
0.041250, 0.027741
0.058125, 0.001580
0.046250, 0.062301
0.041250, 0.024506
0.953750, 0.000312
0.946250, 0.010459
0.946250, 0.010535
0.056250, 0.003185
0.946250, 0.007292
0.946250, 0.010650
0.056250, 0.006299
0.946250, 0.004159
0.946250, 0.010592
0.056250, 0.009846
0.946250, 0.000773
0.946250, 0.010459
0.946250, 0.010584
0.063750, 0.002651
0.946250, 0.007934
0.946250, 0.010596
0.056250, 0.005804
0.946250, 0.004801
0.946250, 0.010578
0.056250, 0.008911
0.946250, 0.001428
0.946250, 0.010756
0.946250, 0.010491

====================================================================
Flow ID: 666 | Shape: (30, 2)
Features: [Size/1600, IAT/0.1]
--------------------------------------------------------------------
0.046250, 0.000000
0.041250, 0.024408
0.041875, 0.000124
0.041250, 0.027858
0.058125, 0.001514
0.046250, 0.068330
0.041250, 0.024338
0.953750, 0.000274
0.946250, 0.010458
0.946250, 0.010279
0.056250, 0.003429
0.946250, 0.007100
0.946250, 0.010579
0.056250, 0.006450
0.946250, 0.004043
0.946250, 0.010536
0.056250, 0.009649
0.946250, 0.000889
0.946250, 0.010233
0.946250, 0.010466
0.063750, 0.002594
0.946250, 0.007951
0.946250, 0.010546
0.056250, 0.005714
0.946250, 0.004828
0.946250, 0.010545
0.056250, 0.008885
0.946250, 0.001692
0.946250, 0.010556
0.946250, 0.010561

====================================================================
Flow ID: 667 | Shape: (30, 2)
Features: [Size/1600, IAT/0.1]
--------------------------------------------------------------------
0.046250, 0.000000
0.041250, 0.024472
0.041875, 0.000141
0.041250, 0.027518
0.058125, 0.001713
0.046250, 0.064204
0.041250, 0.024394
0.953750, 0.000353
0.946250, 0.010435
0.946250, 0.010522
0.056250, 0.003318
0.946250, 0.007202
0.946250, 0.010529
0.056250, 0.006403
0.946250, 0.004133
0.946250, 0.010294
0.056250, 0.009742
0.946250, 0.000794
0.946250, 0.010314
0.946250, 0.010507
0.063750, 0.002553
0.946250, 0.007993
0.946250, 0.010561
0.056250, 0.005629
0.946250, 0.004910
0.946250, 0.010557
0.056250, 0.008784
0.946250, 0.001791
0.946250, 0.010443
0.946250, 0.010558

====================================================================
Flow ID: 687 | Shape: (30, 2)
Features: [Size/1600, IAT/0.1]
--------------------------------------------------------------------
0.046250, 0.000000
0.041250, 0.024515
0.041875, 0.000142
0.041250, 0.027857
0.058125, 0.001620
0.046250, 0.073689
0.041250, 0.024440
0.953750, 0.000306
0.946250, 0.010444
0.946250, 0.010520
0.056250, 0.003214
0.946250, 0.007319
0.946250, 0.010536
0.056250, 0.006420
0.946250, 0.004120
0.946250, 0.010104
0.056250, 0.010006
0.946250, 0.000534
0.946250, 0.010598
0.946250, 0.010520
0.063750, 0.002715
0.946250, 0.007683
0.946250, 0.010577
0.056250, 0.006166
0.946250, 0.004425
0.946250, 0.010267
0.056250, 0.009767
0.946250, 0.000821
0.946250, 0.010367
0.946250, 0.010575

====================================================================
Flow ID: 688 | Shape: (30, 2)
Features: [Size/1600, IAT/0.1]
--------------------------------------------------------------------
0.046250, 0.000000
0.041250, 0.024443
0.041875, 0.000124
0.041250, 0.027712
0.058125, 0.001702
0.046250, 0.075678
0.041250, 0.024391
0.953750, 0.000291
0.946250, 0.010461
0.946250, 0.010537
0.056250, 0.003230
0.946250, 0.007310
0.946250, 0.010523
0.056250, 0.006301
0.946250, 0.004240
0.946250, 0.010540
0.056250, 0.009452
0.946250, 0.001021
0.946250, 0.010083
0.946250, 0.010500
0.063750, 0.002718
0.946250, 0.007780
0.946250, 0.010558
0.056250, 0.005872
0.946250, 0.004702
0.946250, 0.010577
0.056250, 0.009035
0.946250, 0.001120
0.946250, 0.010558
0.946250, 0.010606

====================================================================
Flow ID: 697 | Shape: (30, 2)
Features: [Size/1600, IAT/0.1]
--------------------------------------------------------------------
0.046250, 0.000000
0.041250, 0.024519
0.041875, 0.000164
0.041250, 0.026826
0.058125, 0.001609
0.046250, 0.065299
0.041250, 0.024425
0.953750, 0.000320
0.946250, 0.010445
0.946250, 0.010519
0.056250, 0.003212
0.946250, 0.007321
0.946250, 0.010521
0.056250, 0.006348
0.946250, 0.004183
0.946250, 0.010530
0.056250, 0.009488
0.946250, 0.001088
0.946250, 0.010552
0.946250, 0.010534
0.063750, 0.002001
0.946250, 0.008549
0.946250, 0.010575
0.056250, 0.005059
0.946250, 0.005502
0.946250, 0.010561
0.056250, 0.008142
0.946250, 0.002487
0.946250, 0.010570
0.946250, 0.010738

====================================================================
Flow ID: 707 | Shape: (30, 2)
Features: [Size/1600, IAT/0.1]
--------------------------------------------------------------------
0.046250, 0.000000
0.041250, 0.024470
0.041875, 0.000139
0.041250, 0.027611
0.058125, 0.001671
0.046250, 0.059337
0.041250, 0.024404
0.953750, 0.000320
0.946250, 0.010224
0.946250, 0.010529
0.056250, 0.003422
0.946250, 0.007112
0.946250, 0.010524
0.056250, 0.006499
0.946250, 0.004043
0.946250, 0.010546
0.056250, 0.009627
0.946250, 0.000915
0.946250, 0.010184
0.946250, 0.010524
0.063750, 0.002578
0.946250, 0.007970
0.946250, 0.010568
0.056250, 0.005732
0.946250, 0.004819
0.946250, 0.010567
0.056250, 0.009108
0.946250, 0.001143
0.946250, 0.010550
0.946250, 0.010546

====================================================================
Flow ID: 709 | Shape: (30, 2)
Features: [Size/1600, IAT/0.1]
--------------------------------------------------------------------
0.046250, 0.000000
0.041250, 0.024463
0.041875, 0.000135
0.041250, 0.027673
0.058125, 0.001745
0.046250, 0.059097
0.041250, 0.024412
0.953750, 0.000318
0.946250, 0.010503
0.946250, 0.010034
0.056250, 0.003641
0.946250, 0.006881
0.946250, 0.010540
0.056250, 0.006712
0.946250, 0.003826
0.946250, 0.010568
0.056250, 0.009881
0.946250, 0.000628
0.946250, 0.010476
0.946250, 0.010504
0.063750, 0.002563
0.946250, 0.007953
0.946250, 0.010584
0.056250, 0.005718
0.946250, 0.004830
0.946250, 0.010575
0.056250, 0.008911
0.946250, 0.001672
0.946250, 0.010543
0.946250, 0.010554

====================================================================
Flow ID: 710 | Shape: (30, 2)
Features: [Size/1600, IAT/0.1]
--------------------------------------------------------------------
0.046250, 0.000000
0.041250, 0.024448
0.041875, 0.000139
0.041250, 0.027018
0.058125, 0.001515
0.046250, 0.074341
0.041250, 0.024399
0.953750, 0.000295
0.946250, 0.010458
0.946250, 0.010530
0.056250, 0.003187
0.946250, 0.007333
0.946250, 0.010534
0.056250, 0.006285
0.946250, 0.004253
0.946250, 0.010545
0.056250, 0.009532
0.946250, 0.001390
0.946250, 0.010500
0.946250, 0.010570
0.063750, 0.001876
0.946250, 0.008716
0.946250, 0.010581
0.056250, 0.005130
0.946250, 0.005493
0.946250, 0.010598
0.056250, 0.008273
0.946250, 0.002307
0.946250, 0.010586
0.946250, 0.010559

====================================================================
Flow ID: 712 | Shape: (30, 2)
Features: [Size/1600, IAT/0.1]
--------------------------------------------------------------------
0.046250, 0.000000
0.041250, 0.024428
0.041875, 0.000136
0.041250, 0.027685
0.058125, 0.001501
0.046250, 0.060163
0.041250, 0.024466
0.953750, 0.000389
0.946250, 0.010416
0.946250, 0.010518
0.056250, 0.003232
0.946250, 0.007288
0.946250, 0.010521
0.056250, 0.006394
0.946250, 0.004136
0.946250, 0.010537
0.056250, 0.009593
0.946250, 0.000967
0.946250, 0.010134
0.946250, 0.010481
0.063750, 0.002638
0.946250, 0.007908
0.946250, 0.010697
0.056250, 0.005593
0.946250, 0.004842
0.946250, 0.010567
0.056250, 0.008831
0.946250, 0.001763
0.946250, 0.010459
0.946250, 0.010572

====================================================================
Flow ID: 714 | Shape: (30, 2)
Features: [Size/1600, IAT/0.1]
--------------------------------------------------------------------
0.046250, 0.000000
0.041250, 0.024484
0.041875, 0.000147
0.041250, 0.027743
0.058125, 0.001628
0.046250, 0.076082
0.041250, 0.024473
0.953750, 0.000332
0.946250, 0.010439
0.946250, 0.010518
0.056250, 0.003219
0.946250, 0.007327
0.946250, 0.010539
0.056250, 0.006296
0.946250, 0.004244
0.946250, 0.010538
0.056250, 0.009465
0.946250, 0.001109
0.946250, 0.010537
0.946250, 0.010549
0.063750, 0.002033
0.946250, 0.008212
0.946250, 0.010559
0.056250, 0.005439
0.946250, 0.005142
0.946250, 0.010559
0.056250, 0.008636
0.946250, 0.001952
0.946250, 0.010304
0.946250, 0.010607

====================================================================
Flow ID: 718 | Shape: (30, 2)
Features: [Size/1600, IAT/0.1]
--------------------------------------------------------------------
0.046250, 0.000000
0.041250, 0.024464
0.041875, 0.000124
0.041250, 0.028278
0.058125, 0.001651
0.046250, 0.065819
0.041250, 0.024509
0.953750, 0.000329
0.946250, 0.010441
0.946250, 0.010521
0.056250, 0.003216
0.946250, 0.007327
0.946250, 0.010530
0.056250, 0.006362
0.946250, 0.004189
0.946250, 0.010570
0.056250, 0.009478
0.946250, 0.001021
0.946250, 0.010086
0.946250, 0.010521
0.063750, 0.002817
0.946250, 0.007744
0.946250, 0.010558
0.056250, 0.005893
0.946250, 0.004354
0.946250, 0.010555
0.056250, 0.009522
0.946250, 0.001015
0.946250, 0.010144
0.946250, 0.010559

====================================================================
Flow ID: 723 | Shape: (30, 2)
Features: [Size/1600, IAT/0.1]
--------------------------------------------------------------------
0.046250, 0.000000
0.041250, 0.024399
0.041875, 0.000116
0.041250, 0.027566
0.058125, 0.001401
0.046250, 0.059237
0.041250, 0.024450
0.953750, 0.000311
0.946250, 0.010456
0.946250, 0.010523
0.056250, 0.003227
0.946250, 0.006884
0.946250, 0.010533
0.056250, 0.006711
0.946250, 0.003824
0.946250, 0.010540
0.056250, 0.009845
0.946250, 0.000706
0.946250, 0.010398
0.946250, 0.010520
0.063750, 0.002552
0.946250, 0.007998
0.946250, 0.010590
0.056250, 0.005606
0.946250, 0.004937
0.946250, 0.010585
0.056250, 0.008796
0.946250, 0.001778
0.946250, 0.010461
0.946250, 0.010581

====================================================================
Flow ID: 724 | Shape: (30, 2)
Features: [Size/1600, IAT/0.1]
--------------------------------------------------------------------
0.046250, 0.000000
0.041250, 0.024457
0.041875, 0.000138
0.041250, 0.027744
0.058125, 0.001747
0.046250, 0.076506
0.041250, 0.024387
0.953750, 0.000318
0.946250, 0.010437
0.946250, 0.010545
0.056250, 0.003206
0.946250, 0.007324
0.946250, 0.010522
0.056250, 0.006307
0.946250, 0.004244
0.946250, 0.010533
0.056250, 0.009455
0.946250, 0.001103
0.946250, 0.010293
0.946250, 0.010561
0.063750, 0.002272
0.946250, 0.008279
0.946250, 0.010557
0.056250, 0.005388
0.946250, 0.005189
0.946250, 0.010577
0.056250, 0.008589
0.946250, 0.001993
0.946250, 0.010274
0.946250, 0.010518

====================================================================
Flow ID: 731 | Shape: (30, 2)
Features: [Size/1600, IAT/0.1]
--------------------------------------------------------------------
0.046250, 0.000000
0.041250, 0.024414
0.041875, 0.000114
0.041250, 0.027641
0.058125, 0.001501
0.046250, 0.060979
0.041250, 0.024451
0.953750, 0.000299
0.946250, 0.010447
0.946250, 0.010523
0.056250, 0.003198
0.946250, 0.007320
0.946250, 0.010575
0.056250, 0.006238
0.946250, 0.004263
0.946250, 0.010536
0.056250, 0.009466
0.946250, 0.001020
0.946250, 0.010075
0.946250, 0.010543
0.063750, 0.002671
0.946250, 0.007891
0.946250, 0.010551
0.056250, 0.005749
0.946250, 0.004888
0.946250, 0.010509
0.056250, 0.008852
0.946250, 0.001767
0.946250, 0.010457
0.946250, 0.010588

====================================================================
Flow ID: 732 | Shape: (30, 2)
Features: [Size/1600, IAT/0.1]
--------------------------------------------------------------------
0.046250, 0.000000
0.041250, 0.024471
0.041875, 0.000149
0.041250, 0.026955
0.058125, 0.001633
0.046250, 0.075483
0.041250, 0.024390
0.953750, 0.000306
0.946250, 0.010464
0.946250, 0.010522
0.056250, 0.003269
0.946250, 0.007263
0.946250, 0.010538
0.056250, 0.006348
0.946250, 0.004192
0.946250, 0.010545
0.056250, 0.009585
0.946250, 0.000924
0.946250, 0.010214
0.946250, 0.010510
0.063750, 0.002587
0.946250, 0.007966
0.946250, 0.010566
0.056250, 0.005704
0.946250, 0.004875
0.946250, 0.010561
0.056250, 0.008956
0.946250, 0.001625
0.946250, 0.010657
0.946250, 0.010519

====================================================================
Flow ID: 733 | Shape: (30, 2)
Features: [Size/1600, IAT/0.1]
--------------------------------------------------------------------
0.046250, 0.000000
0.041250, 0.024449
0.041875, 0.000118
0.041250, 0.027332
0.058125, 0.001521
0.046250, 0.067576
0.041250, 0.024374
0.953750, 0.000277
0.946250, 0.010470
0.946250, 0.010527
0.056250, 0.003217
0.946250, 0.007317
0.946250, 0.010550
0.056250, 0.006259
0.946250, 0.004267
0.946250, 0.010541
0.056250, 0.009313
0.946250, 0.001136
0.946250, 0.010546
0.946250, 0.010551
0.063750, 0.001911
0.946250, 0.008638
0.946250, 0.010574
0.056250, 0.004979
0.946250, 0.005565
0.946250, 0.010564
0.056250, 0.008141
0.946250, 0.002436
0.946250, 0.010560
0.946250, 0.010720

====================================================================
Flow ID: 746 | Shape: (30, 2)
Features: [Size/1600, IAT/0.1]
--------------------------------------------------------------------
0.046250, 0.000000
0.041250, 0.024528
0.041875, 0.000168
0.041250, 0.028116
0.058125, 0.001769
0.046250, 0.066450
0.041250, 0.024403
0.953750, 0.000343
0.946250, 0.010446
0.946250, 0.010537
0.056250, 0.003201
0.946250, 0.007335
0.946250, 0.010530
0.056250, 0.006271
0.946250, 0.004270
0.946250, 0.010535
0.056250, 0.009470
0.946250, 0.001081
0.946250, 0.010527
0.946250, 0.010534
0.063750, 0.002031
0.946250, 0.008516
0.946250, 0.010577
0.056250, 0.005166
0.946250, 0.005388
0.946250, 0.010551
0.056250, 0.008264
0.946250, 0.002299
0.946250, 0.010603
0.946250, 0.010532

====================================================================
Flow ID: 748 | Shape: (30, 2)
Features: [Size/1600, IAT/0.1]
--------------------------------------------------------------------
0.046250, 0.000000
0.041250, 0.024403
0.041875, 0.000133
0.041250, 0.027427
0.058125, 0.001482
0.046250, 0.075837
0.041250, 0.024335
0.953750, 0.000284
0.946250, 0.010461
0.946250, 0.010516
0.056250, 0.003235
0.946250, 0.007301
0.946250, 0.010519
0.056250, 0.006338
0.946250, 0.004224
0.946250, 0.010531
0.056250, 0.009536
0.946250, 0.000997
0.946250, 0.010114
0.946250, 0.010525
0.063750, 0.002573
0.946250, 0.007972
0.946250, 0.010568
0.056250, 0.005655
0.946250, 0.004909
0.946250, 0.010564
0.056250, 0.008762
0.946250, 0.001824
0.946250, 0.010866
0.946250, 0.009952

====================================================================
Flow ID: 750 | Shape: (30, 2)
Features: [Size/1600, IAT/0.1]
--------------------------------------------------------------------
0.046250, 0.000000
0.041250, 0.024501
0.041875, 0.000149
0.041250, 0.027700
0.058125, 0.001659
0.046250, 0.074513
0.041250, 0.024404
0.953750, 0.000327
0.946250, 0.010463
0.946250, 0.010520
0.056250, 0.003193
0.946250, 0.007361
0.946250, 0.010540
0.056250, 0.006253
0.946250, 0.004297
0.946250, 0.010535
0.056250, 0.009512
0.946250, 0.000988
0.946250, 0.010150
0.946250, 0.010525
0.063750, 0.002573
0.946250, 0.007981
0.946250, 0.010590
0.056250, 0.005653
0.946250, 0.004927
0.946250, 0.010544
0.056250, 0.008779
0.946250, 0.001807
0.946250, 0.010421
0.946250, 0.010566

====================================================================
Flow ID: 751 | Shape: (30, 2)
Features: [Size/1600, IAT/0.1]
--------------------------------------------------------------------
0.046250, 0.000000
0.041250, 0.024445
0.041875, 0.000138
0.041250, 0.027654
0.058125, 0.001771
0.046250, 0.060478
0.041250, 0.024483
0.953750, 0.000382
0.946250, 0.010422
0.946250, 0.010543
0.056250, 0.003261
0.946250, 0.007273
0.946250, 0.010540
0.056250, 0.006336
0.946250, 0.004197
0.946250, 0.010548
0.056250, 0.009568
0.946250, 0.000998
0.946250, 0.010106
0.946250, 0.010499
0.063750, 0.002579
0.946250, 0.007986
0.946250, 0.010563
0.056250, 0.005645
0.946250, 0.005043
0.946250, 0.010419
0.056250, 0.008726
0.946250, 0.001427
0.946250, 0.010547
0.946250, 0.010553

====================================================================
Flow ID: 754 | Shape: (30, 2)
Features: [Size/1600, IAT/0.1]
--------------------------------------------------------------------
0.046250, 0.000000
0.041250, 0.024465
0.041875, 0.000142
0.041250, 0.027994
0.058125, 0.001669
0.046250, 0.072923
0.041250, 0.024394
0.953750, 0.000289
0.946250, 0.010473
0.946250, 0.010534
0.056250, 0.003168
0.946250, 0.007366
0.946250, 0.010521
0.056250, 0.006375
0.946250, 0.004192
0.946250, 0.010542
0.056250, 0.009484
0.946250, 0.001112
0.946250, 0.010623
0.946250, 0.010470
0.063750, 0.002145
0.946250, 0.008464
0.946250, 0.010565
0.056250, 0.005210
0.946250, 0.005374
0.946250, 0.010565
0.056250, 0.008361
0.946250, 0.002279
0.946250, 0.010561
0.946250, 0.010550

====================================================================
Flow ID: 756 | Shape: (30, 2)
Features: [Size/1600, IAT/0.1]
--------------------------------------------------------------------
0.046250, 0.000000
0.041250, 0.024471
0.041875, 0.000127
0.041250, 0.026797
0.058125, 0.001422
0.046250, 0.065703
0.041250, 0.024350
0.953750, 0.000283
0.946250, 0.010459
0.946250, 0.010539
0.056250, 0.003166
0.946250, 0.007355
0.946250, 0.010535
0.056250, 0.006276
0.946250, 0.004247
0.946250, 0.010535
0.056250, 0.009431
0.946250, 0.001077
0.946250, 0.010523
0.946250, 0.010529
0.063750, 0.002032
0.946250, 0.008523
0.946250, 0.010565
0.056250, 0.005086
0.946250, 0.005458
0.946250, 0.010565
0.056250, 0.008188
0.946250, 0.002371
0.946250, 0.010591
0.946250, 0.010269

====================================================================
Flow ID: 757 | Shape: (30, 2)
Features: [Size/1600, IAT/0.1]
--------------------------------------------------------------------
0.046250, 0.000000
0.041250, 0.024453
0.041875, 0.000140
0.041250, 0.027577
0.058125, 0.001776
0.046250, 0.063528
0.041250, 0.024493
0.953750, 0.000334
0.946250, 0.010441
0.946250, 0.010519
0.056250, 0.003211
0.946250, 0.007311
0.946250, 0.010519
0.056250, 0.006336
0.946250, 0.004198
0.946250, 0.010554
0.056250, 0.009554
0.946250, 0.000996
0.946250, 0.010107
0.946250, 0.010513
0.063750, 0.002638
0.946250, 0.007934
0.946250, 0.010544
0.056250, 0.005724
0.946250, 0.004835
0.946250, 0.010293
0.056250, 0.009150
0.946250, 0.001103
0.946250, 0.010576
0.946250, 0.010545

====================================================================
Flow ID: 758 | Shape: (30, 2)
Features: [Size/1600, IAT/0.1]
--------------------------------------------------------------------
0.046250, 0.000000
0.041250, 0.024424
0.041875, 0.000141
0.041250, 0.026819
0.058125, 0.001470
0.046250, 0.059666
0.041250, 0.024443
0.953750, 0.000330
0.946250, 0.010438
0.946250, 0.010512
0.056250, 0.003255
0.946250, 0.007249
0.946250, 0.010530
0.056250, 0.006356
0.946250, 0.004196
0.946250, 0.010536
0.056250, 0.009504
0.946250, 0.001081
0.946250, 0.010530
0.946250, 0.010535
0.063750, 0.002019
0.946250, 0.008544
0.946250, 0.010562
0.056250, 0.005072
0.946250, 0.005470
0.946250, 0.010586
0.056250, 0.008214
0.946250, 0.002372
0.946250, 0.010580
0.946250, 0.010565

====================================================================
Flow ID: 759 | Shape: (30, 2)
Features: [Size/1600, IAT/0.1]
--------------------------------------------------------------------
0.046250, 0.000000
0.041250, 0.024435
0.041875, 0.000163
0.041250, 0.028072
0.058125, 0.001656
0.046250, 0.076489
0.041250, 0.024396
0.953750, 0.000317
0.946250, 0.010465
0.946250, 0.010524
0.056250, 0.003188
0.946250, 0.007332
0.946250, 0.010537
0.056250, 0.006286
0.946250, 0.004271
0.946250, 0.010534
0.056250, 0.009440
0.946250, 0.001107
0.946250, 0.010540
0.946250, 0.010546
0.063750, 0.002038
0.946250, 0.008238
0.946250, 0.010570
0.056250, 0.005431
0.946250, 0.005143
0.946250, 0.010621
0.056250, 0.008541
0.946250, 0.001992
0.946250, 0.010322
0.946250, 0.010549

====================================================================
Flow ID: 760 | Shape: (30, 2)
Features: [Size/1600, IAT/0.1]
--------------------------------------------------------------------
0.046250, 0.000000
0.041250, 0.024464
0.041875, 0.000134
0.041250, 0.027406
0.058125, 0.001425
0.046250, 0.064768
0.041250, 0.024456
0.953750, 0.000259
0.946250, 0.010476
0.946250, 0.010517
0.056250, 0.003178
0.946250, 0.007362
0.946250, 0.010522
0.056250, 0.006244
0.946250, 0.004302
0.946250, 0.010559
0.056250, 0.009310
0.946250, 0.001071
0.946250, 0.010528
0.946250, 0.010549
0.063750, 0.002104
0.946250, 0.008230
0.946250, 0.010562
0.056250, 0.005402
0.946250, 0.005159
0.946250, 0.010549
0.056250, 0.008571
0.946250, 0.001994
0.946250, 0.010211
0.946250, 0.010608

====================================================================
Flow ID: 764 | Shape: (30, 2)
Features: [Size/1600, IAT/0.1]
--------------------------------------------------------------------
0.046250, 0.000000
0.041250, 0.024473
0.041875, 0.000147
0.041250, 0.027756
0.058125, 0.001910
0.046250, 0.074294
0.041250, 0.024393
0.953750, 0.000318
0.946250, 0.010446
0.946250, 0.010525
0.056250, 0.003211
0.946250, 0.007323
0.946250, 0.010527
0.056250, 0.006370
0.946250, 0.004170
0.946250, 0.010529
0.056250, 0.009648
0.946250, 0.000939
0.946250, 0.010183
0.946250, 0.010552
0.063750, 0.002536
0.946250, 0.008021
0.946250, 0.010555
0.056250, 0.005663
0.946250, 0.004929
0.946250, 0.010573
0.056250, 0.008779
0.946250, 0.001813
0.946250, 0.010467
0.946250, 0.010199

====================================================================
Flow ID: 767 | Shape: (30, 2)
Features: [Size/1600, IAT/0.1]
--------------------------------------------------------------------
0.046250, 0.000000
0.041250, 0.024411
0.041875, 0.000119
0.041250, 0.026823
0.058125, 0.001451
0.046250, 0.069817
0.041250, 0.024516
0.953750, 0.000285
0.946250, 0.010458
0.946250, 0.010477
0.056250, 0.003237
0.946250, 0.007298
0.946250, 0.010534
0.056250, 0.006301
0.946250, 0.004241
0.946250, 0.010544
0.056250, 0.009483
0.946250, 0.001074
0.946250, 0.010536
0.946250, 0.010552
0.063750, 0.002002
0.946250, 0.008567
0.946250, 0.010541
0.056250, 0.005111
0.946250, 0.005465
0.946250, 0.010587
0.056250, 0.008229
0.946250, 0.002344
0.946250, 0.010573
0.946250, 0.010579

====================================================================
Flow ID: 768 | Shape: (30, 2)
Features: [Size/1600, IAT/0.1]
--------------------------------------------------------------------
0.046250, 0.000000
0.041250, 0.024457
0.041875, 0.000162
0.041250, 0.027997
0.058125, 0.001777
0.046250, 0.073419
0.041250, 0.024445
0.953750, 0.000317
0.946250, 0.010471
0.946250, 0.010517
0.056250, 0.003182
0.946250, 0.007344
0.946250, 0.010543
0.056250, 0.006276
0.946250, 0.004292
0.946250, 0.010541
0.056250, 0.009452
0.946250, 0.000997
0.946250, 0.010118
0.946250, 0.010554
0.063750, 0.002581
0.946250, 0.007969
0.946250, 0.010552
0.056250, 0.005673
0.946250, 0.004875
0.946250, 0.010566
0.056250, 0.008768
0.946250, 0.001539
0.946250, 0.010654
0.946250, 0.010566
