
====================================================================
Flow ID: 898 | Shape: (30, 2)
Features: [Size/1600, IAT/0.1]
--------------------------------------------------------------------
0.046250, 0.000000
0.041250, 0.024462
0.041875, 0.000135
0.041250, 0.027923
0.058125, 0.001624
0.046250, 0.076100
0.041250, 0.024382
0.953750, 0.000312
0.946250, 0.010479
0.946250, 0.010532
0.056250, 0.003169
0.946250, 0.007375
0.946250, 0.010539
0.056250, 0.006235
0.946250, 0.004315
0.946250, 0.010989
0.056250, 0.008989
0.946250, 0.001467
0.946250, 0.010556
0.946250, 0.010492
0.063750, 0.001888
0.946250, 0.008702
0.946250, 0.010575
0.056250, 0.005049
0.946250, 0.005513
0.946250, 0.010566
0.056250, 0.008335
0.946250, 0.002271
0.946250, 0.010606
0.946250, 0.010591

====================================================================
Flow ID: 900 | Shape: (30, 2)
Features: [Size/1600, IAT/0.1]
--------------------------------------------------------------------
0.046250, 0.000000
0.041250, 0.024465
0.041875, 0.000151
0.041250, 0.027610
0.058125, 0.001812
0.046250, 0.064235
0.041250, 0.024552
0.953750, 0.000411
0.946250, 0.010437
0.946250, 0.010524
0.056250, 0.003267
0.946250, 0.007272
0.946250, 0.010530
0.056250, 0.006331
0.946250, 0.004202
0.946250, 0.010537
0.056250, 0.009461
0.946250, 0.001081
0.946250, 0.010535
0.946250, 0.010541
0.063750, 0.002017
0.946250, 0.008543
0.946250, 0.010555
0.056250, 0.005148
0.946250, 0.005413
0.946250, 0.010585
0.056250, 0.008240
0.946250, 0.002321
0.946250, 0.010585
0.946250, 0.010589

====================================================================
Flow ID: 903 | Shape: (30, 2)
Features: [Size/1600, IAT/0.1]
--------------------------------------------------------------------
0.046250, 0.000000
0.041250, 0.024483
0.041875, 0.000135
0.041250, 0.027757
0.058125, 0.001675
0.046250, 0.077385
0.041250, 0.024446
0.953750, 0.000718
0.946250, 0.010782
0.946250, 0.010358
0.056250, 0.003183
0.946250, 0.007484
0.946250, 0.010786
0.056250, 0.006217
0.946250, 0.004126
0.946250, 0.010333
0.056250, 0.009957
0.946250, 0.000603
0.946250, 0.010547
0.946250, 0.010539
0.063750, 0.002571
0.946250, 0.008053
0.946250, 0.010546
0.056250, 0.005667
0.946250, 0.004899
0.946250, 0.010580
0.056250, 0.008906
0.946250, 0.001679
0.946250, 0.010589
0.946250, 0.010582

====================================================================
Flow ID: 906 | Shape: (30, 2)
Features: [Size/1600, IAT/0.1]
--------------------------------------------------------------------
0.046250, 0.000000
0.041250, 0.024539
0.041875, 0.000153
0.041250, 0.027514
0.058125, 0.001796
0.046250, 0.073134
0.041250, 0.024422
0.953750, 0.000326
0.946250, 0.010442
0.946250, 0.010524
0.056250, 0.003269
0.946250, 0.007258
0.946250, 0.010540
0.056250, 0.006342
0.946250, 0.004186
0.946250, 0.010502
0.056250, 0.009519
0.946250, 0.001074
0.946250, 0.010551
0.946250, 0.010545
0.063750, 0.002008
0.946250, 0.008542
0.946250, 0.010557
0.056250, 0.005130
0.946250, 0.005438
0.946250, 0.010553
0.056250, 0.008305
0.946250, 0.002276
0.946250, 0.010559
0.946250, 0.010568

====================================================================
Flow ID: 910 | Shape: (30, 2)
Features: [Size/1600, IAT/0.1]
--------------------------------------------------------------------
0.046250, 0.000000
0.041250, 0.024473
0.041875, 0.000148
0.041250, 0.027649
0.058125, 0.001525
0.046250, 0.061405
0.041250, 0.024474
0.953750, 0.000381
0.946250, 0.010432
0.946250, 0.010530
0.056250, 0.003211
0.946250, 0.007321
0.946250, 0.010526
0.056250, 0.006288
0.946250, 0.004242
0.946250, 0.010542
0.056250, 0.009459
0.946250, 0.001081
0.946250, 0.010524
0.946250, 0.010534
0.063750, 0.002035
0.946250, 0.008512
0.946250, 0.010562
0.056250, 0.005140
0.946250, 0.005405
0.946250, 0.010591
0.056250, 0.008205
0.946250, 0.002355
0.946250, 0.010562
0.946250, 0.010566

====================================================================
Flow ID: 913 | Shape: (30, 2)
Features: [Size/1600, IAT/0.1]
--------------------------------------------------------------------
0.046250, 0.000000
0.041250, 0.024458
0.041875, 0.000191
0.041250, 0.027633
0.058125, 0.001522
0.046250, 0.068696
0.041250, 0.024534
0.953750, 0.000289
0.946250, 0.010471
0.946250, 0.010517
0.056250, 0.003212
0.946250, 0.007338
0.946250, 0.010533
0.056250, 0.006263
0.946250, 0.004066
0.946250, 0.010551
0.056250, 0.009633
0.946250, 0.000933
0.946250, 0.010171
0.946250, 0.010501
0.063750, 0.002571
0.946250, 0.007987
0.946250, 0.010545
0.056250, 0.005664
0.946250, 0.004899
0.946250, 0.010584
0.056250, 0.008844
0.946250, 0.001750
0.946250, 0.010471
0.946250, 0.010539

====================================================================
Flow ID: 918 | Shape: (30, 2)
Features: [Size/1600, IAT/0.1]
--------------------------------------------------------------------
0.046250, 0.000000
0.041250, 0.024438
0.041875, 0.000135
0.041250, 0.027890
0.058125, 0.001791
0.046250, 0.066590
0.041250, 0.024526
0.953750, 0.000309
0.946250, 0.010480
0.946250, 0.010517
0.056250, 0.003239
0.946250, 0.007291
0.946250, 0.010583
0.056250, 0.006256
0.946250, 0.004284
0.946250, 0.010552
0.056250, 0.009409
0.946250, 0.001083
0.946250, 0.010524
0.946250, 0.010538
0.063750, 0.002030
0.946250, 0.008515
0.946250, 0.010550
0.056250, 0.005124
0.946250, 0.005420
0.946250, 0.010563
0.056250, 0.008291
0.946250, 0.002307
0.946250, 0.010564
0.946250, 0.010575

====================================================================
Flow ID: 919 | Shape: (30, 2)
Features: [Size/1600, IAT/0.1]
--------------------------------------------------------------------
0.046250, 0.000000
0.041250, 0.024448
0.041875, 0.000129
0.041250, 0.027570
0.058125, 0.001631
0.046250, 0.061139
0.041250, 0.024460
0.953750, 0.000373
0.946250, 0.010450
0.946250, 0.010522
0.056250, 0.003198
0.946250, 0.007333
0.946250, 0.010518
0.056250, 0.006286
0.946250, 0.004304
0.946250, 0.010477
0.056250, 0.009416
0.946250, 0.001081
0.946250, 0.010527
0.946250, 0.010560
0.063750, 0.002000
0.946250, 0.008530
0.946250, 0.010545
0.056250, 0.005116
0.946250, 0.005426
0.946250, 0.010531
0.056250, 0.008204
0.946250, 0.002349
0.946250, 0.010565
0.946250, 0.010548

====================================================================
Flow ID: 920 | Shape: (30, 2)
Features: [Size/1600, IAT/0.1]
--------------------------------------------------------------------
0.046250, 0.000000
0.041250, 0.024466
0.041875, 0.000144
0.041250, 0.027625
0.058125, 0.001686
0.046250, 0.070722
0.041250, 0.024428
0.953750, 0.000362
0.946250, 0.010458
0.946250, 0.010532
0.056250, 0.003194
0.946250, 0.007344
0.946250, 0.010513
0.056250, 0.006281
0.946250, 0.004261
0.946250, 0.010552
0.056250, 0.009396
0.946250, 0.001078
0.946250, 0.010535
0.946250, 0.010544
0.063750, 0.002049
0.946250, 0.008165
0.946250, 0.010551
0.056250, 0.005478
0.946250, 0.005082
0.946250, 0.010572
0.056250, 0.008655
0.946250, 0.001958
0.946250, 0.010287
0.946250, 0.010575

====================================================================
Flow ID: 921 | Shape: (30, 2)
Features: [Size/1600, IAT/0.1]
--------------------------------------------------------------------
0.046250, 0.000000
0.041250, 0.024448
0.041875, 0.000140
0.041250, 0.027565
0.058125, 0.001620
0.046250, 0.073924
0.041250, 0.024412
0.953750, 0.000291
0.946250, 0.010464
0.946250, 0.010529
0.056250, 0.003181
0.946250, 0.007348
0.946250, 0.010544
0.056250, 0.006248
0.946250, 0.004298
0.946250, 0.010550
0.056250, 0.009404
0.946250, 0.001080
0.946250, 0.010521
0.946250, 0.010541
0.063750, 0.002029
0.946250, 0.008544
0.946250, 0.010549
0.056250, 0.005096
0.946250, 0.005458
0.946250, 0.010556
0.056250, 0.008189
0.946250, 0.002380
0.946250, 0.010554
0.946250, 0.010429

====================================================================
Flow ID: 922 | Shape: (30, 2)
Features: [Size/1600, IAT/0.1]
--------------------------------------------------------------------
0.046250, 0.000000
0.041250, 0.024448
0.041875, 0.000151
0.041250, 0.027893
0.058125, 0.001758
0.046250, 0.062193
0.041250, 0.024543
0.953750, 0.000413
0.946250, 0.010418
0.946250, 0.010521
0.056250, 0.003242
0.946250, 0.007426
0.946250, 0.010542
0.056250, 0.006318
0.946250, 0.004231
0.946250, 0.010585
0.056250, 0.009856
0.946250, 0.000730
0.946250, 0.010495
0.946250, 0.010496
0.063750, 0.002820
0.946250, 0.007794
0.946250, 0.010574
0.056250, 0.005959
0.946250, 0.004615
0.946250, 0.010253
0.056250, 0.009537
0.946250, 0.001182
0.946250, 0.010570
0.946250, 0.010561

====================================================================
Flow ID: 926 | Shape: (30, 2)
Features: [Size/1600, IAT/0.1]
--------------------------------------------------------------------
0.046250, 0.000000
0.041250, 0.024472
0.041875, 0.000135
0.041250, 0.027492
0.058125, 0.001574
0.046250, 0.061033
0.041250, 0.024418
0.953750, 0.000319
0.946250, 0.010460
0.946250, 0.010513
0.056250, 0.003229
0.946250, 0.007316
0.946250, 0.010514
0.056250, 0.006301
0.946250, 0.003905
0.946250, 0.010544
0.056250, 0.009767
0.946250, 0.000772
0.946250, 0.010336
0.946250, 0.010510
0.063750, 0.002558
0.946250, 0.007977
0.946250, 0.010544
0.056250, 0.005650
0.946250, 0.004908
0.946250, 0.010546
0.056250, 0.008794
0.946250, 0.001770
0.946250, 0.010424
0.946250, 0.010573

====================================================================
Flow ID: 929 | Shape: (30, 2)
Features: [Size/1600, IAT/0.1]
--------------------------------------------------------------------
0.046250, 0.000000
0.041250, 0.024436
0.041875, 0.000134
0.041250, 0.027923
0.058125, 0.001708
0.046250, 0.061528
0.041250, 0.024441
0.953750, 0.000367
0.946250, 0.010019
0.946250, 0.010515
0.056250, 0.003641
0.946250, 0.006888
0.946250, 0.010542
0.056250, 0.006703
0.946250, 0.003828
0.946250, 0.010548
0.056250, 0.009859
0.946250, 0.000675
0.946250, 0.010430
0.946250, 0.010516
0.063750, 0.002548
0.946250, 0.007993
0.946250, 0.010538
0.056250, 0.005705
0.946250, 0.004849
0.946250, 0.010555
0.056250, 0.008842
0.946250, 0.001733
0.946250, 0.010458
0.946250, 0.010579

====================================================================
Flow ID: 930 | Shape: (30, 2)
Features: [Size/1600, IAT/0.1]
--------------------------------------------------------------------
0.046250, 0.000000
0.041250, 0.024459
0.041875, 0.000140
0.041250, 0.027665
0.058125, 0.001596
0.046250, 0.062579
0.041250, 0.024378
0.953750, 0.000300
0.946250, 0.010455
0.946250, 0.010523
0.056250, 0.003196
0.946250, 0.007336
0.946250, 0.010527
0.056250, 0.006322
0.946250, 0.004208
0.946250, 0.010542
0.056250, 0.009439
0.946250, 0.001083
0.946250, 0.010550
0.946250, 0.010544
0.063750, 0.002033
0.946250, 0.008514
0.946250, 0.010558
0.056250, 0.005123
0.946250, 0.005013
0.946250, 0.010543
0.056250, 0.008656
0.946250, 0.001918
0.946250, 0.010279
0.946250, 0.010512

====================================================================
Flow ID: 934 | Shape: (30, 2)
Features: [Size/1600, IAT/0.1]
--------------------------------------------------------------------
0.046250, 0.000000
0.041250, 0.024481
0.041875, 0.000141
0.041250, 0.026845
0.058125, 0.001770
0.046250, 0.062069
0.041250, 0.024389
0.953750, 0.000307
0.946250, 0.010463
0.946250, 0.010519
0.056250, 0.003250
0.946250, 0.007278
0.946250, 0.010521
0.056250, 0.006335
0.946250, 0.004067
0.946250, 0.010532
0.056250, 0.009640
0.946250, 0.000909
0.946250, 0.010184
0.946250, 0.010533
0.063750, 0.002526
0.946250, 0.008024
0.946250, 0.010556
0.056250, 0.005601
0.946250, 0.004956
0.946250, 0.010541
0.056250, 0.008793
0.946250, 0.001779
0.946250, 0.010452
0.946250, 0.010511

====================================================================
Flow ID: 936 | Shape: (30, 2)
Features: [Size/1600, IAT/0.1]
--------------------------------------------------------------------
0.046250, 0.000000
0.041250, 0.024553
0.041875, 0.000136
0.041250, 0.027596
0.058125, 0.001705
0.046250, 0.077357
0.041250, 0.024419
0.953750, 0.000331
0.946250, 0.010432
0.946250, 0.010524
0.056250, 0.003225
0.946250, 0.007310
0.946250, 0.010528
0.056250, 0.006342
0.946250, 0.004202
0.946250, 0.010545
0.056250, 0.009461
0.946250, 0.001074
0.946250, 0.010555
0.946250, 0.010555
0.063750, 0.002082
0.946250, 0.008468
0.946250, 0.010559
0.056250, 0.005177
0.946250, 0.005134
0.946250, 0.010562
0.056250, 0.008548
0.946250, 0.002021
0.946250, 0.010212
0.946250, 0.010610

====================================================================
Flow ID: 938 | Shape: (30, 2)
Features: [Size/1600, IAT/0.1]
--------------------------------------------------------------------
0.046250, 0.000000
0.041250, 0.024466
0.041875, 0.000143
0.041250, 0.027714
0.058125, 0.002457
0.046250, 0.064250
0.041250, 0.024551
0.953750, 0.000303
0.946250, 0.010446
0.946250, 0.010520
0.056250, 0.003206
0.946250, 0.007320
0.946250, 0.010532
0.056250, 0.006469
0.946250, 0.004065
0.946250, 0.010537
0.056250, 0.009579
0.946250, 0.000959
0.946250, 0.010142
0.946250, 0.010514
0.063750, 0.002548
0.946250, 0.007987
0.946250, 0.010558
0.056250, 0.005635
0.946250, 0.004926
0.946250, 0.010543
0.056250, 0.008768
0.946250, 0.001799
0.946250, 0.010389
0.946250, 0.010543

====================================================================
Flow ID: 939 | Shape: (30, 2)
Features: [Size/1600, IAT/0.1]
--------------------------------------------------------------------
0.046250, 0.000000
0.041250, 0.024456
0.041875, 0.000137
0.041250, 0.027731
0.058125, 0.001499
0.046250, 0.070872
0.041250, 0.024556
0.953750, 0.000321
0.946250, 0.010413
0.946250, 0.010520
0.056250, 0.003233
0.946250, 0.007298
0.946250, 0.010528
0.056250, 0.006338
0.946250, 0.004207
0.946250, 0.010543
0.056250, 0.009511
0.946250, 0.001080
0.946250, 0.010514
0.946250, 0.010548
0.063750, 0.002030
0.946250, 0.008522
0.946250, 0.010551
0.056250, 0.005184
0.946250, 0.005362
0.946250, 0.010562
0.056250, 0.008375
0.946250, 0.002208
0.946250, 0.010572
0.946250, 0.010589

====================================================================
Flow ID: 940 | Shape: (30, 2)
Features: [Size/1600, IAT/0.1]
--------------------------------------------------------------------
0.046250, 0.000000
0.041250, 0.024515
0.041875, 0.000144
0.041250, 0.027523
0.058125, 0.001627
0.046250, 0.061415
0.041250, 0.024413
0.953750, 0.000340
0.946250, 0.010432
0.946250, 0.010511
0.056250, 0.003232
0.946250, 0.007293
0.946250, 0.010539
0.056250, 0.006304
0.946250, 0.004229
0.946250, 0.010544
0.056250, 0.009407
0.946250, 0.001066
0.946250, 0.010544
0.946250, 0.010459
0.063750, 0.002089
0.946250, 0.008490
0.946250, 0.010542
0.056250, 0.005143
0.946250, 0.005413
0.946250, 0.010561
0.056250, 0.008321
0.946250, 0.002240
0.946250, 0.010567
0.946250, 0.010567

====================================================================
Flow ID: 944 | Shape: (30, 2)
Features: [Size/1600, IAT/0.1]
--------------------------------------------------------------------
0.046250, 0.000000
0.041250, 0.024492
0.041875, 0.000154
0.041250, 0.027702
0.058125, 0.001583
0.046250, 0.054958
0.041250, 0.024446
0.953750, 0.000356
0.946250, 0.010439
0.946250, 0.010527
0.056250, 0.003213
0.946250, 0.007322
0.946250, 0.010541
0.056250, 0.006277
0.946250, 0.004261
0.946250, 0.010546
0.056250, 0.009382
0.946250, 0.001078
0.946250, 0.010517
0.946250, 0.010533
0.063750, 0.002032
0.946250, 0.008515
0.946250, 0.010712
0.056250, 0.005016
0.946250, 0.005386
0.946250, 0.010559
0.056250, 0.008257
0.946250, 0.002310
0.946250, 0.010584
0.946250, 0.010554

====================================================================
Flow ID: 952 | Shape: (30, 2)
Features: [Size/1600, IAT/0.1]
--------------------------------------------------------------------
0.046250, 0.000000
0.041250, 0.024465
0.041875, 0.000134
0.041250, 0.027525
0.058125, 0.001626
0.046250, 0.076387
0.041250, 0.024397
0.953750, 0.000344
0.946250, 0.010458
0.946250, 0.010514
0.056250, 0.003199
0.946250, 0.007330
0.946250, 0.010606
0.056250, 0.006208
0.946250, 0.004263
0.946250, 0.010537
0.056250, 0.009508
0.946250, 0.000995
0.946250, 0.010124
0.946250, 0.010543
0.063750, 0.002555
0.946250, 0.007996
0.946250, 0.010555
0.056250, 0.005699
0.946250, 0.004865
0.946250, 0.010581
0.056250, 0.008832
0.946250, 0.001740
0.946250, 0.010468
0.946250, 0.010461

====================================================================
Flow ID: 953 | Shape: (30, 2)
Features: [Size/1600, IAT/0.1]
--------------------------------------------------------------------
0.046250, 0.000000
0.041250, 0.024450
0.041875, 0.000134
0.041250, 0.027685
0.058125, 0.001612
0.046250, 0.061689
0.041250, 0.024438
0.953750, 0.000351
0.946250, 0.010436
0.946250, 0.010517
0.056250, 0.003218
0.946250, 0.007326
0.946250, 0.010530
0.056250, 0.006335
0.946250, 0.004193
0.946250, 0.010528
0.056250, 0.009550
0.946250, 0.001097
0.946250, 0.010516
0.946250, 0.010533
0.063750, 0.002025
0.946250, 0.008534
0.946250, 0.010521
0.056250, 0.005091
0.946250, 0.005428
0.946250, 0.010551
0.056250, 0.008174
0.946250, 0.002389
0.946250, 0.010564
0.946250, 0.010426

====================================================================
Flow ID: 956 | Shape: (30, 2)
Features: [Size/1600, IAT/0.1]
--------------------------------------------------------------------
0.046250, 0.000000
0.041250, 0.024465
0.041875, 0.000141
0.041250, 0.027510
0.058125, 0.001606
0.046250, 0.061859
0.041250, 0.024421
0.953750, 0.000320
0.946250, 0.010460
0.946250, 0.010518
0.056250, 0.003193
0.946250, 0.007333
0.946250, 0.010529
0.056250, 0.006285
0.946250, 0.004243
0.946250, 0.010531
0.056250, 0.009409
0.946250, 0.001080
0.946250, 0.010541
0.946250, 0.010530
0.063750, 0.002053
0.946250, 0.008494
0.946250, 0.010287
0.056250, 0.005386
0.946250, 0.005158
0.946250, 0.010536
0.056250, 0.008511
0.946250, 0.002050
0.946250, 0.010164
0.946250, 0.010571

====================================================================
Flow ID: 959 | Shape: (30, 2)
Features: [Size/1600, IAT/0.1]
--------------------------------------------------------------------
0.046250, 0.000000
0.041250, 0.024556
0.041875, 0.000165
0.041250, 0.027509
0.058125, 0.001785
0.046250, 0.076658
0.041250, 0.024444
0.953750, 0.000357
0.946250, 0.010413
0.946250, 0.010527
0.056250, 0.003261
0.946250, 0.007278
0.946250, 0.010525
0.056250, 0.006398
0.946250, 0.004134
0.946250, 0.010543
0.056250, 0.009580
0.946250, 0.000945
0.946250, 0.010166
0.946250, 0.010515
0.063750, 0.002581
0.946250, 0.007981
0.946250, 0.010550
0.056250, 0.005661
0.946250, 0.004891
0.946250, 0.010577
0.056250, 0.008799
0.946250, 0.001837
0.946250, 0.010689
0.946250, 0.010463

====================================================================
Flow ID: 963 | Shape: (30, 2)
Features: [Size/1600, IAT/0.1]
--------------------------------------------------------------------
0.046250, 0.000000
0.041250, 0.024485
0.041875, 0.000144
0.041250, 0.028008
0.058125, 0.001432
0.046250, 0.066615
0.041250, 0.024527
0.953750, 0.000292
0.946250, 0.010454
0.946250, 0.010521
0.056250, 0.003206
0.946250, 0.007339
0.946250, 0.010532
0.056250, 0.006262
0.946250, 0.004273
0.946250, 0.010546
0.056250, 0.009389
0.946250, 0.001077
0.946250, 0.010547
0.946250, 0.010542
0.063750, 0.002084
0.946250, 0.008052
0.946250, 0.010557
0.056250, 0.005590
0.946250, 0.004950
0.946250, 0.010559
0.056250, 0.008826
0.946250, 0.001765
0.946250, 0.010461
0.946250, 0.010513

====================================================================
Flow ID: 964 | Shape: (30, 2)
Features: [Size/1600, IAT/0.1]
--------------------------------------------------------------------
0.046250, 0.000000
0.041250, 0.024457
0.041875, 0.000157
0.041250, 0.026800
0.058125, 0.002475
0.046250, 0.062500
0.041250, 0.024499
0.953750, 0.000369
0.946250, 0.010425
0.946250, 0.010517
0.056250, 0.003236
0.946250, 0.007293
0.946250, 0.010690
0.056250, 0.006149
0.946250, 0.004209
0.946250, 0.010539
0.056250, 0.009463
0.946250, 0.001020
0.946250, 0.010082
0.946250, 0.010512
0.063750, 0.002692
0.946250, 0.007519
0.946250, 0.010565
0.056250, 0.006095
0.946250, 0.004454
0.946250, 0.010567
0.056250, 0.009317
0.946250, 0.001016
0.946250, 0.010129
0.946250, 0.010538

====================================================================
Flow ID: 967 | Shape: (30, 2)
Features: [Size/1600, IAT/0.1]
--------------------------------------------------------------------
0.046250, 0.000000
0.041250, 0.024537
0.041875, 0.000162
0.041250, 0.027637
0.058125, 0.001651
0.046250, 0.076660
0.041250, 0.024432
0.953750, 0.000320
0.946250, 0.010457
0.946250, 0.010861
0.056250, 0.003007
0.946250, 0.007422
0.946250, 0.010567
0.056250, 0.006443
0.946250, 0.004140
0.946250, 0.010579
0.056250, 0.009800
0.946250, 0.000561
0.946250, 0.010649
0.946250, 0.010418
0.063750, 0.002835
0.946250, 0.007736
0.946250, 0.010583
0.056250, 0.005960
0.946250, 0.004609
0.946250, 0.010570
0.056250, 0.009291
0.946250, 0.001044
0.946250, 0.010139
0.946250, 0.010569

====================================================================
Flow ID: 970 | Shape: (30, 2)
Features: [Size/1600, IAT/0.1]
--------------------------------------------------------------------
0.046250, 0.000000
0.041250, 0.024449
0.041875, 0.000131
0.041250, 0.027764
0.058125, 0.001614
0.046250, 0.065200
0.041250, 0.024532
0.953750, 0.000352
0.946250, 0.010445
0.946250, 0.010537
0.056250, 0.003202
0.946250, 0.007316
0.946250, 0.010532
0.056250, 0.006315
0.946250, 0.004214
0.946250, 0.010539
0.056250, 0.009486
0.946250, 0.001082
0.946250, 0.010537
0.946250, 0.010533
0.063750, 0.002011
0.946250, 0.008543
0.946250, 0.010513
0.056250, 0.005083
0.946250, 0.005447
0.946250, 0.010545
0.056250, 0.008168
0.946250, 0.002392
0.946250, 0.010539
0.946250, 0.010563

====================================================================
Flow ID: 971 | Shape: (30, 2)
Features: [Size/1600, IAT/0.1]
--------------------------------------------------------------------
0.046250, 0.000000
0.041250, 0.024450
0.041875, 0.000145
0.041250, 0.026997
0.058125, 0.001685
0.046250, 0.060741
0.041250, 0.024479
0.953750, 0.000350
0.946250, 0.010437
0.946250, 0.010527
0.056250, 0.003278
0.946250, 0.007250
0.946250, 0.010511
0.056250, 0.006371
0.946250, 0.003773
0.946250, 0.010532
0.056250, 0.009911
0.946250, 0.000620
0.946250, 0.010481
0.946250, 0.010507
0.063750, 0.002552
0.946250, 0.007979
0.946250, 0.010551
0.056250, 0.005656
0.946250, 0.004898
0.946250, 0.010544
0.056250, 0.008827
0.946250, 0.001746
0.946250, 0.010493
0.946250, 0.010561

====================================================================
Flow ID: 973 | Shape: (30, 2)
Features: [Size/1600, IAT/0.1]
--------------------------------------------------------------------
0.046250, 0.000000
0.041250, 0.024458
0.041875, 0.000144
0.041250, 0.027554
0.058125, 0.001645
0.046250, 0.060671
0.041250, 0.024475
0.953750, 0.000378
0.946250, 0.010427
0.946250, 0.010521
0.056250, 0.003223
0.946250, 0.007367
0.946250, 0.010464
0.056250, 0.006309
0.946250, 0.004226
0.946250, 0.010529
0.056250, 0.009452
0.946250, 0.000997
0.946250, 0.010110
0.946250, 0.010502
0.063750, 0.002681
0.946250, 0.007890
0.946250, 0.010565
0.056250, 0.005719
0.946250, 0.004438
0.946250, 0.010549
0.056250, 0.009246
0.946250, 0.001111
0.946250, 0.010552
0.946250, 0.010559

====================================================================
Flow ID: 976 | Shape: (30, 2)
Features: [Size/1600, IAT/0.1]
--------------------------------------------------------------------
0.046250, 0.000000
0.041250, 0.024415
0.041875, 0.000132
0.041250, 0.027535
0.058125, 0.001605
0.046250, 0.063004
0.041250, 0.024509
0.953750, 0.000390
0.946250, 0.010481
0.946250, 0.010513
0.056250, 0.003179
0.946250, 0.007348
0.946250, 0.010522
0.056250, 0.006265
0.946250, 0.004270
0.946250, 0.010552
0.056250, 0.009420
0.946250, 0.001089
0.946250, 0.010532
0.946250, 0.010538
0.063750, 0.002016
0.946250, 0.008529
0.946250, 0.010561
0.056250, 0.005090
0.946250, 0.005459
0.946250, 0.010557
0.056250, 0.008191
0.946250, 0.002370
0.946250, 0.010578
0.946250, 0.010630

====================================================================
Flow ID: 977 | Shape: (30, 2)
Features: [Size/1600, IAT/0.1]
--------------------------------------------------------------------
0.046250, 0.000000
0.041250, 0.024412
0.041875, 0.000123
0.041250, 0.027572
0.058125, 0.001540
0.046250, 0.061001
0.041250, 0.024462
0.953750, 0.000347
0.946250, 0.010453
0.946250, 0.010418
0.056250, 0.003362
0.946250, 0.007182
0.946250, 0.010518
0.056250, 0.006442
0.946250, 0.004090
0.946250, 0.010549
0.056250, 0.009608
0.946250, 0.000800
0.946250, 0.010309
0.946250, 0.010502
0.063750, 0.002700
0.946250, 0.007844
0.946250, 0.010542
0.056250, 0.005869
0.946250, 0.004701
0.946250, 0.010548
0.056250, 0.009057
0.946250, 0.001131
0.946250, 0.010532
0.946250, 0.010550

====================================================================
Flow ID: 978 | Shape: (30, 2)
Features: [Size/1600, IAT/0.1]
--------------------------------------------------------------------
0.046250, 0.000000
0.041250, 0.024491
0.041875, 0.000109
0.041250, 0.027319
0.058125, 0.001444
0.046250, 0.074506
0.041250, 0.024346
0.953750, 0.000266
0.946250, 0.010486
0.946250, 0.010535
0.056250, 0.003199
0.946250, 0.007370
0.946250, 0.010488
0.056250, 0.006281
0.946250, 0.004279
0.946250, 0.010537
0.056250, 0.009470
0.946250, 0.001075
0.946250, 0.010541
0.946250, 0.010558
0.063750, 0.002010
0.946250, 0.008532
0.946250, 0.010562
0.056250, 0.005107
0.946250, 0.005468
0.946250, 0.010559
0.056250, 0.008239
0.946250, 0.002325
0.946250, 0.010577
0.946250, 0.010580

====================================================================
Flow ID: 982 | Shape: (30, 2)
Features: [Size/1600, IAT/0.1]
--------------------------------------------------------------------
0.046250, 0.000000
0.041250, 0.024532
0.041875, 0.000150
0.041250, 0.027443
0.058125, 0.001405
0.046250, 0.075549
0.041250, 0.024355
0.953750, 0.000240
0.946250, 0.010237
0.946250, 0.010534
0.056250, 0.003400
0.946250, 0.007116
0.946250, 0.010539
0.056250, 0.006489
0.946250, 0.004060
0.946250, 0.010535
0.056250, 0.009655
0.946250, 0.000891
0.946250, 0.010232
0.946250, 0.010489
0.063750, 0.002657
0.946250, 0.007889
0.946250, 0.010551
0.056250, 0.005831
0.946250, 0.004730
0.946250, 0.010554
0.056250, 0.009093
0.946250, 0.001018
0.946250, 0.010118
0.946250, 0.010581

====================================================================
Flow ID: 984 | Shape: (30, 2)
Features: [Size/1600, IAT/0.1]
--------------------------------------------------------------------
0.046250, 0.000000
0.041250, 0.024431
0.041875, 0.000133
0.041250, 0.027466
0.058125, 0.001748
0.046250, 0.070356
0.041250, 0.024419
0.953750, 0.000299
0.946250, 0.010453
0.946250, 0.010571
0.056250, 0.003157
0.946250, 0.007326
0.946250, 0.010526
0.056250, 0.006281
0.946250, 0.004263
0.946250, 0.010545
0.056250, 0.009361
0.946250, 0.001088
0.946250, 0.010511
0.946250, 0.010491
0.063750, 0.002103
0.946250, 0.008473
0.946250, 0.010549
0.056250, 0.005173
0.946250, 0.005396
0.946250, 0.010544
0.056250, 0.008344
0.946250, 0.002233
0.946250, 0.010569
0.946250, 0.010580

====================================================================
Flow ID: 985 | Shape: (30, 2)
Features: [Size/1600, IAT/0.1]
--------------------------------------------------------------------
0.046250, 0.000000
0.041250, 0.024446
0.041875, 0.000162
0.041250, 0.027436
0.058125, 0.001575
0.046250, 0.061284
0.041250, 0.024498
0.953750, 0.000714
0.946250, 0.010654
0.946250, 0.010465
0.056250, 0.003173
0.946250, 0.007412
0.946250, 0.010567
0.056250, 0.006512
0.946250, 0.004086
0.946250, 0.010620
0.056250, 0.009817
0.946250, 0.000755
0.946250, 0.010440
0.946250, 0.010524
0.063750, 0.002610
0.946250, 0.007974
0.946250, 0.010624
0.056250, 0.005693
0.946250, 0.004912
0.946250, 0.010489
0.056250, 0.009145
0.946250, 0.001415
0.946250, 0.010636
0.946250, 0.010476

====================================================================
Flow ID: 993 | Shape: (30, 2)
Features: [Size/1600, IAT/0.1]
--------------------------------------------------------------------
0.046250, 0.000000
0.041250, 0.024649
0.041875, 0.000172
0.041250, 0.027653
0.058125, 0.001577
0.046250, 0.069834
0.041250, 0.024399
0.953750, 0.000317
0.946250, 0.010474
0.946250, 0.010513
0.056250, 0.003194
0.946250, 0.007338
0.946250, 0.010526
0.056250, 0.006252
0.946250, 0.004284
0.946250, 0.010536
0.056250, 0.009342
0.946250, 0.001084
0.946250, 0.010232
0.946250, 0.010536
0.063750, 0.002284
0.946250, 0.008263
0.946250, 0.010566
0.056250, 0.005339
0.946250, 0.005218
0.946250, 0.010553
0.056250, 0.008511
0.946250, 0.002056
0.946250, 0.010189
0.946250, 0.010567

====================================================================
Flow ID: 996 | Shape: (30, 2)
Features: [Size/1600, IAT/0.1]
--------------------------------------------------------------------
0.046250, 0.000000
0.041250, 0.024504
0.041875, 0.000169
0.041250, 0.027723
0.058125, 0.001591
0.046250, 0.061090
0.041250, 0.024445
0.953750, 0.000372
0.946250, 0.010424
0.946250, 0.010521
0.056250, 0.003351
0.946250, 0.007186
0.946250, 0.010534
0.056250, 0.006412
0.946250, 0.004126
0.946250, 0.010528
0.056250, 0.009528
0.946250, 0.001080
0.946250, 0.010553
0.946250, 0.010548
0.063750, 0.001981
0.946250, 0.008567
0.946250, 0.010555
0.056250, 0.005059
0.946250, 0.005491
0.946250, 0.010548
0.056250, 0.008238
0.946250, 0.002328
0.946250, 0.010581
0.946250, 0.010565

====================================================================
Flow ID: 999 | Shape: (30, 2)
Features: [Size/1600, IAT/0.1]
--------------------------------------------------------------------
0.046250, 0.000000
0.041250, 0.024405
0.041875, 0.000113
0.041250, 0.027158
0.058125, 0.001342
0.046250, 0.060691
0.041250, 0.024389
0.953750, 0.000307
0.946250, 0.010472
0.946250, 0.010494
0.056250, 0.003210
0.946250, 0.007329
0.946250, 0.010524
0.056250, 0.006270
0.946250, 0.004266
0.946250, 0.010532
0.056250, 0.009373
0.946250, 0.001183
0.946250, 0.010419
0.946250, 0.010582
0.063750, 0.001961
0.946250, 0.008079
0.946250, 0.010537
0.056250, 0.005553
0.946250, 0.005007
0.946250, 0.010554
0.056250, 0.008686
0.946250, 0.001884
0.946250, 0.010436
0.946250, 0.010481

====================================================================
Flow ID: 1001 | Shape: (30, 2)
Features: [Size/1600, IAT/0.1]
--------------------------------------------------------------------
0.046250, 0.000000
0.041250, 0.024574
0.041875, 0.000155
0.041250, 0.027902
0.058125, 0.001536
0.046250, 0.072890
0.041250, 0.024428
0.953750, 0.000309
0.946250, 0.010470
0.946250, 0.010508
0.056250, 0.003311
0.946250, 0.007235
0.946250, 0.010525
0.056250, 0.006377
0.946250, 0.004168
0.946250, 0.010559
0.056250, 0.009614
0.946250, 0.001084
0.946250, 0.011141
0.946250, 0.010491
0.063750, 0.001496
0.946250, 0.009057
0.946250, 0.010548
0.056250, 0.004593
0.946250, 0.005961
0.946250, 0.010567
0.056250, 0.007768
0.946250, 0.002794
0.946250, 0.010579
0.946250, 0.010576

====================================================================
Flow ID: 1003 | Shape: (30, 2)
Features: [Size/1600, IAT/0.1]
--------------------------------------------------------------------
0.046250, 0.000000
0.041250, 0.024497
0.041875, 0.000136
0.041250, 0.027724
0.058125, 0.001646
0.046250, 0.065052
0.041250, 0.024572
0.953750, 0.000283
0.946250, 0.010456
0.946250, 0.010516
0.056250, 0.003201
0.946250, 0.007329
0.946250, 0.010528
0.056250, 0.006349
0.946250, 0.004177
0.946250, 0.010539
0.056250, 0.009507
0.946250, 0.001021
0.946250, 0.010082
0.946250, 0.010553
0.063750, 0.002647
0.946250, 0.007871
0.946250, 0.010592
0.056250, 0.005734
0.946250, 0.004819
0.946250, 0.010563
0.056250, 0.009098
0.946250, 0.001038
0.946250, 0.010125
0.946250, 0.010533

====================================================================
Flow ID: 1004 | Shape: (30, 2)
Features: [Size/1600, IAT/0.1]
--------------------------------------------------------------------
0.046250, 0.000000
0.041250, 0.024494
0.041875, 0.000145
0.041250, 0.027545
0.058125, 0.001655
0.046250, 0.065319
0.041250, 0.024425
0.953750, 0.000330
0.946250, 0.010456
0.946250, 0.010532
0.056250, 0.003330
0.946250, 0.007220
0.946250, 0.010520
0.056250, 0.006400
0.946250, 0.003884
0.946250, 0.010540
0.056250, 0.009905
0.946250, 0.000642
0.946250, 0.010451
0.946250, 0.010546
0.063750, 0.002521
0.946250, 0.008020
0.946250, 0.010559
0.056250, 0.005603
0.946250, 0.004958
0.946250, 0.010546
0.056250, 0.008769
0.946250, 0.001802
0.946250, 0.010438
0.946250, 0.010561

====================================================================
Flow ID: 1017 | Shape: (30, 2)
Features: [Size/1600, IAT/0.1]
--------------------------------------------------------------------
0.046250, 0.000000
0.041250, 0.024459
0.041875, 0.000142
0.041250, 0.027522
0.058125, 0.001535
0.046250, 0.061700
0.041250, 0.024483
0.953750, 0.000395
0.946250, 0.010415
0.946250, 0.010511
0.056250, 0.003255
0.946250, 0.007269
0.946250, 0.010594
0.056250, 0.006309
0.946250, 0.004167
0.946250, 0.010555
0.056250, 0.009482
0.946250, 0.000997
0.946250, 0.010109
0.946250, 0.010503
0.063750, 0.002612
0.946250, 0.007937
0.946250, 0.010553
0.056250, 0.005693
0.946250, 0.004862
0.946250, 0.010314
0.056250, 0.009064
0.946250, 0.001120
0.946250, 0.010549
0.946250, 0.010548

====================================================================
Flow ID: 1020 | Shape: (30, 2)
Features: [Size/1600, IAT/0.1]
--------------------------------------------------------------------
0.046250, 0.000000
0.041250, 0.024523
0.041875, 0.000143
0.041250, 0.027779
0.058125, 0.001693
0.046250, 0.064561
0.041250, 0.024540
0.953750, 0.000408
0.946250, 0.010398
0.946250, 0.010528
0.056250, 0.003443
0.946250, 0.007117
0.946250, 0.010493
0.056250, 0.006519
0.946250, 0.004043
0.946250, 0.010513
0.056250, 0.009693
0.946250, 0.000849
0.946250, 0.010254
0.946250, 0.010486
0.063750, 0.002574
0.946250, 0.007989
0.946250, 0.010552
0.056250, 0.005638
0.946250, 0.004909
0.946250, 0.010562
0.056250, 0.008963
0.946250, 0.001631
0.946250, 0.010609
0.946250, 0.010571

====================================================================
Flow ID: 1021 | Shape: (30, 2)
Features: [Size/1600, IAT/0.1]
--------------------------------------------------------------------
0.046250, 0.000000
0.041250, 0.024472
0.041875, 0.000138
0.041250, 0.027691
0.058125, 0.001673
0.046250, 0.062975
0.041250, 0.024544
0.953750, 0.000403
0.946250, 0.010409
0.946250, 0.010509
0.056250, 0.003252
0.946250, 0.007275
0.946250, 0.010526
0.056250, 0.006332
0.946250, 0.004195
0.946250, 0.010557
0.056250, 0.009442
0.946250, 0.001077
0.946250, 0.010532
0.946250, 0.010529
0.063750, 0.002038
0.946250, 0.008515
0.946250, 0.010562
0.056250, 0.005129
0.946250, 0.005414
0.946250, 0.010566
0.056250, 0.008228
0.946250, 0.002355
0.946250, 0.010561
0.946250, 0.010561

====================================================================
Flow ID: 1023 | Shape: (30, 2)
Features: [Size/1600, IAT/0.1]
--------------------------------------------------------------------
0.046250, 0.000000
0.041250, 0.024475
0.041875, 0.000245
0.041250, 0.027054
0.058125, 0.001345
0.046250, 0.061000
0.041250, 0.024444
0.953750, 0.000355
0.946250, 0.010434
0.946250, 0.010517
0.056250, 0.003210
0.946250, 0.007322
0.946250, 0.010528
0.056250, 0.006280
0.946250, 0.004259
0.946250, 0.010547
0.056250, 0.009363
0.946250, 0.001072
0.946250, 0.010547
0.946250, 0.010530
0.063750, 0.002002
0.946250, 0.008540
0.946250, 0.010417
0.056250, 0.005192
0.946250, 0.005355
0.946250, 0.010548
0.056250, 0.008260
0.946250, 0.002278
0.946250, 0.010554
0.946250, 0.010557

====================================================================
Flow ID: 1024 | Shape: (30, 2)
Features: [Size/1600, IAT/0.1]
--------------------------------------------------------------------
0.046250, 0.000000
0.041250, 0.024443
0.041875, 0.000138
0.041250, 0.027196
0.058125, 0.001546
0.046250, 0.060312
0.041250, 0.024472
0.953750, 0.000374
0.946250, 0.010432
0.946250, 0.010525
0.056250, 0.003272
0.946250, 0.007255
0.946250, 0.010525
0.056250, 0.006356
0.946250, 0.003992
0.946250, 0.010531
0.056250, 0.009698
0.946250, 0.000840
0.946250, 0.010257
0.946250, 0.010555
0.063750, 0.002508
0.946250, 0.008009
0.946250, 0.010547
0.056250, 0.005628
0.946250, 0.004931
0.946250, 0.010545
0.056250, 0.008813
0.946250, 0.001745
0.946250, 0.010486
0.946250, 0.010556
