
====================================================================
Flow ID: 1026 | Shape: (30, 2)
Features: [Size/1600, IAT/0.1]
--------------------------------------------------------------------
0.048750, 0.000000
0.047500, 0.407568
0.046250, 0.324580
0.056250, 0.417704
0.061875, 0.416824
0.058125, 0.420591
0.055625, 0.417475
0.053750, 0.418250
0.056875, 0.416222
0.053750, 0.418609
0.058125, 0.417305
0.053125, 0.417810
0.053750, 0.420193
0.046875, 0.417288
0.060000, 0.417604
0.058750, 0.419046
0.050000, 0.417637
0.053750, 0.417712
0.050625, 0.417278
0.060625, 0.422115
0.053750, 0.418181
0.058750, 0.416476
0.048750, 0.419688
0.054375, 0.421032
0.054375, 0.415787
0.057500, 0.422720
0.048750, 0.418417
0.055000, 0.413488
0.060000, 0.420057
0.047500, 0.415591

====================================================================
Flow ID: 1028 | Shape: (30, 2)
Features: [Size/1600, IAT/0.1]
--------------------------------------------------------------------
0.056875, 0.000000
0.048125, 0.418328
0.055000, 0.416985
0.056250, 0.417177
0.047500, 0.294126
0.050625, 0.418927
0.055625, 0.392769
0.043125, 0.417199
0.060625, 0.411710
0.045625, 0.414672
0.045625, 0.422916
0.051250, 0.416883
0.058125, 0.417641
0.057500, 0.420301
0.056250, 0.419810
0.042500, 0.418145
0.058125, 0.418862
0.057500, 0.416424
0.058125, 0.417409
0.060000, 0.406482
0.058125, 0.414479
0.058125, 0.417794
0.060000, 0.417177
0.058750, 0.417943
0.056250, 0.414556
0.056875, 0.417980
0.056250, 0.417502
0.057500, 0.419125
0.054375, 0.424845
0.044375, 0.419783

====================================================================
Flow ID: 1029 | Shape: (30, 2)
Features: [Size/1600, IAT/0.1]
--------------------------------------------------------------------
0.047500, 0.000000
0.056875, 0.419044
0.054375, 0.419021
0.053750, 0.417767
0.050625, 0.416696
0.049375, 0.414808
0.060000, 0.424247
0.041250, 0.418954
0.049375, 0.417421
0.050000, 0.423688
0.043125, 0.403662
0.056250, 0.417562
0.056875, 0.416909
0.050000, 0.418916
0.050000, 0.411496
0.050625, 0.397306
0.051875, 0.417826
0.056875, 0.324288
0.058750, 0.421142
0.053750, 0.417277
0.060625, 0.417252
0.058125, 0.416868
0.055625, 0.416405
0.058750, 0.415995
0.059375, 0.415802
0.056875, 0.421079
0.050625, 0.414523
0.055000, 0.418651
0.061875, 0.418188
0.056250, 0.417169

====================================================================
Flow ID: 1030 | Shape: (30, 2)
Features: [Size/1600, IAT/0.1]
--------------------------------------------------------------------
0.050000, 0.000000
0.051875, 0.410816
0.060000, 0.423338
0.050625, 0.417502
0.045625, 0.414420
0.049375, 0.417589
0.057500, 0.418080
0.045625, 0.418640
0.058125, 0.417731
0.050000, 0.417264
0.056875, 0.840166
0.056875, 0.419512
0.055625, 0.418282
0.047500, 0.417540
0.055625, 0.412126
0.058125, 0.406808
0.045000, 0.417670
0.043125, 0.424873
0.046250, 0.416937
0.046875, 0.416339
0.056250, 0.000145
0.056875, 0.416822
0.049375, 0.410132
0.058125, 0.430800
0.055625, 0.414037
0.045625, 0.383015
0.056875, 0.416192
0.053125, 0.417636
0.057500, 0.415324
0.055625, 0.415240

====================================================================
Flow ID: 1032 | Shape: (30, 2)
Features: [Size/1600, IAT/0.1]
--------------------------------------------------------------------
0.055000, 0.000000
0.043125, 0.413354
0.056875, 0.417592
0.056250, 0.421604
0.046875, 0.373982
0.046250, 0.407949
0.056250, 0.401956
0.050000, 0.418537
0.056875, 0.416635
0.057500, 0.417717
0.045625, 0.422710
0.050000, 0.431590
0.045625, 0.414518
0.055000, 0.417288
0.046250, 0.424832
0.049375, 0.417232
0.053125, 0.416995
0.060000, 0.418446
0.048750, 0.414697
0.053125, 0.418745
0.053750, 0.417198
0.056250, 0.417681
0.046250, 0.418736
0.056250, 0.367524
0.042500, 0.418055
0.060000, 0.421548
0.050625, 0.417173
0.041250, 0.418983
0.058125, 0.412278
0.061250, 0.418827

====================================================================
Flow ID: 1034 | Shape: (30, 2)
Features: [Size/1600, IAT/0.1]
--------------------------------------------------------------------
0.053125, 0.000000
0.058125, 0.418598
0.056250, 0.417148
0.056250, 0.416017
0.055000, 0.433027
0.055000, 0.422695
0.056250, 0.409248
0.055000, 0.412124
0.044375, 0.418996
0.055000, 0.417587
0.049375, 0.430339
0.048750, 0.420128
0.056250, 0.417759
0.056875, 0.417458
0.046250, 0.417218
0.053750, 0.397673
0.056250, 0.418211
0.046875, 0.435331
0.056875, 0.416899
0.059375, 0.417442
0.053125, 0.417604
0.058750, 0.417160
0.046250, 0.422669
0.054375, 0.417543
0.044375, 0.416374
0.050000, 0.416321
0.055625, 0.416961
0.057500, 0.417521
0.054375, 0.418739
0.047500, 0.418220

====================================================================
Flow ID: 1042 | Shape: (30, 2)
Features: [Size/1600, IAT/0.1]
--------------------------------------------------------------------
0.057500, 0.000000
0.060625, 0.416414
0.050625, 0.527994
0.047500, 0.418584
0.060625, 0.418593
0.056250, 0.418096
0.058750, 0.418122
0.054375, 0.417755
0.049375, 0.417082
0.056250, 0.423407
0.055625, 0.416169
0.055625, 0.416856
0.056250, 0.403119
0.040000, 0.418369
0.062500, 0.417336
0.057500, 0.416066
0.047500, 0.417098
0.055000, 0.400684
0.056250, 0.418353
0.050625, 0.417730
0.046875, 0.418878
0.060625, 0.417549
0.047500, 0.416921
0.058750, 0.415276
0.052500, 0.423494
0.045625, 0.420527
0.048125, 0.417139
0.057500, 0.416489
0.045625, 0.416194
0.044375, 0.417381

====================================================================
Flow ID: 1043 | Shape: (30, 2)
Features: [Size/1600, IAT/0.1]
--------------------------------------------------------------------
0.056250, 0.000000
0.053125, 0.432667
0.046875, 0.419658
0.056875, 0.414836
0.043750, 0.395740
0.055625, 0.419202
0.059375, 0.416198
0.045000, 0.415583
0.057500, 0.376988
0.059375, 0.414278
0.045625, 0.417776
0.056875, 0.416903
0.060000, 0.414640
0.048750, 0.417256
0.057500, 0.424992
0.047500, 0.418459
0.055000, 0.416938
0.060000, 0.417016
0.058125, 0.418486
0.053125, 0.418492
0.055000, 0.419731
0.053125, 0.412024
0.056875, 0.448614
0.051250, 0.413572
0.046875, 0.427556
0.043750, 0.417740
0.043750, 0.417526
0.053125, 0.418552
0.059375, 0.419762
0.061250, 0.416018

====================================================================
Flow ID: 1050 | Shape: (30, 2)
Features: [Size/1600, IAT/0.1]
--------------------------------------------------------------------
0.048125, 0.000000
0.049375, 0.417334
0.040625, 0.418487
0.051875, 0.395601
0.053125, 0.417062
0.061250, 0.496844
0.054375, 0.471204
0.055000, 0.413041
0.045000, 0.442460
0.045625, 0.381662
0.060000, 0.417555
0.058750, 0.420586
0.044375, 0.417240
0.058750, 0.418329
0.046875, 0.418851
0.055000, 0.418251
0.055625, 0.415625
0.053750, 0.415680
0.049375, 0.416631
0.056875, 0.409599
0.056250, 0.417309
0.056875, 0.418516
0.060625, 0.414485
0.056250, 0.417466
0.051250, 0.417347
0.055000, 0.418379
0.058125, 0.404934
0.053125, 0.402399
0.051875, 0.418406
0.058750, 0.418308

====================================================================
Flow ID: 1051 | Shape: (30, 2)
Features: [Size/1600, IAT/0.1]
--------------------------------------------------------------------
0.060625, 0.000000
0.061250, 0.417018
0.046250, 0.405642
0.056875, 0.417310
0.056875, 0.420412
0.050625, 0.423842
0.057500, 0.393551
0.056250, 0.415728
0.053125, 0.418546
0.058125, 0.418229
0.052500, 0.419382
0.057500, 0.415632
0.055625, 0.417077
0.052500, 0.418839
0.055000, 0.418345
0.055625, 0.420952
0.050625, 0.418024
0.045625, 0.419401
0.051250, 0.417481
0.046250, 0.415457
0.058750, 0.409444
0.057500, 0.417345
0.057500, 0.417640
0.046875, 0.417767
0.049375, 0.421091
0.058125, 0.405926
0.058125, 0.416857
0.055625, 0.377773
0.056875, 0.417606
0.058750, 0.410100

====================================================================
Flow ID: 1052 | Shape: (30, 2)
Features: [Size/1600, IAT/0.1]
--------------------------------------------------------------------
0.048125, 0.000000
0.058125, 0.417374
0.053750, 0.417151
0.055625, 0.419403
0.057500, 0.416235
0.046875, 0.416057
0.051875, 0.420603
0.056250, 0.417348
0.057500, 0.410610
0.058125, 0.418565
0.056875, 0.407809
0.056250, 0.431565
0.058125, 0.417363
0.060000, 0.416203
0.057500, 0.418681
0.046250, 0.419119
0.058750, 0.416576
0.055625, 0.377611
0.046250, 0.423335
0.059375, 0.418514
0.055000, 0.417121
0.056875, 0.426301
0.056875, 0.419274
0.048750, 0.406548
0.047500, 0.418507
0.050625, 0.417681
0.056875, 0.411355
0.057500, 0.417817
0.058125, 0.419544
0.056875, 0.416446

====================================================================
Flow ID: 1055 | Shape: (30, 2)
Features: [Size/1600, IAT/0.1]
--------------------------------------------------------------------
0.058750, 0.000000
0.049375, 0.416507
0.048125, 0.417527
0.053750, 0.427245
0.058750, 0.415626
0.054375, 0.418735
0.054375, 0.596776
0.056250, 0.412849
0.049375, 0.414392
0.055000, 0.417860
0.043750, 0.412836
0.046875, 0.420403
0.051250, 0.416977
0.058125, 0.165160
0.056250, 0.403678
0.049375, 0.417708
0.045000, 0.428747
0.059375, 0.418437
0.055000, 0.432862
0.056875, 0.418075
0.051250, 0.422743
0.053125, 0.418155
0.043750, 0.417676
0.045625, 0.402776
0.058750, 0.424098
0.053125, 0.417086
0.050625, 0.415615
0.056250, 0.422174
0.053125, 0.415765
0.056875, 0.418784

====================================================================
Flow ID: 1056 | Shape: (30, 2)
Features: [Size/1600, IAT/0.1]
--------------------------------------------------------------------
0.047500, 0.000000
0.050000, 0.400047
0.056875, 0.416474
0.055000, 0.418599
0.060625, 0.412597
0.058125, 0.417942
0.052500, 0.416873
0.055000, 0.417457
0.061875, 0.420227
0.047500, 0.417690
0.054375, 0.440862
0.056250, 0.418107
0.060000, 0.406267
0.043125, 0.417110
0.049375, 0.417443
0.045000, 0.424006
0.045625, 0.417393
0.048125, 0.472231
0.050000, 0.416701
0.051250, 0.417789
0.045625, 0.416399
0.056250, 0.418080
0.059375, 0.414154
0.047500, 0.418028
0.059375, 0.417803
0.050625, 0.419995
0.056250, 0.416687
0.048125, 0.419154
0.052500, 0.417369
0.056875, 0.423144

====================================================================
Flow ID: 1059 | Shape: (30, 2)
Features: [Size/1600, IAT/0.1]
--------------------------------------------------------------------
0.054375, 0.000000
0.058750, 0.417160
0.058750, 0.417914
0.061875, 0.417241
0.053125, 0.419525
0.057500, 0.417303
0.045625, 0.416222
0.054375, 0.418413
0.055000, 0.408528
0.055625, 0.419498
0.047500, 0.417783
0.058125, 0.418585
0.054375, 0.417452
0.056875, 0.418579
0.059375, 0.419999
0.057500, 0.418939
0.049375, 0.417115
0.055000, 0.420455
0.056250, 0.416404
0.046875, 0.414541
0.045625, 0.417105
0.056875, 0.417710
0.055625, 0.434128
0.043125, 0.410122
0.050625, 0.417473
0.043750, 0.427941
0.053125, 0.388766
0.060625, 0.416990
0.043750, 0.415916
0.056875, 0.417377

====================================================================
Flow ID: 1060 | Shape: (30, 2)
Features: [Size/1600, IAT/0.1]
--------------------------------------------------------------------
0.055000, 0.000000
0.059375, 0.418803
0.060000, 0.417690
0.049375, 0.417795
0.058125, 0.420477
0.049375, 0.415861
0.055625, 0.417027
0.043750, 0.418187
0.058750, 0.417606
0.052500, 0.413755
0.058750, 0.414293
0.046875, 0.417743
0.060625, 0.418013
0.055625, 0.406524
0.045625, 0.419154
0.051875, 0.404451
0.056875, 0.414635
0.058750, 0.416281
0.050625, 0.414997
0.058125, 0.378686
0.054375, 0.420592
0.049375, 0.416948
0.045000, 0.418731
0.043750, 0.418667
0.059375, 0.416939
0.051875, 0.418098
0.049375, 0.415320
0.051250, 0.416973
0.047500, 0.417896
0.046875, 0.418830

====================================================================
Flow ID: 1061 | Shape: (30, 2)
Features: [Size/1600, IAT/0.1]
--------------------------------------------------------------------
0.053750, 0.000000
0.045625, 0.416838
0.048125, 0.416832
0.049375, 0.418697
0.059375, 0.190314
0.047500, 0.417633
0.043750, 0.418614
0.055625, 0.416858
0.055000, 0.421144
0.054375, 0.000191
0.042500, 0.418357
0.056250, 0.428768
0.056250, 0.416639
0.058125, 0.417409
0.058125, 0.418611
0.056250, 0.415542
0.060625, 0.409360
0.058750, 0.412764
0.043125, 0.418166
0.055625, 0.418080
0.053125, 0.404196
0.048125, 0.422539
0.055625, 0.415364
0.055000, 0.417785
0.060000, 0.412076
0.057500, 0.419194
0.046875, 0.417477
0.041875, 0.426532
0.056875, 0.417098
0.058750, 0.417183

====================================================================
Flow ID: 1062 | Shape: (30, 2)
Features: [Size/1600, IAT/0.1]
--------------------------------------------------------------------
0.054375, 0.000000
0.056875, 0.416499
0.045625, 0.416879
0.046250, 0.418615
0.047500, 0.417542
0.058125, 0.417892
0.048750, 0.408401
0.057500, 0.417886
0.051875, 0.418402
0.057500, 0.415948
0.056875, 0.314559
0.057500, 0.416714
0.050625, 0.387621
0.059375, 0.417471
0.054375, 0.415467
0.047500, 0.418812
0.049375, 0.416723
0.051875, 0.415691
0.055000, 0.442505
0.041875, 0.417692
0.048125, 0.416327
0.054375, 0.407387
0.054375, 0.417671
0.056250, 0.415715
0.045000, 0.416928
0.056250, 0.419260
0.048125, 0.425741
0.043750, 0.417234
0.055000, 0.418266
0.058750, 0.418110

====================================================================
Flow ID: 1064 | Shape: (30, 2)
Features: [Size/1600, IAT/0.1]
--------------------------------------------------------------------
0.048750, 0.000000
0.058125, 0.424962
0.043750, 0.420222
0.055625, 0.421167
0.049375, 0.418518
0.055625, 0.414873
0.063125, 0.414460
0.049375, 0.418040
0.041250, 0.416896
0.058750, 0.417917
0.058125, 0.421957
0.049375, 0.416308
0.060000, 0.416571
0.051875, 0.419111
0.056875, 0.417694
0.046875, 0.415464
0.057500, 0.418268
0.046875, 0.417481
0.056250, 0.466668
0.055000, 0.417910
0.058125, 0.416761
0.058125, 0.366355
0.046250, 0.403436
0.058125, 0.417626
0.046250, 0.410073
0.052500, 0.419075
0.060625, 0.430966
0.047500, 0.419461
0.047500, 0.415776
0.055625, 0.406000

====================================================================
Flow ID: 1072 | Shape: (30, 2)
Features: [Size/1600, IAT/0.1]
--------------------------------------------------------------------
0.050625, 0.000000
0.057500, 0.411923
0.047500, 0.414895
0.056875, 0.417064
0.047500, 0.418456
0.048125, 0.419048
0.043750, 0.417889
0.046875, 0.414803
0.060000, 0.416428
0.043750, 0.418898
0.053750, 0.415835
0.062500, 0.406409
0.055625, 0.422606
0.058750, 0.412657
0.047500, 0.418417
0.057500, 0.416869
0.061250, 0.417825
0.056250, 0.420123
0.046250, 0.424110
0.056250, 0.417744
0.055625, 0.416494
0.051250, 0.418283
0.059375, 0.418200
0.055625, 0.418828
0.056250, 0.415839
0.058125, 0.417753
0.044375, 0.418689
0.055000, 0.411805
0.060000, 0.420512
0.056875, 0.419753

====================================================================
Flow ID: 1077 | Shape: (30, 2)
Features: [Size/1600, IAT/0.1]
--------------------------------------------------------------------
0.061875, 0.000000
0.052500, 0.416453
0.047500, 0.418178
0.055000, 0.416118
0.060625, 0.426076
0.049375, 0.416993
0.058750, 0.415715
0.051875, 0.399732
0.058125, 0.416816
0.050000, 0.418304
0.055625, 0.418272
0.056250, 0.417935
0.055000, 0.416517
0.054375, 0.417352
0.060625, 0.418674
0.060000, 0.414363
0.054375, 0.422291
0.045625, 0.421606
0.058125, 0.416453
0.052500, 0.419130
0.046875, 0.486492
0.046875, 0.413924
0.058125, 0.412432
0.056250, 0.417014
0.056875, 0.418555
0.060625, 0.420512
0.056250, 0.417675
0.049375, 0.417392
0.046875, 0.417477
0.058125, 0.419821

====================================================================
Flow ID: 1078 | Shape: (30, 2)
Features: [Size/1600, IAT/0.1]
--------------------------------------------------------------------
0.048125, 0.000000
0.058125, 0.416924
0.051250, 0.418368
0.061250, 0.418200
0.055625, 0.416980
0.044375, 0.402603
0.048125, 0.416894
0.046875, 0.423423
0.058750, 0.416991
0.056875, 0.419493
0.058125, 0.417646
0.058125, 0.431219
0.055625, 0.417263
0.046250, 0.418240
0.048750, 0.416434
0.052500, 0.419184
0.056875, 0.418210
0.046250, 0.417480
0.045000, 0.408691
0.053125, 0.411768
0.056875, 0.411943
0.056875, 0.417358
0.058125, 0.152379
0.051875, 0.417676
0.061875, 0.421613
0.054375, 0.420475
0.057500, 0.418165
0.058750, 0.423810
0.046875, 0.416713
0.056250, 0.418550

====================================================================
Flow ID: 1080 | Shape: (30, 2)
Features: [Size/1600, IAT/0.1]
--------------------------------------------------------------------
0.047500, 0.000000
0.057500, 0.419204
0.054375, 0.418309
0.051250, 0.420007
0.058750, 0.415880
0.060000, 0.430172
0.059375, 0.399055
0.059375, 0.411711
0.046875, 0.417644
0.061250, 0.417597
0.055625, 0.305532
0.049375, 0.419791
0.058750, 0.418460
0.060000, 0.418239
0.052500, 0.417987
0.060625, 0.417728
0.060625, 0.411682
0.053750, 0.407737
0.060000, 0.421111
0.054375, 0.418931
0.043750, 0.417496
0.049375, 0.417363
0.055625, 0.397293
0.044375, 0.423745
0.043125, 0.387166
0.046875, 0.417767
0.057500, 0.419701
0.045625, 0.416743
0.046250, 0.416934
0.056875, 0.418403

====================================================================
Flow ID: 1082 | Shape: (30, 2)
Features: [Size/1600, IAT/0.1]
--------------------------------------------------------------------
0.055000, 0.000000
0.054375, 0.417173
0.047500, 0.417464
0.056250, 0.419754
0.048750, 0.416915
0.056250, 0.419245
0.055000, 0.421637
0.056250, 0.410255
0.056250, 0.418631
0.050625, 0.423886
0.056250, 0.416767
0.043750, 0.418468
0.057500, 0.419368
0.054375, 0.417470
0.046875, 0.416067
0.055625, 0.412746
0.046875, 0.419752
0.053125, 0.419740
0.059375, 0.409675
0.055625, 0.430403
0.056250, 0.417745
0.057500, 0.417344
0.055625, 0.417113
0.057500, 0.643436
0.048750, 0.419491
0.055625, 0.421628
0.045000, 0.416544
0.059375, 0.416166
0.055000, 0.414564
0.053750, 0.418988

====================================================================
Flow ID: 1083 | Shape: (30, 2)
Features: [Size/1600, IAT/0.1]
--------------------------------------------------------------------
0.058750, 0.000000
0.045625, 0.420495
0.057500, 0.413919
0.058750, 0.422187
0.057500, 0.417283
0.055625, 0.417746
0.057500, 0.419996
0.048125, 0.416029
0.056875, 0.413151
0.056875, 0.416971
0.056250, 0.417167
0.047500, 0.418019
0.056875, 0.417655
0.057500, 0.417953
0.045000, 0.417796
0.045625, 0.416866
0.060000, 0.418413
0.050000, 0.366486
0.045625, 0.418565
0.048125, 0.420698
0.057500, 0.413245
0.053125, 0.419570
0.058125, 0.414512
0.053125, 0.418785
0.055000, 0.416472
0.055000, 0.417621
0.044375, 0.407632
0.057500, 0.417531
0.055625, 0.414567
0.054375, 0.417753

====================================================================
Flow ID: 1084 | Shape: (30, 2)
Features: [Size/1600, IAT/0.1]
--------------------------------------------------------------------
0.053750, 0.000000
0.057500, 0.417285
0.047500, 0.415827
0.060000, 0.417291
0.058750, 0.416597
0.056875, 0.416683
0.056875, 0.417955
0.044375, 0.418048
0.041250, 0.419786
0.045625, 0.415155
0.046250, 0.415722
0.043750, 0.416443
0.059375, 0.417027
0.056875, 0.419200
0.053750, 0.418494
0.058750, 0.418264
0.054375, 0.417595
0.047500, 0.417210
0.043125, 0.416877
0.061250, 0.416030
0.060625, 0.381014
0.059375, 0.415628
0.056250, 0.396950
0.058750, 0.398652
0.047500, 0.431291
0.054375, 0.417954
0.053125, 0.416111
0.045000, 0.419127
0.056875, 0.417175
0.056875, 0.415557

====================================================================
Flow ID: 1085 | Shape: (30, 2)
Features: [Size/1600, IAT/0.1]
--------------------------------------------------------------------
0.058125, 0.000000
0.060625, 0.423897
0.060625, 0.420079
0.045625, 0.416333
0.052500, 0.418270
0.051875, 0.420801
0.056875, 0.419915
0.055000, 0.416785
0.053750, 0.440314
0.045000, 0.419004
0.058125, 0.406049
0.051250, 0.595968
0.045000, 0.417623
0.045000, 0.415681
0.058125, 0.419080
0.050625, 0.417805
0.056250, 0.417784
0.060625, 0.415806
0.046875, 0.416342
0.042500, 0.417136
0.059375, 0.416114
0.059375, 0.418071
0.047500, 0.411597
0.048125, 0.418065
0.048125, 0.417638
0.058750, 0.418874
0.051875, 0.420773
0.048125, 0.417516
0.046250, 0.419444
0.056875, 0.417299

====================================================================
Flow ID: 1088 | Shape: (30, 2)
Features: [Size/1600, IAT/0.1]
--------------------------------------------------------------------
0.056875, 0.000000
0.057500, 0.417539
0.058125, 0.404452
0.060000, 0.418672
0.058750, 0.417416
0.048125, 0.415582
0.055000, 0.418268
0.054375, 0.418014
0.043750, 0.417359
0.049375, 0.411492
0.055625, 0.423119
0.056250, 0.389637
0.046875, 0.418528
0.056875, 0.420471
0.051250, 0.418235
0.051875, 0.417345
0.051875, 0.410356
0.046250, 0.418838
0.047500, 0.417388
0.058125, 0.418542
0.058125, 0.418469
0.055625, 0.417344
0.056875, 0.417874
0.048750, 0.419336
0.055000, 0.415484
0.048750, 0.424268
0.056875, 0.417877
0.056875, 0.417902
0.051875, 0.414697
0.050000, 0.417852

====================================================================
Flow ID: 1089 | Shape: (30, 2)
Features: [Size/1600, IAT/0.1]
--------------------------------------------------------------------
0.056875, 0.000000
0.056250, 0.410168
0.056875, 0.417922
0.058750, 0.416740
0.058125, 0.417827
0.053125, 0.415194
0.048750, 0.416583
0.054375, 0.417432
0.057500, 0.392905
0.056875, 0.405861
0.056875, 0.415382
0.050000, 0.422084
0.053750, 0.417281
0.053125, 0.418416
0.056250, 0.417305
0.054375, 0.361887
0.059375, 0.413358
0.048750, 0.417701
0.048125, 0.416520
0.053125, 0.422541
0.059375, 0.416354
0.050000, 0.424840
0.047500, 0.417186
0.056250, 0.420173
0.058750, 0.416932
0.059375, 0.421896
0.043750, 0.417197
0.054375, 0.418964
0.058125, 0.417046
0.056875, 0.403297

====================================================================
Flow ID: 1090 | Shape: (30, 2)
Features: [Size/1600, IAT/0.1]
--------------------------------------------------------------------
0.056875, 0.000000
0.054375, 0.419499
0.057500, 0.418301
0.058125, 0.419123
0.055625, 0.410234
0.045000, 0.416047
0.046875, 0.417228
0.045000, 0.417743
0.056250, 0.416195
0.053750, 0.417568
0.060000, 0.419948
0.056875, 0.417990
0.056250, 0.415480
0.058125, 0.417890
0.043125, 0.460145
0.056875, 0.424048
0.056875, 0.417119
0.047500, 0.341816
0.053125, 0.424426
0.060000, 0.418022
0.045625, 0.343287
0.055625, 0.415281
0.056250, 0.418080
0.060625, 0.417766
0.056875, 0.410510
0.048125, 0.418560
0.056250, 0.413353
0.051875, 0.415448
0.060000, 0.417869
0.053125, 0.416722

====================================================================
Flow ID: 1092 | Shape: (30, 2)
Features: [Size/1600, IAT/0.1]
--------------------------------------------------------------------
0.047500, 0.000000
0.056875, 0.418772
0.056250, 0.417929
0.049375, 0.406821
0.047500, 0.417063
0.055000, 0.418077
0.056875, 0.416382
0.050000, 0.417854
0.057500, 0.404350
0.055625, 0.418109
0.051875, 0.424300
0.056875, 0.417137
0.050000, 0.416239
0.058125, 0.415379
0.053750, 0.495953
0.053125, 0.417839
0.041875, 0.421094
0.049375, 0.416491
0.055625, 0.418322
0.056875, 0.476815
0.056250, 0.417979
0.046875, 0.418328
0.056250, 0.417031
0.056250, 0.418487
0.047500, 0.417545
0.056875, 0.419747
0.060625, 0.416934
0.056875, 0.419875
0.056250, 0.416609
0.045000, 0.418082

====================================================================
Flow ID: 1099 | Shape: (30, 2)
Features: [Size/1600, IAT/0.1]
--------------------------------------------------------------------
0.061875, 0.000000
0.051250, 0.415326
0.046875, 0.417880
0.051250, 0.418342
0.047500, 0.414323
0.051875, 0.415623
0.056875, 0.417639
0.060000, 0.418589
0.046250, 0.417480
0.055625, 0.418596
0.043750, 0.418955
0.055625, 0.420457
0.046250, 0.417857
0.053750, 0.417488
0.058750, 0.415864
0.046875, 0.430583
0.058125, 0.417997
0.053750, 0.311648
0.060000, 0.417939
0.056875, 0.418245
0.055000, 0.419020
0.054375, 0.417743
0.056875, 0.520756
0.047500, 0.424492
0.057500, 0.414461
0.045625, 0.416731
0.060000, 0.415886
0.057500, 0.415918
0.056250, 0.426830
0.056250, 0.418395

====================================================================
Flow ID: 1109 | Shape: (30, 2)
Features: [Size/1600, IAT/0.1]
--------------------------------------------------------------------
0.058125, 0.000000
0.061875, 0.416083
0.056875, 0.417655
0.059375, 0.416828
0.056875, 0.409943
0.049375, 0.417932
0.061875, 0.415664
0.058750, 0.412275
0.053750, 0.418539
0.058750, 0.417899
0.051250, 0.417201
0.051875, 0.418212
0.046875, 0.419507
0.053750, 0.422421
0.054375, 0.416632
0.055000, 0.419103
0.051875, 0.416859
0.048750, 0.418801
0.055000, 0.418470
0.060625, 0.417677
0.047500, 0.357421
0.050000, 0.416717
0.046250, 0.416562
0.058750, 0.416855
0.057500, 0.416373
0.055625, 0.419379
0.055625, 0.418106
0.059375, 0.416793
0.055000, 0.420617
0.053750, 0.418277

====================================================================
Flow ID: 1113 | Shape: (30, 2)
Features: [Size/1600, IAT/0.1]
--------------------------------------------------------------------
0.048750, 0.000000
0.048750, 0.419642
0.055000, 0.419828
0.053750, 0.417065
0.056875, 0.383503
0.049375, 0.415040
0.056875, 0.420316
0.043750, 0.142324
0.057500, 0.417163
0.055625, 0.417646
0.051250, 0.417833
0.055000, 0.416694
0.050000, 0.413593
0.058125, 0.422358
0.050000, 0.418000
0.061250, 0.411169
0.056875, 0.423508
0.054375, 0.417256
0.053125, 0.417972
0.050000, 0.419665
0.054375, 0.418594
0.056250, 0.417365
0.048750, 0.418314
0.048750, 0.414254
0.046250, 0.237039
0.045625, 0.417884
0.042500, 0.418921
0.051875, 0.403274
0.056875, 0.417578
0.056250, 0.417290

====================================================================
Flow ID: 1117 | Shape: (30, 2)
Features: [Size/1600, IAT/0.1]
--------------------------------------------------------------------
0.055000, 0.000000
0.061250, 0.413599
0.045000, 0.416407
0.055000, 0.418933
0.053125, 0.417835
0.059375, 0.000151
0.056875, 0.440336
0.055625, 0.417280
0.048750, 0.350578
0.058750, 0.417901
0.055625, 0.425397
0.045000, 0.416888
0.054375, 0.415975
0.050000, 0.418333
0.045625, 0.419812
0.043750, 0.415222
0.055000, 0.417953
0.049375, 0.417882
0.057500, 0.419816
0.056250, 0.418807
0.056875, 0.463405
0.056875, 0.417881
0.055000, 0.417978
0.055000, 0.419177
0.058125, 0.417376
0.048750, 0.415958
0.053125, 0.361948
0.053750, 0.417240
0.057500, 0.415186
0.052500, 0.416170

====================================================================
Flow ID: 1121 | Shape: (30, 2)
Features: [Size/1600, IAT/0.1]
--------------------------------------------------------------------
0.044375, 0.000000
0.053750, 0.417739
0.043750, 0.411052
0.056875, 0.417014
0.046250, 0.417976
0.056875, 0.418379
0.048750, 0.415124
0.058750, 0.422827
0.045625, 0.427191
0.056250, 0.417303
0.041875, 0.416511
0.060000, 0.417208
0.060000, 0.434946
0.059375, 0.417462
0.050625, 0.401523
0.046250, 0.414186
0.050000, 0.418786
0.055625, 0.418373
0.044375, 0.417985
0.057500, 0.417019
0.057500, 0.417001
0.045000, 0.417114
0.048125, 0.637751
0.046875, 0.415212
0.053750, 0.416575
0.055000, 0.415097
0.058125, 0.416803
0.056875, 0.417323
0.047500, 0.412688
0.048125, 0.418083

====================================================================
Flow ID: 1127 | Shape: (30, 2)
Features: [Size/1600, IAT/0.1]
--------------------------------------------------------------------
0.057500, 0.000000
0.043750, 0.418352
0.058125, 0.429367
0.047500, 0.419051
0.058750, 0.417313
0.056875, 0.416199
0.056875, 0.417049
0.055625, 0.418326
0.057500, 0.419240
0.055625, 0.417089
0.056250, 0.416633
0.045625, 0.413622
0.050625, 0.451256
0.048750, 0.416769
0.057500, 0.417764
0.046875, 0.417352
0.059375, 0.419395
0.052500, 0.417347
0.059375, 0.415709
0.060000, 0.413728
0.050000, 0.418941
0.056875, 0.418018
0.045000, 0.420057
0.046875, 0.376592
0.055625, 0.417295
0.048750, 0.352728
0.054375, 0.418816
0.055625, 0.416363
0.060000, 0.417254
0.046875, 0.418647

====================================================================
Flow ID: 1129 | Shape: (30, 2)
Features: [Size/1600, IAT/0.1]
--------------------------------------------------------------------
0.056875, 0.000000
0.054375, 0.416392
0.058750, 0.415175
0.054375, 0.419422
0.048125, 0.416720
0.048125, 0.420214
0.047500, 0.417538
0.051875, 0.416979
0.050000, 0.414320
0.057500, 0.416556
0.051250, 0.417198
0.054375, 0.419669
0.055000, 0.416878
0.040625, 0.417595
0.056875, 0.419651
0.055625, 0.420016
0.056875, 0.416946
0.047500, 0.418118
0.043750, 0.416844
0.054375, 0.418717
0.044375, 0.423371
0.057500, 0.416639
0.056875, 0.401096
0.058750, 0.417595
0.053125, 0.426398
0.054375, 0.416979
0.048125, 0.421741
0.053750, 0.419244
0.055000, 0.416511
0.055000, 0.419107

====================================================================
Flow ID: 1130 | Shape: (30, 2)
Features: [Size/1600, IAT/0.1]
--------------------------------------------------------------------
0.050000, 0.000000
0.055000, 0.416995
0.050625, 0.417230
0.056875, 0.417659
0.050625, 0.417609
0.056875, 0.417900
0.043750, 0.417888
0.050000, 0.420286
0.056875, 0.428065
0.046875, 0.411966
0.059375, 0.417942
0.056250, 0.416845
0.047500, 0.417721
0.060000, 0.419094
0.053750, 0.418052
0.055000, 0.416589
0.045625, 0.416948
0.053750, 0.416556
0.054375, 0.415447
0.050625, 0.417154
0.055000, 0.409147
0.047500, 0.428353
0.045000, 0.416905
0.049375, 0.458357
0.055000, 0.413958
0.048125, 0.419278
0.047500, 0.332018
0.046875, 0.417727
0.045625, 0.418692
0.051250, 0.416492

====================================================================
Flow ID: 1132 | Shape: (30, 2)
Features: [Size/1600, IAT/0.1]
--------------------------------------------------------------------
0.054375, 0.000000
0.056875, 0.417974
0.058750, 0.409221
0.043750, 0.419625
0.042500, 0.419143
0.043750, 0.419491
0.045000, 0.413085
0.046875, 0.416717
0.055625, 0.417145
0.051250, 0.418985
0.048750, 0.418107
0.048125, 0.419552
0.051250, 0.420074
0.049375, 0.418195
0.053750, 0.419046
0.046250, 0.442517
0.047500, 0.416072
0.055000, 0.418735
0.055000, 0.412806
0.060625, 0.418889
0.055625, 0.446596
0.052500, 0.419177
0.061250, 0.415527
0.058125, 0.392347
0.050000, 0.416747
0.050000, 0.418246
0.046250, 0.422965
0.060625, 0.409626
0.047500, 0.422548
0.055000, 0.446092

====================================================================
Flow ID: 1134 | Shape: (30, 2)
Features: [Size/1600, IAT/0.1]
--------------------------------------------------------------------
0.055625, 0.000000
0.056250, 0.419636
0.055625, 0.405290
0.043750, 0.417740
0.045625, 0.418278
0.054375, 0.418048
0.056250, 0.416923
0.045000, 0.415790
0.056250, 0.416866
0.059375, 0.386263
0.060000, 0.207433
0.054375, 0.417140
0.053750, 0.402034
0.045000, 0.612972
0.061875, 0.416480
0.056875, 0.418602
0.056250, 0.417407
0.061250, 0.417744
0.061875, 0.418110
0.051875, 0.417319
0.056250, 0.443293
0.052500, 0.414594
0.046875, 0.422660
0.058125, 0.417651
0.043750, 0.416593
0.059375, 0.417870
0.056250, 0.385643
0.047500, 0.417270
0.056875, 0.416424
0.060000, 0.419636

====================================================================
Flow ID: 1137 | Shape: (30, 2)
Features: [Size/1600, IAT/0.1]
--------------------------------------------------------------------
0.057500, 0.000000
0.055000, 0.415582
0.056875, 0.540955
0.048125, 0.413327
0.055000, 0.417092
0.044375, 0.072816
0.056250, 0.418033
0.046250, 0.411831
0.058125, 0.898470
0.056875, 0.417524
0.047500, 0.418265
0.050000, 0.418662
0.048750, 0.417366
0.049375, 0.417382
0.060000, 0.413329
0.046875, 0.434782
0.057500, 0.418557
0.057500, 0.421717
0.062500, 0.416727
0.045000, 0.416074
0.056250, 0.417983
0.045625, 0.416898
0.059375, 0.416847
0.059375, 0.416866
0.055000, 0.411886
0.046250, 0.416484
0.052500, 0.415960
0.057500, 0.417572
0.045625, 0.417863
0.050625, 0.420332

====================================================================
Flow ID: 1143 | Shape: (30, 2)
Features: [Size/1600, IAT/0.1]
--------------------------------------------------------------------
0.056250, 0.000000
0.053750, 0.411557
0.060625, 0.416881
0.058125, 0.417567
0.049375, 0.418362
0.060000, 0.415573
0.057500, 0.417647
0.050625, 0.416867
0.058125, 0.417301
0.060000, 0.423464
0.058750, 0.417970
0.057500, 0.417740
0.047500, 0.432021
0.058750, 0.416326
0.056250, 0.423342
0.056875, 0.416397
0.057500, 0.417684
0.053750, 0.412151
0.053750, 0.413377
0.055000, 0.419164
0.056250, 0.416710
0.046875, 0.417162
0.056250, 0.419171
0.051250, 0.417875
0.053750, 0.417505
0.052500, 0.416134
0.045000, 0.451817
0.052500, 0.415582
0.056875, 0.419189
0.056875, 0.411920

====================================================================
Flow ID: 1147 | Shape: (30, 2)
Features: [Size/1600, IAT/0.1]
--------------------------------------------------------------------
0.050000, 0.000000
0.047500, 0.417362
0.057500, 0.416899
0.056875, 0.419184
0.059375, 0.416551
0.047500, 0.421628
0.055625, 0.419416
0.053750, 0.412411
0.059375, 0.418012
0.055000, 0.418983
0.047500, 0.429954
0.050625, 0.417201
0.045000, 0.415451
0.055000, 0.416738
0.056875, 0.417871
0.058750, 0.422588
0.058750, 0.415231
0.058125, 0.417719
0.053750, 0.417463
0.047500, 0.418878
0.052500, 0.409484
0.052500, 0.417337
0.055000, 0.418346
0.060625, 0.417725
0.056250, 0.421045
0.050625, 0.427549
0.050625, 0.416996
0.057500, 0.418218
0.056875, 0.424503
0.056250, 0.418181

====================================================================
Flow ID: 1148 | Shape: (30, 2)
Features: [Size/1600, IAT/0.1]
--------------------------------------------------------------------
0.054375, 0.000000
0.051875, 0.423903
0.055625, 0.411817
0.053750, 0.444285
0.050000, 0.418061
0.059375, 0.419390
0.061250, 0.418066
0.048125, 0.417368
0.053125, 0.417240
0.055000, 0.424885
0.060000, 0.417384
0.043750, 0.416762
0.058125, 0.426415
0.055625, 0.410396
0.048125, 0.417254
0.043125, 0.417540
0.058125, 0.415933
0.054375, 0.420025
0.055000, 0.413057
0.055625, 0.422356
0.057500, 0.401234
0.045000, 0.422455
0.045000, 0.356771
0.056875, 0.416939
0.048125, 0.413183
0.051250, 0.417073
0.050000, 0.416991
0.055000, 0.417296
0.056875, 0.417492
0.054375, 0.320549
