
====================================================================
Flow ID: 514 | Shape: (30, 2)
Features: [Size/1600, IAT/0.1]
--------------------------------------------------------------------
0.058750, 0.000000
0.057500, 0.417162
0.056875, 0.418282
0.046875, 0.420859
0.049375, 0.422006
0.055625, 0.420667
0.051875, 0.412685
0.052500, 0.417834
0.050000, 0.417858
0.045000, 0.406084
0.055625, 0.417936
0.044375, 0.418163
0.056250, 0.417258
0.057500, 0.379383
0.057500, 0.415766
0.057500, 0.422562
0.055625, 0.417151
0.060625, 0.417969
0.046875, 0.441154
0.056875, 0.418624
0.058125, 0.415506
0.048125, 0.419077
0.050000, 0.418255
0.058125, 0.428760
0.054375, 0.418492
0.058125, 0.415717
0.045625, 0.412896
0.051250, 0.355829
0.056875, 0.423086
0.056250, 0.417786

====================================================================
Flow ID: 516 | Shape: (30, 2)
Features: [Size/1600, IAT/0.1]
--------------------------------------------------------------------
0.059375, 0.000000
0.056250, 0.419794
0.057500, 0.417677
0.046875, 0.417997
0.050625, 0.418498
0.048125, 0.414754
0.056875, 0.417420
0.044375, 0.357632
0.056875, 0.417224
0.055000, 0.422926
0.056250, 0.381245
0.052500, 0.456722
0.057500, 0.417570
0.053750, 0.418183
0.056875, 0.416809
0.050000, 0.421706
0.052500, 0.425637
0.056250, 0.417513
0.054375, 0.415739
0.050000, 0.417955
0.057500, 0.419123
0.055000, 0.419505
0.054375, 0.415493
0.053750, 0.424190
0.055000, 0.417340
0.046250, 0.416992
0.053750, 0.417036
0.049375, 0.418208
0.044375, 0.417164
0.056875, 0.414402

====================================================================
Flow ID: 523 | Shape: (30, 2)
Features: [Size/1600, IAT/0.1]
--------------------------------------------------------------------
0.048125, 0.000000
0.049375, 0.431590
0.056875, 0.413744
0.058750, 0.417159
0.048125, 0.417936
0.057500, 0.415834
0.062500, 0.417122
0.056875, 0.423496
0.049375, 0.418955
0.059375, 0.417383
0.045000, 0.273659
0.060625, 0.417264
0.057500, 0.418610
0.058125, 0.416708
0.055625, 0.417706
0.060625, 1.000000
0.055625, 0.407007
0.056875, 0.417389
0.048125, 0.456071
0.048750, 0.411402
0.060625, 0.415500
0.058125, 0.418594
0.057500, 0.418443
0.044375, 0.416684
0.044375, 0.418748
0.060625, 0.418136
0.051250, 0.417600
0.048125, 0.418489
0.061250, 0.417190
0.056875, 0.416153

====================================================================
Flow ID: 524 | Shape: (30, 2)
Features: [Size/1600, IAT/0.1]
--------------------------------------------------------------------
0.046875, 0.000000
0.053125, 0.411025
0.044375, 0.416759
0.059375, 0.419054
0.048750, 0.413296
0.059375, 0.421606
0.049375, 0.421056
0.053750, 0.420257
0.049375, 0.417850
0.058750, 0.417615
0.059375, 0.418534
0.046250, 0.422480
0.048125, 0.418640
0.056250, 0.416854
0.052500, 0.418493
0.058750, 0.414658
0.061875, 0.418314
0.055625, 0.417361
0.047500, 0.417521
0.051875, 0.420353
0.057500, 0.412433
0.056250, 0.479190
0.045625, 0.510707
0.058750, 0.459133
0.056250, 0.412059
0.046250, 0.415544
0.059375, 0.417909
0.050000, 0.416616
0.057500, 0.415787
0.049375, 0.418710

====================================================================
Flow ID: 530 | Shape: (30, 2)
Features: [Size/1600, IAT/0.1]
--------------------------------------------------------------------
0.057500, 0.000000
0.049375, 0.427662
0.048750, 0.417233
0.050625, 0.417876
0.049375, 0.420498
0.046250, 0.413638
0.047500, 0.417757
0.045000, 0.429714
0.056250, 0.411906
0.046250, 0.417560
0.060000, 0.418111
0.055000, 0.418277
0.060000, 0.416061
0.050625, 0.417486
0.055000, 0.419445
0.055625, 0.419269
0.049375, 0.417127
0.057500, 0.418697
0.058125, 0.426626
0.053750, 0.417473
0.057500, 0.424773
0.058125, 0.410473
0.059375, 0.344159
0.055000, 0.429447
0.056250, 0.417824
0.057500, 0.418205
0.056250, 0.419014
0.051875, 0.358417
0.058125, 0.416088
0.048750, 0.373143

====================================================================
Flow ID: 536 | Shape: (30, 2)
Features: [Size/1600, IAT/0.1]
--------------------------------------------------------------------
0.051250, 0.000000
0.055000, 0.418276
0.061250, 0.426354
0.046875, 0.418089
0.060000, 0.414756
0.060000, 0.417465
0.046875, 0.418035
0.046875, 0.417336
0.045625, 0.415798
0.046875, 0.417855
0.060000, 0.417508
0.054375, 0.417043
0.047500, 0.419470
0.058750, 0.416774
0.058750, 0.416431
0.048125, 0.418536
0.046875, 0.468072
0.059375, 0.419103
0.053125, 0.442981
0.047500, 0.417534
0.049375, 0.415000
0.043125, 0.414394
0.048125, 0.350554
0.055000, 0.390412
0.045625, 0.418280
0.046250, 0.415607
0.057500, 0.416862
0.049375, 0.417067
0.055000, 0.417906
0.049375, 0.416535

====================================================================
Flow ID: 542 | Shape: (30, 2)
Features: [Size/1600, IAT/0.1]
--------------------------------------------------------------------
0.061250, 0.000000
0.053125, 0.418333
0.056875, 0.417194
0.050625, 0.418438
0.051875, 0.417134
0.048750, 0.415606
0.061250, 0.419325
0.049375, 0.419681
0.060000, 0.415756
0.049375, 0.409557
0.060625, 0.417508
0.046875, 0.416973
0.046250, 0.450476
0.053750, 0.411207
0.057500, 0.412869
0.055000, 0.000147
0.055625, 0.416781
0.056875, 0.409473
0.060000, 0.417469
0.060000, 0.418338
0.061875, 0.415926
0.043125, 0.415560
0.045000, 0.418406
0.048750, 0.410587
0.050625, 0.429420
0.056250, 0.414979
0.055625, 0.419575
0.048125, 0.419158
0.055000, 0.416975
0.047500, 0.428552

====================================================================
Flow ID: 545 | Shape: (30, 2)
Features: [Size/1600, IAT/0.1]
--------------------------------------------------------------------
0.050625, 0.000000
0.045625, 0.423514
0.055000, 0.417574
0.055625, 0.419719
0.054375, 0.418439
0.048125, 0.417107
0.057500, 0.419609
0.056875, 0.643058
0.041250, 0.417799
0.055000, 0.417879
0.050000, 0.416985
0.061875, 0.418471
0.045625, 0.415760
0.060000, 0.420005
0.043750, 0.406593
0.059375, 0.418146
0.053750, 0.416914
0.056875, 0.420067
0.056875, 0.418355
0.050625, 0.415418
0.048125, 0.417953
0.047500, 0.418381
0.049375, 0.425544
0.058125, 0.429791
0.046250, 0.417797
0.048750, 0.415988
0.057500, 0.418518
0.046875, 0.417019
0.043125, 0.432168
0.061250, 0.417297

====================================================================
Flow ID: 546 | Shape: (30, 2)
Features: [Size/1600, IAT/0.1]
--------------------------------------------------------------------
0.047500, 0.000000
0.057500, 0.421445
0.048750, 0.419467
0.057500, 0.422900
0.055625, 0.423349
0.043750, 0.424506
0.060000, 0.418795
0.054375, 0.425650
0.058125, 0.417327
0.048125, 0.414274
0.057500, 0.409624
0.050000, 0.418056
0.056250, 0.418028
0.051875, 1.000000
0.056875, 0.418019
0.048125, 0.416622
0.049375, 0.419325
0.050625, 0.417696
0.057500, 0.419246
0.046875, 0.417328
0.047500, 0.418278
0.046250, 0.416741
0.060000, 0.417767
0.049375, 0.407463
0.056250, 0.418803
0.056875, 0.416081
0.042500, 0.415738
0.051250, 0.415649
0.050000, 0.416869
0.055625, 0.417314

====================================================================
Flow ID: 547 | Shape: (30, 2)
Features: [Size/1600, IAT/0.1]
--------------------------------------------------------------------
0.058750, 0.000000
0.059375, 0.417586
0.058750, 0.418144
0.051875, 0.433886
0.056250, 0.416878
0.050625, 0.328456
0.060000, 0.420943
0.059375, 0.418436
0.058125, 0.416194
0.054375, 0.421234
0.053125, 0.415899
0.055000, 0.419158
0.045000, 0.432871
0.055625, 0.417192
0.046250, 0.417597
0.045000, 0.421999
0.047500, 0.415598
0.053125, 0.411470
0.052500, 0.472048
0.061250, 0.429515
0.054375, 0.417052
0.061875, 0.407696
0.054375, 0.417310
0.055000, 0.419927
0.056875, 0.444057
0.052500, 0.408878
0.058125, 0.420236
0.059375, 0.414158
0.058125, 0.416710
0.052500, 0.423200

====================================================================
Flow ID: 550 | Shape: (30, 2)
Features: [Size/1600, IAT/0.1]
--------------------------------------------------------------------
0.056875, 0.000000
0.056875, 0.425044
0.051875, 0.418155
0.045000, 0.417717
0.048125, 0.417758
0.055000, 0.417653
0.056875, 0.418755
0.050625, 0.419172
0.057500, 0.417317
0.051875, 0.418328
0.060625, 0.527565
0.046875, 0.418399
0.055625, 0.418500
0.057500, 0.420209
0.057500, 0.417562
0.056250, 0.418436
0.055000, 0.417076
0.056875, 0.416812
0.055000, 0.417822
0.058125, 0.416567
0.058750, 0.414573
0.046875, 0.418685
0.055625, 0.411963
0.057500, 0.415782
0.049375, 0.418245
0.050000, 0.419954
0.056875, 0.417789
0.056875, 0.417298
0.047500, 0.433326
0.058750, 0.417843

====================================================================
Flow ID: 551 | Shape: (30, 2)
Features: [Size/1600, IAT/0.1]
--------------------------------------------------------------------
0.059375, 0.000000
0.058125, 0.417517
0.058125, 0.417923
0.060625, 0.416503
0.059375, 0.410002
0.060000, 0.414088
0.057500, 0.416940
0.050000, 0.417061
0.056250, 0.141075
0.046875, 0.403770
0.043750, 0.417210
0.055625, 0.414235
0.053750, 0.416550
0.057500, 0.435498
0.055000, 0.414519
0.057500, 0.413261
0.053125, 0.417857
0.056250, 0.423789
0.057500, 0.416047
0.056250, 0.417772
0.056875, 0.418915
0.050625, 0.408958
0.056250, 0.419573
0.047500, 0.417278
0.055625, 0.417555
0.058750, 0.419107
0.051875, 0.417758
0.048750, 0.417621
0.055625, 0.415933
0.055625, 0.412372

====================================================================
Flow ID: 553 | Shape: (30, 2)
Features: [Size/1600, IAT/0.1]
--------------------------------------------------------------------
0.051250, 0.000000
0.056250, 0.421070
0.057500, 0.418193
0.048125, 0.418477
0.060000, 0.409692
0.044375, 0.414640
0.058125, 0.420942
0.051250, 0.417622
0.058750, 0.418652
0.057500, 0.417758
0.045625, 0.000159
0.055625, 0.416965
0.061875, 0.415858
0.058125, 0.414665
0.050625, 0.416927
0.053125, 0.417412
0.046250, 0.423862
0.050625, 0.417724
0.045625, 0.415831
0.055000, 0.417622
0.057500, 0.420908
0.054375, 0.418530
0.045625, 0.406726
0.056875, 0.416120
0.052500, 0.417295
0.045000, 0.409726
0.048125, 0.417085
0.058750, 0.415105
0.060625, 0.417221
0.056250, 0.573758

====================================================================
Flow ID: 555 | Shape: (30, 2)
Features: [Size/1600, IAT/0.1]
--------------------------------------------------------------------
0.048125, 0.000000
0.050625, 0.417059
0.048125, 0.417375
0.057500, 0.416802
0.046875, 0.419512
0.053750, 0.418175
0.054375, 0.418104
0.058750, 0.417030
0.047500, 0.416996
0.059375, 0.417769
0.046875, 0.416914
0.056250, 0.411919
0.054375, 0.417355
0.059375, 0.407814
0.057500, 0.415508
0.055000, 0.376829
0.055625, 0.418767
0.057500, 0.414278
0.044375, 0.416203
0.050625, 0.417465
0.051250, 0.420315
0.058125, 0.418151
0.046250, 0.413026
0.051250, 0.417078
0.060000, 0.416696
0.059375, 0.417267
0.058750, 0.418039
0.046875, 0.416925
0.054375, 0.429710
0.046250, 0.414005

====================================================================
Flow ID: 556 | Shape: (30, 2)
Features: [Size/1600, IAT/0.1]
--------------------------------------------------------------------
0.056250, 0.000000
0.043750, 0.417388
0.055625, 0.417323
0.049375, 0.421537
0.057500, 0.417555
0.057500, 0.418724
0.046875, 0.417550
0.050000, 0.419264
0.055625, 0.418085
0.056250, 0.414156
0.054375, 0.433564
0.050625, 0.416439
0.060000, 0.411419
0.046875, 0.420237
0.055000, 0.419895
0.056875, 0.418198
0.056875, 0.417528
0.060000, 0.412187
0.044375, 0.417350
0.061250, 0.415080
0.050625, 0.392161
0.062500, 0.416036
0.055625, 0.418282
0.056875, 0.415478
0.055000, 0.417549
0.045625, 0.419074
0.055000, 0.417748
0.058125, 0.417614
0.049375, 1.000000
0.056250, 0.419013

====================================================================
Flow ID: 560 | Shape: (30, 2)
Features: [Size/1600, IAT/0.1]
--------------------------------------------------------------------
0.060625, 0.000000
0.056875, 0.403666
0.046250, 0.418339
0.057500, 0.419021
0.056250, 0.434476
0.055625, 0.383088
0.046875, 0.417679
0.056875, 0.417220
0.046875, 0.417444
0.057500, 0.387964
0.048125, 0.417716
0.060625, 0.414399
0.055625, 0.416751
0.053750, 0.416549
0.057500, 0.419990
0.055000, 0.416078
0.055000, 0.418185
0.056875, 0.417846
0.057500, 0.417837
0.047500, 0.416772
0.060000, 0.418459
0.055625, 0.417445
0.043750, 0.426696
0.045000, 0.416551
0.058125, 0.417801
0.048125, 0.417921
0.042500, 0.417328
0.043750, 0.418065
0.044375, 0.411776
0.053125, 0.415432

====================================================================
Flow ID: 563 | Shape: (30, 2)
Features: [Size/1600, IAT/0.1]
--------------------------------------------------------------------
0.056875, 0.000000
0.057500, 0.419907
0.060625, 0.417661
0.056875, 0.414872
0.058125, 0.414518
0.046250, 0.416421
0.050625, 0.419579
0.056250, 0.420033
0.056250, 0.418290
0.057500, 0.411013
0.050000, 0.416734
0.063125, 0.418443
0.048125, 1.000000
0.057500, 0.397729
0.053125, 0.417081
0.057500, 0.390227
0.057500, 0.425446
0.051250, 0.455192
0.058750, 0.417810
0.057500, 0.417332
0.045000, 0.418485
0.044375, 0.419497
0.058125, 0.417382
0.056250, 0.418303
0.048750, 0.425930
0.045000, 0.435997
0.055625, 0.412547
0.055000, 0.207001
0.051875, 0.420354
0.048750, 0.420025

====================================================================
Flow ID: 565 | Shape: (30, 2)
Features: [Size/1600, IAT/0.1]
--------------------------------------------------------------------
0.058750, 0.000000
0.059375, 0.418512
0.054375, 0.426236
0.049375, 0.422088
0.057500, 0.416119
0.055625, 0.414642
0.060000, 0.412923
0.052500, 0.416041
0.056250, 0.420835
0.056875, 0.420763
0.052500, 0.417823
0.058750, 0.418253
0.044375, 0.385787
0.046875, 0.417556
0.055000, 0.417353
0.056875, 0.418246
0.053125, 0.419758
0.055625, 0.417912
0.046250, 0.418995
0.049375, 0.418109
0.058750, 0.416293
0.053125, 0.416861
0.057500, 0.399012
0.047500, 0.419673
0.060625, 0.415600
0.055625, 0.420145
0.060000, 0.429649
0.058125, 0.416866
0.043750, 0.418241
0.060000, 0.417705

====================================================================
Flow ID: 568 | Shape: (30, 2)
Features: [Size/1600, IAT/0.1]
--------------------------------------------------------------------
0.050000, 0.000000
0.048125, 0.418378
0.057500, 0.416805
0.057500, 0.418038
0.046250, 0.426446
0.051875, 0.417413
0.051875, 0.400350
0.045625, 0.420110
0.056875, 0.417607
0.055625, 0.330964
0.052500, 0.000153
0.051250, 0.417180
0.046875, 0.417188
0.060000, 0.416772
0.055625, 0.400284
0.050000, 0.410940
0.057500, 0.417979
0.055625, 0.699783
0.046875, 0.419260
0.057500, 0.413080
0.048125, 0.402749
0.054375, 0.417373
0.046250, 0.464749
0.048750, 0.418054
0.050000, 0.683350
0.050000, 0.463124
0.059375, 0.417084
0.053750, 0.418048
0.050000, 0.417021
0.058125, 0.416957

====================================================================
Flow ID: 575 | Shape: (30, 2)
Features: [Size/1600, IAT/0.1]
--------------------------------------------------------------------
0.056250, 0.000000
0.043750, 0.446301
0.053125, 0.417017
0.058125, 0.418487
0.059375, 0.407591
0.050000, 0.419006
0.058125, 0.416479
0.046250, 0.417598
0.046875, 0.417178
0.056875, 0.400358
0.051875, 0.347878
0.043125, 0.417305
0.056875, 0.416781
0.056875, 0.370180
0.048750, 0.417103
0.060625, 0.442678
0.055625, 0.417035
0.048125, 0.417472
0.049375, 0.416626
0.044375, 0.417525
0.058125, 0.416269
0.059375, 0.417773
0.043750, 0.416742
0.053750, 0.418659
0.050625, 0.417071
0.048125, 0.426787
0.056250, 0.418842
0.048125, 0.419737
0.058750, 0.417350
0.055625, 0.408534

====================================================================
Flow ID: 579 | Shape: (30, 2)
Features: [Size/1600, IAT/0.1]
--------------------------------------------------------------------
0.056875, 0.000000
0.063125, 0.418074
0.059375, 0.417361
0.048750, 0.418748
0.048125, 0.419337
0.043750, 0.419308
0.058125, 0.417937
0.055000, 0.418921
0.057500, 1.000000
0.055625, 0.416144
0.058125, 0.424909
0.045625, 0.416967
0.055625, 0.410494
0.056250, 0.417161
0.055625, 0.417538
0.053750, 0.418598
0.046250, 0.417693
0.056250, 0.429772
0.056250, 0.410710
0.045000, 0.418637
0.051250, 0.417586
0.055000, 0.407483
0.056250, 0.397168
0.056250, 0.414205
0.050625, 0.413518
0.046250, 0.417152
0.050625, 0.417767
0.060000, 0.416257
0.048750, 0.417921
0.047500, 0.416615

====================================================================
Flow ID: 580 | Shape: (30, 2)
Features: [Size/1600, IAT/0.1]
--------------------------------------------------------------------
0.051250, 0.000000
0.052500, 0.417966
0.056875, 0.417854
0.047500, 0.416477
0.050625, 0.420105
0.054375, 0.427870
0.046875, 0.416238
0.060625, 0.418633
0.058750, 0.416729
0.057500, 0.418342
0.048750, 0.416609
0.051875, 0.416428
0.045000, 0.421436
0.048125, 0.416871
0.050625, 0.416688
0.044375, 0.416945
0.058125, 0.416807
0.058125, 0.417983
0.060625, 0.417981
0.047500, 0.416279
0.058125, 0.422325
0.048750, 0.000151
0.057500, 0.417801
0.045000, 0.417539
0.058750, 0.417902
0.051250, 0.414239
0.051875, 0.420709
0.057500, 0.416217
0.046875, 0.417089
0.061250, 0.416928

====================================================================
Flow ID: 581 | Shape: (30, 2)
Features: [Size/1600, IAT/0.1]
--------------------------------------------------------------------
0.048750, 0.000000
0.053750, 0.416467
0.055000, 0.417837
0.059375, 0.419164
0.056875, 0.427491
0.045625, 0.415916
0.051250, 0.417416
0.048750, 0.416925
0.056250, 0.416002
0.048125, 0.418503
0.055000, 0.410106
0.054375, 0.417207
0.053125, 0.418677
0.058750, 0.456224
0.060000, 0.415177
0.056875, 0.416744
0.049375, 0.465157
0.052500, 0.413460
0.048125, 0.366298
0.050000, 0.417035
0.053750, 0.416774
0.057500, 0.418447
0.048125, 0.419145
0.048125, 0.419971
0.055000, 0.416233
0.045625, 0.419962
0.056250, 0.417872
0.058125, 0.417935
0.056875, 0.417785
0.058750, 0.394980

====================================================================
Flow ID: 582 | Shape: (30, 2)
Features: [Size/1600, IAT/0.1]
--------------------------------------------------------------------
0.052500, 0.000000
0.055625, 0.424379
0.044375, 0.417405
0.050000, 0.420068
0.054375, 0.417280
0.056875, 0.415856
0.058125, 0.418148
0.053750, 0.416350
0.045000, 0.419299
0.045625, 0.421498
0.046875, 0.416606
0.055000, 0.000443
0.050000, 0.417658
0.058750, 0.415419
0.053125, 0.417771
0.058125, 0.419239
0.043125, 0.408410
0.057500, 0.416812
0.053750, 0.409458
0.045000, 0.417489
0.058750, 0.415959
0.055625, 0.416681
0.043750, 0.440394
0.055000, 0.417311
0.055000, 0.415548
0.047500, 0.417899
0.048750, 0.415912
0.056875, 0.418447
0.057500, 0.416562
0.043125, 0.414480

====================================================================
Flow ID: 583 | Shape: (30, 2)
Features: [Size/1600, IAT/0.1]
--------------------------------------------------------------------
0.049375, 0.000000
0.048750, 0.419546
0.056250, 0.417756
0.051250, 0.418497
0.046875, 0.417717
0.046250, 0.418208
0.058125, 0.417419
0.055625, 0.415260
0.060000, 0.417825
0.056875, 0.405828
0.056875, 0.418594
0.055000, 0.418700
0.051875, 0.416027
0.056250, 0.418300
0.053750, 0.400735
0.057500, 0.421421
0.047500, 0.418046
0.058750, 0.414191
0.056250, 0.429495
0.057500, 0.418145
0.047500, 0.418707
0.047500, 0.418100
0.057500, 0.417346
0.055000, 0.418515
0.049375, 0.416995
0.045625, 0.504269
0.053750, 0.415939
0.059375, 0.417526
0.056250, 0.409736
0.052500, 0.419480

====================================================================
Flow ID: 584 | Shape: (30, 2)
Features: [Size/1600, IAT/0.1]
--------------------------------------------------------------------
0.056250, 0.000000
0.060000, 0.415252
0.055000, 0.409004
0.058750, 0.000153
0.055000, 0.416691
0.051875, 0.417508
0.046250, 0.422383
0.060625, 0.417570
0.046250, 0.417623
0.046250, 0.417558
0.046250, 0.414284
0.058750, 0.426495
0.061250, 0.411994
0.055000, 0.409757
0.046250, 0.426126
0.058750, 0.419658
0.056875, 0.419029
0.053750, 0.338335
0.048750, 0.415856
0.048125, 0.415792
0.046250, 0.418013
0.055625, 0.416890
0.047500, 0.414934
0.057500, 0.416585
0.046250, 0.415651
0.060000, 0.428247
0.047500, 0.415307
0.046875, 0.448956
0.046250, 0.413600
0.057500, 0.418085

====================================================================
Flow ID: 585 | Shape: (30, 2)
Features: [Size/1600, IAT/0.1]
--------------------------------------------------------------------
0.063125, 0.000000
0.045000, 0.420535
0.061250, 0.416917
0.058125, 0.419135
0.046875, 0.419525
0.045625, 0.417209
0.051250, 0.417728
0.051875, 0.428860
0.047500, 0.418264
0.056250, 0.414227
0.052500, 0.421551
0.056875, 0.416763
0.046875, 0.418784
0.058125, 0.416162
0.053125, 0.415556
0.057500, 0.422164
0.056250, 0.409565
0.058125, 0.417509
0.060000, 0.417378
0.052500, 0.417740
0.052500, 0.418834
0.058125, 0.417229
0.046875, 0.413646
0.046250, 0.418976
0.047500, 0.418149
0.044375, 0.417342
0.058750, 0.417753
0.056250, 0.417011
0.055000, 0.485063
0.053750, 0.412355

====================================================================
Flow ID: 586 | Shape: (30, 2)
Features: [Size/1600, IAT/0.1]
--------------------------------------------------------------------
0.055625, 0.000000
0.056250, 0.418541
0.060625, 0.414424
0.056250, 0.418524
0.048125, 0.416389
0.053125, 0.417939
0.051875, 0.415946
0.050000, 0.417939
0.059375, 0.461380
0.058125, 0.420218
0.056875, 0.428856
0.058125, 0.409809
0.058750, 0.415132
0.046250, 0.417528
0.048750, 0.416462
0.053750, 0.417694
0.055000, 0.420143
0.057500, 0.418120
0.055625, 0.416794
0.056875, 0.418560
0.057500, 0.415816
0.046875, 0.424984
0.058125, 0.426192
0.045000, 0.416456
0.047500, 0.418184
0.053750, 0.416698
0.057500, 0.413527
0.042500, 0.442898
0.042500, 0.417700
0.048750, 0.417604

====================================================================
Flow ID: 587 | Shape: (30, 2)
Features: [Size/1600, IAT/0.1]
--------------------------------------------------------------------
0.056875, 0.000000
0.058750, 0.417498
0.060000, 0.417058
0.058125, 0.419805
0.056250, 0.416195
0.043125, 0.431297
0.058125, 0.409260
0.054375, 0.407056
0.046875, 0.409155
0.058125, 0.417204
0.054375, 0.421507
0.058125, 0.416226
0.057500, 0.416933
0.055000, 0.417842
0.058750, 0.418977
0.060625, 0.397262
0.056875, 0.418542
0.056875, 0.417790
0.045625, 0.416918
0.056250, 0.420410
0.060625, 0.421660
0.060625, 0.418294
0.046250, 0.416760
0.057500, 0.416567
0.055000, 0.417588
0.055000, 0.417620
0.055625, 0.430216
0.056250, 0.414271
0.050625, 0.416389
0.050625, 0.417063

====================================================================
Flow ID: 589 | Shape: (30, 2)
Features: [Size/1600, IAT/0.1]
--------------------------------------------------------------------
0.048750, 0.000000
0.040625, 0.418608
0.044375, 0.417003
0.055000, 0.417383
0.058125, 0.419040
0.053750, 0.415249
0.054375, 0.417413
0.048125, 0.417902
0.055625, 0.415546
0.058750, 0.417494
0.059375, 0.421460
0.048750, 0.420111
0.046250, 0.415774
0.048125, 0.418779
0.056250, 0.416712
0.050625, 0.438834
0.050625, 0.416574
0.056875, 0.419545
0.044375, 0.417852
0.054375, 0.414714
0.058750, 0.413125
0.055625, 0.417005
0.056250, 0.416600
0.056250, 0.410086
0.048125, 0.418044
0.048125, 0.421533
0.049375, 0.417175
0.044375, 0.416973
0.053125, 0.417285
0.049375, 0.417832

====================================================================
Flow ID: 592 | Shape: (30, 2)
Features: [Size/1600, IAT/0.1]
--------------------------------------------------------------------
0.058125, 0.000000
0.046875, 0.417054
0.058750, 0.418589
0.060625, 0.416362
0.055625, 0.452802
0.046250, 0.417735
0.056875, 0.399769
0.053750, 0.416947
0.060000, 0.420457
0.044375, 0.417676
0.046250, 0.450173
0.056250, 0.416479
0.056250, 0.419995
0.045625, 0.418708
0.048125, 0.418459
0.040625, 0.418377
0.043125, 0.415596
0.054375, 0.415757
0.056875, 0.417147
0.056875, 0.423149
0.058125, 0.415711
0.057500, 0.413850
0.058125, 0.416990
0.057500, 0.415642
0.057500, 0.418051
0.048125, 0.433801
0.055625, 0.417829
0.060000, 0.419248
0.058125, 0.418241
0.055625, 0.418129

====================================================================
Flow ID: 593 | Shape: (30, 2)
Features: [Size/1600, IAT/0.1]
--------------------------------------------------------------------
0.050000, 0.000000
0.045625, 0.414385
0.058125, 0.414131
0.046875, 0.411547
0.053750, 0.417089
0.056875, 0.421141
0.050000, 0.422316
0.050625, 0.424637
0.057500, 0.421349
0.049375, 0.417091
0.042500, 0.418995
0.054375, 0.415577
0.058750, 0.416008
0.048125, 0.404926
0.046875, 0.422502
0.053125, 0.387150
0.052500, 0.419284
0.046875, 0.415723
0.056875, 0.418335
0.056250, 0.417168
0.043125, 0.417921
0.059375, 0.417135
0.058750, 0.417943
0.055625, 0.404399
0.046250, 0.417832
0.046250, 0.416091
0.058125, 0.414717
0.058125, 0.413549
0.048750, 0.418017
0.057500, 0.420492

====================================================================
Flow ID: 596 | Shape: (30, 2)
Features: [Size/1600, IAT/0.1]
--------------------------------------------------------------------
0.048125, 0.000000
0.057500, 0.418372
0.056250, 0.305321
0.055625, 0.417225
0.054375, 0.417757
0.060000, 0.424132
0.048750, 0.418034
0.055000, 0.416864
0.050625, 0.415826
0.059375, 0.417589
0.055625, 0.401498
0.056250, 0.418244
0.056250, 0.416776
0.044375, 0.417793
0.058125, 0.417868
0.058125, 0.433031
0.058125, 0.419013
0.044375, 0.423277
0.046875, 0.418041
0.055625, 0.417875
0.050000, 0.418642
0.049375, 0.414932
0.058125, 0.416929
0.055000, 0.417707
0.058750, 0.420659
0.052500, 0.418125
0.056875, 0.422039
0.059375, 0.416933
0.052500, 0.417239
0.056875, 0.434061

====================================================================
Flow ID: 603 | Shape: (30, 2)
Features: [Size/1600, IAT/0.1]
--------------------------------------------------------------------
0.044375, 0.000000
0.053125, 0.417720
0.060000, 0.416087
0.058125, 0.415222
0.056875, 0.418083
0.055000, 0.419767
0.043125, 0.407227
0.058750, 0.416951
0.056875, 0.417826
0.056875, 0.416566
0.052500, 0.455446
0.058125, 0.416417
0.043750, 0.418049
0.043750, 0.418171
0.051875, 0.417616
0.056875, 0.417134
0.048125, 0.417138
0.056875, 0.423826
0.050000, 0.417460
0.058750, 0.442055
0.058125, 0.416174
0.060000, 0.417103
0.053750, 0.417242
0.057500, 0.416013
0.058125, 0.416127
0.049375, 0.419622
0.045000, 0.416581
0.058125, 0.421341
0.046875, 0.418344
0.057500, 0.431240

====================================================================
Flow ID: 606 | Shape: (30, 2)
Features: [Size/1600, IAT/0.1]
--------------------------------------------------------------------
0.056250, 0.000000
0.056875, 0.473973
0.056875, 0.434919
0.055625, 0.416387
0.057500, 0.415702
0.056250, 0.186078
0.059375, 0.417291
0.060000, 0.417349
0.057500, 0.416842
0.046875, 0.420727
0.055000, 0.422847
0.056250, 0.418161
0.056875, 0.469662
0.043750, 1.000000
0.046875, 0.418252
0.056875, 0.419789
0.060625, 0.414284
0.055625, 0.418647
0.048750, 0.357190
0.053750, 0.418368
0.056250, 0.418446
0.056250, 0.463451
0.061875, 0.417663
0.048750, 0.415485
0.051250, 0.508339
0.054375, 0.419650
0.058125, 0.412703
0.047500, 0.417452
0.047500, 0.418176
0.053125, 0.420814

====================================================================
Flow ID: 610 | Shape: (30, 2)
Features: [Size/1600, IAT/0.1]
--------------------------------------------------------------------
0.063750, 0.000000
0.050625, 0.420337
0.046875, 0.419978
0.055625, 0.524984
0.056875, 0.421601
0.047500, 0.432221
0.056250, 0.415957
0.055625, 0.417091
0.051875, 0.417015
0.056875, 0.416946
0.055625, 0.420959
0.050000, 0.423681
0.045625, 0.417731
0.045625, 0.420539
0.059375, 0.486814
0.058750, 0.319569
0.058750, 0.418705
0.046875, 0.000152
0.062500, 0.418064
0.056875, 0.414967
0.058125, 0.418436
0.055625, 0.417043
0.056250, 0.416691
0.047500, 0.418167
0.055000, 0.415533
0.061875, 0.421901
0.056875, 0.419833
0.056875, 0.416287
0.055625, 0.417724
0.056250, 0.415986

====================================================================
Flow ID: 611 | Shape: (30, 2)
Features: [Size/1600, IAT/0.1]
--------------------------------------------------------------------
0.052500, 0.000000
0.059375, 0.418292
0.054375, 0.417775
0.053750, 0.412660
0.059375, 0.413993
0.055000, 0.417687
0.051875, 0.417500
0.045000, 0.418104
0.056875, 0.443477
0.050000, 0.418031
0.058125, 0.395579
0.043750, 0.422598
0.058750, 0.425542
0.054375, 0.420245
0.058125, 0.418954
0.041875, 0.408598
0.058125, 0.418528
0.055625, 0.419588
0.045625, 0.417043
0.060000, 0.417343
0.056250, 0.417907
0.056875, 0.417929
0.048125, 0.427742
0.049375, 0.417435
0.048750, 0.416597
0.051250, 0.470627
0.058750, 0.418155
0.055625, 0.421166
0.057500, 0.416857
0.048750, 0.417453

====================================================================
Flow ID: 618 | Shape: (30, 2)
Features: [Size/1600, IAT/0.1]
--------------------------------------------------------------------
0.056875, 0.000000
0.054375, 0.417110
0.059375, 0.414948
0.058750, 0.414288
0.058125, 0.404870
0.056250, 0.410274
0.049375, 0.417549
0.055000, 0.432835
0.048750, 0.419229
0.055625, 0.416846
0.045625, 0.415227
0.059375, 0.416072
0.045625, 0.416002
0.055000, 0.409254
0.051875, 0.416885
0.047500, 0.418320
0.046250, 0.420404
0.058125, 0.416198
0.054375, 0.414153
0.058750, 0.414908
0.047500, 0.416791
0.056875, 0.418443
0.053125, 0.415310
0.054375, 0.417607
0.054375, 0.416845
0.056250, 0.419711
0.060000, 0.417684
0.054375, 0.422486
0.056875, 0.419543
0.050000, 0.400085

====================================================================
Flow ID: 621 | Shape: (30, 2)
Features: [Size/1600, IAT/0.1]
--------------------------------------------------------------------
0.049375, 0.000000
0.045000, 0.416628
0.051250, 0.416260
0.055000, 0.428313
0.046250, 0.416756
0.046250, 0.418385
0.055000, 0.416682
0.057500, 0.417668
0.056875, 0.416130
0.055625, 0.416860
0.050625, 0.417230
0.061875, 0.415676
0.059375, 0.418103
0.056875, 0.413937
0.053125, 0.413828
0.060000, 0.420358
0.055625, 0.419454
0.056875, 0.420623
0.056875, 0.418139
0.058125, 0.418772
0.053125, 0.415243
0.048125, 0.415468
0.055625, 0.424218
0.044375, 0.418567
0.048125, 0.421539
0.052500, 0.417227
0.045625, 0.417803
0.049375, 0.417563
0.048750, 0.374091
0.045625, 0.417387

====================================================================
Flow ID: 624 | Shape: (30, 2)
Features: [Size/1600, IAT/0.1]
--------------------------------------------------------------------
0.041250, 0.000000
0.053750, 0.332535
0.058750, 0.417681
0.048750, 0.418426
0.046875, 0.389227
0.056875, 0.416687
0.046250, 0.419808
0.054375, 0.416343
0.056250, 0.416696
0.060000, 0.416205
0.056875, 0.406707
0.047500, 0.415163
0.058125, 0.415120
0.048125, 0.420711
0.055625, 0.416753
0.058125, 0.424825
0.048125, 0.087647
0.055000, 0.417023
0.055000, 0.416580
0.050625, 0.416778
0.057500, 0.391080
0.043750, 0.418338
0.058750, 0.409748
0.056875, 0.364196
0.056250, 0.409866
0.056875, 0.417486
0.055000, 0.418195
0.057500, 0.425182
0.047500, 0.416994
0.057500, 0.417446

====================================================================
Flow ID: 626 | Shape: (30, 2)
Features: [Size/1600, IAT/0.1]
--------------------------------------------------------------------
0.056250, 0.000000
0.044375, 0.420230
0.055625, 0.417738
0.058125, 0.411802
0.054375, 0.418886
0.046875, 0.418178
0.063125, 0.416382
0.056250, 0.415419
0.063750, 0.415885
0.054375, 0.416552
0.060000, 0.417939
0.056250, 0.417988
0.051250, 0.412188
0.043750, 0.419196
0.053125, 0.416811
0.056250, 0.418661
0.057500, 0.417411
0.045625, 0.416861
0.046250, 0.415862
0.053125, 0.417379
0.048125, 0.398980
0.060625, 0.418350
0.058125, 0.417348
0.048125, 0.417626
0.060000, 0.419693
0.055625, 0.413074
0.047500, 0.417898
0.058125, 0.417251
0.047500, 0.417951
0.057500, 0.417488

====================================================================
Flow ID: 627 | Shape: (30, 2)
Features: [Size/1600, IAT/0.1]
--------------------------------------------------------------------
0.058125, 0.000000
0.050625, 0.423008
0.050000, 0.418509
0.056250, 0.418397
0.049375, 0.417661
0.046875, 0.417822
0.049375, 0.414765
0.045625, 0.423743
0.057500, 0.417930
0.052500, 0.417654
0.054375, 0.415328
0.053750, 0.417710
0.046250, 0.424325
0.057500, 0.416279
0.056250, 0.417645
0.048750, 0.415704
0.058125, 0.415902
0.054375, 0.419429
0.053125, 0.417660
0.057500, 0.417933
0.045000, 0.418241
0.059375, 0.418585
0.057500, 0.420021
0.056250, 0.417166
0.060000, 0.415224
0.060625, 0.416318
0.056250, 0.417518
0.050625, 0.414943
0.056250, 0.417527
0.054375, 0.416826

====================================================================
Flow ID: 631 | Shape: (30, 2)
Features: [Size/1600, IAT/0.1]
--------------------------------------------------------------------
0.045625, 0.000000
0.050625, 0.416524
0.043125, 0.415999
0.056875, 0.416159
0.058750, 0.415789
0.049375, 0.417223
0.043125, 0.418758
0.055625, 0.415918
0.048750, 0.435850
0.055000, 0.417068
0.046875, 0.418618
0.044375, 0.436542
0.049375, 0.417164
0.063750, 0.418635
0.046250, 0.417140
0.061875, 0.412742
0.058125, 0.425864
0.045000, 0.417355
0.044375, 0.417407
0.045000, 0.417575
0.056250, 0.417713
0.056250, 0.416250
0.050625, 0.421852
0.056875, 0.416029
0.051875, 0.417007
0.054375, 0.417037
0.055625, 0.419144
0.055625, 0.418325
0.062500, 0.416599
0.048750, 0.451991

====================================================================
Flow ID: 632 | Shape: (30, 2)
Features: [Size/1600, IAT/0.1]
--------------------------------------------------------------------
0.046875, 0.000000
0.058125, 0.417407
0.044375, 0.400239
0.046250, 0.416590
0.046875, 0.417410
0.061875, 0.418478
0.061250, 0.319749
0.049375, 0.418763
0.057500, 0.626999
0.057500, 0.416764
0.056875, 0.417240
0.058750, 0.416067
0.055000, 0.419598
0.056875, 0.416720
0.048750, 0.415161
0.058125, 0.418973
0.053125, 0.417848
0.053750, 0.430474
0.057500, 0.425004
0.043750, 0.418237
0.056250, 0.418303
0.043750, 0.420920
0.056875, 0.418097
0.048125, 0.415604
0.059375, 0.413843
0.056875, 0.415776
0.058125, 0.418289
0.050000, 0.417633
0.051250, 0.404447
0.053125, 0.421661

====================================================================
Flow ID: 636 | Shape: (30, 2)
Features: [Size/1600, IAT/0.1]
--------------------------------------------------------------------
0.047500, 0.000000
0.061250, 0.419077
0.048750, 0.418036
0.046875, 0.417760
0.059375, 0.416827
0.055625, 0.417008
0.059375, 0.416982
0.043750, 0.426229
0.049375, 0.419808
0.060625, 0.416856
0.050000, 0.411326
0.050625, 0.416382
0.049375, 0.416743
0.058125, 0.420143
0.057500, 0.417910
0.061250, 0.417129
0.048125, 0.393912
0.052500, 0.423889
0.046875, 0.412844
0.059375, 0.418888
0.056875, 0.417971
0.048125, 0.414699
0.056875, 0.418293
0.056875, 0.417126
0.054375, 0.419410
0.048750, 0.417740
0.047500, 0.500110
0.043750, 0.415130
0.054375, 0.418240
0.061875, 0.418252

====================================================================
Flow ID: 523 | Shape: (30, 2)
Features: [Size/1600, IAT/0.1]
--------------------------------------------------------------------
0.046250, 0.000000
0.056250, 0.415784
0.050625, 0.418586
0.055000, 0.417621
0.053750, 0.417721
0.052500, 0.417420
0.055625, 0.415556
0.056875, 0.108959
0.058125, 0.419997
0.057500, 0.418197
0.047500, 0.418544
0.055000, 0.415676
0.056875, 0.417230
0.050000, 0.418273
0.056250, 0.418993
0.058750, 0.416623
0.056875, 0.413829
0.054375, 0.416268
0.053125, 0.417235
0.057500, 0.417916
0.053750, 0.415400
0.053125, 0.420030
0.055625, 0.404698
0.052500, 0.421034
0.055625, 0.418087
0.054375, 0.500783
0.058125, 0.416887
0.056875, 0.418841
0.061875, 0.420088
0.046875, 0.418035

====================================================================
Flow ID: 525 | Shape: (30, 2)
Features: [Size/1600, IAT/0.1]
--------------------------------------------------------------------
0.055625, 0.000000
0.056250, 0.419120
0.052500, 0.418089
0.047500, 0.418032
0.060625, 0.417967
0.046250, 0.417361
0.059375, 0.415684
0.057500, 0.416910
0.051250, 0.389118
0.055000, 0.392255
0.055625, 0.437890
0.054375, 0.426544
0.054375, 0.417525
0.049375, 0.419098
0.048750, 0.419705
0.060625, 0.417792
0.046875, 0.424408
0.043750, 0.409715
0.058750, 0.419198
0.048750, 0.419995
0.058750, 0.415656
0.058750, 0.403632
0.055625, 0.410781
0.052500, 0.420316
0.060625, 0.419663
0.059375, 0.418783
0.058125, 0.417940
0.048125, 0.416470
0.057500, 0.416106
0.060625, 0.418521

====================================================================
Flow ID: 527 | Shape: (30, 2)
Features: [Size/1600, IAT/0.1]
--------------------------------------------------------------------
0.046250, 0.000000
0.054375, 0.421935
0.058750, 0.419380
0.056250, 0.417036
0.051250, 0.417601
0.055625, 0.414129
0.049375, 0.422483
0.055625, 0.417426
0.060000, 0.418067
0.054375, 0.417017
0.056250, 0.416577
0.045000, 0.416823
0.056250, 0.417224
0.047500, 0.418836
0.055000, 0.415962
0.056250, 0.417531
0.050625, 0.416861
0.048750, 0.419858
0.058750, 0.418344
0.058125, 0.417453
0.053125, 0.417194
0.056875, 0.417700
0.051250, 0.426019
0.056250, 0.418117
0.058125, 0.417893
0.061875, 0.417534
0.058125, 0.417260
0.057500, 0.417285
0.051875, 0.419546
0.056875, 0.420489

====================================================================
Flow ID: 529 | Shape: (30, 2)
Features: [Size/1600, IAT/0.1]
--------------------------------------------------------------------
0.055000, 0.000000
0.058750, 0.427229
0.056875, 0.417665
0.046875, 0.432895
0.048125, 0.416753
0.059375, 0.498743
0.055000, 0.416715
0.055000, 0.436119
0.042500, 0.418351
0.053750, 0.416993
0.055625, 0.416728
0.046250, 0.417742
0.055625, 0.409378
0.057500, 0.418450
0.056875, 0.418844
0.063125, 0.416971
0.052500, 0.396245
0.054375, 0.418228
0.061875, 0.418974
0.055000, 0.416377
0.047500, 0.417212
0.056875, 0.421554
0.053125, 0.413417
0.060000, 0.416911
0.043125, 0.419220
0.049375, 0.418271
0.045000, 0.416057
0.045000, 0.414787
0.055000, 0.446696
0.058125, 0.417631

====================================================================
Flow ID: 535 | Shape: (30, 2)
Features: [Size/1600, IAT/0.1]
--------------------------------------------------------------------
0.057500, 0.000000
0.048750, 0.415115
0.055625, 0.418823
0.056875, 0.417653
0.056875, 0.405845
0.059375, 0.420043
0.058125, 0.420785
0.057500, 0.420098
0.045000, 0.379925
0.049375, 0.428197
0.061250, 0.415660
0.050000, 0.419023
0.056250, 0.647850
0.045625, 0.417720
0.047500, 0.415599
0.053125, 0.418094
0.057500, 0.417916
0.060000, 0.417853
0.058125, 0.418412
0.057500, 0.412503
0.044375, 0.415858
0.059375, 0.418240
0.056875, 0.418336
0.056250, 0.418466
0.056875, 0.417566
0.057500, 0.418509
0.053125, 0.417288
0.048750, 0.412871
0.055625, 0.415713
0.060625, 0.420488

====================================================================
Flow ID: 540 | Shape: (30, 2)
Features: [Size/1600, IAT/0.1]
--------------------------------------------------------------------
0.055000, 0.000000
0.056875, 0.416420
0.055000, 0.417902
0.058750, 0.417803
0.046250, 0.416257
0.052500, 0.423200
0.050625, 0.414346
0.053125, 0.417298
0.056250, 0.418734
0.041250, 0.414303
0.048125, 0.416853
0.057500, 0.471686
0.056875, 0.417740
0.056250, 0.416530
0.060000, 0.417437
0.051875, 0.418418
0.046250, 0.418643
0.046875, 0.422150
0.048125, 0.417330
0.054375, 0.416419
0.051250, 0.417595
0.047500, 0.420306
0.056250, 0.417279
0.046250, 0.454224
0.060000, 0.416323
0.044375, 0.415539
0.045625, 0.424263
0.060000, 0.417123
0.044375, 0.282452
0.058750, 0.331609

====================================================================
Flow ID: 544 | Shape: (30, 2)
Features: [Size/1600, IAT/0.1]
--------------------------------------------------------------------
0.056875, 0.000000
0.058750, 0.418953
0.050000, 0.418482
0.056875, 0.422509
0.044375, 0.417530
0.050000, 0.426394
0.060625, 0.418604
0.047500, 0.418354
0.054375, 0.420623
0.048750, 0.418334
0.052500, 0.431051
0.057500, 0.417380
0.056875, 0.416802
0.060625, 0.413426
0.053750, 0.416996
0.061250, 0.415132
0.046875, 0.416965
0.058750, 0.417606
0.057500, 0.418343
0.056875, 0.417219
0.049375, 0.418066
0.060000, 0.421127
0.053750, 0.415785
0.051875, 0.584969
0.056875, 0.420774
0.043125, 0.417477
0.051250, 0.417863
0.054375, 0.419803
0.052500, 0.416836
0.048750, 0.417833

====================================================================
Flow ID: 549 | Shape: (30, 2)
Features: [Size/1600, IAT/0.1]
--------------------------------------------------------------------
0.053750, 0.000000
0.056875, 0.415575
0.058750, 0.417892
0.057500, 0.421149
0.060000, 0.418659
0.057500, 0.263586
0.057500, 0.456017
0.059375, 0.416653
0.058125, 0.317830
0.057500, 0.412222
0.057500, 0.416981
0.045000, 0.417749
0.048125, 0.416480
0.056250, 0.418262
0.058750, 0.417184
0.044375, 0.419793
0.058750, 0.416633
0.054375, 0.410571
0.054375, 0.418454
0.046250, 0.421589
0.056875, 0.417973
0.062500, 0.445892
0.047500, 0.418185
0.054375, 0.417874
0.053125, 0.426111
0.061250, 0.418621
0.053750, 0.416810
0.060000, 0.420216
0.048750, 0.443667
0.062500, 0.423528

====================================================================
Flow ID: 550 | Shape: (30, 2)
Features: [Size/1600, IAT/0.1]
--------------------------------------------------------------------
0.048750, 0.000000
0.060000, 0.417193
0.058125, 0.413503
0.055000, 0.401371
0.055000, 0.417270
0.043125, 1.000000
0.058125, 0.489715
0.056250, 0.419398
0.058125, 0.404919
0.055625, 0.421483
0.049375, 0.417088
0.052500, 0.390673
0.053750, 0.418632
0.047500, 0.417862
0.056250, 0.414372
0.055000, 0.417768
0.058750, 0.415169
0.056875, 0.433475
0.047500, 0.418297
0.056875, 0.413173
0.056250, 0.417424
0.055625, 0.417713
0.056250, 0.419753
0.058125, 0.416502
0.055625, 0.421306
0.055000, 0.418354
0.056250, 0.417925
0.045000, 0.423763
0.055000, 0.416103
0.050000, 0.419489

====================================================================
Flow ID: 551 | Shape: (30, 2)
Features: [Size/1600, IAT/0.1]
--------------------------------------------------------------------
0.055625, 0.000000
0.048125, 0.418337
0.049375, 0.415439
0.052500, 0.413890
0.047500, 0.415757
0.056875, 0.420030
0.048750, 0.410179
0.048125, 0.418224
0.059375, 0.419232
0.056250, 0.421035
0.060000, 0.417735
0.054375, 0.417901
0.045000, 0.419038
0.050625, 0.417192
0.055625, 0.417894
0.059375, 0.415917
0.056250, 0.415881
0.059375, 0.416870
0.056250, 0.721927
0.048750, 0.418732
0.046875, 0.417836
0.045000, 0.409451
0.050625, 0.417593
0.058125, 0.418378
0.055625, 0.000156
0.058125, 0.420081
0.045625, 0.417031
0.051875, 0.416968
0.055000, 0.542956
0.061250, 0.417815

====================================================================
Flow ID: 552 | Shape: (30, 2)
Features: [Size/1600, IAT/0.1]
--------------------------------------------------------------------
0.051250, 0.000000
0.061250, 0.418323
0.055625, 0.417643
0.056250, 0.397931
0.048125, 0.414509
0.055000, 0.418361
0.055625, 0.416494
0.060625, 0.420908
0.048125, 0.320240
0.055625, 0.416889
0.060000, 0.389981
0.055625, 0.419289
0.051875, 0.418282
0.056250, 0.382570
0.053750, 0.417060
0.058750, 0.419007
0.053750, 0.439666
0.055000, 0.417040
0.046250, 0.433325
0.053125, 0.418369
0.050000, 0.425146
0.048750, 0.414754
0.050625, 0.417528
0.047500, 0.418354
0.055625, 0.414347
0.046875, 0.419274
0.053125, 0.402738
0.056875, 0.416924
0.055000, 0.418610
0.046250, 0.417634

====================================================================
Flow ID: 553 | Shape: (30, 2)
Features: [Size/1600, IAT/0.1]
--------------------------------------------------------------------
0.045000, 0.000000
0.057500, 0.429955
0.045000, 0.418965
0.053750, 0.411874
0.042500, 0.417897
0.055625, 0.423885
0.056875, 0.418437
0.059375, 0.422443
0.048750, 0.431082
0.058125, 0.424092
0.052500, 0.428510
0.056250, 0.417506
0.059375, 0.417586
0.052500, 0.418361
0.056875, 0.416149
0.047500, 0.419049
0.053750, 0.419838
0.058750, 0.417839
0.045625, 0.418015
0.045625, 0.417595
0.060000, 0.417849
0.054375, 0.415993
0.058125, 0.418111
0.055000, 0.417828
0.047500, 0.415596
0.058125, 0.417603
0.053750, 0.418930
0.041875, 0.416902
0.053750, 0.418292
0.054375, 0.421532

====================================================================
Flow ID: 554 | Shape: (30, 2)
Features: [Size/1600, IAT/0.1]
--------------------------------------------------------------------
0.058125, 0.000000
0.058750, 0.415334
0.053750, 0.417242
0.045625, 0.352589
0.057500, 0.417236
0.060000, 0.417502
0.056875, 0.414398
0.057500, 0.417873
0.055625, 0.412348
0.056875, 0.418304
0.055625, 0.406269
0.060000, 0.418344
0.060000, 0.418029
0.058750, 0.415535
0.055625, 0.416147
0.056250, 0.417378
0.054375, 0.417841
0.047500, 0.422961
0.060000, 0.418299
0.055625, 0.419681
0.058750, 0.404986
0.057500, 0.414614
0.055625, 0.417843
0.053125, 0.419606
0.041250, 0.422678
0.047500, 0.022319
0.059375, 0.418597
0.054375, 0.419032
0.060625, 0.417847
0.056250, 0.407878

====================================================================
Flow ID: 555 | Shape: (30, 2)
Features: [Size/1600, IAT/0.1]
--------------------------------------------------------------------
0.053750, 0.000000
0.055000, 0.415518
0.049375, 0.419856
0.055000, 0.417788
0.053750, 0.416922
0.046250, 0.416839
0.053125, 0.418565
0.048125, 0.417924
0.058125, 0.416270
0.057500, 0.417162
0.056875, 0.417378
0.045625, 0.410754
0.053750, 0.417535
0.050625, 0.415107
0.057500, 0.416805
0.058125, 0.417518
0.055625, 0.410203
0.048125, 0.417732
0.061250, 0.414165
0.045000, 0.415467
0.048125, 0.418779
0.046250, 0.417828
0.047500, 0.417875
0.050000, 0.419672
0.048125, 0.420083
0.049375, 0.424698
0.058750, 0.418739
0.056875, 0.416350
0.055625, 0.407744
0.056250, 0.417546

====================================================================
Flow ID: 559 | Shape: (30, 2)
Features: [Size/1600, IAT/0.1]
--------------------------------------------------------------------
0.048750, 0.000000
0.061250, 0.418000
0.043125, 0.417529
0.053750, 0.416849
0.054375, 0.416257
0.055000, 0.417428
0.061250, 0.416442
0.050625, 0.416696
0.042500, 0.416280
0.056250, 0.419601
0.056875, 0.415500
0.057500, 0.359162
0.055000, 0.412025
0.051875, 0.417936
0.051250, 0.411059
0.050000, 0.419626
0.057500, 0.419987
0.046875, 0.417695
0.050625, 0.416515
0.056875, 0.417422
0.055625, 0.418465
0.058750, 0.418152
0.044375, 0.409240
0.046250, 0.419154
0.054375, 0.418240
0.055625, 0.458021
0.054375, 0.417758
0.055625, 0.408463
0.043750, 0.417351
0.059375, 0.416318

====================================================================
Flow ID: 561 | Shape: (30, 2)
Features: [Size/1600, IAT/0.1]
--------------------------------------------------------------------
0.056875, 0.000000
0.058125, 0.419083
0.046875, 0.419093
0.051875, 0.415706
0.047500, 0.410727
0.053125, 0.416908
0.050625, 0.411224
0.046875, 0.416447
0.058750, 0.439939
0.061250, 0.432266
0.055625, 0.421346
0.058750, 0.417474
0.053750, 0.398953
0.057500, 0.418453
0.056250, 0.424571
0.059375, 0.418412
0.056875, 0.416719
0.045625, 0.417403
0.055000, 0.419495
0.055625, 0.413777
0.048750, 0.414356
0.047500, 0.416739
0.048750, 0.416907
0.051875, 0.416784
0.051875, 0.402392
0.048750, 0.416620
0.052500, 0.438958
0.061250, 0.000156
0.054375, 0.415346
0.061250, 0.416979

====================================================================
Flow ID: 562 | Shape: (30, 2)
Features: [Size/1600, IAT/0.1]
--------------------------------------------------------------------
0.061875, 0.000000
0.057500, 0.418706
0.060000, 0.499052
0.050625, 0.416191
0.056250, 0.416776
0.055625, 0.407675
0.045625, 0.424420
0.047500, 0.439647
0.058125, 0.416418
0.058750, 0.418697
0.042500, 0.417866
0.056875, 0.417911
0.055625, 0.418508
0.047500, 0.413916
0.055625, 0.415351
0.056250, 0.444600
0.053125, 0.419057
0.051875, 0.419041
0.048125, 0.414947
0.054375, 0.416794
0.044375, 0.416004
0.051875, 0.420309
0.050000, 0.418805
0.057500, 0.418212
0.060625, 0.420614
0.043125, 0.418579
0.060000, 0.410086
0.061875, 0.414224
0.058750, 0.405307
0.056250, 0.418191

====================================================================
Flow ID: 567 | Shape: (30, 2)
Features: [Size/1600, IAT/0.1]
--------------------------------------------------------------------
0.060000, 0.000000
0.048125, 0.417832
0.053750, 0.417974
0.051875, 0.414880
0.055000, 0.418830
0.046875, 0.422338
0.046875, 0.378581
0.056875, 0.440840
0.045000, 0.425651
0.048750, 0.417478
0.048125, 0.421452
0.060000, 0.418762
0.054375, 0.421639
0.058750, 0.417416
0.046875, 0.417518
0.051250, 0.419210
0.045000, 0.417597
0.060625, 0.413575
0.050625, 0.417267
0.050625, 0.420000
0.045625, 0.420523
0.046875, 0.416444
0.045000, 0.418011
0.053750, 0.416957
0.060625, 0.420518
0.055000, 0.418481
0.056250, 0.416271
0.055625, 0.419398
0.058125, 0.418239
0.059375, 0.417666

====================================================================
Flow ID: 572 | Shape: (30, 2)
Features: [Size/1600, IAT/0.1]
--------------------------------------------------------------------
0.060000, 0.000000
0.046875, 0.417701
0.046250, 0.418718
0.059375, 0.416261
0.055625, 0.417439
0.058125, 0.417225
0.048750, 0.418289
0.044375, 0.417874
0.056250, 0.419921
0.054375, 0.417791
0.058750, 0.422103
0.049375, 0.418655
0.057500, 0.414500
0.045000, 0.417969
0.056875, 0.418157
0.055625, 0.419666
0.052500, 0.420456
0.048750, 0.417906
0.054375, 0.406174
0.057500, 0.417937
0.061875, 0.413988
0.049375, 0.420333
0.055000, 0.425351
0.055000, 0.416347
0.054375, 0.416089
0.055000, 0.416090
0.058125, 0.412912
0.056250, 0.418006
0.060000, 0.420785
0.055000, 0.418724

====================================================================
Flow ID: 573 | Shape: (30, 2)
Features: [Size/1600, IAT/0.1]
--------------------------------------------------------------------
0.045625, 0.000000
0.060000, 0.413185
0.058125, 0.418225
0.046250, 0.420582
0.055000, 0.413450
0.049375, 0.416535
0.057500, 0.418190
0.058125, 0.414602
0.053750, 0.412848
0.049375, 0.426306
0.047500, 0.418793
0.058750, 0.406360
0.046875, 0.418503
0.057500, 0.361698
0.048125, 0.418142
0.051250, 0.418149
0.056250, 0.417408
0.059375, 0.416435
0.056875, 0.415984
0.048750, 0.530505
0.049375, 0.417827
0.056250, 0.417383
0.051250, 0.419168
0.048750, 0.436846
0.055000, 0.417843
0.058750, 0.417088
0.043750, 0.445685
0.043750, 0.419570
0.058125, 0.414580
0.051250, 0.417270

====================================================================
Flow ID: 575 | Shape: (30, 2)
Features: [Size/1600, IAT/0.1]
--------------------------------------------------------------------
0.055625, 0.000000
0.050000, 0.417049
0.056250, 0.421816
0.048125, 0.417612
0.057500, 0.413735
0.056875, 0.417570
0.045000, 0.417609
0.049375, 0.414574
0.053750, 0.417420
0.062500, 0.416294
0.058750, 0.416718
0.056250, 0.408130
0.053750, 0.421618
0.046250, 0.350224
0.044375, 0.417204
0.051875, 0.416786
0.057500, 0.417853
0.050625, 0.417928
0.049375, 0.426239
0.058125, 0.418255
0.045625, 0.417901
0.055625, 0.417732
0.054375, 0.417884
0.059375, 0.415442
0.048125, 0.416660
0.048750, 0.418164
0.046250, 0.416911
0.054375, 0.414874
0.055000, 0.417154
0.056875, 0.418377

====================================================================
Flow ID: 576 | Shape: (30, 2)
Features: [Size/1600, IAT/0.1]
--------------------------------------------------------------------
0.046875, 0.000000
0.056250, 0.387626
0.048750, 0.419882
0.055000, 0.419055
0.045625, 0.417612
0.057500, 0.419976
0.056875, 0.415298
0.052500, 0.392578
0.056250, 0.417403
0.045625, 0.416696
0.056250, 0.375601
0.046250, 0.417932
0.046250, 0.419062
0.045000, 0.417495
0.048125, 0.416892
0.048125, 0.417875
0.045625, 0.418434
0.043750, 0.414848
0.046875, 0.417701
0.058750, 0.419438
0.057500, 0.420101
0.056875, 0.416992
0.048125, 0.416647
0.048750, 0.418747
0.055625, 0.433336
0.056250, 0.417773
0.060000, 0.419460
0.058125, 0.418349
0.055625, 0.416367
0.056250, 0.419439

====================================================================
Flow ID: 585 | Shape: (30, 2)
Features: [Size/1600, IAT/0.1]
--------------------------------------------------------------------
0.058125, 0.000000
0.058125, 0.417590
0.055000, 0.419590
0.045625, 0.417522
0.058125, 0.418859
0.055625, 0.415594
0.047500, 0.417033
0.057500, 0.417286
0.056250, 0.417080
0.048125, 0.418027
0.053750, 0.413555
0.055625, 0.417502
0.054375, 0.406805
0.046250, 0.419633
0.048125, 0.417002
0.044375, 0.418273
0.046250, 0.418263
0.056250, 0.417967
0.046875, 0.418579
0.055625, 0.417540
0.051250, 0.417801
0.055625, 0.414553
0.046875, 0.417978
0.044375, 0.417685
0.058125, 0.418483
0.045000, 0.417108
0.045625, 0.418631
0.053125, 0.418434
0.049375, 0.410208
0.058125, 0.419349

====================================================================
Flow ID: 586 | Shape: (30, 2)
Features: [Size/1600, IAT/0.1]
--------------------------------------------------------------------
0.050000, 0.000000
0.052500, 0.420486
0.045625, 0.414586
0.058750, 0.416521
0.046875, 0.417433
0.046875, 0.428978
0.057500, 0.417382
0.046875, 0.021980
0.058125, 0.416978
0.053125, 0.418045
0.047500, 0.419169
0.059375, 0.412575
0.046875, 0.416816
0.050000, 0.417998
0.053750, 0.416726
0.044375, 0.417461
0.055000, 0.417337
0.047500, 0.414501
0.056875, 0.416678
0.059375, 0.417659
0.057500, 0.416564
0.058750, 0.418755
0.060625, 0.418287
0.046250, 0.416346
0.060000, 0.416886
0.050000, 0.418081
0.045625, 0.417529
0.050000, 0.415877
0.055625, 0.415173
0.059375, 0.416772

====================================================================
Flow ID: 587 | Shape: (30, 2)
Features: [Size/1600, IAT/0.1]
--------------------------------------------------------------------
0.058750, 0.000000
0.055000, 0.419081
0.055000, 0.649826
0.055000, 0.432160
0.050000, 0.418995
0.052500, 0.415843
0.053125, 0.422743
0.056250, 0.418248
0.052500, 0.387518
0.060625, 0.417429
0.048750, 0.419610
0.042500, 0.418009
0.057500, 0.419275
0.048750, 0.417473
0.045625, 0.431145
0.048750, 0.413053
0.061250, 0.417628
0.057500, 0.407431
0.060625, 0.417046
0.056250, 0.418164
0.045625, 0.417960
0.053750, 0.419466
0.054375, 0.417285
0.050000, 0.409634
0.046875, 0.415158
0.045000, 0.418700
0.045625, 0.408297
0.058125, 0.417601
0.059375, 0.417922
0.055000, 0.418467

====================================================================
Flow ID: 589 | Shape: (30, 2)
Features: [Size/1600, IAT/0.1]
--------------------------------------------------------------------
0.057500, 0.000000
0.056875, 0.420470
0.059375, 0.416176
0.045625, 0.430965
0.061250, 0.417521
0.057500, 0.415620
0.045625, 0.415487
0.053750, 0.417076
0.057500, 0.000165
0.056250, 0.417850
0.060625, 0.417150
0.056250, 0.418894
0.046250, 0.415150
0.051875, 0.419404
0.056250, 0.418095
0.054375, 0.406917
0.058750, 0.444359
0.057500, 0.420404
0.062500, 0.419836
0.057500, 0.417259
0.055625, 0.488913
0.054375, 0.417142
0.046250, 0.417072
0.046250, 0.414394
0.046875, 0.407318
0.045625, 0.426278
0.061875, 0.417843
0.056875, 0.417243
0.046875, 0.418313
0.047500, 0.416265

====================================================================
Flow ID: 593 | Shape: (30, 2)
Features: [Size/1600, IAT/0.1]
--------------------------------------------------------------------
0.047500, 0.000000
0.043750, 0.419565
0.055625, 0.413001
0.059375, 0.453445
0.058125, 0.416592
0.060000, 0.418001
0.056250, 0.419329
0.048750, 0.419510
0.056250, 0.423195
0.058125, 0.417332
0.054375, 0.442993
0.055625, 0.417100
0.051250, 0.417773
0.044375, 0.421190
0.058125, 0.417385
0.044375, 0.417752
0.053750, 0.433170
0.046250, 0.407788
0.053750, 0.417051
0.056250, 0.419575
0.054375, 0.435695
0.046875, 0.417048
0.045625, 0.418190
0.047500, 0.416785
0.056250, 0.419527
0.044375, 0.419981
0.043750, 0.417662
0.056875, 0.400741
0.054375, 0.416145
0.041875, 0.417406

====================================================================
Flow ID: 597 | Shape: (30, 2)
Features: [Size/1600, IAT/0.1]
--------------------------------------------------------------------
0.060000, 0.000000
0.058125, 0.416860
0.058750, 0.420764
0.046875, 0.419775
0.054375, 0.417443
0.056250, 0.419055
0.055000, 0.418896
0.043750, 0.415825
0.058125, 0.414272
0.060000, 0.416707
0.050000, 0.419365
0.047500, 0.415880
0.055625, 0.416461
0.056875, 0.420214
0.048750, 0.398793
0.051250, 0.417554
0.045625, 0.424356
0.056875, 0.419098
0.048125, 0.416982
0.057500, 0.417566
0.051250, 0.417705
0.043750, 0.468616
0.058750, 0.417798
0.057500, 0.416247
0.043125, 0.411050
0.056875, 0.417032
0.059375, 0.416524
0.058125, 0.418314
0.050625, 0.418436
0.055625, 0.418845

====================================================================
Flow ID: 598 | Shape: (30, 2)
Features: [Size/1600, IAT/0.1]
--------------------------------------------------------------------
0.041875, 0.000000
0.055625, 0.417984
0.058750, 0.420027
0.061875, 0.428281
0.048750, 0.417465
0.049375, 0.415690
0.046875, 0.416673
0.055625, 0.000142
0.061250, 0.418210
0.056250, 0.000158
0.055625, 0.438755
0.050000, 0.418784
0.056875, 0.420251
0.056875, 0.416238
0.059375, 0.417702
0.048750, 0.424331
0.059375, 0.376354
0.053125, 0.416555
0.056875, 0.417304
0.060625, 0.417798
0.053125, 0.414975
0.051875, 0.416878
0.046250, 0.416631
0.053125, 0.417061
0.047500, 0.375909
0.058125, 0.395945
0.040625, 0.417508
0.056875, 0.507332
0.057500, 0.409590
0.056250, 0.419240

====================================================================
Flow ID: 600 | Shape: (30, 2)
Features: [Size/1600, IAT/0.1]
--------------------------------------------------------------------
0.054375, 0.000000
0.061250, 0.420416
0.054375, 0.418453
0.056875, 0.415210
0.047500, 0.417234
0.050000, 0.417600
0.058125, 0.388728
0.055625, 0.414794
0.056250, 0.414110
0.056250, 0.416283
0.056250, 0.419286
0.046875, 0.415956
0.049375, 0.423550
0.057500, 0.423143
0.048125, 0.411437
0.058125, 0.416152
0.057500, 0.409498
0.045000, 0.400186
0.050625, 0.417180
0.056250, 0.417776
0.051250, 0.405268
0.046250, 0.395638
0.054375, 0.419070
0.052500, 0.417719
0.053750, 0.418689
0.045625, 0.416845
0.060000, 0.421617
0.042500, 0.417751
0.056250, 0.399578
0.055625, 0.419812

====================================================================
Flow ID: 601 | Shape: (30, 2)
Features: [Size/1600, IAT/0.1]
--------------------------------------------------------------------
0.051875, 0.000000
0.054375, 0.416603
0.051875, 0.414136
0.046875, 0.415758
0.056875, 0.417912
0.055625, 0.418037
0.044375, 0.415727
0.055000, 0.439887
0.058750, 0.480172
0.061250, 0.414929
0.049375, 0.416491
0.056875, 0.406742
0.056875, 0.417852
0.050625, 0.418934
0.052500, 0.416823
0.058125, 0.419188
0.053750, 0.429678
0.058750, 0.416327
0.060625, 0.418347
0.046250, 0.415574
0.058125, 0.415627
0.043125, 0.416968
0.059375, 0.415665
0.056875, 0.417657
0.041250, 0.417866
0.051875, 0.413776
0.059375, 0.421109
0.045625, 0.417614
0.060625, 0.418262
0.059375, 0.429369

====================================================================
Flow ID: 603 | Shape: (30, 2)
Features: [Size/1600, IAT/0.1]
--------------------------------------------------------------------
0.056875, 0.000000
0.045625, 0.417818
0.052500, 0.418924
0.051875, 0.415479
0.046875, 0.417458
0.056250, 0.414504
0.058750, 0.418316
0.040000, 0.419498
0.048750, 0.418045
0.057500, 0.417228
0.055000, 0.416306
0.056875, 0.449492
0.048125, 0.438893
0.060000, 0.414851
0.046875, 0.418612
0.057500, 0.417844
0.049375, 0.417157
0.045625, 0.417121
0.056875, 0.416514
0.058750, 0.415466
0.050625, 0.409304
0.048125, 0.416613
0.056875, 0.417643
0.058750, 0.417601
0.055625, 0.422648
0.052500, 0.418760
0.057500, 0.407373
0.047500, 0.418379
0.056875, 0.417237
0.047500, 0.417595

====================================================================
Flow ID: 604 | Shape: (30, 2)
Features: [Size/1600, IAT/0.1]
--------------------------------------------------------------------
0.055000, 0.000000
0.048125, 0.417337
0.046875, 0.417110
0.061250, 0.416955
0.059375, 0.416340
0.061250, 0.416555
0.058750, 0.418109
0.046875, 0.416656
0.053750, 0.417190
0.046250, 0.000162
0.052500, 0.422944
0.056250, 0.417983
0.055000, 0.414789
0.058125, 0.418656
0.051250, 0.414951
0.048125, 0.417427
0.061875, 0.417553
0.052500, 0.414755
0.048125, 0.421611
0.058750, 0.408886
0.059375, 0.417036
0.051875, 0.424118
0.054375, 0.417201
0.045625, 0.411813
0.055625, 0.422870
0.045625, 0.417434
0.045000, 0.425359
0.056875, 0.423034
0.048125, 0.418822
0.050000, 0.417879

====================================================================
Flow ID: 605 | Shape: (30, 2)
Features: [Size/1600, IAT/0.1]
--------------------------------------------------------------------
0.056250, 0.000000
0.056875, 0.419195
0.055625, 0.370371
0.058125, 0.417928
0.042500, 0.415639
0.045625, 0.417812
0.045625, 0.417214
0.045000, 0.420279
0.055000, 0.417340
0.056875, 0.415566
0.046875, 0.417523
0.054375, 0.417907
0.046875, 0.415763
0.050000, 0.435604
0.046250, 0.418109
0.051875, 0.415867
0.056250, 0.414948
0.050625, 0.421306
0.055625, 0.417832
0.050625, 0.417518
0.054375, 0.419656
0.047500, 0.416737
0.056250, 0.444357
0.057500, 0.422544
0.045625, 0.418056
0.051875, 0.417633
0.048125, 0.415974
0.057500, 0.418010
0.050000, 0.416699
0.060000, 0.419062

====================================================================
Flow ID: 607 | Shape: (30, 2)
Features: [Size/1600, IAT/0.1]
--------------------------------------------------------------------
0.059375, 0.000000
0.056250, 0.418983
0.048750, 0.418641
0.046250, 0.374471
0.050000, 0.418347
0.051875, 0.419084
0.054375, 0.414614
0.043750, 0.416833
0.058125, 0.421549
0.048750, 0.411857
0.055000, 0.417346
0.044375, 0.416657
0.056250, 0.398609
0.058125, 0.414655
0.057500, 0.415014
0.051250, 0.417174
0.049375, 0.418335
0.043125, 0.415854
0.046250, 0.416808
0.042500, 0.414860
0.056875, 0.418685
0.056875, 0.416078
0.049375, 0.416013
0.058750, 0.416044
0.055000, 0.419873
0.047500, 0.416610
0.057500, 0.418547
0.048125, 0.423899
0.056250, 0.416971
0.056875, 0.413595

====================================================================
Flow ID: 608 | Shape: (30, 2)
Features: [Size/1600, IAT/0.1]
--------------------------------------------------------------------
0.047500, 0.000000
0.055625, 0.419261
0.058750, 0.418706
0.054375, 0.417502
0.050625, 0.426159
0.041250, 0.418520
0.057500, 0.417523
0.058750, 0.402940
0.060000, 0.417299
0.053125, 0.417516
0.060000, 0.471107
0.051250, 0.416941
0.056875, 0.405167
0.056875, 0.416126
0.053125, 0.416294
0.050000, 0.417059
0.058125, 0.417504
0.058750, 0.414595
0.057500, 0.417732
0.058125, 0.416866
0.053125, 0.417060
0.055000, 0.416532
0.056875, 0.417280
0.057500, 0.420666
0.055625, 0.419596
0.057500, 0.418611
0.052500, 0.421661
0.047500, 0.418565
0.057500, 0.417504
0.059375, 0.415742

====================================================================
Flow ID: 609 | Shape: (30, 2)
Features: [Size/1600, IAT/0.1]
--------------------------------------------------------------------
0.060000, 0.000000
0.053750, 0.425846
0.059375, 0.418927
0.055000, 0.416856
0.058125, 0.528681
0.048750, 0.411874
0.044375, 0.417639
0.056875, 0.416957
0.044375, 0.417359
0.048125, 0.416436
0.058125, 0.412490
0.046250, 0.417392
0.056875, 0.416808
0.057500, 0.416580
0.048125, 0.379657
0.054375, 0.420738
0.048125, 0.416964
0.047500, 0.417488
0.057500, 0.417159
0.055000, 0.419423
0.048750, 0.417684
0.058125, 0.417256
0.057500, 0.418818
0.043125, 0.416673
0.044375, 0.366402
0.046875, 0.417687
0.043750, 0.416981
0.053125, 0.424573
0.046875, 0.418851
0.054375, 0.417558

====================================================================
Flow ID: 611 | Shape: (30, 2)
Features: [Size/1600, IAT/0.1]
--------------------------------------------------------------------
0.060000, 0.000000
0.048125, 0.416824
0.062500, 0.348191
0.056250, 0.418527
0.045625, 0.417370
0.052500, 0.370529
0.048750, 0.417423
0.049375, 0.418246
0.050000, 0.419055
0.047500, 0.906227
0.058125, 0.417676
0.060000, 0.418193
0.057500, 0.419497
0.057500, 0.415334
0.061250, 0.421111
0.056875, 0.419378
0.055000, 0.416401
0.057500, 0.418711
0.047500, 0.416075
0.060625, 0.415164
0.057500, 0.421869
0.050625, 0.412229
0.050000, 0.417770
0.051250, 0.374586
0.059375, 0.419841
0.060000, 0.443746
0.045000, 0.421576
0.048125, 0.416663
0.055000, 0.414009
0.050625, 0.417264

====================================================================
Flow ID: 612 | Shape: (30, 2)
Features: [Size/1600, IAT/0.1]
--------------------------------------------------------------------
0.059375, 0.000000
0.053125, 0.000161
0.045625, 0.417402
0.055000, 0.411450
0.061875, 0.416480
0.058125, 0.430647
0.060000, 0.419486
0.057500, 0.417792
0.048125, 0.411894
0.046875, 0.404801
0.050000, 0.416469
0.046875, 0.418478
0.055625, 0.412912
0.058750, 0.425804
0.046875, 0.417369
0.053750, 0.415474
0.058125, 0.417008
0.049375, 0.418314
0.056250, 0.418217
0.058750, 0.419010
0.060625, 0.427077
0.055000, 0.418147
0.050000, 0.421213
0.047500, 0.420683
0.053125, 0.433857
0.057500, 0.415983
0.056875, 0.416588
0.053750, 0.390881
0.045000, 0.417465
0.053125, 0.416873

====================================================================
Flow ID: 615 | Shape: (30, 2)
Features: [Size/1600, IAT/0.1]
--------------------------------------------------------------------
0.058750, 0.000000
0.060000, 0.419319
0.047500, 0.418878
0.058750, 0.416002
0.044375, 0.417392
0.054375, 0.413721
0.046250, 0.411344
0.047500, 0.417419
0.053750, 0.418066
0.045625, 0.418624
0.043750, 0.417991
0.048125, 0.417110
0.055625, 0.417166
0.058750, 0.416238
0.043125, 0.414652
0.055000, 0.414600
0.056875, 0.416276
0.045625, 0.422292
0.060000, 0.418172
0.058750, 0.419987
0.059375, 0.416972
0.052500, 0.431430
0.053750, 0.415029
0.055625, 0.439609
0.055000, 0.408757
0.051250, 0.421178
0.050625, 0.415702
0.043125, 0.414462
0.055625, 0.416408
0.051250, 0.416636

====================================================================
Flow ID: 619 | Shape: (30, 2)
Features: [Size/1600, IAT/0.1]
--------------------------------------------------------------------
0.051875, 0.000000
0.059375, 0.416350
0.055625, 0.417992
0.057500, 0.418247
0.051250, 0.417109
0.055000, 0.399125
0.046875, 0.415600
0.056250, 0.415955
0.054375, 0.417679
0.058125, 0.417397
0.056250, 0.417923
0.045000, 0.420942
0.046250, 0.416560
0.060000, 0.418051
0.052500, 0.418115
0.056250, 0.417019
0.059375, 0.416709
0.056250, 0.411939
0.045000, 0.411788
0.056875, 0.418260
0.056250, 0.417428
0.058125, 0.417876
0.053750, 0.416917
0.045625, 0.417339
0.046875, 0.412053
0.058125, 0.418346
0.059375, 0.415574
0.055625, 0.418587
0.055000, 0.416540
0.058125, 0.420388

====================================================================
Flow ID: 623 | Shape: (30, 2)
Features: [Size/1600, IAT/0.1]
--------------------------------------------------------------------
0.054375, 0.000000
0.054375, 0.417005
0.046250, 0.420446
0.051875, 0.401036
0.048125, 0.417338
0.047500, 0.417633
0.058750, 0.415613
0.060625, 0.436432
0.056875, 0.419099
0.048125, 0.413794
0.050000, 0.417143
0.046875, 0.416448
0.050000, 0.417448
0.052500, 0.417570
0.059375, 0.414631
0.055625, 0.418506
0.056875, 0.700477
0.045625, 0.418844
0.050625, 0.416485
0.055625, 0.418021
0.058125, 0.417462
0.058750, 0.416978
0.059375, 0.417786
0.046250, 0.416406
0.049375, 0.420880
0.056250, 0.410683
0.049375, 0.416798
0.044375, 0.417648
0.043750, 0.417609
0.059375, 0.417274

====================================================================
Flow ID: 626 | Shape: (30, 2)
Features: [Size/1600, IAT/0.1]
--------------------------------------------------------------------
0.056250, 0.000000
0.058125, 0.417342
0.056250, 0.363144
0.051250, 0.416127
0.055000, 0.461598
0.058750, 0.416907
0.045000, 0.418241
0.055625, 0.418655
0.058125, 0.463075
0.045000, 0.416290
0.059375, 0.417814
0.055000, 0.417762
0.050625, 0.417152
0.050000, 0.412185
0.047500, 0.412673
0.053750, 0.422707
0.058750, 0.418237
0.052500, 0.418115
0.042500, 0.416145
0.056250, 0.418880
0.063125, 0.415174
0.045625, 0.418278
0.045625, 0.412564
0.056875, 0.417290
0.056875, 0.416919
0.057500, 0.422469
0.057500, 0.416771
0.056875, 0.422271
0.058750, 0.430206
0.058125, 0.369478

====================================================================
Flow ID: 633 | Shape: (30, 2)
Features: [Size/1600, IAT/0.1]
--------------------------------------------------------------------
0.056250, 0.000000
0.054375, 0.766346
0.053750, 0.416158
0.056250, 0.418317
0.051875, 0.418555
0.058125, 0.417200
0.043750, 0.418579
0.061250, 1.000000
0.049375, 0.418447
0.059375, 0.417481
0.050000, 0.418090
0.055000, 0.417378
0.054375, 0.417755
0.059375, 0.416841
0.048750, 0.423762
0.048750, 0.417582
0.051250, 0.412053
0.058125, 0.426739
0.058750, 0.417653
0.045000, 0.415391
0.054375, 0.418285
0.056875, 0.417151
0.050000, 0.419981
0.057500, 0.405244
0.046875, 0.414643
0.049375, 0.404126
0.053750, 0.411744
0.045625, 0.414211
0.058750, 0.418620
0.047500, 0.416410

====================================================================
Flow ID: 634 | Shape: (30, 2)
Features: [Size/1600, IAT/0.1]
--------------------------------------------------------------------
0.056875, 0.000000
0.055000, 0.418439
0.062500, 0.418483
0.056875, 0.416094
0.047500, 0.407243
0.057500, 0.421925
0.049375, 0.416626
0.058125, 0.418909
0.058125, 0.418510
0.058125, 0.409686
0.046250, 0.410159
0.043750, 0.421893
0.052500, 0.417164
0.053125, 0.416730
0.055625, 0.418888
0.051250, 0.418250
0.055000, 0.414823
0.053125, 0.419647
0.057500, 0.417760
0.057500, 0.422430
0.056250, 0.416238
0.053750, 0.419704
0.050000, 0.417289
0.047500, 0.417727
0.046875, 0.417545
0.045625, 0.417770
0.061250, 0.417018
0.059375, 0.419613
0.055625, 0.417767
0.055625, 0.421959

====================================================================
Flow ID: 636 | Shape: (30, 2)
Features: [Size/1600, IAT/0.1]
--------------------------------------------------------------------
0.060625, 0.000000
0.056875, 0.417147
0.042500, 0.415747
0.055625, 0.418136
0.055625, 0.417346
0.047500, 0.398212
0.055000, 0.434483
0.057500, 0.417099
0.056875, 0.417600
0.055625, 0.417686
0.060000, 0.418043
0.052500, 0.407271
0.060000, 0.390424
0.051875, 0.416778
0.047500, 0.417587
0.050000, 0.409842
0.043750, 0.418515
0.046250, 0.427366
0.060625, 0.000155
0.057500, 0.417517
0.053750, 0.418124
0.045625, 0.418599
0.047500, 0.418564
0.055625, 0.417077
0.056875, 0.416481
0.059375, 0.418452
0.058125, 0.415761
0.053750, 0.415742
0.055625, 0.420688
0.045000, 0.419920

====================================================================
Flow ID: 638 | Shape: (30, 2)
Features: [Size/1600, IAT/0.1]
--------------------------------------------------------------------
0.053125, 0.000000
0.048750, 0.417472
0.055000, 0.366982
0.048750, 0.420890
0.042500, 0.394853
0.046250, 0.417312
0.046250, 0.418118
0.056875, 0.417977
0.053750, 0.416992
0.054375, 0.423594
0.062500, 0.417161
0.055000, 0.417195
0.045000, 0.417430
0.053125, 0.425910
0.044375, 0.416748
0.056250, 0.417446
0.059375, 0.418488
0.054375, 0.407628
0.055625, 0.366365
0.057500, 0.417935
0.048125, 0.421318
0.057500, 0.484110
0.054375, 0.416110
0.060000, 0.419742
0.051250, 0.413217
0.056250, 0.412345
0.048125, 0.417589
0.048125, 0.413246
0.058125, 0.418522
0.058750, 0.419966

====================================================================
Flow ID: 639 | Shape: (30, 2)
Features: [Size/1600, IAT/0.1]
--------------------------------------------------------------------
0.045625, 0.000000
0.056875, 0.417671
0.056875, 0.416125
0.060625, 0.425475
0.050000, 0.413932
0.055000, 0.417176
0.046875, 0.417292
0.048125, 0.420093
0.053125, 0.416694
0.053750, 0.417571
0.058125, 0.418065
0.057500, 0.415181
0.048125, 0.418371
0.048125, 0.417995
0.050000, 0.429338
0.061250, 0.416885
0.043750, 0.416494
0.060000, 0.419697
0.043750, 0.418154
0.056875, 0.420769
0.047500, 0.417589
0.057500, 0.521077
0.047500, 0.415911
0.055625, 0.415954
0.050625, 0.417642
0.055625, 0.413646
0.056250, 0.416953
0.058125, 0.416398
0.048750, 0.417504
0.046875, 0.416195

====================================================================
Flow ID: 640 | Shape: (30, 2)
Features: [Size/1600, IAT/0.1]
--------------------------------------------------------------------
0.056875, 0.000000
0.051250, 0.414500
0.046250, 0.418420
0.055000, 0.445065
0.058750, 0.417194
0.055000, 0.416502
0.047500, 0.415159
0.058750, 0.414025
0.041875, 0.417993
0.039375, 0.393650
0.058125, 0.417475
0.056250, 0.417178
0.046250, 0.420748
0.057500, 0.417983
0.048750, 0.416136
0.057500, 0.417932
0.058125, 0.417088
0.055000, 0.417425
0.046875, 0.419712
0.056250, 0.417626
0.055000, 0.420529
0.045625, 0.413599
0.049375, 0.421656
0.053125, 0.409059
0.050625, 0.426452
0.060000, 0.418720
0.047500, 0.412833
0.050000, 0.229235
0.055625, 0.418625
0.055000, 0.418430
