
====================================================================
Flow ID: 134 | Shape: (30, 2)
Features: [Size/1600, IAT/0.1]
--------------------------------------------------------------------
0.056875, 0.000000
0.060625, 0.416555
0.050625, 0.251723
0.045625, 0.422312
0.055625, 0.419867
0.054375, 0.417712
0.055625, 0.418027
0.049375, 0.409200
0.053125, 0.418072
0.053750, 0.417828
0.048750, 0.409566
0.058750, 0.417436
0.056250, 0.417613
0.056875, 0.415004
0.050000, 0.421443
0.041875, 0.420819
0.053750, 0.418462
0.048750, 0.384039
0.059375, 0.417470
0.053125, 0.416747
0.045625, 0.417425
0.055625, 0.417219
0.051875, 0.416914
0.051250, 0.419185
0.053125, 0.418373
0.058125, 0.417573
0.050000, 0.400504
0.053125, 0.417329
0.050000, 0.426318
0.045000, 0.417420

====================================================================
Flow ID: 135 | Shape: (30, 2)
Features: [Size/1600, IAT/0.1]
--------------------------------------------------------------------
0.055000, 0.000000
0.050000, 0.417097
0.055625, 0.431983
0.050000, 0.417778
0.054375, 0.409841
0.046875, 0.416883
0.043750, 0.417727
0.044375, 0.418707
0.053750, 0.416568
0.043750, 0.416369
0.041875, 0.419736
0.053750, 0.823995
0.058125, 0.412734
0.049375, 0.396162
0.049375, 0.414626
0.046250, 0.415733
0.051875, 0.420672
0.048750, 0.437438
0.052500, 0.420179
0.050625, 0.418073
0.057500, 0.417157
0.056875, 0.415770
0.056250, 0.445229
0.047500, 0.425511
0.055625, 0.416563
0.046875, 0.418661
0.046875, 0.418062
0.053125, 0.419843
0.058125, 0.428880
0.046250, 0.414383

====================================================================
Flow ID: 138 | Shape: (30, 2)
Features: [Size/1600, IAT/0.1]
--------------------------------------------------------------------
0.050000, 0.000000
0.058125, 0.417042
0.056875, 0.422084
0.057500, 0.403069
0.057500, 0.418445
0.055000, 0.417930
0.053750, 0.410569
0.055625, 0.415438
0.045000, 0.419679
0.045625, 0.417539
0.046875, 0.418618
0.059375, 0.416517
0.056875, 0.418933
0.055000, 0.421019
0.043125, 0.419692
0.060000, 0.393557
0.058750, 0.416530
0.045000, 0.414839
0.058125, 0.418524
0.054375, 0.416807
0.057500, 0.417431
0.058750, 0.423329
0.059375, 0.421286
0.048750, 0.418576
0.056250, 0.416101
0.053750, 0.419285
0.056250, 0.421615
0.058750, 0.417158
0.057500, 0.417119
0.046875, 0.418207

====================================================================
Flow ID: 144 | Shape: (30, 2)
Features: [Size/1600, IAT/0.1]
--------------------------------------------------------------------
0.058125, 0.000000
0.046250, 0.417329
0.054375, 0.414009
0.046250, 0.416799
0.056875, 0.423380
0.055000, 0.415099
0.060000, 0.426893
0.056875, 0.417410
0.057500, 0.643275
0.055000, 0.417778
0.053125, 0.417937
0.046875, 0.416506
0.044375, 0.414982
0.057500, 0.417747
0.055625, 0.418372
0.047500, 0.416794
0.057500, 0.418565
0.058750, 0.417481
0.048750, 0.430199
0.045625, 0.417756
0.045000, 0.412777
0.042500, 0.419687
0.051250, 0.414179
0.054375, 0.420023
0.045625, 0.415379
0.055625, 0.419043
0.061875, 0.416355
0.059375, 0.411002
0.052500, 0.440147
0.056250, 0.419171

====================================================================
Flow ID: 146 | Shape: (30, 2)
Features: [Size/1600, IAT/0.1]
--------------------------------------------------------------------
0.056250, 0.000000
0.059375, 0.418648
0.056250, 0.436818
0.055625, 0.419696
0.055000, 0.418074
0.045000, 0.418148
0.046875, 0.417260
0.047500, 0.417553
0.058125, 0.417666
0.055625, 0.416463
0.058125, 0.422656
0.057500, 0.418896
0.058750, 0.417425
0.055000, 0.418202
0.050000, 0.418229
0.046875, 0.415017
0.058750, 0.414978
0.053750, 0.421084
0.059375, 0.379628
0.051875, 0.416809
0.052500, 0.416978
0.054375, 0.417274
0.050000, 0.417536
0.058125, 0.417195
0.042500, 0.421175
0.058125, 0.415320
0.060625, 0.418753
0.057500, 0.416781
0.052500, 0.414180
0.046250, 0.417443

====================================================================
Flow ID: 151 | Shape: (30, 2)
Features: [Size/1600, IAT/0.1]
--------------------------------------------------------------------
0.050625, 0.000000
0.051250, 0.420752
0.056250, 0.665743
0.051875, 0.417641
0.054375, 0.417202
0.056250, 0.422892
0.056875, 0.419016
0.052500, 0.416264
0.053125, 0.417690
0.056875, 0.417299
0.055000, 0.417781
0.048125, 0.417898
0.055625, 0.417056
0.056875, 0.427561
0.055625, 0.420523
0.056250, 0.417266
0.053750, 0.416590
0.047500, 0.321491
0.043125, 0.416918
0.057500, 0.417010
0.060000, 0.417546
0.057500, 0.422679
0.048125, 0.402716
0.046250, 0.418726
0.047500, 0.421103
0.055000, 0.420842
0.045000, 0.416143
0.048750, 0.417894
0.046250, 0.416491
0.048750, 0.497987

====================================================================
Flow ID: 154 | Shape: (30, 2)
Features: [Size/1600, IAT/0.1]
--------------------------------------------------------------------
0.055000, 0.000000
0.058750, 0.423557
0.048125, 0.417076
0.046875, 0.417938
0.050000, 0.420311
0.045000, 0.419001
0.046250, 0.399153
0.056250, 0.417410
0.056250, 0.432025
0.058750, 0.417759
0.059375, 0.420871
0.049375, 0.417714
0.056875, 0.426492
0.057500, 0.432998
0.055000, 0.417287
0.049375, 0.419666
0.057500, 0.417046
0.051250, 0.418633
0.051875, 0.421471
0.056250, 0.419950
0.048125, 0.418214
0.046875, 0.419847
0.055000, 0.417575
0.054375, 0.419884
0.048125, 0.417167
0.048750, 0.408862
0.046875, 0.415981
0.046875, 0.418954
0.048125, 0.426038
0.048750, 0.417699

====================================================================
Flow ID: 164 | Shape: (30, 2)
Features: [Size/1600, IAT/0.1]
--------------------------------------------------------------------
0.046250, 0.000000
0.058125, 0.417287
0.042500, 0.421285
0.042500, 0.417115
0.061875, 0.418600
0.044375, 0.411357
0.055625, 0.439584
0.057500, 1.000000
0.046875, 0.475575
0.056875, 0.413941
0.057500, 0.417982
0.060000, 0.420523
0.046250, 0.416273
0.060000, 0.418721
0.055000, 0.419052
0.056250, 0.417029
0.055625, 0.418329
0.049375, 0.416545
0.058125, 0.417440
0.056250, 0.417301
0.053750, 0.415423
0.045000, 0.415538
0.048125, 0.416410
0.058125, 0.418824
0.048750, 0.420213
0.044375, 0.419994
0.050000, 0.417815
0.046250, 0.417736
0.051875, 0.417049
0.045625, 0.416283

====================================================================
Flow ID: 167 | Shape: (30, 2)
Features: [Size/1600, IAT/0.1]
--------------------------------------------------------------------
0.051250, 0.000000
0.055000, 0.411282
0.046875, 0.362576
0.058750, 0.413660
0.050625, 0.411091
0.051875, 0.416854
0.059375, 0.461013
0.056250, 0.419796
0.048750, 0.417779
0.055000, 0.425461
0.046250, 0.419573
0.048750, 0.418405
0.056875, 0.411529
0.047500, 0.387007
0.056250, 0.419489
0.055000, 0.417514
0.058750, 0.419006
0.055000, 0.417283
0.055000, 0.417875
0.045000, 0.333905
0.054375, 0.417424
0.053750, 0.416818
0.050625, 0.419024
0.048750, 0.414410
0.055000, 0.418259
0.049375, 0.423298
0.051875, 0.418647
0.057500, 0.418905
0.056250, 0.417373
0.046875, 0.417883

====================================================================
Flow ID: 171 | Shape: (30, 2)
Features: [Size/1600, IAT/0.1]
--------------------------------------------------------------------
0.054375, 0.000000
0.055000, 0.416109
0.058125, 0.416438
0.057500, 0.417996
0.049375, 0.354375
0.055000, 0.417441
0.055000, 0.415735
0.047500, 0.417958
0.056250, 0.000157
0.061250, 0.419287
0.045000, 0.418873
0.055000, 0.398889
0.053750, 0.426073
0.048750, 0.418732
0.050000, 0.390521
0.044375, 0.418936
0.058125, 0.416155
0.057500, 0.418015
0.045000, 0.416666
0.045000, 0.416612
0.053125, 0.423248
0.052500, 0.376903
0.058125, 0.416789
0.055625, 0.414271
0.055000, 0.417623
0.053750, 0.418595
0.042500, 0.418086
0.056875, 0.416366
0.041250, 0.406677
0.050625, 0.418236

====================================================================
Flow ID: 172 | Shape: (30, 2)
Features: [Size/1600, IAT/0.1]
--------------------------------------------------------------------
0.046250, 0.000000
0.049375, 0.417282
0.048125, 0.418315
0.059375, 0.420660
0.053750, 0.419949
0.056875, 0.417961
0.058125, 0.417038
0.056875, 0.418661
0.053125, 0.415021
0.058125, 0.417718
0.057500, 0.418028
0.046875, 0.417296
0.059375, 0.410882
0.053125, 0.421048
0.058750, 0.412085
0.056875, 0.417129
0.048750, 0.421869
0.058125, 0.416970
0.044375, 0.418358
0.057500, 0.417607
0.045625, 0.415177
0.056250, 0.416145
0.055625, 0.417638
0.055625, 0.411143
0.055625, 0.410707
0.057500, 0.430658
0.053750, 0.415079
0.058750, 0.416792
0.061875, 0.417467
0.056875, 0.426867

====================================================================
Flow ID: 175 | Shape: (30, 2)
Features: [Size/1600, IAT/0.1]
--------------------------------------------------------------------
0.056875, 0.000000
0.048125, 0.419974
0.048750, 0.419360
0.057500, 0.425904
0.059375, 0.427950
0.055000, 0.417178
0.048750, 0.417785
0.058750, 0.419580
0.054375, 0.420396
0.043750, 0.410180
0.058125, 0.417751
0.056875, 0.414855
0.044375, 0.000149
0.058125, 0.416158
0.052500, 0.400725
0.056875, 0.442655
0.052500, 0.417174
0.055625, 0.417294
0.050000, 0.417399
0.056875, 0.174831
0.045000, 0.418582
0.049375, 0.417451
0.048125, 0.417182
0.042500, 0.416437
0.046250, 0.417954
0.050000, 0.417503
0.056875, 0.414278
0.050625, 0.417133
0.060000, 0.420263
0.048750, 0.417518

====================================================================
Flow ID: 177 | Shape: (30, 2)
Features: [Size/1600, IAT/0.1]
--------------------------------------------------------------------
0.049375, 0.000000
0.057500, 0.418065
0.054375, 0.418122
0.055625, 0.418003
0.057500, 0.417444
0.058125, 0.416364
0.059375, 0.418028
0.062500, 0.420893
0.056875, 0.417209
0.056875, 0.417220
0.059375, 0.301160
0.048750, 0.414753
0.053125, 0.417110
0.043125, 0.415284
0.047500, 0.420333
0.047500, 0.417813
0.056875, 0.417570
0.053125, 0.406500
0.060000, 0.418303
0.051875, 0.418050
0.060000, 0.418135
0.059375, 0.417338
0.059375, 0.435999
0.053125, 0.417295
0.048750, 0.416303
0.055625, 0.417026
0.056250, 0.416570
0.041875, 0.417197
0.051875, 0.000155
0.054375, 0.433749

====================================================================
Flow ID: 178 | Shape: (30, 2)
Features: [Size/1600, IAT/0.1]
--------------------------------------------------------------------
0.056875, 0.000000
0.055000, 0.419580
0.060000, 0.416932
0.048125, 0.417759
0.047500, 0.422886
0.046250, 0.416846
0.044375, 0.418103
0.057500, 0.417623
0.057500, 0.418183
0.058125, 0.417561
0.058750, 0.417702
0.048125, 0.000146
0.059375, 0.413699
0.056250, 0.421788
0.048125, 0.417092
0.056875, 0.417308
0.055000, 0.418519
0.048750, 0.417679
0.047500, 0.418688
0.059375, 0.418150
0.059375, 0.417476
0.047500, 0.415963
0.055000, 0.417188
0.058750, 0.417764
0.044375, 0.414391
0.053750, 0.426260
0.050625, 0.419496
0.052500, 0.422573
0.044375, 0.417198
0.043125, 0.416531

====================================================================
Flow ID: 181 | Shape: (30, 2)
Features: [Size/1600, IAT/0.1]
--------------------------------------------------------------------
0.056250, 0.000000
0.058125, 0.417162
0.048125, 0.418027
0.056875, 0.417670
0.047500, 0.417035
0.046875, 0.418303
0.053125, 0.415904
0.045625, 0.422217
0.051250, 0.416465
0.055625, 0.386473
0.058750, 0.514413
0.054375, 0.435723
0.057500, 0.415317
0.046875, 0.415907
0.055000, 0.417655
0.056875, 0.416771
0.055625, 0.416381
0.058750, 0.420297
0.060625, 0.423867
0.056875, 0.417797
0.055625, 0.414814
0.054375, 0.424673
0.059375, 0.417103
0.057500, 0.417033
0.049375, 0.417185
0.047500, 0.406853
0.044375, 0.439136
0.058125, 0.411383
0.055000, 0.415891
0.050000, 0.396263

====================================================================
Flow ID: 182 | Shape: (30, 2)
Features: [Size/1600, IAT/0.1]
--------------------------------------------------------------------
0.058750, 0.000000
0.058750, 0.418854
0.058750, 0.415403
0.055625, 0.393764
0.045625, 0.427802
0.046250, 0.418479
0.049375, 0.414575
0.059375, 0.416283
0.055625, 0.413887
0.055625, 0.416115
0.055625, 0.417335
0.057500, 0.414518
0.056875, 0.417711
0.053750, 0.417299
0.057500, 0.413194
0.057500, 0.419266
0.055000, 0.417402
0.043750, 0.466188
0.048750, 0.427764
0.058125, 0.431020
0.056875, 0.417686
0.049375, 0.417076
0.050000, 0.420322
0.057500, 0.428734
0.058125, 0.420922
0.047500, 0.416885
0.047500, 0.417572
0.062500, 0.411406
0.050625, 0.421711
0.056875, 0.418559

====================================================================
Flow ID: 192 | Shape: (30, 2)
Features: [Size/1600, IAT/0.1]
--------------------------------------------------------------------
0.050625, 0.000000
0.060625, 0.418024
0.054375, 0.416980
0.050000, 0.417894
0.051250, 0.420110
0.054375, 0.417196
0.056875, 0.422310
0.053750, 0.419598
0.048750, 0.371190
0.052500, 0.417622
0.058750, 0.429541
0.056250, 0.417303
0.047500, 0.393761
0.054375, 0.417586
0.060000, 0.419526
0.048750, 0.417357
0.043125, 0.417996
0.051875, 0.416614
0.048125, 0.408767
0.057500, 0.511346
0.057500, 0.428440
0.055625, 0.452253
0.057500, 0.420156
0.056250, 0.418117
0.057500, 0.420097
0.053750, 0.419906
0.046250, 0.419100
0.053750, 0.417743
0.054375, 0.418147
0.058125, 0.422775

====================================================================
Flow ID: 195 | Shape: (30, 2)
Features: [Size/1600, IAT/0.1]
--------------------------------------------------------------------
0.050000, 0.000000
0.050000, 0.419595
0.057500, 0.422803
0.058125, 0.415609
0.054375, 0.414720
0.056875, 0.416673
0.055625, 0.417518
0.046250, 0.416357
0.055625, 0.409850
0.056250, 0.416050
0.055625, 0.421181
0.057500, 0.444551
0.046875, 0.417452
0.057500, 0.419661
0.044375, 0.471215
0.052500, 0.421954
0.061250, 0.417168
0.045625, 0.414211
0.051875, 0.419078
0.050000, 0.418080
0.058750, 0.419374
0.056250, 0.418396
0.056250, 0.417187
0.054375, 0.417499
0.053125, 0.418655
0.046250, 0.415416
0.057500, 0.415671
0.044375, 0.417242
0.058125, 0.416520
0.051250, 0.418119

====================================================================
Flow ID: 197 | Shape: (30, 2)
Features: [Size/1600, IAT/0.1]
--------------------------------------------------------------------
0.052500, 0.000000
0.056875, 0.418043
0.049375, 0.415324
0.059375, 0.416085
0.048125, 0.418253
0.043125, 0.415419
0.046250, 0.897051
0.060625, 0.416978
0.054375, 0.416148
0.054375, 0.418627
0.060625, 0.429553
0.046250, 0.417920
0.055000, 0.417691
0.055625, 0.416557
0.050000, 0.415868
0.058750, 0.420447
0.058750, 0.414756
0.056250, 0.464587
0.056250, 0.419641
0.060000, 0.411878
0.056250, 0.416454
0.056875, 0.414073
0.059375, 0.417833
0.045000, 0.357283
0.055625, 0.417426
0.055000, 0.415266
0.058125, 0.417417
0.057500, 0.417281
0.045000, 0.418007
0.054375, 0.412874

====================================================================
Flow ID: 203 | Shape: (30, 2)
Features: [Size/1600, IAT/0.1]
--------------------------------------------------------------------
0.060625, 0.000000
0.055000, 0.416872
0.058125, 0.425537
0.045000, 0.000151
0.052500, 0.417868
0.047500, 0.417508
0.054375, 0.416587
0.056875, 0.417749
0.058125, 0.583866
0.052500, 0.416742
0.057500, 0.407951
0.058750, 0.415844
0.058750, 0.417297
0.046875, 0.382051
0.054375, 0.417177
0.052500, 0.417919
0.043750, 0.423393
0.044375, 0.420467
0.055625, 0.434530
0.055625, 0.417103
0.058750, 0.432170
0.058750, 0.416227
0.053750, 0.417013
0.058750, 0.419647
0.053750, 0.418257
0.046250, 0.409540
0.056250, 0.418969
0.055625, 0.419318
0.045000, 0.414040
0.058750, 0.426265

====================================================================
Flow ID: 204 | Shape: (30, 2)
Features: [Size/1600, IAT/0.1]
--------------------------------------------------------------------
0.044375, 0.000000
0.058750, 0.417638
0.058125, 0.418787
0.053750, 0.415608
0.045625, 0.425603
0.058750, 0.415386
0.053750, 0.399639
0.043750, 0.420045
0.045000, 0.424424
0.055000, 0.415180
0.059375, 0.410216
0.056250, 0.416919
0.053750, 0.416779
0.059375, 0.414006
0.047500, 0.431387
0.048125, 0.425264
0.053750, 0.416989
0.053750, 0.420426
0.048750, 0.417945
0.058125, 0.437547
0.050625, 0.461733
0.053125, 0.418021
0.044375, 0.417329
0.058125, 0.380003
0.054375, 0.419882
0.053125, 0.413547
0.061250, 0.418666
0.045000, 0.428765
0.055625, 0.426905
0.060000, 0.416530

====================================================================
Flow ID: 205 | Shape: (30, 2)
Features: [Size/1600, IAT/0.1]
--------------------------------------------------------------------
0.048750, 0.000000
0.060000, 0.416528
0.040625, 0.419586
0.046250, 0.416161
0.060000, 0.417668
0.060000, 0.417129
0.057500, 0.413550
0.055000, 0.416852
0.057500, 0.417018
0.045625, 0.416692
0.054375, 0.415909
0.058125, 0.416053
0.058125, 0.419503
0.055000, 0.417234
0.054375, 0.414221
0.051250, 0.418778
0.055625, 0.418077
0.054375, 0.418142
0.045000, 0.284662
0.058125, 0.418805
0.057500, 0.417652
0.058125, 0.425141
0.048125, 0.417373
0.060000, 0.417700
0.048750, 0.413845
0.051250, 0.414921
0.053750, 0.417458
0.046250, 0.409586
0.060625, 0.412255
0.047500, 0.417332

====================================================================
Flow ID: 207 | Shape: (30, 2)
Features: [Size/1600, IAT/0.1]
--------------------------------------------------------------------
0.057500, 0.000000
0.050625, 0.418891
0.046250, 0.424145
0.046250, 0.419596
0.059375, 0.409170
0.055625, 0.418568
0.046875, 0.416656
0.052500, 0.416568
0.053125, 0.418035
0.055625, 0.422831
0.047500, 0.414045
0.049375, 0.418231
0.056875, 0.411780
0.051875, 0.423361
0.058750, 0.417485
0.057500, 0.418075
0.058750, 0.419896
0.055625, 0.417562
0.055625, 0.416963
0.048125, 0.416456
0.046250, 0.418188
0.050625, 0.437163
0.060625, 0.418470
0.048125, 0.417470
0.058125, 0.418177
0.043750, 0.448936
0.059375, 0.417597
0.061875, 0.418861
0.057500, 0.000146
0.060000, 0.463443

====================================================================
Flow ID: 209 | Shape: (30, 2)
Features: [Size/1600, IAT/0.1]
--------------------------------------------------------------------
0.055625, 0.000000
0.045625, 0.392212
0.059375, 0.416491
0.054375, 0.387886
0.052500, 0.417861
0.048125, 0.417522
0.050000, 0.470550
0.049375, 0.414906
0.058750, 0.415761
0.061875, 0.416992
0.055000, 0.416818
0.061875, 0.418732
0.050625, 0.414256
0.054375, 0.417205
0.057500, 0.437756
0.055000, 0.416751
0.044375, 0.406940
0.058750, 0.417402
0.056875, 0.418663
0.046875, 0.417249
0.051875, 0.418057
0.057500, 0.430122
0.057500, 0.418356
0.058125, 0.426721
0.059375, 0.417970
0.057500, 0.422644
0.057500, 0.302055
0.053750, 0.453997
0.050000, 0.420840
0.056875, 0.416396

====================================================================
Flow ID: 210 | Shape: (30, 2)
Features: [Size/1600, IAT/0.1]
--------------------------------------------------------------------
0.053750, 0.000000
0.055625, 0.416982
0.045000, 0.418721
0.058750, 0.416878
0.048125, 0.416378
0.059375, 0.419324
0.055625, 0.165929
0.046875, 0.418101
0.053750, 0.416546
0.051250, 0.403798
0.050625, 0.417322
0.045625, 0.417738
0.058125, 0.416662
0.050000, 0.418202
0.050000, 0.408020
0.056875, 0.408612
0.050625, 0.417212
0.051250, 0.417428
0.053125, 0.399427
0.051875, 0.417999
0.059375, 0.377336
0.048750, 0.436783
0.058750, 0.420532
0.058750, 0.418598
0.052500, 0.416800
0.053125, 0.416253
0.045000, 0.419825
0.054375, 0.414739
0.046875, 0.415444
0.055000, 0.418887

====================================================================
Flow ID: 216 | Shape: (30, 2)
Features: [Size/1600, IAT/0.1]
--------------------------------------------------------------------
0.046250, 0.000000
0.056250, 0.414258
0.057500, 0.420121
0.052500, 0.415739
0.046250, 0.416937
0.048750, 0.418303
0.058125, 0.416293
0.049375, 0.417951
0.058125, 0.418639
0.046875, 0.420526
0.056875, 0.417329
0.058125, 0.408483
0.055000, 0.417670
0.054375, 0.417538
0.055625, 0.420188
0.058750, 0.417055
0.045000, 0.415719
0.051250, 0.417525
0.048750, 0.413734
0.056250, 0.418398
0.056250, 0.418907
0.057500, 0.416569
0.046875, 0.417859
0.053750, 0.418647
0.048125, 0.417566
0.058750, 0.416227
0.053125, 0.417512
0.057500, 0.441106
0.056875, 0.405729
0.057500, 0.416597

====================================================================
Flow ID: 219 | Shape: (30, 2)
Features: [Size/1600, IAT/0.1]
--------------------------------------------------------------------
0.056875, 0.000000
0.046875, 0.434750
0.056250, 0.417558
0.060000, 0.421565
0.057500, 0.481531
0.060000, 0.418731
0.053750, 0.417795
0.056875, 0.417434
0.059375, 0.417856
0.058125, 0.415698
0.059375, 0.417662
0.045625, 0.418575
0.048750, 0.415349
0.058125, 0.417807
0.060000, 0.414088
0.058125, 0.419515
0.045625, 0.418593
0.050000, 0.417878
0.055000, 0.426948
0.054375, 0.419510
0.058750, 0.417314
0.055000, 0.418053
0.055625, 0.416566
0.048750, 0.417793
0.055000, 0.426039
0.060625, 0.418316
0.049375, 0.417407
0.045625, 0.417431
0.052500, 0.436287
0.045000, 0.446826

====================================================================
Flow ID: 221 | Shape: (30, 2)
Features: [Size/1600, IAT/0.1]
--------------------------------------------------------------------
0.055625, 0.000000
0.055000, 0.417014
0.058125, 0.415926
0.048750, 0.417924
0.052500, 0.415293
0.057500, 0.420034
0.056875, 0.417128
0.050000, 0.417151
0.043750, 0.414672
0.058125, 0.416373
0.057500, 0.411784
0.057500, 0.418968
0.046875, 0.419735
0.050625, 0.417741
0.056875, 0.417102
0.055625, 0.417952
0.058125, 0.417562
0.045000, 0.416281
0.048125, 0.417864
0.057500, 0.458790
0.055000, 0.415349
0.061875, 0.418613
0.045625, 0.417262
0.055625, 0.417939
0.046875, 0.412129
0.041875, 0.417863
0.056250, 0.414929
0.052500, 0.418264
0.045625, 0.416898
0.045625, 0.417470

====================================================================
Flow ID: 222 | Shape: (30, 2)
Features: [Size/1600, IAT/0.1]
--------------------------------------------------------------------
0.049375, 0.000000
0.045625, 0.417951
0.053750, 0.419340
0.051250, 0.417179
0.046875, 0.417600
0.050000, 0.415258
0.057500, 0.418733
0.048125, 0.413935
0.057500, 0.417733
0.057500, 0.417794
0.043125, 0.414161
0.053125, 0.416838
0.054375, 0.418259
0.060625, 0.417854
0.055000, 0.416258
0.053750, 0.462580
0.047500, 0.406921
0.056875, 0.416264
0.055625, 0.416858
0.060000, 0.416394
0.045625, 0.418409
0.046875, 0.416022
0.046875, 0.418530
0.049375, 0.424553
0.046875, 0.416207
0.046250, 0.417637
0.048125, 0.401932
0.056875, 0.408198
0.056875, 0.411838
0.057500, 0.418710

====================================================================
Flow ID: 225 | Shape: (30, 2)
Features: [Size/1600, IAT/0.1]
--------------------------------------------------------------------
0.058750, 0.000000
0.049375, 0.417784
0.056875, 1.000000
0.042500, 0.417220
0.045000, 0.418245
0.045000, 0.414999
0.056250, 0.418667
0.041875, 0.416654
0.050625, 0.419004
0.058750, 0.417775
0.051250, 0.398720
0.054375, 0.418143
0.049375, 0.416057
0.045000, 0.418363
0.043750, 0.429336
0.044375, 0.419798
0.053750, 0.424809
0.053125, 0.415505
0.057500, 0.416756
0.058125, 0.417982
0.045625, 0.417674
0.052500, 0.416990
0.053125, 0.417126
0.044375, 0.417784
0.051875, 0.416498
0.050625, 0.584351
0.055000, 0.417338
0.059375, 0.000171
0.048125, 0.420117
0.057500, 0.419596

====================================================================
Flow ID: 226 | Shape: (30, 2)
Features: [Size/1600, IAT/0.1]
--------------------------------------------------------------------
0.048125, 0.000000
0.051250, 0.417138
0.060625, 0.000144
0.059375, 0.419107
0.043750, 0.416435
0.048750, 0.417818
0.058750, 0.415742
0.057500, 0.416948
0.055000, 0.415829
0.052500, 0.382798
0.060625, 0.417583
0.057500, 0.418600
0.059375, 0.416895
0.056250, 0.423078
0.056250, 0.417129
0.050000, 0.418094
0.050000, 0.413559
0.048125, 0.416412
0.060625, 0.418298
0.058125, 0.417057
0.055625, 0.417841
0.058750, 0.414872
0.063125, 0.415284
0.043750, 0.420166
0.047500, 0.421260
0.044375, 0.466861
0.045625, 0.419352
0.053750, 0.417385
0.057500, 0.417119
0.051250, 0.415448

====================================================================
Flow ID: 228 | Shape: (30, 2)
Features: [Size/1600, IAT/0.1]
--------------------------------------------------------------------
0.058750, 0.000000
0.048750, 0.417204
0.046875, 0.419249
0.060000, 0.417062
0.056250, 0.416664
0.053125, 0.417494
0.053125, 0.417655
0.057500, 0.417465
0.046875, 0.418755
0.058125, 0.422471
0.055625, 0.424332
0.054375, 0.417307
0.057500, 0.417685
0.059375, 0.421429
0.052500, 0.404492
0.052500, 0.418369
0.057500, 0.423099
0.047500, 0.417717
0.048125, 0.456694
0.046250, 0.417878
0.058750, 0.419033
0.058750, 0.433156
0.048750, 0.417164
0.058125, 0.415825
0.055000, 0.419373
0.056875, 0.419569
0.055625, 0.417531
0.055625, 0.432970
0.044375, 0.417669
0.048125, 0.417125

====================================================================
Flow ID: 229 | Shape: (30, 2)
Features: [Size/1600, IAT/0.1]
--------------------------------------------------------------------
0.056250, 0.000000
0.058750, 0.419449
0.053750, 0.418372
0.045000, 0.416573
0.045625, 0.418212
0.053750, 0.386389
0.058750, 0.417516
0.053750, 0.413153
0.059375, 0.416035
0.047500, 0.420242
0.057500, 0.417713
0.051250, 0.417854
0.048125, 0.418527
0.044375, 0.409797
0.055625, 0.415687
0.059375, 0.418044
0.056250, 0.419420
0.056875, 0.416419
0.058750, 0.426859
0.058125, 0.419653
0.058750, 0.412725
0.047500, 0.419061
0.056250, 0.414529
0.054375, 0.418722
0.057500, 0.413871
0.057500, 0.417520
0.045625, 0.414859
0.058125, 0.417625
0.056250, 0.418231
0.058750, 0.399447

====================================================================
Flow ID: 231 | Shape: (30, 2)
Features: [Size/1600, IAT/0.1]
--------------------------------------------------------------------
0.045625, 0.000000
0.045625, 0.418179
0.054375, 0.418658
0.041875, 0.416057
0.056250, 0.416861
0.053125, 0.416082
0.055000, 0.418465
0.049375, 0.417888
0.055625, 0.410423
0.053750, 0.417475
0.058125, 0.407536
0.057500, 0.422070
0.058125, 0.417391
0.053750, 0.416914
0.056250, 0.416895
0.053125, 0.416122
0.058125, 0.416956
0.056875, 0.417290
0.048750, 0.417700
0.050000, 0.419579
0.044375, 0.419525
0.055625, 0.413077
0.048125, 0.417635
0.046875, 0.416448
0.048750, 0.417239
0.048125, 0.416831
0.060000, 0.417717
0.056250, 0.419852
0.049375, 0.433335
0.058125, 0.416663

====================================================================
Flow ID: 234 | Shape: (30, 2)
Features: [Size/1600, IAT/0.1]
--------------------------------------------------------------------
0.053125, 0.000000
0.056875, 0.417435
0.056875, 0.412550
0.057500, 0.417732
0.049375, 0.415845
0.056250, 0.411528
0.058750, 0.417795
0.056875, 0.419728
0.048750, 0.417546
0.055625, 0.416696
0.056875, 0.420288
0.058750, 0.417047
0.058125, 0.414850
0.058125, 0.419920
0.048750, 0.417813
0.058125, 0.420298
0.048750, 0.417843
0.041875, 0.421074
0.055000, 0.415936
0.056875, 0.423568
0.053125, 0.417767
0.056250, 0.421053
0.047500, 0.418125
0.053750, 0.417155
0.054375, 0.417610
0.056875, 0.413897
0.043750, 0.441896
0.056875, 0.417450
0.050000, 0.415011
0.049375, 0.416558

====================================================================
Flow ID: 238 | Shape: (30, 2)
Features: [Size/1600, IAT/0.1]
--------------------------------------------------------------------
0.048125, 0.000000
0.056875, 0.430030
0.058750, 0.418872
0.058750, 0.416872
0.055625, 0.417971
0.041250, 0.418405
0.049375, 0.418008
0.057500, 0.416607
0.058750, 0.416188
0.045625, 0.417166
0.048125, 0.422977
0.050625, 0.418143
0.045000, 0.420750
0.045625, 0.417686
0.060000, 0.416097
0.044375, 0.417767
0.046875, 0.410695
0.056250, 0.415623
0.052500, 0.416130
0.056875, 0.410800
0.055625, 0.418253
0.056875, 0.415137
0.056875, 0.502841
0.048750, 0.412308
0.057500, 0.418512
0.053750, 0.418793
0.056875, 0.418200
0.050625, 0.414608
0.048125, 0.418559
0.059375, 0.417650

====================================================================
Flow ID: 241 | Shape: (30, 2)
Features: [Size/1600, IAT/0.1]
--------------------------------------------------------------------
0.057500, 0.000000
0.051875, 0.417673
0.044375, 0.417280
0.040000, 0.417041
0.058750, 0.417773
0.061875, 0.390765
0.060000, 0.413316
0.049375, 0.419003
0.048750, 0.420847
0.053750, 0.396420
0.051250, 0.871846
0.060000, 0.424776
0.049375, 0.327806
0.046875, 0.416988
0.057500, 0.418914
0.047500, 0.416079
0.053750, 0.418238
0.047500, 0.421416
0.057500, 0.423912
0.056250, 0.416169
0.054375, 0.419741
0.052500, 0.419693
0.054375, 0.398467
0.058125, 0.418445
0.057500, 0.416799
0.055625, 0.418183
0.050625, 0.417455
0.061875, 0.425815
0.060000, 0.414558
0.055000, 0.423973

====================================================================
Flow ID: 242 | Shape: (30, 2)
Features: [Size/1600, IAT/0.1]
--------------------------------------------------------------------
0.060000, 0.000000
0.056875, 0.301936
0.057500, 0.417213
0.050625, 0.417204
0.057500, 0.417612
0.058750, 0.420991
0.060000, 0.417742
0.058125, 0.415192
0.057500, 0.418154
0.043125, 0.420346
0.055625, 0.417973
0.058750, 0.419551
0.050000, 0.659213
0.049375, 0.417148
0.055000, 0.416499
0.060000, 0.418187
0.058125, 0.410104
0.046250, 0.417457
0.047500, 0.309871
0.045000, 0.417261
0.056250, 0.418278
0.061250, 0.418668
0.052500, 0.259499
0.056250, 0.418205
0.058125, 0.418130
0.046250, 0.419350
0.045000, 0.422093
0.048750, 0.416954
0.048125, 0.418974
0.048125, 0.418642

====================================================================
Flow ID: 245 | Shape: (30, 2)
Features: [Size/1600, IAT/0.1]
--------------------------------------------------------------------
0.057500, 0.000000
0.051875, 0.417305
0.044375, 0.418304
0.059375, 0.419622
0.050625, 0.418306
0.058125, 0.417699
0.054375, 0.375880
0.058750, 0.416292
0.046875, 0.420406
0.051875, 0.415563
0.055000, 0.417225
0.046250, 0.419350
0.057500, 0.417424
0.058750, 0.419651
0.055000, 0.418332
0.058750, 0.417257
0.056875, 0.407205
0.053750, 0.417290
0.050625, 0.418495
0.046250, 0.419390
0.056250, 0.421327
0.048750, 0.416647
0.057500, 0.421360
0.049375, 0.423087
0.061250, 0.417729
0.050000, 0.446959
0.058750, 0.418727
0.056250, 0.416672
0.058125, 0.419188
0.057500, 1.000000

====================================================================
Flow ID: 252 | Shape: (30, 2)
Features: [Size/1600, IAT/0.1]
--------------------------------------------------------------------
0.056250, 0.000000
0.047500, 0.417617
0.049375, 0.416677
0.048750, 0.410974
0.055625, 0.413213
0.058125, 0.415392
0.061250, 0.400771
0.055625, 0.416200
0.049375, 0.416424
0.050625, 0.414046
0.058125, 0.411694
0.048750, 0.448241
0.051875, 0.417813
0.059375, 0.418193
0.052500, 0.418585
0.060000, 0.418844
0.058125, 0.422170
0.050625, 0.422266
0.055625, 0.412706
0.058125, 0.411655
0.046875, 0.417182
0.057500, 0.416546
0.045000, 0.417468
0.050000, 0.417433
0.058125, 0.418445
0.059375, 0.417942
0.048125, 0.416248
0.052500, 0.419231
0.054375, 0.405084
0.050625, 0.416915

====================================================================
Flow ID: 253 | Shape: (30, 2)
Features: [Size/1600, IAT/0.1]
--------------------------------------------------------------------
0.059375, 0.000000
0.055625, 0.417716
0.057500, 0.417203
0.055625, 0.417535
0.048750, 0.305316
0.046875, 0.416788
0.056250, 0.417887
0.058750, 0.418077
0.050000, 0.418447
0.048125, 0.419731
0.050000, 0.423827
0.041875, 0.416564
0.055625, 0.420226
0.059375, 0.419844
0.054375, 0.417181
0.053125, 0.415965
0.051250, 0.749075
0.047500, 0.419333
0.050625, 0.419214
0.051875, 0.416175
0.041875, 0.415319
0.051250, 0.417464
0.047500, 0.414230
0.056250, 0.417391
0.045625, 0.417508
0.048125, 0.420474
0.046250, 0.000168
0.053125, 0.000159
0.057500, 0.418500
0.046875, 0.417762

====================================================================
Flow ID: 254 | Shape: (30, 2)
Features: [Size/1600, IAT/0.1]
--------------------------------------------------------------------
0.057500, 0.000000
0.056250, 0.416033
0.047500, 0.418256
0.056250, 0.415355
0.054375, 0.415897
0.047500, 0.416189
0.058125, 0.419573
0.051250, 0.417390
0.057500, 0.417634
0.058750, 0.418505
0.050625, 0.426979
0.046875, 0.418144
0.059375, 0.418034
0.046250, 0.419235
0.056250, 0.420544
0.048750, 0.417818
0.044375, 0.419873
0.057500, 0.415374
0.050000, 0.417311
0.058750, 0.418250
0.061250, 0.417076
0.049375, 0.413619
0.046875, 0.418137
0.043125, 0.417295
0.056875, 0.417045
0.051875, 0.418461
0.051250, 0.416465
0.059375, 0.419870
0.058125, 0.417392
0.046250, 0.418076

====================================================================
Flow ID: 255 | Shape: (30, 2)
Features: [Size/1600, IAT/0.1]
--------------------------------------------------------------------
0.056875, 0.000000
0.043750, 0.417478
0.053125, 0.418630
0.055625, 0.414110
0.048750, 0.416440
0.050625, 0.418569
0.045000, 0.416726
0.060000, 0.417885
0.055000, 0.000150
0.058125, 0.367581
0.046875, 0.417220
0.049375, 0.417441
0.043750, 0.417771
0.055625, 0.417550
0.056875, 0.316589
0.060625, 0.417262
0.055000, 0.418448
0.057500, 0.451256
0.054375, 0.419183
0.057500, 0.418217
0.053125, 0.295232
0.045625, 0.403972
0.056250, 0.000154
0.058125, 0.419300
0.054375, 0.416644
0.059375, 0.417754
0.057500, 0.419889
0.045625, 0.421966
0.056875, 0.416695
0.059375, 0.417496

====================================================================
Flow ID: 130 | Shape: (30, 2)
Features: [Size/1600, IAT/0.1]
--------------------------------------------------------------------
0.059375, 0.000000
0.046875, 0.420311
0.055625, 0.417545
0.041250, 0.417538
0.053750, 0.420926
0.050625, 0.417960
0.054375, 0.418155
0.056250, 0.400574
0.056250, 0.417975
0.050625, 0.417956
0.055625, 0.415796
0.046875, 0.411275
0.047500, 0.417602
0.050625, 0.417618
0.058125, 0.416703
0.058125, 0.416670
0.043750, 0.519576
0.050625, 0.418425
0.053125, 0.412349
0.056250, 0.417725
0.052500, 0.429099
0.050000, 0.418146
0.046875, 0.417642
0.045625, 0.418229
0.055000, 0.418271
0.055625, 0.417600
0.058750, 0.418278
0.048125, 0.415497
0.046875, 0.417194
0.058750, 0.416914

====================================================================
Flow ID: 137 | Shape: (30, 2)
Features: [Size/1600, IAT/0.1]
--------------------------------------------------------------------
0.046250, 0.000000
0.044375, 0.417382
0.062500, 0.416605
0.048750, 0.417262
0.057500, 0.417156
0.049375, 0.416563
0.055625, 0.416315
0.060000, 0.418452
0.046875, 0.407409
0.055625, 0.418007
0.047500, 0.417331
0.061250, 0.418155
0.047500, 0.419598
0.055000, 0.455340
0.055625, 0.416645
0.058750, 0.420227
0.056250, 0.417367
0.056250, 0.417490
0.060625, 0.417291
0.060000, 0.417742
0.055000, 0.417169
0.059375, 0.418967
0.053125, 0.418983
0.049375, 0.417492
0.047500, 0.417182
0.053750, 0.420119
0.058125, 0.420185
0.040000, 0.415823
0.048125, 0.418652
0.051875, 0.422330

====================================================================
Flow ID: 140 | Shape: (30, 2)
Features: [Size/1600, IAT/0.1]
--------------------------------------------------------------------
0.056875, 0.000000
0.046875, 0.418086
0.050000, 0.420611
0.058125, 0.417474
0.055000, 0.421382
0.059375, 0.434334
0.060625, 0.422659
0.058125, 0.415522
0.058750, 0.418169
0.058125, 0.417244
0.061250, 0.417509
0.056250, 0.417492
0.055625, 0.428350
0.054375, 0.414290
0.041875, 0.446168
0.055625, 0.417180
0.046875, 0.417502
0.044375, 0.415962
0.046875, 0.414123
0.055625, 0.387261
0.047500, 0.417943
0.048750, 0.417574
0.059375, 0.412706
0.057500, 0.417219
0.057500, 0.417880
0.045625, 0.417720
0.053125, 0.414959
0.054375, 0.415349
0.053125, 0.417895
0.058125, 0.419987

====================================================================
Flow ID: 142 | Shape: (30, 2)
Features: [Size/1600, IAT/0.1]
--------------------------------------------------------------------
0.054375, 0.000000
0.045625, 0.418107
0.055625, 0.417259
0.056250, 0.453985
0.056875, 0.422611
0.048750, 0.417399
0.041250, 0.418197
0.052500, 0.423819
0.053750, 0.418739
0.056250, 0.443007
0.055000, 0.462592
0.046875, 0.417181
0.046250, 0.405307
0.046250, 0.417482
0.056875, 0.430338
0.048750, 0.414127
0.045000, 0.430897
0.043750, 0.418258
0.053750, 0.429361
0.050625, 0.419298
0.056250, 0.418624
0.053125, 0.416358
0.055625, 0.437451
0.057500, 0.420425
0.050000, 0.509925
0.051250, 0.417082
0.056875, 0.467536
0.055000, 0.417783
0.050625, 0.396678
0.055000, 0.417363

====================================================================
Flow ID: 149 | Shape: (30, 2)
Features: [Size/1600, IAT/0.1]
--------------------------------------------------------------------
0.049375, 0.000000
0.056250, 0.418302
0.058125, 0.416884
0.060000, 0.419912
0.053125, 0.417030
0.056250, 0.433201
0.056250, 0.417538
0.057500, 1.000000
0.046250, 0.411776
0.053125, 0.417242
0.055625, 0.417702
0.053750, 0.417697
0.059375, 0.421136
0.054375, 0.399113
0.055000, 0.417832
0.053125, 0.420927
0.049375, 0.419157
0.057500, 0.415729
0.059375, 0.418139
0.057500, 0.422128
0.053750, 0.417668
0.055625, 0.415380
0.057500, 0.417772
0.048750, 0.415523
0.056250, 0.417611
0.051875, 0.416532
0.044375, 0.417117
0.055000, 0.417998
0.060625, 0.416161
0.056250, 0.279874

====================================================================
Flow ID: 161 | Shape: (30, 2)
Features: [Size/1600, IAT/0.1]
--------------------------------------------------------------------
0.051250, 0.000000
0.045625, 0.416714
0.056250, 0.419604
0.048125, 0.418414
0.054375, 0.411381
0.055000, 0.419599
0.053750, 0.418139
0.056250, 0.414733
0.058125, 0.417182
0.058125, 0.414820
0.056250, 0.437024
0.056250, 0.304551
0.058125, 0.417217
0.054375, 0.416691
0.055000, 0.425467
0.054375, 0.221183
0.045000, 0.437861
0.049375, 0.417239
0.056250, 0.417452
0.047500, 0.437811
0.058750, 0.418652
0.057500, 0.416319
0.059375, 0.422591
0.056875, 0.419943
0.055625, 0.417422
0.055000, 0.417696
0.059375, 0.417809
0.053750, 0.417817
0.050625, 0.413369
0.054375, 0.417907

====================================================================
Flow ID: 162 | Shape: (30, 2)
Features: [Size/1600, IAT/0.1]
--------------------------------------------------------------------
0.058125, 0.000000
0.048125, 0.411246
0.060000, 0.432197
0.060625, 0.425677
0.048125, 0.414229
0.047500, 0.417208
0.044375, 0.414737
0.055000, 0.420050
0.048125, 0.412298
0.059375, 0.414614
0.055000, 0.420812
0.058750, 0.416782
0.057500, 0.417878
0.047500, 0.416095
0.051875, 0.418382
0.052500, 0.420033
0.058125, 0.418720
0.054375, 0.418851
0.046250, 0.652663
0.056250, 0.417415
0.058125, 0.415441
0.060000, 0.418508
0.057500, 0.420633
0.054375, 0.421549
0.058750, 0.420238
0.051875, 0.446020
0.049375, 0.437249
0.055000, 0.358444
0.055625, 0.416429
0.043750, 0.414409

====================================================================
Flow ID: 164 | Shape: (30, 2)
Features: [Size/1600, IAT/0.1]
--------------------------------------------------------------------
0.050000, 0.000000
0.057500, 0.433413
0.052500, 0.413981
0.057500, 0.417464
0.058125, 0.417041
0.046250, 0.418291
0.043125, 0.419414
0.053750, 0.417749
0.046250, 0.416608
0.056250, 0.464152
0.048125, 0.416227
0.056250, 0.418400
0.043750, 0.416098
0.053125, 0.416134
0.054375, 0.451435
0.055625, 0.423051
0.050000, 0.409529
0.056875, 0.426288
0.046875, 0.416344
0.044375, 0.402798
0.053125, 0.419010
0.055625, 0.418483
0.047500, 0.416405
0.057500, 0.414210
0.048750, 0.385587
0.051875, 0.418245
0.059375, 0.417940
0.050000, 0.417605
0.051250, 0.416807
0.050625, 0.411882

====================================================================
Flow ID: 181 | Shape: (30, 2)
Features: [Size/1600, IAT/0.1]
--------------------------------------------------------------------
0.056875, 0.000000
0.059375, 0.416904
0.049375, 0.417854
0.057500, 0.418174
0.056250, 0.400993
0.048750, 0.401509
0.056250, 0.417083
0.042500, 0.418003
0.055000, 0.421033
0.055625, 0.420793
0.060000, 0.419377
0.057500, 0.417057
0.058125, 0.417079
0.046875, 0.389538
0.055000, 0.417977
0.061875, 0.417741
0.059375, 0.417922
0.053125, 0.417656
0.058125, 0.411758
0.056250, 0.419905
0.045000, 0.416794
0.043750, 0.425415
0.048125, 0.409551
0.058750, 0.425088
0.046250, 0.419214
0.055625, 0.415730
0.055000, 0.419449
0.051250, 0.418058
0.050000, 0.416708
0.048750, 0.430165

====================================================================
Flow ID: 184 | Shape: (30, 2)
Features: [Size/1600, IAT/0.1]
--------------------------------------------------------------------
0.055625, 0.000000
0.056250, 0.418749
0.047500, 0.417215
0.055000, 0.414403
0.050000, 0.416011
0.060000, 0.416288
0.053750, 0.408409
0.050625, 0.392616
0.047500, 0.420130
0.050625, 0.416030
0.048750, 0.414390
0.060000, 0.417756
0.056875, 0.415308
0.050625, 0.418579
0.046875, 0.416445
0.045000, 0.416686
0.044375, 0.418458
0.058125, 0.420698
0.057500, 0.414690
0.055000, 0.418322
0.059375, 0.412125
0.060625, 0.417220
0.055625, 0.418116
0.058125, 0.417376
0.050625, 0.416980
0.057500, 0.415253
0.046250, 0.417038
0.044375, 0.338482
0.040625, 0.418303
0.053125, 0.416414

====================================================================
Flow ID: 188 | Shape: (30, 2)
Features: [Size/1600, IAT/0.1]
--------------------------------------------------------------------
0.057500, 0.000000
0.058125, 0.419954
0.045625, 0.417657
0.045000, 0.347452
0.057500, 0.417321
0.053125, 0.418153
0.046875, 0.415560
0.057500, 0.414590
0.046250, 0.418801
0.046875, 0.417986
0.060000, 0.418296
0.051875, 0.417662
0.050000, 0.414465
0.060000, 0.416519
0.050625, 0.419191
0.054375, 0.418884
0.050625, 0.423279
0.049375, 0.415995
0.054375, 0.417846
0.058750, 0.417605
0.055625, 0.420542
0.050625, 0.416858
0.051250, 0.438941
0.057500, 0.417444
0.061250, 0.417008
0.047500, 0.419733
0.056875, 0.419112
0.054375, 0.420468
0.056250, 0.416272
0.057500, 0.412531

====================================================================
Flow ID: 189 | Shape: (30, 2)
Features: [Size/1600, IAT/0.1]
--------------------------------------------------------------------
0.043750, 0.000000
0.055625, 0.420933
0.051875, 0.414967
0.055625, 0.416755
0.045625, 0.423707
0.045000, 0.435512
0.058125, 0.397723
0.048125, 0.417674
0.053750, 0.416539
0.048125, 0.415575
0.046875, 0.351593
0.055000, 0.416510
0.045625, 0.418582
0.058750, 0.417774
0.055625, 0.426035
0.056250, 0.409473
0.056875, 0.416806
0.047500, 0.417162
0.060625, 0.421285
0.057500, 0.000158
0.059375, 0.417311
0.058750, 0.418377
0.055000, 0.419502
0.055625, 0.419079
0.055000, 0.416111
0.052500, 0.413270
0.047500, 0.419537
0.053125, 0.409166
0.058125, 0.417737
0.048750, 0.416766

====================================================================
Flow ID: 195 | Shape: (30, 2)
Features: [Size/1600, IAT/0.1]
--------------------------------------------------------------------
0.045625, 0.000000
0.050000, 0.418216
0.046875, 0.418705
0.056250, 0.413243
0.055625, 0.445113
0.056250, 0.417206
0.051250, 0.417603
0.059375, 0.419062
0.060000, 0.408333
0.056250, 0.419432
0.041250, 0.415527
0.053750, 0.417658
0.052500, 0.417714
0.056875, 0.417710
0.052500, 0.414934
0.053750, 0.416714
0.056875, 0.404877
0.055000, 0.425512
0.056250, 0.422104
0.053750, 0.419079
0.051250, 0.415342
0.044375, 0.417675
0.055000, 0.413426
0.050625, 0.827980
0.060625, 0.320650
0.059375, 0.417179
0.056875, 0.392938
0.055625, 0.415578
0.044375, 0.411846
0.056875, 0.420755

====================================================================
Flow ID: 196 | Shape: (30, 2)
Features: [Size/1600, IAT/0.1]
--------------------------------------------------------------------
0.056250, 0.000000
0.047500, 0.419811
0.052500, 0.419081
0.046250, 0.419320
0.054375, 0.464926
0.051250, 0.589678
0.051250, 0.419193
0.053750, 0.420588
0.048750, 0.417818
0.056875, 0.416733
0.053750, 0.418451
0.047500, 0.416437
0.055000, 0.418558
0.056875, 0.416537
0.052500, 0.424627
0.049375, 0.419817
0.052500, 0.418746
0.049375, 0.429591
0.050000, 0.419824
0.054375, 0.417303
0.056250, 0.417551
0.060625, 0.419886
0.056250, 0.417007
0.047500, 0.416541
0.056875, 0.417486
0.048125, 0.422241
0.058750, 0.451656
0.053125, 0.414195
0.051250, 0.418309
0.060000, 0.635746

====================================================================
Flow ID: 206 | Shape: (30, 2)
Features: [Size/1600, IAT/0.1]
--------------------------------------------------------------------
0.046250, 0.000000
0.053125, 0.413766
0.056875, 0.449210
0.055625, 0.377073
0.056875, 0.413064
0.047500, 0.416373
0.053750, 0.417110
0.055000, 0.417493
0.043125, 0.415199
0.044375, 0.418677
0.063125, 0.417280
0.045000, 0.418076
0.059375, 0.415488
0.053750, 0.411674
0.055625, 0.418258
0.058750, 0.416180
0.047500, 0.420222
0.055000, 0.418381
0.058125, 0.417194
0.047500, 0.413167
0.045000, 0.398386
0.058750, 0.416998
0.049375, 0.419948
0.043750, 0.417802
0.056250, 0.417478
0.045625, 0.418137
0.060000, 0.416420
0.055625, 0.417384
0.044375, 0.438560
0.042500, 0.417855

====================================================================
Flow ID: 209 | Shape: (30, 2)
Features: [Size/1600, IAT/0.1]
--------------------------------------------------------------------
0.053750, 0.000000
0.048750, 0.416434
0.044375, 0.418245
0.051250, 0.418745
0.059375, 0.417864
0.049375, 0.425992
0.048125, 0.433408
0.056875, 0.414211
0.044375, 0.400210
0.056875, 0.417750
0.056250, 0.418066
0.050000, 0.415961
0.060625, 0.417379
0.051875, 0.411067
0.049375, 0.419640
0.053750, 0.417681
0.047500, 0.419347
0.058750, 0.417803
0.058750, 0.415372
0.046875, 0.420074
0.053750, 0.417288
0.057500, 0.416052
0.057500, 0.429058
0.051250, 0.419032
0.059375, 0.529205
0.057500, 0.413066
0.056875, 0.415153
0.052500, 0.416624
0.051250, 0.416281
0.054375, 0.417830

====================================================================
Flow ID: 210 | Shape: (30, 2)
Features: [Size/1600, IAT/0.1]
--------------------------------------------------------------------
0.050000, 0.000000
0.055625, 0.417886
0.050000, 0.416990
0.042500, 0.415314
0.056875, 0.420185
0.055625, 0.417841
0.058750, 0.419292
0.058125, 0.412270
0.055625, 0.421618
0.047500, 0.437373
0.056875, 0.415999
0.051875, 0.444832
0.056250, 0.000163
0.046875, 0.415372
0.056250, 0.416817
0.051250, 0.418032
0.050625, 0.414299
0.055625, 0.418460
0.043750, 0.415004
0.051875, 0.699780
0.057500, 0.444758
0.059375, 0.417735
0.056250, 0.339337
0.055000, 0.365036
0.057500, 0.417302
0.047500, 0.417029
0.055000, 0.435833
0.045625, 0.416778
0.048750, 0.417993
0.058750, 0.417426

====================================================================
Flow ID: 212 | Shape: (30, 2)
Features: [Size/1600, IAT/0.1]
--------------------------------------------------------------------
0.045000, 0.000000
0.051875, 0.418974
0.058125, 0.417676
0.060000, 0.414397
0.056250, 0.418383
0.056875, 0.415349
0.057500, 0.417410
0.057500, 0.429507
0.058750, 0.416182
0.056875, 0.416532
0.053125, 0.416814
0.056875, 0.418670
0.057500, 0.417691
0.056250, 0.417803
0.048750, 0.417749
0.059375, 0.417820
0.053125, 0.417512
0.053750, 0.394757
0.051250, 0.393665
0.055625, 0.418173
0.057500, 0.419422
0.055625, 0.411370
0.058750, 0.412796
0.046875, 0.413431
0.056875, 0.416232
0.050625, 0.418434
0.057500, 0.411725
0.048750, 0.417391
0.055000, 0.395861
0.058125, 0.413127

====================================================================
Flow ID: 219 | Shape: (30, 2)
Features: [Size/1600, IAT/0.1]
--------------------------------------------------------------------
0.045625, 0.000000
0.056250, 0.417127
0.054375, 0.415285
0.058125, 0.416746
0.044375, 0.416079
0.057500, 0.368135
0.058750, 0.417617
0.046250, 0.416876
0.056250, 0.416005
0.058125, 0.418251
0.045625, 0.437370
0.049375, 0.419266
0.055625, 0.414076
0.056875, 0.417143
0.039375, 0.397062
0.051875, 0.416700
0.048750, 0.417688
0.057500, 0.421251
0.056250, 0.417665
0.050625, 0.416077
0.056875, 1.000000
0.057500, 0.414896
0.055625, 0.418463
0.061250, 0.417677
0.046875, 0.425473
0.042500, 0.402340
0.056250, 0.413390
0.058125, 0.508249
0.057500, 0.419365
0.046250, 0.417835

====================================================================
Flow ID: 223 | Shape: (30, 2)
Features: [Size/1600, IAT/0.1]
--------------------------------------------------------------------
0.058750, 0.000000
0.056875, 0.415548
0.056250, 0.417905
0.053750, 0.415822
0.057500, 0.418650
0.056875, 0.422823
0.045000, 0.410707
0.048125, 0.416858
0.049375, 0.415015
0.053125, 0.418244
0.055625, 0.444350
0.060000, 0.417774
0.060000, 0.415277
0.056250, 0.417266
0.056250, 0.415841
0.059375, 0.416622
0.050000, 0.414748
0.053750, 0.416492
0.055625, 0.416385
0.056875, 0.414856
0.053750, 0.417702
0.055000, 0.416647
0.048750, 0.420070
0.055000, 0.000159
0.056250, 0.420880
0.047500, 0.421007
0.058750, 0.416659
0.045625, 0.419319
0.055000, 0.419150
0.054375, 0.419988

====================================================================
Flow ID: 226 | Shape: (30, 2)
Features: [Size/1600, IAT/0.1]
--------------------------------------------------------------------
0.050625, 0.000000
0.056250, 0.417016
0.048125, 0.417694
0.055625, 0.417016
0.057500, 0.417983
0.056875, 0.416780
0.056250, 0.394549
0.056875, 0.419528
0.044375, 0.534306
0.045000, 0.418220
0.055000, 0.416666
0.044375, 0.416459
0.058750, 0.415809
0.060000, 0.416730
0.055625, 0.415796
0.046875, 0.416840
0.056875, 0.414305
0.054375, 0.417781
0.059375, 0.418364
0.057500, 0.410789
0.046875, 0.416933
0.046875, 0.412871
0.048750, 0.420275
0.058125, 0.418567
0.050625, 0.418427
0.043750, 0.418478
0.056250, 0.416658
0.057500, 0.448319
0.056875, 0.418057
0.055000, 0.416018

====================================================================
Flow ID: 232 | Shape: (30, 2)
Features: [Size/1600, IAT/0.1]
--------------------------------------------------------------------
0.054375, 0.000000
0.045625, 0.416818
0.057500, 0.415994
0.058125, 0.417524
0.056250, 0.429462
0.053750, 0.418853
0.045000, 0.402775
0.060000, 0.417734
0.056250, 0.418200
0.055000, 0.337116
0.043750, 0.414573
0.055625, 0.417401
0.051875, 0.418071
0.055000, 0.416785
0.051250, 0.417732
0.049375, 0.416335
0.054375, 0.417630
0.058750, 0.418371
0.055000, 0.438439
0.055000, 0.418328
0.061875, 0.418374
0.057500, 0.416513
0.049375, 0.427393
0.044375, 0.416382
0.045625, 0.418816
0.058750, 0.411813
0.056250, 0.417109
0.056875, 0.418703
0.055000, 0.418206
0.059375, 0.417617

====================================================================
Flow ID: 233 | Shape: (30, 2)
Features: [Size/1600, IAT/0.1]
--------------------------------------------------------------------
0.055000, 0.000000
0.048125, 0.422077
0.058125, 0.419381
0.055625, 0.415904
0.050625, 0.418363
0.053125, 0.420156
0.055625, 0.418617
0.060000, 0.416844
0.046875, 0.415800
0.045000, 0.417464
0.050625, 0.416492
0.055625, 0.417901
0.057500, 0.419648
0.047500, 0.651956
0.052500, 0.417550
0.055000, 0.413901
0.059375, 0.418672
0.055625, 0.636187
0.048125, 0.415667
0.048125, 0.418274
0.057500, 0.418032
0.046875, 0.419087
0.049375, 0.417858
0.046875, 0.415547
0.052500, 0.418426
0.046250, 1.000000
0.058125, 0.421387
0.060000, 0.417079
0.055000, 0.420794
0.053750, 0.417712

====================================================================
Flow ID: 236 | Shape: (30, 2)
Features: [Size/1600, IAT/0.1]
--------------------------------------------------------------------
0.061250, 0.000000
0.051875, 0.418332
0.058750, 0.384914
0.058750, 0.418979
0.044375, 0.419155
0.055625, 0.421802
0.045625, 0.417284
0.058750, 0.417157
0.053125, 0.420220
0.055000, 0.416814
0.053125, 0.416886
0.055625, 0.413830
0.046875, 0.417586
0.056250, 0.417459
0.050000, 0.419120
0.058125, 0.416524
0.053750, 0.417431
0.048125, 0.417675
0.059375, 0.417570
0.053750, 0.418959
0.051875, 0.417984
0.055625, 0.418427
0.050000, 0.416885
0.055000, 0.414978
0.057500, 0.419495
0.048750, 0.417146
0.060000, 0.417188
0.048750, 0.417857
0.046250, 0.418128
0.054375, 0.416457

====================================================================
Flow ID: 237 | Shape: (30, 2)
Features: [Size/1600, IAT/0.1]
--------------------------------------------------------------------
0.062500, 0.000000
0.058750, 0.417534
0.056875, 0.417289
0.060625, 0.417375
0.056250, 0.418004
0.055000, 0.416553
0.055625, 0.431500
0.061250, 0.390224
0.061250, 0.414821
0.055000, 0.396524
0.045000, 0.418019
0.057500, 0.417883
0.050000, 0.412372
0.060625, 0.419692
0.059375, 0.412405
0.057500, 0.421026
0.047500, 0.427413
0.048125, 0.412764
0.049375, 0.417502
0.051875, 0.420583
0.058125, 0.421180
0.056250, 0.423744
0.057500, 0.415413
0.052500, 0.417334
0.050625, 0.417810
0.058125, 0.400694
0.059375, 0.325093
0.050625, 0.418190
0.046250, 0.416484
0.056875, 0.417582

====================================================================
Flow ID: 238 | Shape: (30, 2)
Features: [Size/1600, IAT/0.1]
--------------------------------------------------------------------
0.058125, 0.000000
0.043750, 0.353403
0.058750, 0.418019
0.050625, 0.417989
0.047500, 0.417715
0.055000, 0.419078
0.051875, 0.418121
0.057500, 0.410098
0.057500, 0.415266
0.047500, 0.401272
0.044375, 0.417641
0.060000, 0.395237
0.048750, 0.417284
0.060625, 0.417343
0.050625, 0.418533
0.058750, 0.409826
0.053750, 0.422160
0.056875, 0.420305
0.049375, 0.415157
0.049375, 0.416609
0.049375, 0.417914
0.048125, 0.416876
0.047500, 0.506680
0.050000, 0.417154
0.055000, 0.418821
0.056875, 0.418485
0.055000, 0.418164
0.056250, 0.417936
0.049375, 0.416928
0.050625, 0.410923

====================================================================
Flow ID: 245 | Shape: (30, 2)
Features: [Size/1600, IAT/0.1]
--------------------------------------------------------------------
0.053750, 0.000000
0.057500, 0.418603
0.044375, 0.418595
0.045000, 0.417976
0.056875, 0.000167
0.053750, 0.417429
0.056875, 0.417255
0.058750, 0.418139
0.055625, 0.422037
0.048750, 0.417596
0.046875, 0.419000
0.057500, 0.412396
0.056875, 0.417578
0.046875, 0.416579
0.058125, 0.418468
0.046875, 0.418934
0.060000, 0.441252
0.055625, 0.418087
0.056875, 0.416415
0.058750, 0.418194
0.056875, 0.414754
0.052500, 0.471078
0.059375, 0.408631
0.054375, 0.416582
0.042500, 0.416614
0.046250, 0.419886
0.050000, 0.417011
0.048125, 0.418300
0.048125, 0.417980
0.058125, 0.419024

====================================================================
Flow ID: 247 | Shape: (30, 2)
Features: [Size/1600, IAT/0.1]
--------------------------------------------------------------------
0.050000, 0.000000
0.058125, 0.416441
0.056875, 0.416828
0.047500, 0.416512
0.060000, 0.418880
0.055000, 0.419138
0.055625, 0.418217
0.059375, 0.418119
0.055625, 0.418846
0.058750, 0.415821
0.048750, 0.422453
0.048750, 0.417163
0.058750, 0.380067
0.058125, 0.416464
0.046250, 0.419985
0.060625, 0.416077
0.051875, 0.424461
0.054375, 0.405108
0.057500, 0.418317
0.046875, 0.417730
0.058125, 0.417469
0.042500, 0.416852
0.054375, 0.417553
0.053750, 0.416513
0.060625, 0.417160
0.058125, 0.417079
0.053125, 0.416807
0.059375, 0.421342
0.060625, 0.416444
0.057500, 0.417703

====================================================================
Flow ID: 248 | Shape: (30, 2)
Features: [Size/1600, IAT/0.1]
--------------------------------------------------------------------
0.058125, 0.000000
0.046250, 0.417993
0.053125, 0.416352
0.057500, 0.416918
0.057500, 0.411206
0.056250, 0.417337
0.058125, 0.411302
0.055625, 0.438131
0.058750, 0.440169
0.043750, 0.417843
0.044375, 0.419874
0.050000, 0.361651
0.043750, 0.425641
0.058125, 0.418449
0.055000, 0.418662
0.049375, 0.417184
0.045000, 0.421607
0.056875, 0.404103
0.060000, 0.418326
0.060625, 0.418106
0.049375, 0.429758
0.060000, 0.413413
0.057500, 0.416004
0.056250, 0.417918
0.050625, 0.692260
0.047500, 0.415139
0.056875, 0.417375
0.049375, 0.415211
0.056250, 0.418969
0.055625, 0.416318

====================================================================
Flow ID: 249 | Shape: (30, 2)
Features: [Size/1600, IAT/0.1]
--------------------------------------------------------------------
0.055000, 0.000000
0.056875, 0.417682
0.055625, 0.419620
0.059375, 0.417868
0.045000, 0.384760
0.049375, 0.416686
0.046875, 0.417142
0.055000, 0.417250
0.058750, 0.418767
0.054375, 0.414913
0.057500, 0.417031
0.045625, 0.418324
0.058125, 0.397545
0.047500, 0.417858
0.058750, 0.419353
0.056250, 0.413600
0.055625, 0.416498
0.062500, 0.418562
0.058125, 0.407575
0.046250, 0.411544
0.057500, 0.420773
0.055625, 0.417002
0.046875, 0.418463
0.056875, 0.443648
0.057500, 0.417519
0.055000, 0.417234
0.057500, 0.417206
0.058125, 0.424881
0.055000, 0.445117
0.050000, 0.416961

====================================================================
Flow ID: 252 | Shape: (30, 2)
Features: [Size/1600, IAT/0.1]
--------------------------------------------------------------------
0.058125, 0.000000
0.061875, 0.416790
0.047500, 0.418097
0.045000, 0.416759
0.048125, 0.388577
0.055625, 0.417059
0.053750, 0.432147
0.056875, 0.414380
0.056250, 0.415784
0.060000, 0.418271
0.056250, 0.418475
0.051875, 0.416605
0.048125, 0.421229
0.044375, 0.423013
0.045000, 0.354964
0.058750, 0.417135
0.057500, 0.374938
0.057500, 0.415725
0.057500, 0.378025
0.060625, 0.419707
0.048125, 0.420400
0.054375, 0.415243
0.046875, 0.418849
0.045000, 0.421352
0.047500, 0.416481
0.047500, 0.421012
0.055000, 0.418019
0.054375, 0.416762
0.043750, 0.418337
0.058125, 0.424572

====================================================================
Flow ID: 253 | Shape: (30, 2)
Features: [Size/1600, IAT/0.1]
--------------------------------------------------------------------
0.055625, 0.000000
0.057500, 0.151366
0.053750, 0.416559
0.055625, 0.409093
0.060625, 0.417082
0.054375, 0.416715
0.054375, 0.417187
0.056875, 0.428976
0.056875, 0.436109
0.055000, 0.348229
0.058750, 0.417261
0.055000, 0.417971
0.056250, 0.417684
0.056875, 0.418761
0.048125, 0.416875
0.055000, 0.417445
0.057500, 0.418923
0.061250, 0.416484
0.055000, 0.408097
0.056250, 0.385371
0.058750, 0.417181
0.045625, 0.419759
0.046875, 0.396908
0.050625, 0.417949
0.058125, 0.416452
0.055625, 0.414142
0.056875, 0.415982
0.055000, 0.416426
0.058750, 0.417378
0.048750, 0.417154

====================================================================
Flow ID: 255 | Shape: (30, 2)
Features: [Size/1600, IAT/0.1]
--------------------------------------------------------------------
0.043750, 0.000000
0.050625, 0.417932
0.053125, 0.418609
0.056250, 0.417289
0.058125, 0.422971
0.043750, 0.502640
0.053750, 0.422807
0.045000, 0.421951
0.049375, 0.419083
0.055000, 0.418494
0.053750, 0.418485
0.058750, 0.414656
0.058750, 0.417197
0.059375, 0.000143
0.052500, 0.417973
0.056250, 0.418126
0.045000, 0.483628
0.056875, 0.418408
0.057500, 0.417361
0.048750, 0.407330
0.047500, 0.375020
0.045000, 0.417780
0.057500, 0.430596
0.046875, 0.417097
0.056875, 0.417419
0.045000, 0.420936
0.046875, 0.416540
0.060000, 0.414874
0.058750, 0.414363
0.046875, 0.418077
