
====================================================================
Flow ID: 129 | Shape: (30, 2)
Features: [Size/1600, IAT/0.1]
--------------------------------------------------------------------
0.046250, 0.000000
0.041250, 0.024533
0.041875, 0.000167
0.041250, 0.027497
0.058125, 0.001618
0.046250, 0.072890
0.041250, 0.024392
0.953750, 0.000298
0.946250, 0.010467
0.946250, 0.010523
0.056250, 0.003216
0.946250, 0.007316
0.946250, 0.010561
0.056250, 0.006363
0.946250, 0.004180
0.946250, 0.010553
0.056250, 0.009490
0.946250, 0.001105
0.946250, 0.010536
0.946250, 0.010548
0.063750, 0.002094
0.946250, 0.008475
0.946250, 0.010579
0.056250, 0.005181
0.946250, 0.005181
0.946250, 0.010742
0.056250, 0.008359
0.946250, 0.002038
0.946250, 0.010229
0.946250, 0.010564

====================================================================
Flow ID: 131 | Shape: (30, 2)
Features: [Size/1600, IAT/0.1]
--------------------------------------------------------------------
0.046250, 0.000000
0.041250, 0.024458
0.041875, 0.000142
0.041250, 0.027420
0.058125, 0.001681
0.046250, 0.061070
0.041250, 0.024403
0.953750, 0.000336
0.946250, 0.010440
0.946250, 0.010537
0.056250, 0.003265
0.946250, 0.007267
0.946250, 0.010547
0.056250, 0.006318
0.946250, 0.004218
0.946250, 0.010547
0.056250, 0.009423
0.946250, 0.001077
0.946250, 0.010129
0.946250, 0.010532
0.063750, 0.002420
0.946250, 0.008130
0.946250, 0.010561
0.056250, 0.005491
0.946250, 0.005073
0.946250, 0.010578
0.056250, 0.008696
0.946250, 0.001887
0.946250, 0.010338
0.946250, 0.010542

====================================================================
Flow ID: 134 | Shape: (30, 2)
Features: [Size/1600, IAT/0.1]
--------------------------------------------------------------------
0.046250, 0.000000
0.041250, 0.024415
0.041875, 0.000137
0.041250, 0.027364
0.058125, 0.001483
0.046250, 0.062834
0.041250, 0.024372
0.953750, 0.000294
0.946250, 0.010327
0.946250, 0.010537
0.056250, 0.003303
0.946250, 0.007231
0.946250, 0.010529
0.056250, 0.006369
0.946250, 0.004166
0.946250, 0.010540
0.056250, 0.009491
0.946250, 0.001083
0.946250, 0.010522
0.946250, 0.010530
0.063750, 0.002031
0.946250, 0.008524
0.946250, 0.010556
0.056250, 0.005111
0.946250, 0.005431
0.946250, 0.010562
0.056250, 0.008225
0.946250, 0.002365
0.946250, 0.010568
0.946250, 0.010558

====================================================================
Flow ID: 136 | Shape: (30, 2)
Features: [Size/1600, IAT/0.1]
--------------------------------------------------------------------
0.046250, 0.000000
0.041250, 0.024438
0.041875, 0.000140
0.041250, 0.027804
0.058125, 0.001700
0.046250, 0.076941
0.041250, 0.024388
0.953750, 0.000312
0.946250, 0.010463
0.946250, 0.010529
0.056250, 0.003182
0.946250, 0.007346
0.946250, 0.010547
0.056250, 0.006367
0.946250, 0.004170
0.946250, 0.010553
0.056250, 0.009502
0.946250, 0.001101
0.946250, 0.010534
0.946250, 0.010565
0.063750, 0.002117
0.946250, 0.008457
0.946250, 0.010594
0.056250, 0.005190
0.946250, 0.005130
0.946250, 0.010573
0.056250, 0.008592
0.946250, 0.002001
0.946250, 0.010270
0.946250, 0.010584

====================================================================
Flow ID: 139 | Shape: (30, 2)
Features: [Size/1600, IAT/0.1]
--------------------------------------------------------------------
0.046250, 0.000000
0.041250, 0.024514
0.041875, 0.000163
0.041250, 0.027908
0.058125, 0.001775
0.046250, 0.077506
0.041250, 0.024415
0.953750, 0.000324
0.946250, 0.010451
0.946250, 0.010511
0.056250, 0.003218
0.946250, 0.007321
0.946250, 0.010533
0.056250, 0.006376
0.946250, 0.004162
0.946250, 0.010539
0.056250, 0.009600
0.946250, 0.000963
0.946250, 0.010156
0.946250, 0.010552
0.063750, 0.002552
0.946250, 0.008098
0.946250, 0.010588
0.056250, 0.005555
0.946250, 0.005061
0.946250, 0.010550
0.056250, 0.008676
0.946250, 0.001922
0.946250, 0.010373
0.946250, 0.010523

====================================================================
Flow ID: 141 | Shape: (30, 2)
Features: [Size/1600, IAT/0.1]
--------------------------------------------------------------------
0.046250, 0.000000
0.041250, 0.024501
0.041875, 0.000143
0.041250, 0.027524
0.058125, 0.001552
0.046250, 0.069596
0.041250, 0.024393
0.953750, 0.000338
0.946250, 0.010429
0.946250, 0.010519
0.056250, 0.003228
0.946250, 0.007413
0.946250, 0.010450
0.056250, 0.006345
0.946250, 0.004206
0.946250, 0.010531
0.056250, 0.009498
0.946250, 0.001085
0.946250, 0.010620
0.946250, 0.010538
0.063750, 0.001927
0.946250, 0.008630
0.946250, 0.010589
0.056250, 0.004973
0.946250, 0.005587
0.946250, 0.010563
0.056250, 0.008070
0.946250, 0.002198
0.946250, 0.010634
0.946250, 0.010519

====================================================================
Flow ID: 142 | Shape: (30, 2)
Features: [Size/1600, IAT/0.1]
--------------------------------------------------------------------
0.046250, 0.000000
0.041250, 0.024402
0.041875, 0.000124
0.041250, 0.027460
0.058125, 0.001438
0.046250, 0.057689
0.041250, 0.024367
0.953750, 0.000297
0.946250, 0.010454
0.946250, 0.010125
0.056250, 0.003578
0.946250, 0.006951
0.946250, 0.010530
0.056250, 0.006643
0.946250, 0.003881
0.946250, 0.010536
0.056250, 0.009786
0.946250, 0.000747
0.946250, 0.010355
0.946250, 0.010519
0.063750, 0.002555
0.946250, 0.008006
0.946250, 0.010556
0.056250, 0.005709
0.946250, 0.004836
0.946250, 0.010563
0.056250, 0.008912
0.946250, 0.001685
0.946250, 0.010521
0.946250, 0.010537

====================================================================
Flow ID: 143 | Shape: (30, 2)
Features: [Size/1600, IAT/0.1]
--------------------------------------------------------------------
0.046250, 0.000000
0.041250, 0.024448
0.041875, 0.000119
0.041250, 0.027765
0.058125, 0.001553
0.046250, 0.059560
0.041250, 0.024464
0.953750, 0.000429
0.946250, 0.009951
0.946250, 0.010519
0.056250, 0.003691
0.946250, 0.006840
0.946250, 0.010537
0.056250, 0.006750
0.946250, 0.003781
0.946250, 0.010539
0.056250, 0.009879
0.946250, 0.000667
0.946250, 0.010425
0.946250, 0.010531
0.063750, 0.002537
0.946250, 0.008017
0.946250, 0.010564
0.056250, 0.005611
0.946250, 0.004946
0.946250, 0.010553
0.056250, 0.008749
0.946250, 0.001849
0.946250, 0.010374
0.946250, 0.010572

====================================================================
Flow ID: 146 | Shape: (30, 2)
Features: [Size/1600, IAT/0.1]
--------------------------------------------------------------------
0.046250, 0.000000
0.041250, 0.024483
0.041875, 0.000158
0.041250, 0.027767
0.058125, 0.001620
0.046250, 0.058051
0.041250, 0.024455
0.953750, 0.000370
0.946250, 0.010423
0.946250, 0.010521
0.056250, 0.003231
0.946250, 0.007299
0.946250, 0.010516
0.056250, 0.006382
0.946250, 0.004175
0.946250, 0.010548
0.056250, 0.009542
0.946250, 0.001080
0.946250, 0.010525
0.946250, 0.010536
0.063750, 0.002022
0.946250, 0.008537
0.946250, 0.010554
0.056250, 0.005101
0.946250, 0.005458
0.946250, 0.010563
0.056250, 0.008328
0.946250, 0.002011
0.946250, 0.010222
0.946250, 0.010571

====================================================================
Flow ID: 147 | Shape: (30, 2)
Features: [Size/1600, IAT/0.1]
--------------------------------------------------------------------
0.046250, 0.000000
0.041250, 0.024423
0.041875, 0.000166
0.041250, 0.026742
0.058125, 0.001261
0.046250, 0.068996
0.041250, 0.024355
0.953750, 0.000266
0.946250, 0.010479
0.946250, 0.010520
0.056250, 0.003169
0.946250, 0.007367
0.946250, 0.010537
0.056250, 0.006229
0.946250, 0.004307
0.946250, 0.010543
0.056250, 0.009305
0.946250, 0.001090
0.946250, 0.010513
0.946250, 0.010539
0.063750, 0.002030
0.946250, 0.008533
0.946250, 0.010541
0.056250, 0.005121
0.946250, 0.005442
0.946250, 0.010543
0.056250, 0.008230
0.946250, 0.002339
0.946250, 0.010584
0.946250, 0.010573

====================================================================
Flow ID: 149 | Shape: (30, 2)
Features: [Size/1600, IAT/0.1]
--------------------------------------------------------------------
0.046250, 0.000000
0.041250, 0.024450
0.041875, 0.000158
0.041250, 0.027463
0.058125, 0.001684
0.046250, 0.059956
0.041250, 0.024402
0.953750, 0.000347
0.946250, 0.010448
0.946250, 0.010531
0.056250, 0.003191
0.946250, 0.007345
0.946250, 0.010541
0.056250, 0.006342
0.946250, 0.004184
0.946250, 0.010532
0.056250, 0.009510
0.946250, 0.001077
0.946250, 0.010549
0.946250, 0.010532
0.063750, 0.001995
0.946250, 0.008561
0.946250, 0.010561
0.056250, 0.005056
0.946250, 0.005491
0.946250, 0.010563
0.056250, 0.008151
0.946250, 0.002438
0.946250, 0.010295
0.946250, 0.010578

====================================================================
Flow ID: 153 | Shape: (30, 2)
Features: [Size/1600, IAT/0.1]
--------------------------------------------------------------------
0.046250, 0.000000
0.041250, 0.024452
0.041875, 0.000146
0.041250, 0.027438
0.058125, 0.001518
0.046250, 0.070136
0.041250, 0.024429
0.953750, 0.000295
0.946250, 0.010475
0.946250, 0.010530
0.056250, 0.003174
0.946250, 0.007353
0.946250, 0.010526
0.056250, 0.006344
0.946250, 0.004191
0.946250, 0.010556
0.056250, 0.009429
0.946250, 0.001084
0.946250, 0.010519
0.946250, 0.010575
0.063750, 0.002114
0.946250, 0.008400
0.946250, 0.010548
0.056250, 0.005344
0.946250, 0.005214
0.946250, 0.010556
0.056250, 0.008453
0.946250, 0.002100
0.946250, 0.010658
0.946250, 0.010532

====================================================================
Flow ID: 157 | Shape: (30, 2)
Features: [Size/1600, IAT/0.1]
--------------------------------------------------------------------
0.046250, 0.000000
0.041250, 0.024456
0.041875, 0.000137
0.041250, 0.027834
0.058125, 0.001690
0.046250, 0.060726
0.041250, 0.024571
0.953750, 0.000426
0.946250, 0.010421
0.946250, 0.010531
0.056250, 0.003222
0.946250, 0.007319
0.946250, 0.010529
0.056250, 0.006289
0.946250, 0.004249
0.946250, 0.010538
0.056250, 0.009531
0.946250, 0.000997
0.946250, 0.010106
0.946250, 0.010509
0.063750, 0.002559
0.946250, 0.007973
0.946250, 0.010540
0.056250, 0.005621
0.946250, 0.004906
0.946250, 0.010530
0.056250, 0.008698
0.946250, 0.001840
0.946250, 0.010273
0.946250, 0.010500

====================================================================
Flow ID: 163 | Shape: (30, 2)
Features: [Size/1600, IAT/0.1]
--------------------------------------------------------------------
0.046250, 0.000000
0.041250, 0.024470
0.041875, 0.000149
0.041250, 0.027767
0.058125, 0.001623
0.046250, 0.073227
0.041250, 0.024398
0.953750, 0.000316
0.946250, 0.010465
0.946250, 0.010542
0.056250, 0.003260
0.946250, 0.007265
0.946250, 0.010556
0.056250, 0.006338
0.946250, 0.004199
0.946250, 0.010549
0.056250, 0.009466
0.946250, 0.001092
0.946250, 0.010160
0.946250, 0.010555
0.063750, 0.002412
0.946250, 0.008135
0.946250, 0.010552
0.056250, 0.005549
0.946250, 0.005035
0.946250, 0.010561
0.056250, 0.008817
0.946250, 0.001784
0.946250, 0.010511
0.946250, 0.010541

====================================================================
Flow ID: 164 | Shape: (30, 2)
Features: [Size/1600, IAT/0.1]
--------------------------------------------------------------------
0.046250, 0.000000
0.041250, 0.024487
0.041875, 0.000137
0.041250, 0.027180
0.058125, 0.001589
0.046250, 0.065627
0.041250, 0.024508
0.953750, 0.000307
0.946250, 0.010450
0.946250, 0.010516
0.056250, 0.003284
0.946250, 0.007253
0.946250, 0.010539
0.056250, 0.006341
0.946250, 0.004193
0.946250, 0.010151
0.056250, 0.009875
0.946250, 0.000659
0.946250, 0.010449
0.946250, 0.010548
0.063750, 0.002547
0.946250, 0.008019
0.946250, 0.010553
0.056250, 0.005638
0.946250, 0.004920
0.946250, 0.010582
0.056250, 0.008861
0.946250, 0.001719
0.946250, 0.010523
0.946250, 0.010564

====================================================================
Flow ID: 165 | Shape: (30, 2)
Features: [Size/1600, IAT/0.1]
--------------------------------------------------------------------
0.046250, 0.000000
0.041250, 0.024439
0.041875, 0.000134
0.041250, 0.027699
0.058125, 0.001617
0.046250, 0.065321
0.041250, 0.024501
0.953750, 0.000331
0.946250, 0.010171
0.946250, 0.010509
0.056250, 0.003492
0.946250, 0.007041
0.946250, 0.010519
0.056250, 0.006580
0.946250, 0.003979
0.946250, 0.010544
0.056250, 0.009802
0.946250, 0.000737
0.946250, 0.010369
0.946250, 0.010543
0.063750, 0.002554
0.946250, 0.008013
0.946250, 0.010556
0.056250, 0.005748
0.946250, 0.004812
0.946250, 0.010573
0.056250, 0.008955
0.946250, 0.001616
0.946250, 0.010629
0.946250, 0.010546

====================================================================
Flow ID: 166 | Shape: (30, 2)
Features: [Size/1600, IAT/0.1]
--------------------------------------------------------------------
0.046250, 0.000000
0.041250, 0.024457
0.041875, 0.000117
0.041250, 0.027179
0.058125, 0.001288
0.046250, 0.069054
0.041250, 0.024338
0.953750, 0.000252
0.946250, 0.010485
0.946250, 0.010516
0.056250, 0.003166
0.946250, 0.007360
0.946250, 0.010531
0.056250, 0.006241
0.946250, 0.004302
0.946250, 0.010537
0.056250, 0.009437
0.946250, 0.001088
0.946250, 0.010524
0.946250, 0.010533
0.063750, 0.002036
0.946250, 0.008514
0.946250, 0.010564
0.056250, 0.005123
0.946250, 0.005439
0.946250, 0.010597
0.056250, 0.008185
0.946250, 0.001856
0.946250, 0.010324
0.946250, 0.010544

====================================================================
Flow ID: 171 | Shape: (30, 2)
Features: [Size/1600, IAT/0.1]
--------------------------------------------------------------------
0.046250, 0.000000
0.041250, 0.024509
0.041875, 0.000141
0.041250, 0.026683
0.058125, 0.001454
0.046250, 0.048551
0.041250, 0.024358
0.953750, 0.000261
0.946250, 0.010459
0.946250, 0.010521
0.056250, 0.003187
0.946250, 0.007344
0.946250, 0.010526
0.056250, 0.006313
0.946250, 0.004213
0.946250, 0.010525
0.056250, 0.009456
0.946250, 0.001074
0.946250, 0.010531
0.946250, 0.010541
0.063750, 0.002054
0.946250, 0.008487
0.946250, 0.010561
0.056250, 0.005125
0.946250, 0.005131
0.946250, 0.010573
0.056250, 0.008509
0.946250, 0.002083
0.946250, 0.010132
0.946250, 0.010519

====================================================================
Flow ID: 173 | Shape: (30, 2)
Features: [Size/1600, IAT/0.1]
--------------------------------------------------------------------
0.046250, 0.000000
0.041250, 0.024458
0.041875, 0.000147
0.041250, 0.027516
0.058125, 0.001755
0.046250, 0.077210
0.041250, 0.024420
0.953750, 0.000316
0.946250, 0.010457
0.946250, 0.010521
0.056250, 0.003198
0.946250, 0.007338
0.946250, 0.010526
0.056250, 0.006342
0.946250, 0.004196
0.946250, 0.010552
0.056250, 0.009551
0.946250, 0.001106
0.946250, 0.010523
0.946250, 0.010554
0.063750, 0.002068
0.946250, 0.008501
0.946250, 0.010639
0.056250, 0.005093
0.946250, 0.005414
0.946250, 0.010609
0.056250, 0.008234
0.946250, 0.002358
0.946250, 0.010575
0.946250, 0.010600

====================================================================
Flow ID: 175 | Shape: (30, 2)
Features: [Size/1600, IAT/0.1]
--------------------------------------------------------------------
0.046250, 0.000000
0.041250, 0.024451
0.041875, 0.000134
0.041250, 0.027737
0.058125, 0.001748
0.046250, 0.058681
0.041250, 0.024416
0.953750, 0.000328
0.946250, 0.010460
0.946250, 0.010522
0.056250, 0.003199
0.946250, 0.007331
0.946250, 0.010521
0.056250, 0.006284
0.946250, 0.004246
0.946250, 0.010558
0.056250, 0.009402
0.946250, 0.001077
0.946250, 0.010552
0.946250, 0.010526
0.063750, 0.002030
0.946250, 0.008520
0.946250, 0.010553
0.056250, 0.005107
0.946250, 0.005437
0.946250, 0.010568
0.056250, 0.008227
0.946250, 0.002362
0.946250, 0.010560
0.946250, 0.010568

====================================================================
Flow ID: 179 | Shape: (30, 2)
Features: [Size/1600, IAT/0.1]
--------------------------------------------------------------------
0.046250, 0.000000
0.041250, 0.024464
0.041875, 0.000192
0.041250, 0.026896
0.058125, 0.001535
0.046250, 0.062825
0.041250, 0.024391
0.953750, 0.000308
0.946250, 0.010460
0.946250, 0.010520
0.056250, 0.003190
0.946250, 0.007341
0.946250, 0.010542
0.056250, 0.006251
0.946250, 0.004276
0.946250, 0.010535
0.056250, 0.009404
0.946250, 0.001079
0.946250, 0.010535
0.946250, 0.010529
0.063750, 0.002025
0.946250, 0.008522
0.946250, 0.010578
0.056250, 0.005122
0.946250, 0.005429
0.946250, 0.010543
0.056250, 0.008235
0.946250, 0.002331
0.946250, 0.010580
0.946250, 0.010575

====================================================================
Flow ID: 180 | Shape: (30, 2)
Features: [Size/1600, IAT/0.1]
--------------------------------------------------------------------
0.046250, 0.000000
0.041250, 0.024443
0.041875, 0.000218
0.041250, 0.027584
0.058125, 0.001662
0.046250, 0.061132
0.041250, 0.024465
0.953750, 0.000314
0.946250, 0.010459
0.946250, 0.010522
0.056250, 0.003189
0.946250, 0.007347
0.946250, 0.010525
0.056250, 0.006321
0.946250, 0.004204
0.946250, 0.010537
0.056250, 0.009540
0.946250, 0.001075
0.946250, 0.010538
0.946250, 0.010532
0.063750, 0.002030
0.946250, 0.008526
0.946250, 0.010569
0.056250, 0.005100
0.946250, 0.005473
0.946250, 0.010321
0.056250, 0.008416
0.946250, 0.002164
0.946250, 0.010600
0.946250, 0.010521

====================================================================
Flow ID: 183 | Shape: (30, 2)
Features: [Size/1600, IAT/0.1]
--------------------------------------------------------------------
0.046250, 0.000000
0.041250, 0.024470
0.041875, 0.000132
0.041250, 0.027998
0.058125, 0.001662
0.046250, 0.076239
0.041250, 0.024448
0.953750, 0.000298
0.946250, 0.010456
0.946250, 0.010530
0.056250, 0.003188
0.946250, 0.007354
0.946250, 0.010551
0.056250, 0.006318
0.946250, 0.004223
0.946250, 0.010535
0.056250, 0.009432
0.946250, 0.001092
0.946250, 0.010521
0.946250, 0.010550
0.063750, 0.002105
0.946250, 0.008441
0.946250, 0.010416
0.056250, 0.005366
0.946250, 0.005192
0.946250, 0.010602
0.056250, 0.008495
0.946250, 0.002107
0.946250, 0.010208
0.946250, 0.010578

====================================================================
Flow ID: 185 | Shape: (30, 2)
Features: [Size/1600, IAT/0.1]
--------------------------------------------------------------------
0.046250, 0.000000
0.041250, 0.024484
0.041875, 0.000144
0.041250, 0.027978
0.058125, 0.001523
0.046250, 0.062025
0.041250, 0.024465
0.953750, 0.000357
0.946250, 0.010435
0.946250, 0.010539
0.056250, 0.003263
0.946250, 0.007260
0.946250, 0.010608
0.056250, 0.006264
0.946250, 0.004182
0.946250, 0.010560
0.056250, 0.009537
0.946250, 0.000993
0.946250, 0.010107
0.946250, 0.010541
0.063750, 0.002537
0.946250, 0.008024
0.946250, 0.010549
0.056250, 0.005634
0.946250, 0.004923
0.946250, 0.010563
0.056250, 0.008858
0.946250, 0.001759
0.946250, 0.010469
0.946250, 0.010538

====================================================================
Flow ID: 195 | Shape: (30, 2)
Features: [Size/1600, IAT/0.1]
--------------------------------------------------------------------
0.046250, 0.000000
0.041250, 0.024500
0.041875, 0.000143
0.041250, 0.027634
0.058125, 0.001601
0.046250, 0.074057
0.041250, 0.024400
0.953750, 0.000356
0.946250, 0.010423
0.946250, 0.010525
0.056250, 0.003237
0.946250, 0.007308
0.946250, 0.010542
0.056250, 0.006375
0.946250, 0.004165
0.946250, 0.010531
0.056250, 0.009629
0.946250, 0.000982
0.946250, 0.010148
0.946250, 0.010578
0.063750, 0.002532
0.946250, 0.008022
0.946250, 0.010546
0.056250, 0.005609
0.946250, 0.004936
0.946250, 0.010551
0.056250, 0.008704
0.946250, 0.001856
0.946250, 0.010342
0.946250, 0.010521

====================================================================
Flow ID: 202 | Shape: (30, 2)
Features: [Size/1600, IAT/0.1]
--------------------------------------------------------------------
0.046250, 0.000000
0.041250, 0.024481
0.041875, 0.000146
0.041250, 0.027811
0.058125, 0.001623
0.046250, 0.070230
0.041250, 0.024367
0.953750, 0.000298
0.946250, 0.010454
0.946250, 0.010520
0.056250, 0.003196
0.946250, 0.007341
0.946250, 0.010536
0.056250, 0.006265
0.946250, 0.004296
0.946250, 0.010504
0.056250, 0.009400
0.946250, 0.001106
0.946250, 0.010512
0.946250, 0.010554
0.063750, 0.002033
0.946250, 0.008529
0.946250, 0.010564
0.056250, 0.005098
0.946250, 0.005468
0.946250, 0.010549
0.056250, 0.008276
0.946250, 0.002295
0.946250, 0.010594
0.946250, 0.010566

====================================================================
Flow ID: 215 | Shape: (30, 2)
Features: [Size/1600, IAT/0.1]
--------------------------------------------------------------------
0.046250, 0.000000
0.041250, 0.024448
0.041875, 0.000140
0.041250, 0.027641
0.058125, 0.001706
0.046250, 0.075768
0.041250, 0.024397
0.953750, 0.000329
0.946250, 0.010442
0.946250, 0.010527
0.056250, 0.003206
0.946250, 0.007334
0.946250, 0.010549
0.056250, 0.006310
0.946250, 0.004230
0.946250, 0.010541
0.056250, 0.009492
0.946250, 0.001108
0.946250, 0.010518
0.946250, 0.010552
0.063750, 0.002030
0.946250, 0.008523
0.946250, 0.010573
0.056250, 0.005204
0.946250, 0.005357
0.946250, 0.010575
0.056250, 0.008367
0.946250, 0.002225
0.946250, 0.010638
0.946250, 0.010540

====================================================================
Flow ID: 216 | Shape: (30, 2)
Features: [Size/1600, IAT/0.1]
--------------------------------------------------------------------
0.046250, 0.000000
0.041250, 0.024428
0.041875, 0.000126
0.041250, 0.027643
0.058125, 0.001686
0.046250, 0.061892
0.041250, 0.024539
0.953750, 0.000407
0.946250, 0.010446
0.946250, 0.010528
0.056250, 0.003297
0.946250, 0.006888
0.946250, 0.010529
0.056250, 0.006720
0.946250, 0.003832
0.946250, 0.010553
0.056250, 0.009885
0.946250, 0.000662
0.946250, 0.010451
0.946250, 0.010893
0.063750, 0.002295
0.946250, 0.008118
0.946250, 0.010589
0.056250, 0.005752
0.946250, 0.004848
0.946250, 0.010613
0.056250, 0.009119
0.946250, 0.001173
0.946250, 0.010599
0.946250, 0.010592

====================================================================
Flow ID: 217 | Shape: (30, 2)
Features: [Size/1600, IAT/0.1]
--------------------------------------------------------------------
0.046250, 0.000000
0.041250, 0.024416
0.041875, 0.000134
0.041250, 0.027682
0.058125, 0.001615
0.046250, 0.069692
0.041250, 0.024433
0.953750, 0.000294
0.946250, 0.010464
0.946250, 0.010521
0.056250, 0.003190
0.946250, 0.007349
0.946250, 0.010540
0.056250, 0.006345
0.946250, 0.004190
0.946250, 0.010563
0.056250, 0.009531
0.946250, 0.001072
0.946250, 0.010557
0.946250, 0.010578
0.063750, 0.002058
0.946250, 0.008493
0.946250, 0.010567
0.056250, 0.005146
0.946250, 0.005443
0.946250, 0.010204
0.056250, 0.008615
0.946250, 0.001963
0.946250, 0.010289
0.946250, 0.010616

====================================================================
Flow ID: 220 | Shape: (30, 2)
Features: [Size/1600, IAT/0.1]
--------------------------------------------------------------------
0.046250, 0.000000
0.041250, 0.024436
0.041875, 0.000122
0.041250, 0.027054
0.058125, 0.001462
0.046250, 0.076035
0.041250, 0.024344
0.953750, 0.000260
0.946250, 0.010236
0.946250, 0.010527
0.056250, 0.003404
0.946250, 0.007136
0.946250, 0.010538
0.056250, 0.006476
0.946250, 0.004073
0.946250, 0.010539
0.056250, 0.009627
0.946250, 0.000919
0.946250, 0.010211
0.946250, 0.010544
0.063750, 0.002594
0.946250, 0.007968
0.946250, 0.010585
0.056250, 0.005695
0.946250, 0.004872
0.946250, 0.010562
0.056250, 0.008854
0.946250, 0.001721
0.946250, 0.010565
0.946250, 0.010592

====================================================================
Flow ID: 221 | Shape: (30, 2)
Features: [Size/1600, IAT/0.1]
--------------------------------------------------------------------
0.046250, 0.000000
0.041250, 0.024448
0.041875, 0.000138
0.041250, 0.027397
0.058125, 0.001701
0.046250, 0.064965
0.041250, 0.024433
0.953750, 0.000313
0.946250, 0.010450
0.946250, 0.010517
0.056250, 0.003214
0.946250, 0.007330
0.946250, 0.010529
0.056250, 0.006282
0.946250, 0.004251
0.946250, 0.010549
0.056250, 0.009410
0.946250, 0.001081
0.946250, 0.010537
0.946250, 0.010642
0.063750, 0.001930
0.946250, 0.008111
0.946250, 0.010547
0.056250, 0.005546
0.946250, 0.005012
0.946250, 0.010571
0.056250, 0.008743
0.946250, 0.001846
0.946250, 0.010412
0.946250, 0.010605

====================================================================
Flow ID: 224 | Shape: (30, 2)
Features: [Size/1600, IAT/0.1]
--------------------------------------------------------------------
0.046250, 0.000000
0.041250, 0.024505
0.041875, 0.000131
0.041250, 0.027652
0.058125, 0.001708
0.046250, 0.064554
0.041250, 0.024551
0.953750, 0.000391
0.946250, 0.010447
0.946250, 0.010527
0.056250, 0.003203
0.946250, 0.007328
0.946250, 0.010530
0.056250, 0.006286
0.946250, 0.004254
0.946250, 0.010544
0.056250, 0.009480
0.946250, 0.001087
0.946250, 0.010539
0.946250, 0.010582
0.063750, 0.001993
0.946250, 0.008561
0.946250, 0.010556
0.056250, 0.005200
0.946250, 0.005353
0.946250, 0.010576
0.056250, 0.008329
0.946250, 0.002236
0.946250, 0.010598
0.946250, 0.010525

====================================================================
Flow ID: 225 | Shape: (30, 2)
Features: [Size/1600, IAT/0.1]
--------------------------------------------------------------------
0.046250, 0.000000
0.041250, 0.024421
0.041875, 0.000133
0.041250, 0.027620
0.058125, 0.001518
0.046250, 0.061512
0.041250, 0.024464
0.953750, 0.000302
0.946250, 0.010465
0.946250, 0.010544
0.056250, 0.003160
0.946250, 0.007369
0.946250, 0.010551
0.056250, 0.006212
0.946250, 0.004333
0.946250, 0.010541
0.056250, 0.009358
0.946250, 0.001078
0.946250, 0.010538
0.946250, 0.010541
0.063750, 0.002011
0.946250, 0.008548
0.946250, 0.010551
0.056250, 0.005128
0.946250, 0.005448
0.946250, 0.010577
0.056250, 0.008202
0.946250, 0.002376
0.946250, 0.010581
0.946250, 0.010606

====================================================================
Flow ID: 226 | Shape: (30, 2)
Features: [Size/1600, IAT/0.1]
--------------------------------------------------------------------
0.046250, 0.000000
0.041250, 0.024485
0.041875, 0.000158
0.041250, 0.027681
0.058125, 0.001514
0.046250, 0.074191
0.041250, 0.024398
0.953750, 0.000311
0.946250, 0.010465
0.946250, 0.010517
0.056250, 0.003282
0.946250, 0.007248
0.946250, 0.010531
0.056250, 0.006375
0.946250, 0.004170
0.946250, 0.010533
0.056250, 0.009490
0.946250, 0.001101
0.946250, 0.010529
0.946250, 0.010568
0.063750, 0.002032
0.946250, 0.008538
0.946250, 0.010595
0.056250, 0.005101
0.946250, 0.005461
0.946250, 0.010580
0.056250, 0.008369
0.946250, 0.002227
0.946250, 0.010594
0.946250, 0.010587

====================================================================
Flow ID: 229 | Shape: (30, 2)
Features: [Size/1600, IAT/0.1]
--------------------------------------------------------------------
0.046250, 0.000000
0.041250, 0.024471
0.041875, 0.000144
0.041250, 0.027541
0.058125, 0.001707
0.046250, 0.075146
0.041250, 0.024385
0.953750, 0.000298
0.946250, 0.010465
0.946250, 0.010530
0.056250, 0.003181
0.946250, 0.007348
0.946250, 0.010535
0.056250, 0.006278
0.946250, 0.004275
0.946250, 0.010527
0.056250, 0.009441
0.946250, 0.001106
0.946250, 0.010528
0.946250, 0.010551
0.063750, 0.002040
0.946250, 0.008510
0.946250, 0.010566
0.056250, 0.005200
0.946250, 0.005380
0.946250, 0.010559
0.056250, 0.008311
0.946250, 0.002267
0.946250, 0.010603
0.946250, 0.010536

====================================================================
Flow ID: 230 | Shape: (30, 2)
Features: [Size/1600, IAT/0.1]
--------------------------------------------------------------------
0.046250, 0.000000
0.041250, 0.024528
0.041875, 0.000132
0.041250, 0.027679
0.058125, 0.001572
0.046250, 0.063870
0.041250, 0.024399
0.953750, 0.000317
0.946250, 0.010460
0.946250, 0.010535
0.056250, 0.003181
0.946250, 0.007358
0.946250, 0.010527
0.056250, 0.006253
0.946250, 0.004203
0.946250, 0.010533
0.056250, 0.009523
0.946250, 0.001080
0.946250, 0.010527
0.946250, 0.010536
0.063750, 0.002030
0.946250, 0.008520
0.946250, 0.010564
0.056250, 0.005213
0.946250, 0.005347
0.946250, 0.010564
0.056250, 0.008332
0.946250, 0.002266
0.946250, 0.010586
0.946250, 0.010533

====================================================================
Flow ID: 233 | Shape: (30, 2)
Features: [Size/1600, IAT/0.1]
--------------------------------------------------------------------
0.046250, 0.000000
0.041250, 0.024508
0.041875, 0.000142
0.041250, 0.027834
0.058125, 0.001596
0.046250, 0.058202
0.041250, 0.024447
0.953750, 0.000359
0.946250, 0.010303
0.946250, 0.010523
0.056250, 0.003349
0.946250, 0.007176
0.946250, 0.010536
0.056250, 0.006479
0.946250, 0.004052
0.946250, 0.010532
0.056250, 0.009648
0.946250, 0.000892
0.946250, 0.010214
0.946250, 0.010517
0.063750, 0.002550
0.946250, 0.008000
0.946250, 0.010574
0.056250, 0.005653
0.946250, 0.004882
0.946250, 0.010571
0.056250, 0.008867
0.946250, 0.001729
0.946250, 0.010497
0.946250, 0.010576

====================================================================
Flow ID: 234 | Shape: (30, 2)
Features: [Size/1600, IAT/0.1]
--------------------------------------------------------------------
0.046250, 0.000000
0.041250, 0.024461
0.041875, 0.000162
0.041250, 0.027704
0.058125, 0.001392
0.046250, 0.073779
0.041250, 0.024400
0.953750, 0.000316
0.946250, 0.010458
0.946250, 0.010539
0.056250, 0.003182
0.946250, 0.007357
0.946250, 0.010535
0.056250, 0.006262
0.946250, 0.004281
0.946250, 0.010545
0.056250, 0.009392
0.946250, 0.001102
0.946250, 0.010574
0.946250, 0.010188
0.063750, 0.002359
0.946250, 0.008195
0.946250, 0.010562
0.056250, 0.005466
0.946250, 0.005106
0.946250, 0.010572
0.056250, 0.008672
0.946250, 0.001960
0.946250, 0.010340
0.946250, 0.010577

====================================================================
Flow ID: 235 | Shape: (30, 2)
Features: [Size/1600, IAT/0.1]
--------------------------------------------------------------------
0.046250, 0.000000
0.041250, 0.024458
0.041875, 0.000142
0.041250, 0.027769
0.058125, 0.001605
0.046250, 0.077022
0.041250, 0.024393
0.953750, 0.000302
0.946250, 0.010463
0.946250, 0.010518
0.056250, 0.003299
0.946250, 0.007227
0.946250, 0.010532
0.056250, 0.006389
0.946250, 0.004158
0.946250, 0.010548
0.056250, 0.009512
0.946250, 0.001078
0.946250, 0.010538
0.946250, 0.010562
0.063750, 0.002014
0.946250, 0.008544
0.946250, 0.010556
0.056250, 0.005134
0.946250, 0.005444
0.946250, 0.010569
0.056250, 0.008337
0.946250, 0.002256
0.946250, 0.010604
0.946250, 0.010598

====================================================================
Flow ID: 237 | Shape: (30, 2)
Features: [Size/1600, IAT/0.1]
--------------------------------------------------------------------
0.046250, 0.000000
0.041250, 0.024422
0.041875, 0.000122
0.041250, 0.027496
0.058125, 0.001288
0.046250, 0.071132
0.041250, 0.024369
0.953750, 0.000271
0.946250, 0.010472
0.946250, 0.010526
0.056250, 0.003174
0.946250, 0.007350
0.946250, 0.010535
0.056250, 0.006262
0.946250, 0.004279
0.946250, 0.010538
0.056250, 0.009465
0.946250, 0.001101
0.946250, 0.010532
0.946250, 0.010546
0.063750, 0.002027
0.946250, 0.008523
0.946250, 0.010563
0.056250, 0.005169
0.946250, 0.005403
0.946250, 0.010569
0.056250, 0.008362
0.946250, 0.002212
0.946250, 0.010629
0.946250, 0.010592

====================================================================
Flow ID: 240 | Shape: (30, 2)
Features: [Size/1600, IAT/0.1]
--------------------------------------------------------------------
0.046250, 0.000000
0.041250, 0.024445
0.041875, 0.000150
0.041250, 0.026915
0.058125, 0.001448
0.046250, 0.062261
0.041250, 0.024384
0.953750, 0.000295
0.946250, 0.010456
0.946250, 0.010520
0.056250, 0.003328
0.946250, 0.007204
0.946250, 0.010527
0.056250, 0.006401
0.946250, 0.003700
0.946250, 0.010532
0.056250, 0.010038
0.946250, 0.000502
0.946250, 0.010601
0.946250, 0.010531
0.063750, 0.002542
0.946250, 0.008019
0.946250, 0.010581
0.056250, 0.005654
0.946250, 0.004897
0.946250, 0.010551
0.056250, 0.008810
0.946250, 0.001753
0.946250, 0.010439
0.946250, 0.010517

====================================================================
Flow ID: 241 | Shape: (30, 2)
Features: [Size/1600, IAT/0.1]
--------------------------------------------------------------------
0.046250, 0.000000
0.041250, 0.024480
0.041875, 0.000132
0.041250, 0.027726
0.058125, 0.001518
0.046250, 0.060254
0.041250, 0.024468
0.953750, 0.000363
0.946250, 0.010432
0.946250, 0.010527
0.056250, 0.003296
0.946250, 0.007229
0.946250, 0.010529
0.056250, 0.006371
0.946250, 0.003832
0.946250, 0.010540
0.056250, 0.009917
0.946250, 0.000620
0.946250, 0.010474
0.946250, 0.010554
0.063750, 0.002517
0.946250, 0.008041
0.946250, 0.010550
0.056250, 0.005602
0.946250, 0.004957
0.946250, 0.010550
0.056250, 0.008830
0.946250, 0.001744
0.946250, 0.010483
0.946250, 0.010528

====================================================================
Flow ID: 242 | Shape: (30, 2)
Features: [Size/1600, IAT/0.1]
--------------------------------------------------------------------
0.046250, 0.000000
0.041250, 0.024399
0.041875, 0.000114
0.041250, 0.027485
0.058125, 0.001351
0.046250, 0.075340
0.041250, 0.024339
0.953750, 0.000273
0.946250, 0.010483
0.946250, 0.010530
0.056250, 0.003229
0.946250, 0.007303
0.946250, 0.010537
0.056250, 0.006304
0.946250, 0.004243
0.946250, 0.010540
0.056250, 0.009425
0.946250, 0.001102
0.946250, 0.010356
0.946250, 0.010552
0.063750, 0.002201
0.946250, 0.008362
0.946250, 0.010560
0.056250, 0.005307
0.946250, 0.005272
0.946250, 0.010571
0.056250, 0.008458
0.946250, 0.002130
0.946250, 0.010667
0.946250, 0.010523

====================================================================
Flow ID: 244 | Shape: (30, 2)
Features: [Size/1600, IAT/0.1]
--------------------------------------------------------------------
0.046250, 0.000000
0.041250, 0.024456
0.041875, 0.000133
0.041250, 0.027699
0.058125, 0.001635
0.046250, 0.060703
0.041250, 0.024392
0.953750, 0.000297
0.946250, 0.010462
0.946250, 0.010539
0.056250, 0.003283
0.946250, 0.007241
0.946250, 0.010533
0.056250, 0.006355
0.946250, 0.004169
0.946250, 0.010547
0.056250, 0.009491
0.946250, 0.001072
0.946250, 0.010251
0.946250, 0.010555
0.063750, 0.002285
0.946250, 0.008264
0.946250, 0.010558
0.056250, 0.005369
0.946250, 0.005192
0.946250, 0.010572
0.056250, 0.008570
0.946250, 0.002014
0.946250, 0.010219
0.946250, 0.010602

====================================================================
Flow ID: 246 | Shape: (30, 2)
Features: [Size/1600, IAT/0.1]
--------------------------------------------------------------------
0.046250, 0.000000
0.041250, 0.024513
0.041875, 0.000138
0.041250, 0.027710
0.058125, 0.001604
0.046250, 0.060841
0.041250, 0.024469
0.953750, 0.000334
0.946250, 0.010470
0.946250, 0.010534
0.056250, 0.003209
0.946250, 0.007329
0.946250, 0.010531
0.056250, 0.006375
0.946250, 0.004155
0.946250, 0.010551
0.056250, 0.009489
0.946250, 0.001073
0.946250, 0.010555
0.946250, 0.010554
0.063750, 0.002063
0.946250, 0.008397
0.946250, 0.010569
0.056250, 0.005231
0.946250, 0.005323
0.946250, 0.010560
0.056250, 0.008354
0.946250, 0.002205
0.946250, 0.010586
0.946250, 0.010563

====================================================================
Flow ID: 249 | Shape: (30, 2)
Features: [Size/1600, IAT/0.1]
--------------------------------------------------------------------
0.046250, 0.000000
0.041250, 0.024433
0.041875, 0.000159
0.041250, 0.027840
0.058125, 0.002652
0.046250, 0.072352
0.041250, 0.024356
0.953750, 0.000284
0.946250, 0.010453
0.946250, 0.010405
0.056250, 0.003311
0.946250, 0.007225
0.946250, 0.010533
0.056250, 0.006377
0.946250, 0.004174
0.946250, 0.010553
0.056250, 0.009505
0.946250, 0.001075
0.946250, 0.010525
0.946250, 0.010576
0.063750, 0.002027
0.946250, 0.008517
0.946250, 0.010574
0.056250, 0.005117
0.946250, 0.005447
0.946250, 0.010582
0.056250, 0.008295
0.946250, 0.002293
0.946250, 0.010610
0.946250, 0.010613

====================================================================
Flow ID: 250 | Shape: (30, 2)
Features: [Size/1600, IAT/0.1]
--------------------------------------------------------------------
0.046250, 0.000000
0.041250, 0.024643
0.041875, 0.000132
0.041250, 0.027732
0.058125, 0.001612
0.046250, 0.058556
0.041250, 0.024419
0.953750, 0.000318
0.946250, 0.010461
0.946250, 0.010538
0.056250, 0.003286
0.946250, 0.007261
0.946250, 0.010212
0.056250, 0.006659
0.946250, 0.003883
0.946250, 0.010540
0.056250, 0.009815
0.946250, 0.000722
0.946250, 0.010395
0.946250, 0.010516
0.063750, 0.002556
0.946250, 0.007992
0.946250, 0.010605
0.056250, 0.005602
0.946250, 0.004917
0.946250, 0.010566
0.056250, 0.008767
0.946250, 0.001806
0.946250, 0.010401
0.946250, 0.010563

====================================================================
Flow ID: 251 | Shape: (30, 2)
Features: [Size/1600, IAT/0.1]
--------------------------------------------------------------------
0.046250, 0.000000
0.041250, 0.024436
0.041875, 0.000140
0.041250, 0.027567
0.058125, 0.001448
0.046250, 0.076673
0.041250, 0.024384
0.953750, 0.000302
0.946250, 0.010455
0.946250, 0.010521
0.056250, 0.003364
0.946250, 0.007170
0.946250, 0.010562
0.056250, 0.006421
0.946250, 0.004085
0.946250, 0.010586
0.056250, 0.009541
0.946250, 0.001098
0.946250, 0.010531
0.946250, 0.010549
0.063750, 0.002030
0.946250, 0.008529
0.946250, 0.010588
0.056250, 0.005114
0.946250, 0.005456
0.946250, 0.010572
0.056250, 0.008309
0.946250, 0.002279
0.946250, 0.010608
0.946250, 0.010584

====================================================================
Flow ID: 252 | Shape: (30, 2)
Features: [Size/1600, IAT/0.1]
--------------------------------------------------------------------
0.046250, 0.000000
0.041250, 0.024446
0.041875, 0.000149
0.041250, 0.026665
0.058125, 0.001640
0.046250, 0.074466
0.041250, 0.024366
0.953750, 0.000289
0.946250, 0.010485
0.946250, 0.010532
0.056250, 0.003161
0.946250, 0.007371
0.946250, 0.010537
0.056250, 0.006240
0.946250, 0.004300
0.946250, 0.010548
0.056250, 0.009370
0.946250, 0.001100
0.946250, 0.010557
0.946250, 0.010131
0.063750, 0.002421
0.946250, 0.008122
0.946250, 0.010553
0.056250, 0.005516
0.946250, 0.005077
0.946250, 0.010546
0.056250, 0.008725
0.946250, 0.001860
0.946250, 0.010368
0.946250, 0.010543
