
====================================================================
Flow ID: 129 | Shape: (30, 2)
Features: [Size/1600, IAT/0.1]
--------------------------------------------------------------------
0.133750, 0.000000
0.133750, 0.200443
0.133750, 0.200577
0.133750, 0.200621
0.133750, 0.200663
0.133750, 0.200590
0.133750, 0.200603
0.133750, 0.200631
0.133750, 0.200620
0.133750, 0.200607
0.133750, 0.200608
0.133750, 0.200628
0.133750, 0.200633
0.133750, 0.200602
0.133750, 0.200594
0.133750, 0.200611
0.133750, 0.200618
0.133750, 0.200708
0.133750, 0.200101
0.133750, 0.200597
0.133750, 0.200609
0.133750, 0.200599
0.133750, 0.200614
0.133750, 0.200621
0.133750, 0.200610
0.133750, 0.200608
0.133750, 0.200632
0.133750, 0.200592
0.133750, 0.200619
0.133750, 0.200605

====================================================================
Flow ID: 130 | Shape: (30, 2)
Features: [Size/1600, IAT/0.1]
--------------------------------------------------------------------
0.133750, 0.000000
0.133750, 0.200599
0.133750, 0.200621
0.133750, 0.200600
0.133750, 0.200631
0.133750, 0.200601
0.133750, 0.200620
0.133750, 0.200890
0.133750, 0.200446
0.133750, 0.200479
0.133750, 0.200504
0.133750, 0.200611
0.133750, 0.200630
0.133750, 0.200585
0.133750, 0.200641
0.133750, 0.200603
0.133750, 0.200627
0.133750, 0.200585
0.133750, 0.200632
0.133750, 0.200616
0.133750, 0.200616
0.133750, 0.200602
0.133750, 0.200617
0.133750, 0.200617
0.133750, 0.200620
0.133750, 0.200582
0.133750, 0.200622
0.133750, 0.200226
0.133750, 0.200630
0.133750, 0.200599

====================================================================
Flow ID: 132 | Shape: (30, 2)
Features: [Size/1600, IAT/0.1]
--------------------------------------------------------------------
0.133750, 0.000000
0.133750, 0.200592
0.133750, 0.200637
0.133750, 0.200592
0.133750, 0.200701
0.133750, 0.200598
0.133750, 0.200610
0.133750, 0.200609
0.133750, 0.200607
0.133750, 0.200603
0.133750, 0.200623
0.133750, 0.200631
0.133750, 0.200622
0.133750, 0.200601
0.133750, 0.200659
0.133750, 0.200555
0.133750, 0.200686
0.133750, 0.200620
0.133750, 0.200619
0.133750, 0.200616
0.133750, 0.200616
0.133750, 0.200602
0.133750, 0.200615
0.133750, 0.200785
0.133750, 0.200459
0.133750, 0.200593
0.133750, 0.200595
0.133750, 0.200601
0.133750, 0.200603
0.133750, 0.200628

====================================================================
Flow ID: 133 | Shape: (30, 2)
Features: [Size/1600, IAT/0.1]
--------------------------------------------------------------------
0.133750, 0.000000
0.133750, 0.200579
0.133750, 0.200638
0.133750, 0.200601
0.133750, 0.200592
0.133750, 0.200623
0.133750, 0.200602
0.133750, 0.200606
0.133750, 0.200623
0.133750, 0.200608
0.133750, 0.200630
0.133750, 0.200613
0.133750, 0.200598
0.133750, 0.200641
0.133750, 0.200634
0.133750, 0.200623
0.133750, 0.200894
0.133750, 0.200390
0.133750, 0.200595
0.133750, 0.200654
0.133750, 0.200636
0.133750, 0.200668
0.133750, 0.200614
0.133750, 0.200595
0.133750, 0.200615
0.133750, 0.200618
0.133750, 0.200590
0.133750, 0.200608
0.133750, 0.200618
0.133750, 0.200626

====================================================================
Flow ID: 136 | Shape: (30, 2)
Features: [Size/1600, IAT/0.1]
--------------------------------------------------------------------
0.133750, 0.000000
0.133750, 0.200620
0.133750, 0.200719
0.133750, 0.200507
0.133750, 0.200597
0.133750, 0.200617
0.133750, 0.201468
0.133750, 0.200364
0.133750, 0.200594
0.133750, 0.200614
0.133750, 0.200603
0.133750, 0.200616
0.133750, 0.200618
0.133750, 0.200613
0.133750, 0.200358
0.133750, 0.200556
0.133750, 0.200602
0.133750, 0.200635
0.133750, 0.200557
0.133750, 0.200628
0.133750, 0.200586
0.133750, 0.200645
0.133750, 0.200608
0.133750, 0.200627
0.133750, 0.200618
0.133750, 0.200612
0.133750, 0.200628
0.133750, 0.200611
0.133750, 0.200593
0.133750, 0.200639

====================================================================
Flow ID: 137 | Shape: (30, 2)
Features: [Size/1600, IAT/0.1]
--------------------------------------------------------------------
0.133750, 0.000000
0.133750, 0.200614
0.133750, 0.200599
0.133750, 0.200629
0.133750, 0.200617
0.133750, 0.200608
0.133750, 0.200626
0.133750, 0.200598
0.133750, 0.200613
0.133750, 0.200490
0.133750, 0.200688
0.133750, 0.200604
0.133750, 0.200610
0.133750, 0.200627
0.133750, 0.200624
0.133750, 0.200603
0.133750, 0.200681
0.133750, 0.200603
0.133750, 0.200901
0.133750, 0.200360
0.133750, 0.200622
0.133750, 0.200628
0.133750, 0.200608
0.133750, 0.200623
0.133750, 0.200659
0.133750, 0.200591
0.133750, 0.200608
0.133750, 0.200626
0.133750, 0.200636
0.133750, 0.200625

====================================================================
Flow ID: 142 | Shape: (30, 2)
Features: [Size/1600, IAT/0.1]
--------------------------------------------------------------------
0.133750, 0.000000
0.133750, 0.200615
0.133750, 0.200220
0.133750, 0.200598
0.133750, 0.200668
0.133750, 0.200646
0.133750, 0.200586
0.133750, 0.200617
0.133750, 0.200630
0.133750, 0.200627
0.133750, 0.200671
0.133750, 0.200583
0.133750, 0.200637
0.133750, 0.200626
0.133750, 0.200614
0.133750, 0.200604
0.133750, 0.200728
0.133750, 0.200587
0.133750, 0.200594
0.133750, 0.200619
0.133750, 0.200606
0.133750, 0.200627
0.133750, 0.200631
0.133750, 0.200618
0.133750, 0.200626
0.133750, 0.200634
0.133750, 0.200623
0.133750, 0.200635
0.133750, 0.200600
0.133750, 0.200638

====================================================================
Flow ID: 143 | Shape: (30, 2)
Features: [Size/1600, IAT/0.1]
--------------------------------------------------------------------
0.133750, 0.000000
0.133750, 0.200588
0.133750, 0.200610
0.133750, 0.200590
0.133750, 0.200619
0.133750, 0.200603
0.133750, 0.200612
0.133750, 0.200624
0.133750, 0.200601
0.133750, 0.200606
0.133750, 0.200628
0.133750, 0.200630
0.133750, 0.200616
0.133750, 0.200617
0.133750, 0.200644
0.133750, 0.200558
0.133750, 0.200658
0.133750, 0.200605
0.133750, 0.200635
0.133750, 0.200600
0.133750, 0.200881
0.133750, 0.200321
0.133750, 0.200642
0.133750, 0.200627
0.133750, 0.200619
0.133750, 0.200597
0.133750, 0.200609
0.133750, 0.200679
0.133750, 0.200576
0.133750, 0.200629

====================================================================
Flow ID: 145 | Shape: (30, 2)
Features: [Size/1600, IAT/0.1]
--------------------------------------------------------------------
0.133750, 0.000000
0.133750, 0.200570
0.133750, 0.200622
0.133750, 0.200601
0.133750, 0.200616
0.133750, 0.200635
0.133750, 0.200595
0.133750, 0.200625
0.133750, 0.200602
0.133750, 0.200591
0.133750, 0.200757
0.133750, 0.200488
0.133750, 0.200607
0.133750, 0.200597
0.133750, 0.200607
0.133750, 0.200611
0.133750, 0.200601
0.133750, 0.200619
0.133750, 0.200623
0.133750, 0.200638
0.133750, 0.200625
0.133750, 0.200592
0.133750, 0.200610
0.133750, 0.200629
0.133750, 0.200607
0.133750, 0.200605
0.133750, 0.200779
0.133750, 0.200489
0.133750, 0.200627
0.133750, 0.200595

====================================================================
Flow ID: 147 | Shape: (30, 2)
Features: [Size/1600, IAT/0.1]
--------------------------------------------------------------------
0.133750, 0.000000
0.133750, 0.200518
0.133750, 0.200628
0.133750, 0.200604
0.133750, 0.200612
0.133750, 0.200679
0.133750, 0.200603
0.133750, 0.200608
0.133750, 0.200621
0.133750, 0.200604
0.133750, 0.200634
0.133750, 0.200608
0.133750, 0.200620
0.133750, 0.200620
0.133750, 0.200641
0.133750, 0.200643
0.133750, 0.200637
0.133750, 0.200617
0.133750, 0.200627
0.133750, 0.200609
0.133750, 0.200622
0.133750, 0.200636
0.133750, 0.200619
0.133750, 0.200608
0.133750, 0.200628
0.133750, 0.200640
0.133750, 0.200581
0.133750, 0.200625
0.133750, 0.200643
0.133750, 0.200603

====================================================================
Flow ID: 148 | Shape: (30, 2)
Features: [Size/1600, IAT/0.1]
--------------------------------------------------------------------
0.133750, 0.000000
0.133750, 0.200601
0.133750, 0.200593
0.133750, 0.200612
0.133750, 0.200611
0.133750, 0.200624
0.133750, 0.200610
0.133750, 0.200607
0.133750, 0.200748
0.133750, 0.200536
0.133750, 0.200616
0.133750, 0.200691
0.133750, 0.200557
0.133750, 0.200630
0.133750, 0.200611
0.133750, 0.200626
0.133750, 0.200624
0.133750, 0.200633
0.133750, 0.200637
0.133750, 0.200598
0.133750, 0.200664
0.133750, 0.200602
0.133750, 0.200626
0.133750, 0.200600
0.133750, 0.200603
0.133750, 0.200603
0.133750, 0.200633
0.133750, 0.200612
0.133750, 0.200626
0.133750, 0.200636

====================================================================
Flow ID: 152 | Shape: (30, 2)
Features: [Size/1600, IAT/0.1]
--------------------------------------------------------------------
0.133750, 0.000000
0.133750, 0.200590
0.133750, 0.200635
0.133750, 0.200605
0.133750, 0.200659
0.133750, 0.200614
0.133750, 0.200584
0.133750, 0.200615
0.133750, 0.200625
0.133750, 0.200611
0.133750, 0.200656
0.133750, 0.200597
0.133750, 0.200628
0.133750, 0.200654
0.133750, 0.200648
0.133750, 0.200402
0.133750, 0.200650
0.133750, 0.200608
0.133750, 0.200662
0.133750, 0.200597
0.133750, 0.200661
0.133750, 0.200593
0.133750, 0.200634
0.133750, 0.200608
0.133750, 0.200602
0.133750, 0.200618
0.133750, 0.200645
0.133750, 0.200248
0.133750, 0.200626
0.133750, 0.200657

====================================================================
Flow ID: 153 | Shape: (30, 2)
Features: [Size/1600, IAT/0.1]
--------------------------------------------------------------------
0.133750, 0.000000
0.133750, 0.200623
0.133750, 0.200604
0.133750, 0.200608
0.133750, 0.200636
0.133750, 0.200629
0.133750, 0.200626
0.133750, 0.200235
0.133750, 0.200618
0.133750, 0.200648
0.133750, 0.200673
0.133750, 0.200595
0.133750, 0.200610
0.133750, 0.200723
0.133750, 0.200632
0.133750, 0.200610
0.133750, 0.200625
0.133750, 0.200622
0.133750, 0.200627
0.133750, 0.200589
0.133750, 0.200617
0.133750, 0.200613
0.133750, 0.200626
0.133750, 0.200613
0.133750, 0.200605
0.133750, 0.200622
0.133750, 0.200640
0.133750, 0.200616
0.133750, 0.200612
0.133750, 0.200612

====================================================================
Flow ID: 155 | Shape: (30, 2)
Features: [Size/1600, IAT/0.1]
--------------------------------------------------------------------
0.133750, 0.000000
0.133750, 0.200605
0.133750, 0.200602
0.133750, 0.200486
0.133750, 0.200484
0.133750, 0.200514
0.133750, 0.200620
0.133750, 0.200610
0.133750, 0.200623
0.133750, 0.200619
0.133750, 0.200635
0.133750, 0.200625
0.133750, 0.200638
0.133750, 0.200615
0.133750, 0.200620
0.133750, 0.200619
0.133750, 0.200642
0.133750, 0.200631
0.133750, 0.200616
0.133750, 0.200630
0.133750, 0.200599
0.133750, 0.200635
0.133750, 0.201005
0.133750, 0.200613
0.133750, 0.200624
0.133750, 0.200624
0.133750, 0.200629
0.133750, 0.200589
0.133750, 0.200616
0.133750, 0.200608

====================================================================
Flow ID: 156 | Shape: (30, 2)
Features: [Size/1600, IAT/0.1]
--------------------------------------------------------------------
0.133750, 0.000000
0.133750, 0.200598
0.133750, 0.200593
0.133750, 0.200628
0.133750, 0.200612
0.133750, 0.200644
0.133750, 0.200617
0.133750, 0.200620
0.133750, 0.201051
0.133750, 0.200312
0.133750, 0.200613
0.133750, 0.200723
0.133750, 0.200527
0.133750, 0.200614
0.133750, 0.200608
0.133750, 0.200667
0.133750, 0.200643
0.133750, 0.200608
0.133750, 0.200603
0.133750, 0.200721
0.133750, 0.200523
0.133750, 0.200605
0.133750, 0.200605
0.133750, 0.200619
0.133750, 0.200628
0.133750, 0.200605
0.133750, 0.200623
0.133750, 0.200595
0.133750, 0.200623
0.133750, 0.200613

====================================================================
Flow ID: 158 | Shape: (30, 2)
Features: [Size/1600, IAT/0.1]
--------------------------------------------------------------------
0.133750, 0.000000
0.133750, 0.200527
0.133750, 0.200578
0.133750, 0.200617
0.133750, 0.200623
0.133750, 0.200625
0.133750, 0.200628
0.133750, 0.200597
0.133750, 0.200629
0.133750, 0.200603
0.133750, 0.200615
0.133750, 0.200594
0.133750, 0.200625
0.133750, 0.200610
0.133750, 0.200833
0.133750, 0.200410
0.133750, 0.200610
0.133750, 0.200675
0.133750, 0.200592
0.133750, 0.200631
0.133750, 0.200618
0.133750, 0.200621
0.133750, 0.200705
0.133750, 0.200543
0.133750, 0.200883
0.133750, 0.200362
0.133750, 0.200598
0.133750, 0.200607
0.133750, 0.200624
0.133750, 0.200635

====================================================================
Flow ID: 159 | Shape: (30, 2)
Features: [Size/1600, IAT/0.1]
--------------------------------------------------------------------
0.133750, 0.000000
0.133750, 0.200605
0.133750, 0.200612
0.133750, 0.200862
0.133750, 0.200429
0.133750, 0.200595
0.133750, 0.200624
0.133750, 0.200607
0.133750, 0.200611
0.133750, 0.200608
0.133750, 0.200628
0.133750, 0.200865
0.133750, 0.200611
0.133750, 0.200629
0.133750, 0.200617
0.133750, 0.200593
0.133750, 0.200634
0.133750, 0.200594
0.133750, 0.200622
0.133750, 0.200581
0.133750, 0.200602
0.133750, 0.200624
0.133750, 0.200637
0.133750, 0.200594
0.133750, 0.200618
0.133750, 0.200692
0.133750, 0.200566
0.133750, 0.200679
0.133750, 0.200629
0.133750, 0.200624

====================================================================
Flow ID: 160 | Shape: (30, 2)
Features: [Size/1600, IAT/0.1]
--------------------------------------------------------------------
0.133750, 0.000000
0.133750, 0.200555
0.133750, 0.200610
0.133750, 0.200625
0.133750, 0.200600
0.133750, 0.200614
0.133750, 0.200637
0.133750, 0.200595
0.133750, 0.200627
0.133750, 0.200596
0.133750, 0.200613
0.133750, 0.200610
0.133750, 0.200609
0.133750, 0.200715
0.133750, 0.200564
0.133750, 0.200596
0.133750, 0.200622
0.133750, 0.200597
0.133750, 0.200623
0.133750, 0.200633
0.133750, 0.200644
0.133750, 0.200597
0.133750, 0.200630
0.133750, 0.200618
0.133750, 0.200618
0.133750, 0.200600
0.133750, 0.200868
0.133750, 0.200365
0.133750, 0.200574
0.133750, 0.200601

====================================================================
Flow ID: 161 | Shape: (30, 2)
Features: [Size/1600, IAT/0.1]
--------------------------------------------------------------------
0.133750, 0.000000
0.133750, 0.200617
0.133750, 0.200614
0.133750, 0.200625
0.133750, 0.200598
0.133750, 0.200653
0.133750, 0.200594
0.133750, 0.200704
0.133750, 0.200277
0.133750, 0.200618
0.133750, 0.200610
0.133750, 0.200615
0.133750, 0.200620
0.133750, 0.200607
0.133750, 0.200620
0.133750, 0.200629
0.133750, 0.200600
0.133750, 0.200612
0.133750, 0.200614
0.133750, 0.200598
0.133750, 0.200618
0.133750, 0.200615
0.133750, 0.200637
0.133750, 0.200605
0.133750, 0.200604
0.133750, 0.200602
0.133750, 0.200619
0.133750, 0.200625
0.133750, 0.200587
0.133750, 0.200638

====================================================================
Flow ID: 168 | Shape: (30, 2)
Features: [Size/1600, IAT/0.1]
--------------------------------------------------------------------
0.133750, 0.000000
0.133750, 0.200593
0.133750, 0.200618
0.133750, 0.200805
0.133750, 0.200427
0.133750, 0.200622
0.133750, 0.200626
0.133750, 0.200591
0.133750, 0.200605
0.133750, 0.200620
0.133750, 0.200615
0.133750, 0.200620
0.133750, 0.200613
0.133750, 0.200630
0.133750, 0.200592
0.133750, 0.200605
0.133750, 0.200615
0.133750, 0.200604
0.133750, 0.200602
0.133750, 0.200596
0.133750, 0.200617
0.133750, 0.200594
0.133750, 0.200505
0.133750, 0.200683
0.133750, 0.200612
0.133750, 0.200690
0.133750, 0.200533
0.133750, 0.200617
0.133750, 0.200615
0.133750, 0.200613

====================================================================
Flow ID: 169 | Shape: (30, 2)
Features: [Size/1600, IAT/0.1]
--------------------------------------------------------------------
0.133750, 0.000000
0.133750, 0.200596
0.133750, 0.200600
0.133750, 0.200712
0.133750, 0.200503
0.133750, 0.200603
0.133750, 0.200603
0.133750, 0.200629
0.133750, 0.200588
0.133750, 0.200754
0.133750, 0.200604
0.133750, 0.200596
0.133750, 0.200620
0.133750, 0.200614
0.133750, 0.200606
0.133750, 0.200606
0.133750, 0.200609
0.133750, 0.200607
0.133750, 0.200677
0.133750, 0.200561
0.133750, 0.200552
0.133750, 0.200576
0.133750, 0.200592
0.133750, 0.200672
0.133750, 0.200593
0.133750, 0.200613
0.133750, 0.200613
0.133750, 0.200614
0.133750, 0.200621
0.133750, 0.200614

====================================================================
Flow ID: 185 | Shape: (30, 2)
Features: [Size/1600, IAT/0.1]
--------------------------------------------------------------------
0.133750, 0.000000
0.133750, 0.200612
0.133750, 0.200667
0.133750, 0.200544
0.133750, 0.200648
0.133750, 0.200605
0.133750, 0.200610
0.133750, 0.200607
0.133750, 0.200453
0.133750, 0.200703
0.133750, 0.200598
0.133750, 0.200597
0.133750, 0.200619
0.133750, 0.200618
0.133750, 0.200794
0.133750, 0.200607
0.133750, 0.200604
0.133750, 0.200620
0.133750, 0.200601
0.133750, 0.200609
0.133750, 0.200607
0.133750, 0.200594
0.133750, 0.200608
0.133750, 0.200598
0.133750, 0.200613
0.133750, 0.200604
0.133750, 0.200596
0.133750, 0.200616
0.133750, 0.200608
0.133750, 0.200604

====================================================================
Flow ID: 187 | Shape: (30, 2)
Features: [Size/1600, IAT/0.1]
--------------------------------------------------------------------
0.133750, 0.000000
0.133750, 0.200621
0.133750, 0.200413
0.133750, 0.201117
0.133750, 0.200321
0.133750, 0.200598
0.133750, 0.200601
0.133750, 0.200621
0.133750, 0.200610
0.133750, 0.200597
0.133750, 0.200614
0.133750, 0.200606
0.133750, 0.200595
0.133750, 0.200626
0.133750, 0.200609
0.133750, 0.200599
0.133750, 0.200607
0.133750, 0.200609
0.133750, 0.200591
0.133750, 0.200605
0.133750, 0.200676
0.133750, 0.200547
0.133750, 0.200652
0.133750, 0.200709
0.133750, 0.200513
0.133750, 0.200610
0.133750, 0.200601
0.133750, 0.200588
0.133750, 0.200600
0.133750, 0.200465

====================================================================
Flow ID: 188 | Shape: (30, 2)
Features: [Size/1600, IAT/0.1]
--------------------------------------------------------------------
0.133750, 0.000000
0.133750, 0.200572
0.133750, 0.200622
0.133750, 0.200602
0.133750, 0.200602
0.133750, 0.200607
0.133750, 0.200613
0.133750, 0.200600
0.133750, 0.200624
0.133750, 0.200589
0.133750, 0.200553
0.133750, 0.200726
0.133750, 0.200502
0.133750, 0.200615
0.133750, 0.200604
0.133750, 0.200492
0.133750, 0.200893
0.133750, 0.200325
0.133750, 0.200616
0.133750, 0.200614
0.133750, 0.200607
0.133750, 0.200591
0.133750, 0.200625
0.133750, 0.200588
0.133750, 0.200608
0.133750, 0.200595
0.133750, 0.200611
0.133750, 0.200609
0.133750, 0.200609
0.133750, 0.200607

====================================================================
Flow ID: 190 | Shape: (30, 2)
Features: [Size/1600, IAT/0.1]
--------------------------------------------------------------------
0.133750, 0.000000
0.133750, 0.200515
0.133750, 0.200600
0.133750, 0.200608
0.133750, 0.200605
0.133750, 0.200609
0.133750, 0.200605
0.133750, 0.200618
0.133750, 0.200612
0.133750, 0.200608
0.133750, 0.200617
0.133750, 0.200613
0.133750, 0.200622
0.133750, 0.200614
0.133750, 0.200599
0.133750, 0.200626
0.133750, 0.200539
0.133750, 0.200644
0.133750, 0.200612
0.133750, 0.200602
0.133750, 0.200638
0.133750, 0.200606
0.133750, 0.200664
0.133750, 0.200558
0.133750, 0.200638
0.133750, 0.200592
0.133750, 0.200621
0.133750, 0.200621
0.133750, 0.200633
0.133750, 0.200605

====================================================================
Flow ID: 191 | Shape: (30, 2)
Features: [Size/1600, IAT/0.1]
--------------------------------------------------------------------
0.133750, 0.000000
0.133750, 0.200628
0.133750, 0.200577
0.133750, 0.200633
0.133750, 0.200627
0.133750, 0.200603
0.133750, 0.200602
0.133750, 0.200868
0.133750, 0.200600
0.133750, 0.200609
0.133750, 0.200600
0.133750, 0.200674
0.133750, 0.200579
0.133750, 0.200624
0.133750, 0.200603
0.133750, 0.200621
0.133750, 0.200619
0.133750, 0.200631
0.133750, 0.200578
0.133750, 0.200589
0.133750, 0.200708
0.133750, 0.200508
0.133750, 0.200609
0.133750, 0.200862
0.133750, 0.200612
0.133750, 0.200614
0.133750, 0.200612
0.133750, 0.200621
0.133750, 0.200615
0.133750, 0.200619

====================================================================
Flow ID: 196 | Shape: (30, 2)
Features: [Size/1600, IAT/0.1]
--------------------------------------------------------------------
0.133750, 0.000000
0.133750, 0.200596
0.133750, 0.200595
0.133750, 0.200614
0.133750, 0.200604
0.133750, 0.200612
0.133750, 0.200597
0.133750, 0.200625
0.133750, 0.200605
0.133750, 0.200612
0.133750, 0.200599
0.133750, 0.200628
0.133750, 0.200599
0.133750, 0.200431
0.133750, 0.200598
0.133750, 0.200612
0.133750, 0.200604
0.133750, 0.200510
0.133750, 0.200704
0.133750, 0.200610
0.133750, 0.200607
0.133750, 0.200603
0.133750, 0.200594
0.133750, 0.200618
0.133750, 0.200603
0.133750, 0.200603
0.133750, 0.200672
0.133750, 0.200535
0.133750, 0.200615
0.133750, 0.200602

====================================================================
Flow ID: 198 | Shape: (30, 2)
Features: [Size/1600, IAT/0.1]
--------------------------------------------------------------------
0.133750, 0.000000
0.133750, 0.200588
0.133750, 0.201151
0.133750, 0.200126
0.133750, 0.200550
0.133750, 0.200612
0.133750, 0.200613
0.133750, 0.200616
0.133750, 0.200608
0.133750, 0.200606
0.133750, 0.200634
0.133750, 0.200615
0.133750, 0.200629
0.133750, 0.200589
0.133750, 0.200601
0.133750, 0.200615
0.133750, 0.200620
0.133750, 0.200619
0.133750, 0.200618
0.133750, 0.200603
0.133750, 0.200608
0.133750, 0.200521
0.133750, 0.200313
0.133750, 0.200609
0.133750, 0.200615
0.133750, 0.200705
0.133750, 0.200597
0.133750, 0.200615
0.133750, 0.200612
0.133750, 0.200621

====================================================================
Flow ID: 199 | Shape: (30, 2)
Features: [Size/1600, IAT/0.1]
--------------------------------------------------------------------
0.133750, 0.000000
0.133750, 0.200606
0.133750, 0.200614
0.133750, 0.200606
0.133750, 0.200589
0.133750, 0.200607
0.133750, 0.200625
0.133750, 0.200580
0.133750, 0.200599
0.133750, 0.200623
0.133750, 0.200616
0.133750, 0.200595
0.133750, 0.200602
0.133750, 0.200613
0.133750, 0.200602
0.133750, 0.200597
0.133750, 0.200601
0.133750, 0.200605
0.133750, 0.200817
0.133750, 0.200401
0.133750, 0.200593
0.133750, 0.200617
0.133750, 0.200604
0.133750, 0.200621
0.133750, 0.200610
0.133750, 0.200625
0.133750, 0.200602
0.133750, 0.200628
0.133750, 0.200303
0.133750, 0.200578

====================================================================
Flow ID: 200 | Shape: (30, 2)
Features: [Size/1600, IAT/0.1]
--------------------------------------------------------------------
0.133750, 0.000000
0.133750, 0.200608
0.133750, 0.200605
0.133750, 0.200600
0.133750, 0.200616
0.133750, 0.200622
0.133750, 0.200595
0.133750, 0.200603
0.133750, 0.200612
0.133750, 0.200594
0.133750, 0.200620
0.133750, 0.200611
0.133750, 0.200599
0.133750, 0.200624
0.133750, 0.200465
0.133750, 0.200964
0.133750, 0.200211
0.133750, 0.200614
0.133750, 0.200582
0.133750, 0.200621
0.133750, 0.200624
0.133750, 0.200711
0.133750, 0.200504
0.133750, 0.200607
0.133750, 0.200618
0.133750, 0.200588
0.133750, 0.200609
0.133750, 0.200620
0.133750, 0.200597
0.133750, 0.200594

====================================================================
Flow ID: 201 | Shape: (30, 2)
Features: [Size/1600, IAT/0.1]
--------------------------------------------------------------------
0.133750, 0.000000
0.133750, 0.200591
0.133750, 0.200595
0.133750, 0.200637
0.133750, 0.200589
0.133750, 0.200613
0.133750, 0.200605
0.133750, 0.200600
0.133750, 0.200619
0.133750, 0.200583
0.133750, 0.200591
0.133750, 0.200603
0.133750, 0.200495
0.133750, 0.200793
0.133750, 0.200493
0.133750, 0.200602
0.133750, 0.200588
0.133750, 0.200607
0.133750, 0.200601
0.133750, 0.200635
0.133750, 0.200606
0.133750, 0.200623
0.133750, 0.200870
0.133750, 0.200616
0.133750, 0.200601
0.133750, 0.200608
0.133750, 0.200634
0.133750, 0.200582
0.133750, 0.200602
0.133750, 0.200615

====================================================================
Flow ID: 202 | Shape: (30, 2)
Features: [Size/1600, IAT/0.1]
--------------------------------------------------------------------
0.133750, 0.000000
0.133750, 0.200579
0.133750, 0.200623
0.133750, 0.200594
0.133750, 0.200613
0.133750, 0.200647
0.133750, 0.200576
0.133750, 0.200627
0.133750, 0.200485
0.133750, 0.200693
0.133750, 0.200607
0.133750, 0.200874
0.133750, 0.200334
0.133750, 0.200612
0.133750, 0.200614
0.133750, 0.200623
0.133750, 0.200585
0.133750, 0.200612
0.133750, 0.200634
0.133750, 0.200600
0.133750, 0.200624
0.133750, 0.200613
0.133750, 0.200604
0.133750, 0.200594
0.133750, 0.200619
0.133750, 0.200625
0.133750, 0.200615
0.133750, 0.200957
0.133750, 0.200230
0.133750, 0.200604

====================================================================
Flow ID: 206 | Shape: (30, 2)
Features: [Size/1600, IAT/0.1]
--------------------------------------------------------------------
0.133750, 0.000000
0.133750, 0.200659
0.133750, 0.200551
0.133750, 0.200634
0.133750, 0.200597
0.133750, 0.200618
0.133750, 0.200244
0.133750, 0.200612
0.133750, 0.200624
0.133750, 0.200616
0.133750, 0.200605
0.133750, 0.200643
0.133750, 0.200715
0.133750, 0.200508
0.133750, 0.200594
0.133750, 0.200613
0.133750, 0.200628
0.133750, 0.200614
0.133750, 0.200668
0.133750, 0.200543
0.133750, 0.200666
0.133750, 0.200612
0.133750, 0.200614
0.133750, 0.200654
0.133750, 0.200637
0.133750, 0.200643
0.133750, 0.200586
0.133750, 0.200601
0.133750, 0.200619
0.133750, 0.200614

====================================================================
Flow ID: 212 | Shape: (30, 2)
Features: [Size/1600, IAT/0.1]
--------------------------------------------------------------------
0.133750, 0.000000
0.133750, 0.200524
0.133750, 0.200663
0.133750, 0.200618
0.133750, 0.200631
0.133750, 0.200595
0.133750, 0.200644
0.133750, 0.200281
0.133750, 0.200640
0.133750, 0.200589
0.133750, 0.200611
0.133750, 0.200617
0.133750, 0.200627
0.133750, 0.200615
0.133750, 0.200622
0.133750, 0.200611
0.133750, 0.200624
0.133750, 0.200636
0.133750, 0.200595
0.133750, 0.200607
0.133750, 0.200613
0.133750, 0.200629
0.133750, 0.200623
0.133750, 0.200888
0.133750, 0.200662
0.133750, 0.200620
0.133750, 0.200614
0.133750, 0.200608
0.133750, 0.200631
0.133750, 0.200625

====================================================================
Flow ID: 215 | Shape: (30, 2)
Features: [Size/1600, IAT/0.1]
--------------------------------------------------------------------
0.133750, 0.000000
0.133750, 0.200609
0.133750, 0.200600
0.133750, 0.200363
0.133750, 0.200602
0.133750, 0.200587
0.133750, 0.200612
0.133750, 0.200606
0.133750, 0.200606
0.133750, 0.200605
0.133750, 0.200654
0.133750, 0.200470
0.133750, 0.200634
0.133750, 0.200626
0.133750, 0.200621
0.133750, 0.200623
0.133750, 0.200602
0.133750, 0.200603
0.133750, 0.200631
0.133750, 0.200637
0.133750, 0.200626
0.133750, 0.200769
0.133750, 0.200603
0.133750, 0.200644
0.133750, 0.200629
0.133750, 0.200624
0.133750, 0.200608
0.133750, 0.200614
0.133750, 0.200617
0.133750, 0.200619

====================================================================
Flow ID: 217 | Shape: (30, 2)
Features: [Size/1600, IAT/0.1]
--------------------------------------------------------------------
0.133750, 0.000000
0.133750, 0.200602
0.133750, 0.200599
0.133750, 0.200655
0.133750, 0.200602
0.133750, 0.200600
0.133750, 0.200711
0.133750, 0.200500
0.133750, 0.200609
0.133750, 0.200602
0.133750, 0.200590
0.133750, 0.200609
0.133750, 0.200612
0.133750, 0.200597
0.133750, 0.200613
0.133750, 0.200619
0.133750, 0.200611
0.133750, 0.200607
0.133750, 0.200600
0.133750, 0.200603
0.133750, 0.200608
0.133750, 0.200605
0.133750, 0.200619
0.133750, 0.200628
0.133750, 0.200601
0.133750, 0.200596
0.133750, 0.200610
0.133750, 0.200613
0.133750, 0.200603
0.133750, 0.200637

====================================================================
Flow ID: 218 | Shape: (30, 2)
Features: [Size/1600, IAT/0.1]
--------------------------------------------------------------------
0.133750, 0.000000
0.133750, 0.200608
0.133750, 0.200623
0.133750, 0.200613
0.133750, 0.200593
0.133750, 0.200609
0.133750, 0.200617
0.133750, 0.200645
0.133750, 0.200589
0.133750, 0.200604
0.133750, 0.200615
0.133750, 0.200618
0.133750, 0.200623
0.133750, 0.200604
0.133750, 0.200616
0.133750, 0.200615
0.133750, 0.200614
0.133750, 0.200624
0.133750, 0.200607
0.133750, 0.200627
0.133750, 0.200713
0.133750, 0.200423
0.133750, 0.200685
0.133750, 0.200588
0.133750, 0.200602
0.133750, 0.200601
0.133750, 0.200639
0.133750, 0.200666
0.133750, 0.200559
0.133750, 0.200616

====================================================================
Flow ID: 220 | Shape: (30, 2)
Features: [Size/1600, IAT/0.1]
--------------------------------------------------------------------
0.133750, 0.000000
0.133750, 0.200611
0.133750, 0.200589
0.133750, 0.200652
0.133750, 0.200602
0.133750, 0.200592
0.133750, 0.200621
0.133750, 0.200605
0.133750, 0.200608
0.133750, 0.200616
0.133750, 0.200600
0.133750, 0.200606
0.133750, 0.200601
0.133750, 0.200535
0.133750, 0.200633
0.133750, 0.200629
0.133750, 0.200585
0.133750, 0.200604
0.133750, 0.200604
0.133750, 0.200609
0.133750, 0.200604
0.133750, 0.200687
0.133750, 0.200533
0.133750, 0.200619
0.133750, 0.200641
0.133750, 0.200618
0.133750, 0.200600
0.133750, 0.200635
0.133750, 0.200626
0.133750, 0.200593

====================================================================
Flow ID: 223 | Shape: (30, 2)
Features: [Size/1600, IAT/0.1]
--------------------------------------------------------------------
0.133750, 0.000000
0.133750, 0.200740
0.133750, 0.200428
0.133750, 0.200598
0.133750, 0.200612
0.133750, 0.200618
0.133750, 0.200618
0.133750, 0.200599
0.133750, 0.200618
0.133750, 0.200630
0.133750, 0.200622
0.133750, 0.200610
0.133750, 0.200626
0.133750, 0.200598
0.133750, 0.200609
0.133750, 0.200626
0.133750, 0.200781
0.133750, 0.200608
0.133750, 0.200621
0.133750, 0.200611
0.133750, 0.200612
0.133750, 0.200601
0.133750, 0.200619
0.133750, 0.200624
0.133750, 0.200605
0.133750, 0.200607
0.133750, 0.200608
0.133750, 0.200590
0.133750, 0.200631
0.133750, 0.200605

====================================================================
Flow ID: 224 | Shape: (30, 2)
Features: [Size/1600, IAT/0.1]
--------------------------------------------------------------------
0.133750, 0.000000
0.133750, 0.200595
0.133750, 0.200607
0.133750, 0.200622
0.133750, 0.200602
0.133750, 0.200604
0.133750, 0.200674
0.133750, 0.200547
0.133750, 0.200595
0.133750, 0.200597
0.133750, 0.200670
0.133750, 0.200538
0.133750, 0.200636
0.133750, 0.200632
0.133750, 0.200608
0.133750, 0.200637
0.133750, 0.200584
0.133750, 0.200610
0.133750, 0.200619
0.133750, 0.200597
0.133750, 0.200614
0.133750, 0.200619
0.133750, 0.200571
0.133750, 0.200604
0.133750, 0.200608
0.133750, 0.200600
0.133750, 0.200614
0.133750, 0.200599
0.133750, 0.200632
0.133750, 0.200604

====================================================================
Flow ID: 227 | Shape: (30, 2)
Features: [Size/1600, IAT/0.1]
--------------------------------------------------------------------
0.133750, 0.000000
0.133750, 0.200614
0.133750, 0.200656
0.133750, 0.200627
0.133750, 0.200845
0.133750, 0.200414
0.133750, 0.200618
0.133750, 0.200613
0.133750, 0.200629
0.133750, 0.200601
0.133750, 0.200602
0.133750, 0.200599
0.133750, 0.200656
0.133750, 0.200572
0.133750, 0.200604
0.133750, 0.200627
0.133750, 0.200611
0.133750, 0.200610
0.133750, 0.200611
0.133750, 0.200618
0.133750, 0.200603
0.133750, 0.200662
0.133750, 0.200578
0.133750, 0.200638
0.133750, 0.200609
0.133750, 0.200625
0.133750, 0.200600
0.133750, 0.200631
0.133750, 0.200797
0.133750, 0.200414

====================================================================
Flow ID: 232 | Shape: (30, 2)
Features: [Size/1600, IAT/0.1]
--------------------------------------------------------------------
0.133750, 0.000000
0.133750, 0.200616
0.133750, 0.200616
0.133750, 0.200614
0.133750, 0.200616
0.133750, 0.200631
0.133750, 0.200619
0.133750, 0.200631
0.133750, 0.200673
0.133750, 0.200897
0.133750, 0.200324
0.133750, 0.200647
0.133750, 0.200616
0.133750, 0.200596
0.133750, 0.200638
0.133750, 0.200629
0.133750, 0.200588
0.133750, 0.200939
0.133750, 0.200297
0.133750, 0.200614
0.133750, 0.200633
0.133750, 0.200612
0.133750, 0.200604
0.133750, 0.200600
0.133750, 0.200618
0.133750, 0.200679
0.133750, 0.200523
0.133750, 0.200696
0.133750, 0.200632
0.133750, 0.200613

====================================================================
Flow ID: 233 | Shape: (30, 2)
Features: [Size/1600, IAT/0.1]
--------------------------------------------------------------------
0.133750, 0.000000
0.133750, 0.200269
0.133750, 0.200612
0.133750, 0.200599
0.133750, 0.200615
0.133750, 0.200633
0.133750, 0.200604
0.133750, 0.200620
0.133750, 0.200625
0.133750, 0.200629
0.133750, 0.200584
0.133750, 0.200628
0.133750, 0.200604
0.133750, 0.200647
0.133750, 0.200594
0.133750, 0.200618
0.133750, 0.200615
0.133750, 0.200633
0.133750, 0.200640
0.133750, 0.200589
0.133750, 0.200641
0.133750, 0.200654
0.133750, 0.200631
0.133750, 0.200609
0.133750, 0.200635
0.133750, 0.200607
0.133750, 0.200626
0.133750, 0.200613
0.133750, 0.200619
0.133750, 0.200670

====================================================================
Flow ID: 236 | Shape: (30, 2)
Features: [Size/1600, IAT/0.1]
--------------------------------------------------------------------
0.133750, 0.000000
0.133750, 0.200595
0.133750, 0.200608
0.133750, 0.200599
0.133750, 0.200608
0.133750, 0.200606
0.133750, 0.200614
0.133750, 0.200611
0.133750, 0.200644
0.133750, 0.200587
0.133750, 0.200614
0.133750, 0.200602
0.133750, 0.200621
0.133750, 0.200605
0.133750, 0.200624
0.133750, 0.200606
0.133750, 0.200649
0.133750, 0.200612
0.133750, 0.200595
0.133750, 0.200603
0.133750, 0.200626
0.133750, 0.200625
0.133750, 0.200626
0.133750, 0.200599
0.133750, 0.200623
0.133750, 0.200618
0.133750, 0.200611
0.133750, 0.200593
0.133750, 0.200640
0.133750, 0.200599

====================================================================
Flow ID: 237 | Shape: (30, 2)
Features: [Size/1600, IAT/0.1]
--------------------------------------------------------------------
0.133750, 0.000000
0.133750, 0.200596
0.133750, 0.200618
0.133750, 0.200611
0.133750, 0.200630
0.133750, 0.200598
0.133750, 0.200633
0.133750, 0.200898
0.133750, 0.200644
0.133750, 0.200619
0.133750, 0.200643
0.133750, 0.200604
0.133750, 0.200624
0.133750, 0.200617
0.133750, 0.200636
0.133750, 0.200603
0.133750, 0.200624
0.133750, 0.200598
0.133750, 0.200645
0.133750, 0.200588
0.133750, 0.200618
0.133750, 0.201004
0.133750, 0.200284
0.133750, 0.200466
0.133750, 0.200668
0.133750, 0.200609
0.133750, 0.200604
0.133750, 0.200598
0.133750, 0.200618
0.133750, 0.200637

====================================================================
Flow ID: 240 | Shape: (30, 2)
Features: [Size/1600, IAT/0.1]
--------------------------------------------------------------------
0.133750, 0.000000
0.133750, 0.200555
0.133750, 0.200632
0.133750, 0.200587
0.133750, 0.200629
0.133750, 0.200626
0.133750, 0.200759
0.133750, 0.200476
0.133750, 0.200645
0.133750, 0.200625
0.133750, 0.200630
0.133750, 0.200595
0.133750, 0.200588
0.133750, 0.200617
0.133750, 0.200614
0.133750, 0.200600
0.133750, 0.200599
0.133750, 0.200621
0.133750, 0.200919
0.133750, 0.200597
0.133750, 0.200599
0.133750, 0.200607
0.133750, 0.200608
0.133750, 0.200599
0.133750, 0.200631
0.133750, 0.200620
0.133750, 0.200585
0.133750, 0.200958
0.133750, 0.200266
0.133750, 0.200621

====================================================================
Flow ID: 243 | Shape: (30, 2)
Features: [Size/1600, IAT/0.1]
--------------------------------------------------------------------
0.133750, 0.000000
0.133750, 0.200596
0.133750, 0.200624
0.133750, 0.200597
0.133750, 0.200620
0.133750, 0.200624
0.133750, 0.200619
0.133750, 0.200608
0.133750, 0.200631
0.133750, 0.200618
0.133750, 0.200600
0.133750, 0.200935
0.133750, 0.200618
0.133750, 0.200631
0.133750, 0.200613
0.133750, 0.200603
0.133750, 0.200641
0.133750, 0.200616
0.133750, 0.200596
0.133750, 0.200609
0.133750, 0.200614
0.133750, 0.200655
0.133750, 0.200576
0.133750, 0.200603
0.133750, 0.200624
0.133750, 0.200754
0.133750, 0.200474
0.133750, 0.200531
0.133750, 0.200634
0.133750, 0.200603

====================================================================
Flow ID: 246 | Shape: (30, 2)
Features: [Size/1600, IAT/0.1]
--------------------------------------------------------------------
0.133750, 0.000000
0.133750, 0.200591
0.133750, 0.200610
0.133750, 0.200619
0.133750, 0.200618
0.133750, 0.200627
0.133750, 0.200358
0.133750, 0.200601
0.133750, 0.200697
0.133750, 0.200530
0.133750, 0.200619
0.133750, 0.200626
0.133750, 0.200630
0.133750, 0.200621
0.133750, 0.200613
0.133750, 0.200642
0.133750, 0.200623
0.133750, 0.200615
0.133750, 0.200636
0.133750, 0.200599
0.133750, 0.200655
0.133750, 0.200595
0.133750, 0.200608
0.133750, 0.200675
0.133750, 0.200828
0.133750, 0.200332
0.133750, 0.200625
0.133750, 0.200617
0.133750, 0.200528
0.133750, 0.200617

====================================================================
Flow ID: 248 | Shape: (30, 2)
Features: [Size/1600, IAT/0.1]
--------------------------------------------------------------------
0.133750, 0.000000
0.133750, 0.200584
0.133750, 0.200636
0.133750, 0.200610
0.133750, 0.200645
0.133750, 0.200616
0.133750, 0.200622
0.133750, 0.200611
0.133750, 0.200634
0.133750, 0.200604
0.133750, 0.200621
0.133750, 0.200628
0.133750, 0.200603
0.133750, 0.200627
0.133750, 0.200618
0.133750, 0.200586
0.133750, 0.200630
0.133750, 0.200472
0.133750, 0.200623
0.133750, 0.200619
0.133750, 0.200616
0.133750, 0.200643
0.133750, 0.200588
0.133750, 0.200626
0.133750, 0.200602
0.133750, 0.200610
0.133750, 0.200623
0.133750, 0.200616
0.133750, 0.200610
0.133750, 0.200611

====================================================================
Flow ID: 251 | Shape: (30, 2)
Features: [Size/1600, IAT/0.1]
--------------------------------------------------------------------
0.133750, 0.000000
0.133750, 0.200617
0.133750, 0.200400
0.133750, 0.200598
0.133750, 0.200621
0.133750, 0.200630
0.133750, 0.200588
0.133750, 0.200609
0.133750, 0.200614
0.133750, 0.200635
0.133750, 0.200605
0.133750, 0.200635
0.133750, 0.200625
0.133750, 0.200637
0.133750, 0.200610
0.133750, 0.200599
0.133750, 0.200642
0.133750, 0.200609
0.133750, 0.200857
0.133750, 0.200631
0.133750, 0.200611
0.133750, 0.200605
0.133750, 0.200611
0.133750, 0.200641
0.133750, 0.200630
0.133750, 0.200612
0.133750, 0.200608
0.133750, 0.200593
0.133750, 0.200606
0.133750, 0.200630

====================================================================
Flow ID: 129 | Shape: (30, 2)
Features: [Size/1600, IAT/0.1]
--------------------------------------------------------------------
0.133750, 0.000000
0.133750, 0.200484
0.133750, 0.200622
0.133750, 0.200613
0.133750, 0.200611
0.133750, 0.200600
0.133750, 0.200620
0.133750, 0.200661
0.133750, 0.200621
0.133750, 0.200559
0.133750, 0.200609
0.133750, 0.200631
0.133750, 0.200609
0.133750, 0.200595
0.133750, 0.200650
0.133750, 0.200591
0.133750, 0.200628
0.133750, 0.200604
0.133750, 0.200640
0.133750, 0.200597
0.133750, 0.200616
0.133750, 0.200608
0.133750, 0.200628
0.133750, 0.200599
0.133750, 0.200615
0.133750, 0.200588
0.133750, 0.200601
0.133750, 0.200656
0.133750, 0.200592
0.133750, 0.200589

====================================================================
Flow ID: 132 | Shape: (30, 2)
Features: [Size/1600, IAT/0.1]
--------------------------------------------------------------------
0.133750, 0.000000
0.133750, 0.200579
0.133750, 0.200614
0.133750, 0.200624
0.133750, 0.200601
0.133750, 0.200602
0.133750, 0.200613
0.133750, 0.200611
0.133750, 0.200634
0.133750, 0.200596
0.133750, 0.200631
0.133750, 0.200602
0.133750, 0.200612
0.133750, 0.200597
0.133750, 0.200623
0.133750, 0.200599
0.133750, 0.200624
0.133750, 0.200561
0.133750, 0.200288
0.133750, 0.200622
0.133750, 0.200632
0.133750, 0.200622
0.133750, 0.200573
0.133750, 0.200618
0.133750, 0.200593
0.133750, 0.200635
0.133750, 0.200591
0.133750, 0.200631
0.133750, 0.200609
0.133750, 0.200620

====================================================================
Flow ID: 134 | Shape: (30, 2)
Features: [Size/1600, IAT/0.1]
--------------------------------------------------------------------
0.133750, 0.000000
0.133750, 0.200626
0.133750, 0.200603
0.133750, 0.200627
0.133750, 0.200613
0.133750, 0.200625
0.133750, 0.200618
0.133750, 0.200609
0.133750, 0.200613
0.133750, 0.200618
0.133750, 0.200607
0.133750, 0.200593
0.133750, 0.200616
0.133750, 0.200645
0.133750, 0.200594
0.133750, 0.200703
0.133750, 0.200540
0.133750, 0.200628
0.133750, 0.200628
0.133750, 0.200598
0.133750, 0.200620
0.133750, 0.200634
0.133750, 0.200623
0.133750, 0.200599
0.133750, 0.200597
0.133750, 0.200625
0.133750, 0.200604
0.133750, 0.200598
0.133750, 0.200618
0.133750, 0.200626

====================================================================
Flow ID: 136 | Shape: (30, 2)
Features: [Size/1600, IAT/0.1]
--------------------------------------------------------------------
0.133750, 0.000000
0.133750, 0.200642
0.133750, 0.200536
0.133750, 0.200659
0.133750, 0.200593
0.133750, 0.200614
0.133750, 0.200624
0.133750, 0.200591
0.133750, 0.200625
0.133750, 0.200602
0.133750, 0.200607
0.133750, 0.200571
0.133750, 0.200622
0.133750, 0.200510
0.133750, 0.200367
0.133750, 0.200603
0.133750, 0.200624
0.133750, 0.200614
0.133750, 0.200663
0.133750, 0.200569
0.133750, 0.200643
0.133750, 0.200647
0.133750, 0.200613
0.133750, 0.200625
0.133750, 0.200604
0.133750, 0.200598
0.133750, 0.200612
0.133750, 0.200608
0.133750, 0.200611
0.133750, 0.200609

====================================================================
Flow ID: 144 | Shape: (30, 2)
Features: [Size/1600, IAT/0.1]
--------------------------------------------------------------------
0.133750, 0.000000
0.133750, 0.200590
0.133750, 0.200733
0.133750, 0.200468
0.133750, 0.200613
0.133750, 0.200599
0.133750, 0.200618
0.133750, 0.200611
0.133750, 0.200653
0.133750, 0.200576
0.133750, 0.200627
0.133750, 0.200597
0.133750, 0.200645
0.133750, 0.200726
0.133750, 0.200352
0.133750, 0.200568
0.133750, 0.200619
0.133750, 0.200629
0.133750, 0.200606
0.133750, 0.200598
0.133750, 0.200620
0.133750, 0.200718
0.133750, 0.200559
0.133750, 0.200590
0.133750, 0.200597
0.133750, 0.200638
0.133750, 0.200609
0.133750, 0.200592
0.133750, 0.200589
0.133750, 0.200587

====================================================================
Flow ID: 145 | Shape: (30, 2)
Features: [Size/1600, IAT/0.1]
--------------------------------------------------------------------
0.133750, 0.000000
0.133750, 0.200631
0.133750, 0.200653
0.133750, 0.200602
0.133750, 0.200631
0.133750, 0.200627
0.133750, 0.200605
0.133750, 0.200677
0.133750, 0.200566
0.133750, 0.200638
0.133750, 0.200604
0.133750, 0.200615
0.133750, 0.200496
0.133750, 0.200873
0.133750, 0.200172
0.133750, 0.200602
0.133750, 0.200618
0.133750, 0.200605
0.133750, 0.200604
0.133750, 0.200632
0.133750, 0.200846
0.133750, 0.200386
0.133750, 0.200654
0.133750, 0.200570
0.133750, 0.200601
0.133750, 0.200605
0.133750, 0.200485
0.133750, 0.200605
0.133750, 0.200586
0.133750, 0.200495

====================================================================
Flow ID: 147 | Shape: (30, 2)
Features: [Size/1600, IAT/0.1]
--------------------------------------------------------------------
0.133750, 0.000000
0.133750, 0.200613
0.133750, 0.200622
0.133750, 0.200706
0.133750, 0.200498
0.133750, 0.200618
0.133750, 0.200606
0.133750, 0.200621
0.133750, 0.200611
0.133750, 0.200707
0.133750, 0.200565
0.133750, 0.200631
0.133750, 0.200646
0.133750, 0.200635
0.133750, 0.200637
0.133750, 0.200619
0.133750, 0.200613
0.133750, 0.200639
0.133750, 0.200596
0.133750, 0.200630
0.133750, 0.200620
0.133750, 0.200620
0.133750, 0.200605
0.133750, 0.200641
0.133750, 0.200638
0.133750, 0.200884
0.133750, 0.199881
0.133750, 0.200603
0.133750, 0.200619
0.133750, 0.200626

====================================================================
Flow ID: 148 | Shape: (30, 2)
Features: [Size/1600, IAT/0.1]
--------------------------------------------------------------------
0.133750, 0.000000
0.133750, 0.200606
0.133750, 0.200584
0.133750, 0.200607
0.133750, 0.200617
0.133750, 0.200624
0.133750, 0.200612
0.133750, 0.200562
0.133750, 0.200347
0.133750, 0.200622
0.133750, 0.200635
0.133750, 0.200621
0.133750, 0.200637
0.133750, 0.200613
0.133750, 0.200623
0.133750, 0.200614
0.133750, 0.200602
0.133750, 0.200622
0.133750, 0.200622
0.133750, 0.200625
0.133750, 0.200604
0.133750, 0.200638
0.133750, 0.200621
0.133750, 0.200613
0.133750, 0.200616
0.133750, 0.200635
0.133750, 0.200578
0.133750, 0.200618
0.133750, 0.200675
0.133750, 0.200571

====================================================================
Flow ID: 150 | Shape: (30, 2)
Features: [Size/1600, IAT/0.1]
--------------------------------------------------------------------
0.133750, 0.000000
0.133750, 0.200589
0.133750, 0.200687
0.133750, 0.200583
0.133750, 0.200621
0.133750, 0.200610
0.133750, 0.200602
0.133750, 0.200600
0.133750, 0.200621
0.133750, 0.200599
0.133750, 0.200659
0.133750, 0.200638
0.133750, 0.200581
0.133750, 0.200631
0.133750, 0.200915
0.133750, 0.200291
0.133750, 0.200605
0.133750, 0.200602
0.133750, 0.201040
0.133750, 0.200462
0.133750, 0.200615
0.133750, 0.200601
0.133750, 0.200620
0.133750, 0.200589
0.133750, 0.200597
0.133750, 0.200611
0.133750, 0.200623
0.133750, 0.200592
0.133750, 0.200632
0.133750, 0.200598

====================================================================
Flow ID: 151 | Shape: (30, 2)
Features: [Size/1600, IAT/0.1]
--------------------------------------------------------------------
0.133750, 0.000000
0.133750, 0.200676
0.133750, 0.200578
0.133750, 0.200613
0.133750, 0.200607
0.133750, 0.200615
0.133750, 0.200596
0.133750, 0.200623
0.133750, 0.200591
0.133750, 0.200618
0.133750, 0.200618
0.133750, 0.200602
0.133750, 0.200604
0.133750, 0.200601
0.133750, 0.200601
0.133750, 0.200608
0.133750, 0.200685
0.133750, 0.200625
0.133750, 0.200587
0.133750, 0.200619
0.133750, 0.200640
0.133750, 0.200616
0.133750, 0.200613
0.133750, 0.200443
0.133750, 0.200740
0.133750, 0.200619
0.133750, 0.200613
0.133750, 0.200623
0.133750, 0.200623
0.133750, 0.200650

====================================================================
Flow ID: 152 | Shape: (30, 2)
Features: [Size/1600, IAT/0.1]
--------------------------------------------------------------------
0.133750, 0.000000
0.133750, 0.200423
0.133750, 0.200601
0.133750, 0.200592
0.133750, 0.200636
0.133750, 0.200686
0.133750, 0.200643
0.133750, 0.200408
0.133750, 0.200618
0.133750, 0.200629
0.133750, 0.200582
0.133750, 0.200626
0.133750, 0.200582
0.133750, 0.200607
0.133750, 0.200603
0.133750, 0.200613
0.133750, 0.200606
0.133750, 0.200633
0.133750, 0.200585
0.133750, 0.200623
0.133750, 0.200917
0.133750, 0.200627
0.133750, 0.200607
0.133750, 0.200622
0.133750, 0.200610
0.133750, 0.200654
0.133750, 0.200242
0.133750, 0.200606
0.133750, 0.200621
0.133750, 0.200625

====================================================================
Flow ID: 153 | Shape: (30, 2)
Features: [Size/1600, IAT/0.1]
--------------------------------------------------------------------
0.133750, 0.000000
0.133750, 0.200622
0.133750, 0.200601
0.133750, 0.200590
0.133750, 0.200607
0.133750, 0.200633
0.133750, 0.200610
0.133750, 0.200606
0.133750, 0.200690
0.133750, 0.200732
0.133750, 0.200411
0.133750, 0.200611
0.133750, 0.200619
0.133750, 0.200619
0.133750, 0.200582
0.133750, 0.200681
0.133750, 0.200512
0.133750, 0.200627
0.133750, 0.200608
0.133750, 0.200601
0.133750, 0.200615
0.133750, 0.200607
0.133750, 0.200636
0.133750, 0.200601
0.133750, 0.200639
0.133750, 0.200615
0.133750, 0.200651
0.133750, 0.200170
0.133750, 0.200611
0.133750, 0.200672

====================================================================
Flow ID: 155 | Shape: (30, 2)
Features: [Size/1600, IAT/0.1]
--------------------------------------------------------------------
0.133750, 0.000000
0.133750, 0.200629
0.133750, 0.200607
0.133750, 0.200616
0.133750, 0.200641
0.133750, 0.200708
0.133750, 0.200510
0.133750, 0.200634
0.133750, 0.200618
0.133750, 0.200588
0.133750, 0.200595
0.133750, 0.200627
0.133750, 0.200622
0.133750, 0.200624
0.133750, 0.200605
0.133750, 0.200607
0.133750, 0.200622
0.133750, 0.200596
0.133750, 0.200596
0.133750, 0.200608
0.133750, 0.200657
0.133750, 0.200604
0.133750, 0.200584
0.133750, 0.200732
0.133750, 0.200530
0.133750, 0.200613
0.133750, 0.200596
0.133750, 0.200625
0.133750, 0.200610
0.133750, 0.200621

====================================================================
Flow ID: 159 | Shape: (30, 2)
Features: [Size/1600, IAT/0.1]
--------------------------------------------------------------------
0.133750, 0.000000
0.133750, 0.200609
0.133750, 0.200878
0.133750, 0.200391
0.133750, 0.200589
0.133750, 0.200637
0.133750, 0.200668
0.133750, 0.200549
0.133750, 0.200605
0.133750, 0.200623
0.133750, 0.200621
0.133750, 0.200610
0.133750, 0.200620
0.133750, 0.200706
0.133750, 0.200549
0.133750, 0.200642
0.133750, 0.200646
0.133750, 0.200630
0.133750, 0.200593
0.133750, 0.200619
0.133750, 0.200620
0.133750, 0.200455
0.133750, 0.200698
0.133750, 0.200598
0.133750, 0.200603
0.133750, 0.200599
0.133750, 0.200607
0.133750, 0.200611
0.133750, 0.200663
0.133750, 0.200607

====================================================================
Flow ID: 160 | Shape: (30, 2)
Features: [Size/1600, IAT/0.1]
--------------------------------------------------------------------
0.133750, 0.000000
0.133750, 0.200614
0.133750, 0.200595
0.133750, 0.200613
0.133750, 0.200620
0.133750, 0.200634
0.133750, 0.200643
0.133750, 0.200577
0.133750, 0.200644
0.133750, 0.200596
0.133750, 0.200615
0.133750, 0.200623
0.133750, 0.200636
0.133750, 0.200623
0.133750, 0.200640
0.133750, 0.200584
0.133750, 0.200631
0.133750, 0.200619
0.133750, 0.200612
0.133750, 0.200612
0.133750, 0.200608
0.133750, 0.200614
0.133750, 0.200617
0.133750, 0.200595
0.133750, 0.200630
0.133750, 0.200637
0.133750, 0.200611
0.133750, 0.200610
0.133750, 0.200621
0.133750, 0.200610

====================================================================
Flow ID: 163 | Shape: (30, 2)
Features: [Size/1600, IAT/0.1]
--------------------------------------------------------------------
0.133750, 0.000000
0.133750, 0.200609
0.133750, 0.200617
0.133750, 0.200582
0.133750, 0.200617
0.133750, 0.200598
0.133750, 0.200638
0.133750, 0.200604
0.133750, 0.200617
0.133750, 0.200616
0.133750, 0.200602
0.133750, 0.200636
0.133750, 0.200617
0.133750, 0.200620
0.133750, 0.200615
0.133750, 0.200607
0.133750, 0.200627
0.133750, 0.200581
0.133750, 0.200605
0.133750, 0.200591
0.133750, 0.200651
0.133750, 0.200598
0.133750, 0.200602
0.133750, 0.200610
0.133750, 0.200620
0.133750, 0.200622
0.133750, 0.200601
0.133750, 0.200622
0.133750, 0.200601
0.133750, 0.200630

====================================================================
Flow ID: 165 | Shape: (30, 2)
Features: [Size/1600, IAT/0.1]
--------------------------------------------------------------------
0.133750, 0.000000
0.133750, 0.200608
0.133750, 0.200718
0.133750, 0.200538
0.133750, 0.200613
0.133750, 0.200614
0.133750, 0.200613
0.133750, 0.200654
0.133750, 0.200560
0.133750, 0.200633
0.133750, 0.200624
0.133750, 0.200617
0.133750, 0.200619
0.133750, 0.200630
0.133750, 0.200617
0.133750, 0.200616
0.133750, 0.200624
0.133750, 0.200608
0.133750, 0.200602
0.133750, 0.200601
0.133750, 0.200648
0.133750, 0.200617
0.133750, 0.200642
0.133750, 0.200596
0.133750, 0.200625
0.133750, 0.200814
0.133750, 0.200640
0.133750, 0.200637
0.133750, 0.200585
0.133750, 0.200603

====================================================================
Flow ID: 169 | Shape: (30, 2)
Features: [Size/1600, IAT/0.1]
--------------------------------------------------------------------
0.133750, 0.000000
0.133750, 0.200582
0.133750, 0.200693
0.133750, 0.200403
0.133750, 0.200580
0.133750, 0.200631
0.133750, 0.200607
0.133750, 0.200633
0.133750, 0.200609
0.133750, 0.200676
0.133750, 0.200606
0.133750, 0.200628
0.133750, 0.201551
0.133750, 0.200629
0.133750, 0.200595
0.133750, 0.200650
0.133750, 0.200634
0.133750, 0.200581
0.133750, 0.200649
0.133750, 0.200603
0.133750, 0.200630
0.133750, 0.200618
0.133750, 0.200630
0.133750, 0.200625
0.133750, 0.200621
0.133750, 0.200611
0.133750, 0.200611
0.133750, 0.200634
0.133750, 0.200594
0.133750, 0.200593

====================================================================
Flow ID: 170 | Shape: (30, 2)
Features: [Size/1600, IAT/0.1]
--------------------------------------------------------------------
0.133750, 0.000000
0.133750, 0.200623
0.133750, 0.200851
0.133750, 0.200370
0.133750, 0.200616
0.133750, 0.200617
0.133750, 0.200629
0.133750, 0.200621
0.133750, 0.200644
0.133750, 0.200624
0.133750, 0.200644
0.133750, 0.200584
0.133750, 0.200627
0.133750, 0.200765
0.133750, 0.200478
0.133750, 0.200625
0.133750, 0.200641
0.133750, 0.200634
0.133750, 0.200641
0.133750, 0.200588
0.133750, 0.200668
0.133750, 0.200662
0.133750, 0.200690
0.133750, 0.200649
0.133750, 0.200639
0.133750, 0.200642
0.133750, 0.200644
0.133750, 0.200627
0.133750, 0.200613
0.133750, 0.200638

====================================================================
Flow ID: 171 | Shape: (30, 2)
Features: [Size/1600, IAT/0.1]
--------------------------------------------------------------------
0.133750, 0.000000
0.133750, 0.200552
0.133750, 0.200619
0.133750, 0.200654
0.133750, 0.200590
0.133750, 0.200621
0.133750, 0.200609
0.133750, 0.200700
0.133750, 0.200530
0.133750, 0.200657
0.133750, 0.200619
0.133750, 0.200614
0.133750, 0.200643
0.133750, 0.200605
0.133750, 0.200605
0.133750, 0.200628
0.133750, 0.200607
0.133750, 0.200614
0.133750, 0.200615
0.133750, 0.200612
0.133750, 0.200617
0.133750, 0.200630
0.133750, 0.200582
0.133750, 0.200615
0.133750, 0.200634
0.133750, 0.200623
0.133750, 0.200622
0.133750, 0.200625
0.133750, 0.200611
0.133750, 0.200277

====================================================================
Flow ID: 175 | Shape: (30, 2)
Features: [Size/1600, IAT/0.1]
--------------------------------------------------------------------
0.133750, 0.000000
0.133750, 0.200573
0.133750, 0.200605
0.133750, 0.200619
0.133750, 0.200615
0.133750, 0.200593
0.133750, 0.200620
0.133750, 0.200651
0.133750, 0.200706
0.133750, 0.200976
0.133750, 0.200216
0.133750, 0.200616
0.133750, 0.200625
0.133750, 0.200646
0.133750, 0.200601
0.133750, 0.200620
0.133750, 0.200609
0.133750, 0.200601
0.133750, 0.200610
0.133750, 0.200626
0.133750, 0.200588
0.133750, 0.200617
0.133750, 0.200596
0.133750, 0.200646
0.133750, 0.200595
0.133750, 0.200631
0.133750, 0.200676
0.133750, 0.200545
0.133750, 0.200614
0.133750, 0.200603

====================================================================
Flow ID: 176 | Shape: (30, 2)
Features: [Size/1600, IAT/0.1]
--------------------------------------------------------------------
0.133750, 0.000000
0.133750, 0.200580
0.133750, 0.200593
0.133750, 0.200616
0.133750, 0.200623
0.133750, 0.200589
0.133750, 0.200588
0.133750, 0.200608
0.133750, 0.200621
0.133750, 0.200616
0.133750, 0.200584
0.133750, 0.200614
0.133750, 0.200628
0.133750, 0.200615
0.133750, 0.200614
0.133750, 0.200589
0.133750, 0.200626
0.133750, 0.200613
0.133750, 0.200602
0.133750, 0.200611
0.133750, 0.200612
0.133750, 0.200631
0.133750, 0.200589
0.133750, 0.200593
0.133750, 0.200623
0.133750, 0.200618
0.133750, 0.200605
0.133750, 0.200590
0.133750, 0.200601
0.133750, 0.200619

====================================================================
Flow ID: 179 | Shape: (30, 2)
Features: [Size/1600, IAT/0.1]
--------------------------------------------------------------------
0.133750, 0.000000
0.133750, 0.200637
0.133750, 0.200615
0.133750, 0.200649
0.133750, 0.200592
0.133750, 0.200608
0.133750, 0.200616
0.133750, 0.200644
0.133750, 0.200617
0.133750, 0.200610
0.133750, 0.200628
0.133750, 0.200627
0.133750, 0.200625
0.133750, 0.200615
0.133750, 0.200625
0.133750, 0.200598
0.133750, 0.200615
0.133750, 0.200667
0.133750, 0.200647
0.133750, 0.200682
0.133750, 0.200524
0.133750, 0.200642
0.133750, 0.200599
0.133750, 0.200609
0.133750, 0.200614
0.133750, 0.200617
0.133750, 0.200623
0.133750, 0.200652
0.133750, 0.200621
0.133750, 0.200640

====================================================================
Flow ID: 180 | Shape: (30, 2)
Features: [Size/1600, IAT/0.1]
--------------------------------------------------------------------
0.133750, 0.000000
0.133750, 0.200600
0.133750, 0.200604
0.133750, 0.200617
0.133750, 0.200642
0.133750, 0.200705
0.133750, 0.200493
0.133750, 0.200632
0.133750, 0.200603
0.133750, 0.200603
0.133750, 0.200629
0.133750, 0.200655
0.133750, 0.200590
0.133750, 0.200601
0.133750, 0.200588
0.133750, 0.200599
0.133750, 0.200711
0.133750, 0.200537
0.133750, 0.200592
0.133750, 0.200621
0.133750, 0.200601
0.133750, 0.200598
0.133750, 0.200649
0.133750, 0.200583
0.133750, 0.200614
0.133750, 0.200645
0.133750, 0.200581
0.133750, 0.200626
0.133750, 0.200617
0.133750, 0.200667

====================================================================
Flow ID: 182 | Shape: (30, 2)
Features: [Size/1600, IAT/0.1]
--------------------------------------------------------------------
0.133750, 0.000000
0.133750, 0.200749
0.133750, 0.200346
0.133750, 0.200593
0.133750, 0.200601
0.133750, 0.200662
0.133750, 0.200601
0.133750, 0.200601
0.133750, 0.200627
0.133750, 0.200625
0.133750, 0.200613
0.133750, 0.200578
0.133750, 0.200624
0.133750, 0.200617
0.133750, 0.200598
0.133750, 0.200610
0.133750, 0.200625
0.133750, 0.200576
0.133750, 0.200602
0.133750, 0.200599
0.133750, 0.200600
0.133750, 0.200607
0.133750, 0.200592
0.133750, 0.200613
0.133750, 0.200644
0.133750, 0.200625
0.133750, 0.200508
0.133750, 0.200515
0.133750, 0.200629
0.133750, 0.200597

====================================================================
Flow ID: 183 | Shape: (30, 2)
Features: [Size/1600, IAT/0.1]
--------------------------------------------------------------------
0.133750, 0.000000
0.133750, 0.200562
0.133750, 0.200602
0.133750, 0.200609
0.133750, 0.200601
0.133750, 0.200619
0.133750, 0.200610
0.133750, 0.200859
0.133750, 0.200377
0.133750, 0.200618
0.133750, 0.200593
0.133750, 0.200612
0.133750, 0.200616
0.133750, 0.200620
0.133750, 0.200607
0.133750, 0.200656
0.133750, 0.200596
0.133750, 0.200607
0.133750, 0.200609
0.133750, 0.200610
0.133750, 0.200603
0.133750, 0.200626
0.133750, 0.200610
0.133750, 0.200634
0.133750, 0.200593
0.133750, 0.200614
0.133750, 0.200610
0.133750, 0.200592
0.133750, 0.200618
0.133750, 0.200630

====================================================================
Flow ID: 185 | Shape: (30, 2)
Features: [Size/1600, IAT/0.1]
--------------------------------------------------------------------
0.133750, 0.000000
0.133750, 0.200586
0.133750, 0.201184
0.133750, 0.200364
0.133750, 0.200645
0.133750, 0.200624
0.133750, 0.200588
0.133750, 0.200567
0.133750, 0.200607
0.133750, 0.200648
0.133750, 0.200380
0.133750, 0.200587
0.133750, 0.200602
0.133750, 0.200611
0.133750, 0.200713
0.133750, 0.200491
0.133750, 0.200609
0.133750, 0.200609
0.133750, 0.200609
0.133750, 0.200623
0.133750, 0.200630
0.133750, 0.200629
0.133750, 0.200601
0.133750, 0.200603
0.133750, 0.200627
0.133750, 0.200623
0.133750, 0.200619
0.133750, 0.200616
0.133750, 0.200637
0.133750, 0.200633

====================================================================
Flow ID: 186 | Shape: (30, 2)
Features: [Size/1600, IAT/0.1]
--------------------------------------------------------------------
0.133750, 0.000000
0.133750, 0.200736
0.133750, 0.200510
0.133750, 0.200595
0.133750, 0.200636
0.133750, 0.200587
0.133750, 0.200610
0.133750, 0.200625
0.133750, 0.200625
0.133750, 0.200629
0.133750, 0.200680
0.133750, 0.200600
0.133750, 0.200645
0.133750, 0.200810
0.133750, 0.200557
0.133750, 0.200585
0.133750, 0.200629
0.133750, 0.200595
0.133750, 0.200640
0.133750, 0.200603
0.133750, 0.200726
0.133750, 0.200517
0.133750, 0.200664
0.133750, 0.200546
0.133750, 0.200632
0.133750, 0.200628
0.133750, 0.200631
0.133750, 0.200593
0.133750, 0.200467
0.133750, 0.200663

====================================================================
Flow ID: 187 | Shape: (30, 2)
Features: [Size/1600, IAT/0.1]
--------------------------------------------------------------------
0.133750, 0.000000
0.133750, 0.200597
0.133750, 0.200602
0.133750, 0.200625
0.133750, 0.200608
0.133750, 0.200611
0.133750, 0.200615
0.133750, 0.200615
0.133750, 0.200411
0.133750, 0.200675
0.133750, 0.200716
0.133750, 0.200503
0.133750, 0.200607
0.133750, 0.200620
0.133750, 0.200611
0.133750, 0.200603
0.133750, 0.200645
0.133750, 0.200623
0.133750, 0.200620
0.133750, 0.200597
0.133750, 0.200615
0.133750, 0.200625
0.133750, 0.200619
0.133750, 0.200589
0.133750, 0.200605
0.133750, 0.200680
0.133750, 0.200614
0.133750, 0.200600
0.133750, 0.200619
0.133750, 0.200596

====================================================================
Flow ID: 190 | Shape: (30, 2)
Features: [Size/1600, IAT/0.1]
--------------------------------------------------------------------
0.133750, 0.000000
0.133750, 0.200375
0.133750, 0.200639
0.133750, 0.200585
0.133750, 0.200606
0.133750, 0.200602
0.133750, 0.200604
0.133750, 0.200617
0.133750, 0.200620
0.133750, 0.200612
0.133750, 0.200608
0.133750, 0.200593
0.133750, 0.200642
0.133750, 0.200593
0.133750, 0.200662
0.133750, 0.200587
0.133750, 0.200621
0.133750, 0.200676
0.133750, 0.200556
0.133750, 0.200615
0.133750, 0.200611
0.133750, 0.200603
0.133750, 0.200628
0.133750, 0.200717
0.133750, 0.200527
0.133750, 0.200592
0.133750, 0.200611
0.133750, 0.200605
0.133750, 0.200624
0.133750, 0.200592

====================================================================
Flow ID: 191 | Shape: (30, 2)
Features: [Size/1600, IAT/0.1]
--------------------------------------------------------------------
0.133750, 0.000000
0.133750, 0.200610
0.133750, 0.200604
0.133750, 0.200702
0.133750, 0.200552
0.133750, 0.200616
0.133750, 0.200611
0.133750, 0.200648
0.133750, 0.200612
0.133750, 0.200610
0.133750, 0.200604
0.133750, 0.200663
0.133750, 0.200571
0.133750, 0.200623
0.133750, 0.200917
0.133750, 0.200659
0.133750, 0.200610
0.133750, 0.200630
0.133750, 0.200589
0.133750, 0.200625
0.133750, 0.200604
0.133750, 0.200622
0.133750, 0.200622
0.133750, 0.200603
0.133750, 0.200626
0.133750, 0.200653
0.133750, 0.200612
0.133750, 0.200628
0.133750, 0.200624
0.133750, 0.200598

====================================================================
Flow ID: 197 | Shape: (30, 2)
Features: [Size/1600, IAT/0.1]
--------------------------------------------------------------------
0.133750, 0.000000
0.133750, 0.200618
0.133750, 0.200590
0.133750, 0.200610
0.133750, 0.200601
0.133750, 0.200607
0.133750, 0.200615
0.133750, 0.200595
0.133750, 0.200592
0.133750, 0.200629
0.133750, 0.200601
0.133750, 0.200590
0.133750, 0.200611
0.133750, 0.200619
0.133750, 0.200630
0.133750, 0.200976
0.133750, 0.200346
0.133750, 0.200595
0.133750, 0.200612
0.133750, 0.200390
0.133750, 0.200615
0.133750, 0.200591
0.133750, 0.200606
0.133750, 0.200602
0.133750, 0.200621
0.133750, 0.200765
0.133750, 0.200442
0.133750, 0.200736
0.133750, 0.200554
0.133750, 0.200607

====================================================================
Flow ID: 199 | Shape: (30, 2)
Features: [Size/1600, IAT/0.1]
--------------------------------------------------------------------
0.133750, 0.000000
0.133750, 0.200608
0.133750, 0.200591
0.133750, 0.200622
0.133750, 0.200619
0.133750, 0.200621
0.133750, 0.200595
0.133750, 0.200596
0.133750, 0.200600
0.133750, 0.200631
0.133750, 0.200626
0.133750, 0.200627
0.133750, 0.200624
0.133750, 0.200610
0.133750, 0.200654
0.133750, 0.200623
0.133750, 0.200669
0.133750, 0.200568
0.133750, 0.202459
0.133750, 0.200208
0.133750, 0.200577
0.133750, 0.200704
0.133750, 0.200512
0.133750, 0.200589
0.133750, 0.200629
0.133750, 0.200637
0.133750, 0.200627
0.133750, 0.200604
0.133750, 0.200625
0.133750, 0.200628

====================================================================
Flow ID: 200 | Shape: (30, 2)
Features: [Size/1600, IAT/0.1]
--------------------------------------------------------------------
0.133750, 0.000000
0.133750, 0.200553
0.133750, 0.200629
0.133750, 0.200589
0.133750, 0.200609
0.133750, 0.200594
0.133750, 0.200600
0.133750, 0.200646
0.133750, 0.200589
0.133750, 0.200608
0.133750, 0.200614
0.133750, 0.200593
0.133750, 0.200603
0.133750, 0.200595
0.133750, 0.200614
0.133750, 0.200606
0.133750, 0.200608
0.133750, 0.200305
0.133750, 0.200636
0.133750, 0.200609
0.133750, 0.200605
0.133750, 0.200597
0.133750, 0.200629
0.133750, 0.200610
0.133750, 0.200742
0.133750, 0.200478
0.133750, 0.200642
0.133750, 0.200604
0.133750, 0.200625
0.133750, 0.200598

====================================================================
Flow ID: 202 | Shape: (30, 2)
Features: [Size/1600, IAT/0.1]
--------------------------------------------------------------------
0.133750, 0.000000
0.133750, 0.200608
0.133750, 0.200604
0.133750, 0.200600
0.133750, 0.200616
0.133750, 0.200615
0.133750, 0.200640
0.133750, 0.200607
0.133750, 0.200617
0.133750, 0.200629
0.133750, 0.200600
0.133750, 0.200604
0.133750, 0.200624
0.133750, 0.200618
0.133750, 0.200622
0.133750, 0.200638
0.133750, 0.200617
0.133750, 0.200624
0.133750, 0.200742
0.133750, 0.200509
0.133750, 0.200630
0.133750, 0.200629
0.133750, 0.200612
0.133750, 0.200609
0.133750, 0.200609
0.133750, 0.200595
0.133750, 0.200617
0.133750, 0.200590
0.133750, 0.200637
0.133750, 0.200596

====================================================================
Flow ID: 204 | Shape: (30, 2)
Features: [Size/1600, IAT/0.1]
--------------------------------------------------------------------
0.133750, 0.000000
0.133750, 0.200543
0.133750, 0.200652
0.133750, 0.200617
0.133750, 0.200604
0.133750, 0.200603
0.133750, 0.200604
0.133750, 0.200612
0.133750, 0.200619
0.133750, 0.200622
0.133750, 0.200686
0.133750, 0.200652
0.133750, 0.200595
0.133750, 0.200625
0.133750, 0.200599
0.133750, 0.200620
0.133750, 0.200609
0.133750, 0.200623
0.133750, 0.200955
0.133750, 0.200535
0.133750, 0.200617
0.133750, 0.200610
0.133750, 0.200601
0.133750, 0.200605
0.133750, 0.200616
0.133750, 0.200646
0.133750, 0.200601
0.133750, 0.200606
0.133750, 0.200661
0.133750, 0.200594

====================================================================
Flow ID: 207 | Shape: (30, 2)
Features: [Size/1600, IAT/0.1]
--------------------------------------------------------------------
0.133750, 0.000000
0.133750, 0.200616
0.133750, 0.200862
0.133750, 0.200355
0.133750, 0.200602
0.133750, 0.200612
0.133750, 0.200613
0.133750, 0.200627
0.133750, 0.200642
0.133750, 0.200637
0.133750, 0.201844
0.133750, 0.199356
0.133750, 0.200607
0.133750, 0.200615
0.133750, 0.200609
0.133750, 0.200604
0.133750, 0.200595
0.133750, 0.200630
0.133750, 0.200604
0.133750, 0.200598
0.133750, 0.200621
0.133750, 0.200629
0.133750, 0.200595
0.133750, 0.200630
0.133750, 0.200609
0.133750, 0.200603
0.133750, 0.200594
0.133750, 0.200599
0.133750, 0.200626
0.133750, 0.200608

====================================================================
Flow ID: 208 | Shape: (30, 2)
Features: [Size/1600, IAT/0.1]
--------------------------------------------------------------------
0.133750, 0.000000
0.133750, 0.200612
0.133750, 0.200607
0.133750, 0.200630
0.133750, 0.200633
0.133750, 0.200623
0.133750, 0.200619
0.133750, 0.200609
0.133750, 0.200630
0.133750, 0.200627
0.133750, 0.200585
0.133750, 0.200609
0.133750, 0.200605
0.133750, 0.200619
0.133750, 0.200591
0.133750, 0.200624
0.133750, 0.200643
0.133750, 0.200587
0.133750, 0.200604
0.133750, 0.200644
0.133750, 0.200623
0.133750, 0.200616
0.133750, 0.200603
0.133750, 0.200592
0.133750, 0.200644
0.133750, 0.200610
0.133750, 0.200590
0.133750, 0.200611
0.133750, 0.200613
0.133750, 0.200625

====================================================================
Flow ID: 211 | Shape: (30, 2)
Features: [Size/1600, IAT/0.1]
--------------------------------------------------------------------
0.133750, 0.000000
0.133750, 0.200489
0.133750, 0.200587
0.133750, 0.200610
0.133750, 0.200611
0.133750, 0.200623
0.133750, 0.200662
0.133750, 0.200572
0.133750, 0.200621
0.133750, 0.200650
0.133750, 0.200599
0.133750, 0.200604
0.133750, 0.200611
0.133750, 0.200637
0.133750, 0.200629
0.133750, 0.200590
0.133750, 0.200605
0.133750, 0.200615
0.133750, 0.200602
0.133750, 0.200636
0.133750, 0.200628
0.133750, 0.200620
0.133750, 0.200698
0.133750, 0.200523
0.133750, 0.200620
0.133750, 0.200619
0.133750, 0.200613
0.133750, 0.200639
0.133750, 0.200602
0.133750, 0.200796

====================================================================
Flow ID: 214 | Shape: (30, 2)
Features: [Size/1600, IAT/0.1]
--------------------------------------------------------------------
0.133750, 0.000000
0.133750, 0.200611
0.133750, 0.200590
0.133750, 0.200620
0.133750, 0.200616
0.133750, 0.200378
0.133750, 0.200612
0.133750, 0.200617
0.133750, 0.200617
0.133750, 0.200592
0.133750, 0.200599
0.133750, 0.200618
0.133750, 0.200619
0.133750, 0.200596
0.133750, 0.200611
0.133750, 0.200616
0.133750, 0.200614
0.133750, 0.200600
0.133750, 0.200633
0.133750, 0.200603
0.133750, 0.200614
0.133750, 0.200601
0.133750, 0.200629
0.133750, 0.200640
0.133750, 0.200622
0.133750, 0.200647
0.133750, 0.200277
0.133750, 0.200595
0.133750, 0.200613
0.133750, 0.200629

====================================================================
Flow ID: 215 | Shape: (30, 2)
Features: [Size/1600, IAT/0.1]
--------------------------------------------------------------------
0.133750, 0.000000
0.133750, 0.200629
0.133750, 0.200617
0.133750, 0.200595
0.133750, 0.200612
0.133750, 0.200595
0.133750, 0.200632
0.133750, 0.200628
0.133750, 0.200622
0.133750, 0.200617
0.133750, 0.200627
0.133750, 0.200844
0.133750, 0.200623
0.133750, 0.200624
0.133750, 0.200641
0.133750, 0.200603
0.133750, 0.200621
0.133750, 0.200621
0.133750, 0.200618
0.133750, 0.200640
0.133750, 0.200567
0.133750, 0.200614
0.133750, 0.200632
0.133750, 0.200615
0.133750, 0.200626
0.133750, 0.200691
0.133750, 0.200542
0.133750, 0.200624
0.133750, 0.200607
0.133750, 0.200653

====================================================================
Flow ID: 217 | Shape: (30, 2)
Features: [Size/1600, IAT/0.1]
--------------------------------------------------------------------
0.133750, 0.000000
0.133750, 0.200519
0.133750, 0.200386
0.133750, 0.200607
0.133750, 0.200595
0.133750, 0.200606
0.133750, 0.200644
0.133750, 0.200593
0.133750, 0.200625
0.133750, 0.200626
0.133750, 0.200623
0.133750, 0.200714
0.133750, 0.200541
0.133750, 0.200592
0.133750, 0.200621
0.133750, 0.200612
0.133750, 0.200611
0.133750, 0.200629
0.133750, 0.200618
0.133750, 0.200630
0.133750, 0.200604
0.133750, 0.200610
0.133750, 0.200645
0.133750, 0.200611
0.133750, 0.200610
0.133750, 0.200612
0.133750, 0.200624
0.133750, 0.200622
0.133750, 0.200742
0.133750, 0.200488

====================================================================
Flow ID: 220 | Shape: (30, 2)
Features: [Size/1600, IAT/0.1]
--------------------------------------------------------------------
0.133750, 0.000000
0.133750, 0.200606
0.133750, 0.200476
0.133750, 0.200637
0.133750, 0.200655
0.133750, 0.200598
0.133750, 0.200619
0.133750, 0.200251
0.133750, 0.200641
0.133750, 0.200620
0.133750, 0.200625
0.133750, 0.200607
0.133750, 0.200635
0.133750, 0.200606
0.133750, 0.200640
0.133750, 0.200622
0.133750, 0.200632
0.133750, 0.200613
0.133750, 0.200604
0.133750, 0.200608
0.133750, 0.200615
0.133750, 0.200612
0.133750, 0.200893
0.133750, 0.200549
0.133750, 0.200620
0.133750, 0.200735
0.133750, 0.200458
0.133750, 0.200619
0.133750, 0.200608
0.133750, 0.200602

====================================================================
Flow ID: 221 | Shape: (30, 2)
Features: [Size/1600, IAT/0.1]
--------------------------------------------------------------------
0.133750, 0.000000
0.133750, 0.200601
0.133750, 0.200604
0.133750, 0.200595
0.133750, 0.200603
0.133750, 0.200609
0.133750, 0.200644
0.133750, 0.200606
0.133750, 0.200614
0.133750, 0.200924
0.133750, 0.200360
0.133750, 0.200610
0.133750, 0.200620
0.133750, 0.200602
0.133750, 0.200608
0.133750, 0.200700
0.133750, 0.200520
0.133750, 0.200619
0.133750, 0.200613
0.133750, 0.200606
0.133750, 0.200634
0.133750, 0.200623
0.133750, 0.200620
0.133750, 0.200670
0.133750, 0.200586
0.133750, 0.200715
0.133750, 0.200543
0.133750, 0.200611
0.133750, 0.200611
0.133750, 0.200642

====================================================================
Flow ID: 222 | Shape: (30, 2)
Features: [Size/1600, IAT/0.1]
--------------------------------------------------------------------
0.133750, 0.000000
0.133750, 0.200589
0.133750, 0.200955
0.133750, 0.200323
0.133750, 0.200647
0.133750, 0.200620
0.133750, 0.200649
0.133750, 0.200589
0.133750, 0.200592
0.133750, 0.200871
0.133750, 0.200595
0.133750, 0.200623
0.133750, 0.200618
0.133750, 0.200604
0.133750, 0.200588
0.133750, 0.200618
0.133750, 0.200599
0.133750, 0.200637
0.133750, 0.200593
0.133750, 0.200630
0.133750, 0.200855
0.133750, 0.200353
0.133750, 0.200606
0.133750, 0.200601
0.133750, 0.200604
0.133750, 0.200669
0.133750, 0.200076
0.133750, 0.200620
0.133750, 0.200632
0.133750, 0.200613

====================================================================
Flow ID: 227 | Shape: (30, 2)
Features: [Size/1600, IAT/0.1]
--------------------------------------------------------------------
0.133750, 0.000000
0.133750, 0.200864
0.133750, 0.200611
0.133750, 0.200598
0.133750, 0.200612
0.133750, 0.200646
0.133750, 0.200604
0.133750, 0.200611
0.133750, 0.200608
0.133750, 0.200618
0.133750, 0.200757
0.133750, 0.200541
0.133750, 0.200613
0.133750, 0.200637
0.133750, 0.200635
0.133750, 0.200627
0.133750, 0.200601
0.133750, 0.200635
0.133750, 0.200617
0.133750, 0.200615
0.133750, 0.200679
0.133750, 0.200616
0.133750, 0.200665
0.133750, 0.200594
0.133750, 0.200616
0.133750, 0.200619
0.133750, 0.200613
0.133750, 0.200615
0.133750, 0.200617
0.133750, 0.200630

====================================================================
Flow ID: 228 | Shape: (30, 2)
Features: [Size/1600, IAT/0.1]
--------------------------------------------------------------------
0.133750, 0.000000
0.133750, 0.200622
0.133750, 0.200615
0.133750, 0.200603
0.133750, 0.200627
0.133750, 0.200623
0.133750, 0.200624
0.133750, 0.200644
0.133750, 0.200629
0.133750, 0.200670
0.133750, 0.200604
0.133750, 0.200617
0.133750, 0.200608
0.133750, 0.200607
0.133750, 0.200616
0.133750, 0.200597
0.133750, 0.200626
0.133750, 0.200646
0.133750, 0.200286
0.133750, 0.200629
0.133750, 0.200626
0.133750, 0.200603
0.133750, 0.200609
0.133750, 0.200608
0.133750, 0.200711
0.133750, 0.200525
0.133750, 0.200610
0.133750, 0.200619
0.133750, 0.200628
0.133750, 0.200630

====================================================================
Flow ID: 229 | Shape: (30, 2)
Features: [Size/1600, IAT/0.1]
--------------------------------------------------------------------
0.133750, 0.000000
0.133750, 0.200625
0.133750, 0.200632
0.133750, 0.200585
0.133750, 0.200602
0.133750, 0.200624
0.133750, 0.200606
0.133750, 0.200608
0.133750, 0.200600
0.133750, 0.200623
0.133750, 0.200619
0.133750, 0.200614
0.133750, 0.200630
0.133750, 0.200603
0.133750, 0.200626
0.133750, 0.200606
0.133750, 0.200659
0.133750, 0.200622
0.133750, 0.200629
0.133750, 0.200574
0.133750, 0.200624
0.133750, 0.200616
0.133750, 0.200631
0.133750, 0.200630
0.133750, 0.200636
0.133750, 0.200667
0.133750, 0.200572
0.133750, 0.200617
0.133750, 0.200655
0.133750, 0.200586

====================================================================
Flow ID: 234 | Shape: (30, 2)
Features: [Size/1600, IAT/0.1]
--------------------------------------------------------------------
0.133750, 0.000000
0.133750, 0.200551
0.133750, 0.200475
0.133750, 0.200616
0.133750, 0.200610
0.133750, 0.200627
0.133750, 0.200628
0.133750, 0.200601
0.133750, 0.200611
0.133750, 0.200631
0.133750, 0.200610
0.133750, 0.200648
0.133750, 0.200608
0.133750, 0.200625
0.133750, 0.200628
0.133750, 0.200645
0.133750, 0.200601
0.133750, 0.200656
0.133750, 0.200606
0.133750, 0.200615
0.133750, 0.200617
0.133750, 0.200577
0.133750, 0.200687
0.133750, 0.200552
0.133750, 0.200644
0.133750, 0.200596
0.133750, 0.200626
0.133750, 0.200615
0.133750, 0.200622
0.133750, 0.200609

====================================================================
Flow ID: 240 | Shape: (30, 2)
Features: [Size/1600, IAT/0.1]
--------------------------------------------------------------------
0.133750, 0.000000
0.133750, 0.200618
0.133750, 0.200609
0.133750, 0.200608
0.133750, 0.200633
0.133750, 0.200607
0.133750, 0.200608
0.133750, 0.200613
0.133750, 0.200657
0.133750, 0.200586
0.133750, 0.200602
0.133750, 0.200618
0.133750, 0.200629
0.133750, 0.200615
0.133750, 0.200594
0.133750, 0.200603
0.133750, 0.200615
0.133750, 0.200640
0.133750, 0.200608
0.133750, 0.200587
0.133750, 0.200607
0.133750, 0.200614
0.133750, 0.200619
0.133750, 0.200613
0.133750, 0.200711
0.133750, 0.200491
0.133750, 0.200593
0.133750, 0.200626
0.133750, 0.200666
0.133750, 0.200649

====================================================================
Flow ID: 242 | Shape: (30, 2)
Features: [Size/1600, IAT/0.1]
--------------------------------------------------------------------
0.133750, 0.000000
0.133750, 0.200518
0.133750, 0.200617
0.133750, 0.200601
0.133750, 0.200610
0.133750, 0.200651
0.133750, 0.200557
0.133750, 0.200560
0.133750, 0.200622
0.133750, 0.200612
0.133750, 0.200641
0.133750, 0.200604
0.133750, 0.200605
0.133750, 0.200639
0.133750, 0.200624
0.133750, 0.200606
0.133750, 0.200610
0.133750, 0.200613
0.133750, 0.200605
0.133750, 0.200596
0.133750, 0.200624
0.133750, 0.200876
0.133750, 0.200351
0.133750, 0.200683
0.133750, 0.200130
0.133750, 0.200610
0.133750, 0.200649
0.133750, 0.200648
0.133750, 0.200630
0.133750, 0.200645

====================================================================
Flow ID: 243 | Shape: (30, 2)
Features: [Size/1600, IAT/0.1]
--------------------------------------------------------------------
0.133750, 0.000000
0.133750, 0.200608
0.133750, 0.200595
0.133750, 0.200643
0.133750, 0.200620
0.133750, 0.200602
0.133750, 0.200639
0.133750, 0.200687
0.133750, 0.200558
0.133750, 0.200614
0.133750, 0.200612
0.133750, 0.200625
0.133750, 0.200628
0.133750, 0.200616
0.133750, 0.200607
0.133750, 0.200606
0.133750, 0.200611
0.133750, 0.200619
0.133750, 0.200604
0.133750, 0.200624
0.133750, 0.200622
0.133750, 0.200663
0.133750, 0.200615
0.133750, 0.200614
0.133750, 0.200618
0.133750, 0.200668
0.133750, 0.200585
0.133750, 0.200631
0.133750, 0.200600
0.133750, 0.200624

====================================================================
Flow ID: 246 | Shape: (30, 2)
Features: [Size/1600, IAT/0.1]
--------------------------------------------------------------------
0.133750, 0.000000
0.133750, 0.200587
0.133750, 0.200598
0.133750, 0.200606
0.133750, 0.200651
0.133750, 0.200551
0.133750, 0.200606
0.133750, 0.200613
0.133750, 0.200634
0.133750, 0.200616
0.133750, 0.200630
0.133750, 0.200610
0.133750, 0.200648
0.133750, 0.200580
0.133750, 0.200643
0.133750, 0.200598
0.133750, 0.200628
0.133750, 0.200585
0.133750, 0.200609
0.133750, 0.200596
0.133750, 0.200640
0.133750, 0.200565
0.133750, 0.200708
0.133750, 0.200123
0.133750, 0.200620
0.133750, 0.200612
0.133750, 0.200635
0.133750, 0.200592
0.133750, 0.200624
0.133750, 0.200583

====================================================================
Flow ID: 251 | Shape: (30, 2)
Features: [Size/1600, IAT/0.1]
--------------------------------------------------------------------
0.133750, 0.000000
0.133750, 0.200622
0.133750, 0.200616
0.133750, 0.200675
0.133750, 0.200577
0.133750, 0.200618
0.133750, 0.200642
0.133750, 0.200618
0.133750, 0.200629
0.133750, 0.200597
0.133750, 0.200609
0.133750, 0.200606
0.133750, 0.200638
0.133750, 0.200627
0.133750, 0.200613
0.133750, 0.200611
0.133750, 0.200630
0.133750, 0.200619
0.133750, 0.200647
0.133750, 0.200605
0.133750, 0.200614
0.133750, 0.200744
0.133750, 0.200492
0.133750, 0.200633
0.133750, 0.200602
0.133750, 0.200623
0.133750, 0.200611
0.133750, 0.200611
0.133750, 0.200624
0.133750, 0.200607

====================================================================
Flow ID: 254 | Shape: (30, 2)
Features: [Size/1600, IAT/0.1]
--------------------------------------------------------------------
0.133750, 0.000000
0.133750, 0.200589
0.133750, 0.200610
0.133750, 0.200630
0.133750, 0.200594
0.133750, 0.200596
0.133750, 0.200627
0.133750, 0.200588
0.133750, 0.200594
0.133750, 0.200602
0.133750, 0.200617
0.133750, 0.200710
0.133750, 0.200541
0.133750, 0.200662
0.133750, 0.200614
0.133750, 0.200610
0.133750, 0.200627
0.133750, 0.200590
0.133750, 0.200609
0.133750, 0.200604
0.133750, 0.200820
0.133750, 0.200413
0.133750, 0.200610
0.133750, 0.200599
0.133750, 0.200612
0.133750, 0.200595
0.133750, 0.200611
0.133750, 0.200632
0.133750, 0.200577
0.133750, 0.200598

====================================================================
Flow ID: 256 | Shape: (30, 2)
Features: [Size/1600, IAT/0.1]
--------------------------------------------------------------------
0.133750, 0.000000
0.133750, 0.200594
0.133750, 0.200636
0.133750, 0.200614
0.133750, 0.200610
0.133750, 0.200297
0.133750, 0.200609
0.133750, 0.200612
0.133750, 0.200609
0.133750, 0.200621
0.133750, 0.200625
0.133750, 0.200613
0.133750, 0.200640
0.133750, 0.200621
0.133750, 0.200615
0.133750, 0.200639
0.133750, 0.200620
0.133750, 0.200628
0.133750, 0.200619
0.133750, 0.200726
0.133750, 0.200498
0.133750, 0.200697
0.133750, 0.200608
0.133750, 0.200625
0.133750, 0.200610
0.133750, 0.200621
0.133750, 0.200608
0.133750, 0.200631
0.133750, 0.200610
0.133750, 0.200604
