
====================================================================
Flow ID: 771 | Shape: (30, 2)
Features: [Size/1600, IAT/0.1]
--------------------------------------------------------------------
0.049375, 0.000000
0.050000, 0.417784
0.051875, 0.406968
0.059375, 0.416496
0.041250, 0.418403
0.058750, 0.417563
0.056875, 0.417556
0.060625, 0.414438
0.060000, 0.422492
0.056875, 0.417858
0.060625, 0.396667
0.058750, 0.418126
0.048750, 0.416566
0.058125, 0.408198
0.059375, 0.422069
0.048750, 0.420455
0.043750, 0.417804
0.058750, 0.414654
0.046875, 0.417614
0.048750, 0.416771
0.055625, 0.392564
0.049375, 0.417323
0.055625, 0.418459
0.054375, 0.416969
0.058125, 0.417994
0.058125, 0.421886
0.048125, 0.418112
0.058750, 0.418701
0.056875, 0.414279
0.060625, 0.418305

====================================================================
Flow ID: 774 | Shape: (30, 2)
Features: [Size/1600, IAT/0.1]
--------------------------------------------------------------------
0.053750, 0.000000
0.057500, 0.418499
0.052500, 0.418297
0.057500, 0.421907
0.047500, 0.417147
0.051875, 0.415521
0.049375, 0.417549
0.051875, 0.418506
0.043750, 0.412656
0.060000, 0.417646
0.056875, 0.422775
0.061250, 0.416241
0.046250, 0.417943
0.043125, 0.417685
0.058125, 0.414846
0.058750, 0.412632
0.055625, 0.409470
0.058125, 0.416169
0.047500, 0.417660
0.050000, 0.416714
0.047500, 0.417132
0.052500, 0.411932
0.056250, 0.416795
0.059375, 0.415464
0.060625, 0.415964
0.047500, 0.378976
0.051250, 0.410996
0.053750, 0.414975
0.060625, 0.417330
0.053125, 0.417992

====================================================================
Flow ID: 775 | Shape: (30, 2)
Features: [Size/1600, IAT/0.1]
--------------------------------------------------------------------
0.061875, 0.000000
0.058125, 0.419525
0.050625, 0.414732
0.056250, 0.419282
0.055625, 0.419015
0.056250, 0.418686
0.056250, 1.000000
0.051875, 0.212666
0.045625, 0.410413
0.055000, 0.417263
0.047500, 0.418524
0.054375, 0.422647
0.060625, 0.415747
0.058750, 0.418338
0.060000, 0.418283
0.061875, 0.418521
0.056250, 0.417036
0.055000, 0.417007
0.048750, 0.406705
0.051250, 0.415581
0.058125, 0.420069
0.057500, 0.418349
0.061250, 0.419806
0.058750, 0.417119
0.045625, 0.417431
0.048125, 0.430458
0.056875, 0.411687
0.059375, 0.415994
0.057500, 0.425532
0.050625, 0.417616

====================================================================
Flow ID: 777 | Shape: (30, 2)
Features: [Size/1600, IAT/0.1]
--------------------------------------------------------------------
0.056250, 0.000000
0.055000, 0.417820
0.045625, 0.417328
0.044375, 0.418595
0.044375, 0.417661
0.056250, 0.421164
0.055625, 0.410591
0.048750, 0.417367
0.050625, 0.417432
0.060625, 0.417047
0.048750, 0.409739
0.050625, 0.416727
0.054375, 0.394125
0.046250, 0.424994
0.060000, 0.417060
0.054375, 0.419821
0.045000, 0.414571
0.058750, 0.419750
0.044375, 0.418130
0.058125, 0.417992
0.058750, 0.413660
0.051875, 0.417692
0.058750, 0.418324
0.054375, 0.414023
0.056250, 0.417264
0.046875, 0.413116
0.055625, 0.417361
0.048750, 0.417253
0.055000, 0.418957
0.041875, 0.417148

====================================================================
Flow ID: 778 | Shape: (30, 2)
Features: [Size/1600, IAT/0.1]
--------------------------------------------------------------------
0.059375, 0.000000
0.058125, 0.417137
0.053750, 0.414113
0.058125, 0.426791
0.058125, 0.417805
0.055625, 0.416554
0.051250, 0.417333
0.056875, 0.422147
0.060625, 0.414486
0.053125, 0.418272
0.046250, 0.419486
0.046875, 0.417006
0.043750, 0.417268
0.058750, 0.417190
0.057500, 0.417831
0.058750, 0.417621
0.046875, 0.417192
0.054375, 0.417760
0.058750, 0.418166
0.043125, 0.425698
0.056875, 0.416469
0.058750, 0.415360
0.050000, 0.420180
0.049375, 0.404111
0.055000, 0.418297
0.047500, 0.416245
0.056875, 0.429885
0.056875, 0.416314
0.056250, 0.415938
0.048750, 0.416517

====================================================================
Flow ID: 779 | Shape: (30, 2)
Features: [Size/1600, IAT/0.1]
--------------------------------------------------------------------
0.055000, 0.000000
0.057500, 0.418297
0.055625, 0.417745
0.056250, 0.409065
0.059375, 0.395233
0.056250, 0.414966
0.058750, 0.411864
0.045000, 0.409593
0.053750, 0.417359
0.060000, 0.469827
0.056250, 0.416940
0.057500, 0.418473
0.057500, 0.420111
0.049375, 0.417534
0.046875, 0.418107
0.056875, 0.417382
0.055625, 0.417295
0.048125, 0.427459
0.058125, 0.417338
0.050625, 0.421667
0.046875, 0.411898
0.055000, 0.423313
0.052500, 0.414934
0.055625, 0.416792
0.050625, 0.421131
0.046250, 0.419278
0.055000, 0.416809
0.051875, 0.423375
0.050000, 0.417116
0.057500, 0.417312

====================================================================
Flow ID: 784 | Shape: (30, 2)
Features: [Size/1600, IAT/0.1]
--------------------------------------------------------------------
0.063750, 0.000000
0.055000, 0.421125
0.056875, 0.416449
0.058750, 0.417661
0.055625, 0.415316
0.055000, 0.417084
0.046875, 0.416994
0.044375, 0.397663
0.058125, 0.417505
0.048125, 0.415522
0.059375, 0.419529
0.044375, 0.419441
0.055625, 0.419195
0.057500, 0.415761
0.049375, 0.420667
0.046875, 0.412885
0.056875, 0.427608
0.051250, 0.415931
0.056250, 0.417104
0.055000, 0.415725
0.053125, 0.418212
0.051250, 0.420059
0.051250, 0.415432
0.060625, 0.417428
0.045000, 0.417530
0.056875, 0.471389
0.057500, 0.416457
0.055000, 0.423294
0.059375, 0.419503
0.043750, 0.416681

====================================================================
Flow ID: 785 | Shape: (30, 2)
Features: [Size/1600, IAT/0.1]
--------------------------------------------------------------------
0.058750, 0.000000
0.053750, 0.417057
0.055625, 0.417024
0.060000, 0.417282
0.049375, 0.420777
0.056875, 0.419959
0.059375, 0.417038
0.061250, 0.418493
0.056875, 0.420631
0.048125, 0.415726
0.058750, 0.414475
0.061250, 0.373062
0.048125, 0.416251
0.048125, 0.415019
0.055000, 0.418039
0.057500, 0.407056
0.048125, 0.415347
0.057500, 0.425960
0.046875, 0.418639
0.048750, 0.429637
0.054375, 0.415325
0.059375, 0.414288
0.058750, 0.418652
0.055000, 0.373728
0.046250, 0.417537
0.045000, 0.409752
0.059375, 0.426038
0.054375, 0.426685
0.053125, 0.416783
0.045000, 0.417754

====================================================================
Flow ID: 789 | Shape: (30, 2)
Features: [Size/1600, IAT/0.1]
--------------------------------------------------------------------
0.055000, 0.000000
0.060625, 0.416747
0.055625, 0.415680
0.049375, 0.397264
0.048125, 0.415846
0.058750, 0.417048
0.053750, 0.416938
0.055625, 0.417745
0.052500, 0.417422
0.048750, 0.416230
0.056875, 0.408461
0.055000, 0.418005
0.046875, 0.413503
0.057500, 0.417757
0.051250, 0.419252
0.048125, 0.416869
0.047500, 0.417130
0.048750, 0.417716
0.056250, 0.416388
0.061875, 0.418311
0.056875, 0.415997
0.047500, 0.420382
0.055000, 0.421443
0.055625, 0.446580
0.043750, 0.398668
0.045625, 0.417846
0.055000, 0.416759
0.055625, 0.416936
0.055625, 0.416052
0.056875, 0.447948

====================================================================
Flow ID: 790 | Shape: (30, 2)
Features: [Size/1600, IAT/0.1]
--------------------------------------------------------------------
0.048125, 0.000000
0.055625, 0.421178
0.048125, 0.413241
0.058750, 0.418592
0.055625, 0.416213
0.058750, 0.417762
0.046875, 0.416584
0.056875, 0.422042
0.048125, 0.412506
0.046250, 0.416755
0.056875, 0.415708
0.060625, 0.417959
0.055000, 0.415490
0.046875, 0.419648
0.056250, 0.417432
0.060000, 0.417234
0.056875, 0.418108
0.056875, 0.418119
0.048125, 0.417515
0.055625, 0.418699
0.047500, 0.417364
0.055625, 0.416177
0.051250, 0.417953
0.058125, 0.418193
0.045625, 0.418069
0.057500, 0.416382
0.046250, 0.430121
0.056875, 0.410934
0.057500, 0.416917
0.044375, 0.416662

====================================================================
Flow ID: 791 | Shape: (30, 2)
Features: [Size/1600, IAT/0.1]
--------------------------------------------------------------------
0.048125, 0.000000
0.043125, 0.418288
0.054375, 0.418028
0.056875, 0.398428
0.059375, 0.412921
0.050000, 0.413893
0.057500, 0.412453
0.056250, 0.419327
0.058125, 0.420266
0.054375, 0.424895
0.057500, 0.416756
0.056250, 0.415744
0.057500, 0.419749
0.050625, 0.415709
0.056250, 0.418474
0.045000, 0.417495
0.049375, 0.272771
0.062500, 0.417358
0.059375, 0.425489
0.044375, 0.417137
0.055625, 0.417074
0.060625, 0.415696
0.056250, 0.417177
0.055625, 0.417578
0.053750, 0.417663
0.054375, 0.418568
0.057500, 0.416336
0.061875, 0.418735
0.060000, 0.416961
0.047500, 0.415333

====================================================================
Flow ID: 792 | Shape: (30, 2)
Features: [Size/1600, IAT/0.1]
--------------------------------------------------------------------
0.060000, 0.000000
0.047500, 0.415177
0.056875, 0.419925
0.046875, 0.417326
0.056875, 0.417321
0.058125, 0.417043
0.044375, 0.416178
0.050625, 0.419828
0.047500, 0.418479
0.046250, 0.430311
0.059375, 0.419596
0.058125, 0.413803
0.047500, 0.413773
0.058125, 0.420578
0.048750, 0.418959
0.060625, 0.417638
0.057500, 0.417203
0.055625, 0.419623
0.057500, 0.417892
0.056875, 0.416864
0.056875, 0.416781
0.050625, 0.417143
0.056875, 0.417897
0.058125, 0.419759
0.056250, 0.405286
0.058750, 0.417059
0.050000, 0.418279
0.048125, 0.419366
0.054375, 0.418771
0.056875, 0.417388

====================================================================
Flow ID: 793 | Shape: (30, 2)
Features: [Size/1600, IAT/0.1]
--------------------------------------------------------------------
0.055625, 0.000000
0.050625, 0.426272
0.054375, 0.418212
0.049375, 0.417840
0.055625, 0.409887
0.051875, 0.417868
0.048125, 0.416554
0.047500, 0.414684
0.046875, 0.419426
0.047500, 0.415166
0.050625, 0.419016
0.062500, 0.412032
0.053750, 0.416719
0.046875, 0.419251
0.053750, 0.417465
0.050625, 0.416841
0.056250, 0.419189
0.055000, 0.418373
0.058750, 0.422966
0.056250, 0.417955
0.061250, 0.416524
0.053750, 0.417139
0.055625, 0.418262
0.056875, 0.432673
0.053750, 0.416965
0.044375, 0.418078
0.058750, 0.417883
0.049375, 0.386138
0.053750, 0.417074
0.047500, 0.417591

====================================================================
Flow ID: 778 | Shape: (30, 2)
Features: [Size/1600, IAT/0.1]
--------------------------------------------------------------------
0.055625, 0.000000
0.056875, 0.422518
0.058125, 0.418180
0.043750, 0.416970
0.048750, 0.415500
0.050000, 0.419093
0.056875, 0.417035
0.046250, 0.718531
0.058750, 0.422119
0.058750, 0.418317
0.059375, 0.430664
0.055625, 0.421730
0.047500, 0.416409
0.060000, 0.414705
0.051875, 0.504852
0.048125, 0.417990
0.045000, 0.496341
0.055000, 0.423345
0.043125, 0.415844
0.048750, 0.418062
0.058750, 0.419588
0.058125, 0.418264
0.051875, 0.129035
0.057500, 0.389133
0.057500, 0.418380
0.056875, 0.417231
0.058125, 0.418241
0.046250, 0.415537
0.056250, 0.417364
0.059375, 0.418480

====================================================================
Flow ID: 780 | Shape: (30, 2)
Features: [Size/1600, IAT/0.1]
--------------------------------------------------------------------
0.047500, 0.000000
0.056875, 0.421147
0.048125, 0.415275
0.055625, 0.417023
0.048125, 0.378111
0.045625, 0.418750
0.053125, 0.416355
0.055625, 0.418020
0.060000, 0.417033
0.048125, 0.410569
0.043125, 0.419654
0.056875, 0.418334
0.060625, 0.416726
0.056875, 0.416492
0.051875, 0.417440
0.057500, 0.417935
0.048750, 0.417910
0.043750, 0.416403
0.057500, 0.423747
0.052500, 0.418312
0.055000, 0.422234
0.047500, 0.400725
0.056875, 0.417044
0.060625, 0.418759
0.041250, 0.416526
0.057500, 0.417178
0.055625, 0.456645
0.053125, 0.419361
0.056250, 0.416544
0.055625, 0.416922

====================================================================
Flow ID: 782 | Shape: (30, 2)
Features: [Size/1600, IAT/0.1]
--------------------------------------------------------------------
0.046875, 0.000000
0.060000, 0.417868
0.053125, 0.417778
0.045000, 0.417390
0.060000, 0.296518
0.043750, 0.419374
0.049375, 0.419197
0.057500, 0.415940
0.060000, 0.418384
0.057500, 0.416967
0.055000, 0.419484
0.055625, 0.420146
0.050625, 0.420672
0.058750, 0.417178
0.046250, 0.348040
0.055000, 0.432817
0.058125, 0.403861
0.056875, 0.423286
0.049375, 0.415180
0.058125, 0.416021
0.049375, 0.418948
0.047500, 0.422025
0.055000, 0.418689
0.046250, 0.419105
0.053750, 0.417238
0.048750, 0.418988
0.044375, 0.419348
0.058125, 0.355190
0.056875, 0.419937
0.059375, 0.416509

====================================================================
Flow ID: 785 | Shape: (30, 2)
Features: [Size/1600, IAT/0.1]
--------------------------------------------------------------------
0.046250, 0.000000
0.060000, 0.415831
0.051250, 0.419277
0.059375, 0.417947
0.054375, 0.416999
0.060000, 0.416607
0.056875, 0.418318
0.053750, 0.413587
0.046875, 0.417128
0.061875, 0.417334
0.056250, 0.420230
0.042500, 0.403404
0.061250, 0.417198
0.060000, 0.417406
0.056875, 0.419927
0.059375, 0.417122
0.057500, 0.417793
0.057500, 0.414329
0.043750, 0.417113
0.048750, 0.422592
0.046875, 0.417693
0.054375, 0.413190
0.054375, 0.399293
0.048750, 0.412019
0.044375, 0.416590
0.058125, 0.417609
0.047500, 0.417796
0.047500, 0.418983
0.044375, 0.415465
0.048125, 0.418298

====================================================================
Flow ID: 787 | Shape: (30, 2)
Features: [Size/1600, IAT/0.1]
--------------------------------------------------------------------
0.045625, 0.000000
0.058125, 0.418259
0.058750, 0.418482
0.043750, 0.417157
0.053750, 0.417378
0.060000, 0.419156
0.053750, 0.420467
0.054375, 0.418975
0.058125, 0.413500
0.054375, 0.423548
0.056875, 0.415791
0.048750, 0.418783
0.043750, 0.418193
0.058750, 0.417430
0.058125, 0.417623
0.057500, 0.418626
0.046875, 0.427307
0.056875, 0.416645
0.051250, 0.415860
0.055000, 0.417025
0.055000, 0.419683
0.055000, 0.418203
0.047500, 0.418865
0.056250, 0.418253
0.055000, 0.416445
0.057500, 0.291437
0.043125, 0.417393
0.055625, 0.421678
0.057500, 0.398461
0.056875, 0.410048

====================================================================
Flow ID: 788 | Shape: (30, 2)
Features: [Size/1600, IAT/0.1]
--------------------------------------------------------------------
0.058125, 0.000000
0.055000, 0.403379
0.047500, 0.421616
0.055000, 0.420128
0.048125, 0.414487
0.048750, 0.419580
0.058750, 0.415768
0.055000, 0.417387
0.058125, 0.415653
0.059375, 0.413299
0.057500, 0.420516
0.048750, 0.413371
0.054375, 0.417016
0.058125, 0.421386
0.048750, 0.438161
0.056875, 0.424737
0.058125, 0.408564
0.053750, 0.421288
0.043750, 0.416931
0.043750, 0.412602
0.053750, 0.419568
0.040625, 0.417340
0.055000, 0.416151
0.057500, 0.416887
0.045625, 0.418605
0.054375, 0.668011
0.055625, 0.417302
0.047500, 0.416807
0.053750, 0.666886
0.056250, 0.456457

====================================================================
Flow ID: 793 | Shape: (30, 2)
Features: [Size/1600, IAT/0.1]
--------------------------------------------------------------------
0.049375, 0.000000
0.056250, 0.425799
0.048125, 0.417292
0.048125, 0.416665
0.041875, 0.467518
0.043125, 0.418620
0.048125, 0.529845
0.055625, 0.418666
0.043125, 0.416734
0.048750, 0.408224
0.055625, 0.417740
0.060000, 0.390618
0.056875, 0.417443
0.056875, 0.419961
0.055625, 0.418065
0.055625, 0.418871
0.056250, 0.408236
0.056250, 0.419600
0.060000, 0.403883
0.054375, 0.420611
0.060000, 0.410736
0.051250, 0.415355
0.048750, 0.423025
0.055625, 0.530247
0.048125, 0.418207
0.045000, 0.416343
0.056875, 0.416671
0.060000, 0.415385
0.055625, 0.417327
0.059375, 0.418042

====================================================================
Flow ID: 795 | Shape: (30, 2)
Features: [Size/1600, IAT/0.1]
--------------------------------------------------------------------
0.044375, 0.000000
0.055000, 0.417158
0.058750, 0.418850
0.046250, 0.431304
0.049375, 0.417985
0.060000, 0.417957
0.050000, 0.416503
0.043750, 0.417898
0.060000, 0.422586
0.049375, 0.420681
0.058125, 0.417503
0.046875, 0.426280
0.058125, 0.417935
0.050000, 0.379771
0.055625, 0.422676
0.054375, 0.415012
0.045625, 0.417187
0.058750, 0.421769
0.049375, 0.417327
0.055000, 0.407572
0.056250, 0.418287
0.051250, 0.416675
0.048750, 0.417683
0.046875, 0.414170
0.056250, 0.418143
0.049375, 0.417687
0.055625, 0.417562
0.054375, 0.417257
0.053750, 0.417700
0.055625, 0.414019

====================================================================
Flow ID: 796 | Shape: (30, 2)
Features: [Size/1600, IAT/0.1]
--------------------------------------------------------------------
0.058750, 0.000000
0.045625, 0.411846
0.053750, 0.416038
0.061875, 0.417279
0.056875, 0.418793
0.050000, 0.418263
0.059375, 0.428167
0.046250, 0.416145
0.058125, 0.417933
0.046875, 0.418408
0.053750, 0.418988
0.048750, 0.417427
0.048750, 0.419566
0.047500, 0.397638
0.050000, 0.417583
0.055000, 0.414709
0.044375, 0.417994
0.056875, 0.417529
0.058125, 0.415650
0.057500, 0.416324
0.051875, 0.415918
0.056875, 0.417846
0.054375, 0.415737
0.045625, 0.417342
0.056250, 0.417466
0.058125, 0.416787
0.055625, 0.413558
0.061250, 0.416827
0.052500, 0.418015
0.048750, 0.417413

====================================================================
Flow ID: 807 | Shape: (30, 2)
Features: [Size/1600, IAT/0.1]
--------------------------------------------------------------------
0.057500, 0.000000
0.056250, 0.418293
0.062500, 0.417664
0.051250, 0.425218
0.058125, 0.419985
0.055000, 0.428668
0.049375, 0.412275
0.055000, 0.418855
0.057500, 0.443858
0.054375, 0.450859
0.056250, 0.414485
0.056875, 0.417975
0.048125, 0.413044
0.056875, 0.417115
0.045000, 0.417725
0.048750, 0.415376
0.055000, 0.418030
0.045000, 0.417407
0.061875, 0.418424
0.055000, 0.416899
0.047500, 0.419333
0.054375, 0.417869
0.043125, 0.415879
0.043750, 0.421909
0.058125, 0.418001
0.055000, 0.418453
0.046250, 0.418064
0.054375, 0.417217
0.055000, 0.417760
0.045625, 0.417645

====================================================================
Flow ID: 808 | Shape: (30, 2)
Features: [Size/1600, IAT/0.1]
--------------------------------------------------------------------
0.049375, 0.000000
0.060000, 0.418053
0.043750, 0.420034
0.060000, 0.415889
0.057500, 0.417881
0.055625, 0.417498
0.050000, 0.416743
0.060000, 0.418326
0.046250, 0.412645
0.058125, 0.415747
0.056250, 0.423340
0.050000, 0.418306
0.047500, 0.419063
0.049375, 0.413097
0.045625, 1.000000
0.059375, 0.418645
0.046250, 0.417772
0.055625, 0.418426
0.055625, 0.000148
0.055625, 0.421576
0.055000, 0.412073
0.058750, 0.418552
0.048125, 0.418545
0.053750, 0.417975
0.055000, 0.417457
0.045000, 0.417973
0.053750, 0.414939
0.058125, 0.426117
0.049375, 0.424536
0.056875, 0.418748

====================================================================
Flow ID: 811 | Shape: (30, 2)
Features: [Size/1600, IAT/0.1]
--------------------------------------------------------------------
0.056250, 0.000000
0.048125, 0.419115
0.058750, 0.416834
0.045000, 0.415092
0.047500, 0.419331
0.055000, 0.417195
0.041875, 0.418299
0.056250, 0.423403
0.056875, 0.417305
0.056250, 0.418075
0.055625, 0.416651
0.049375, 0.415500
0.045625, 0.418339
0.055000, 0.417670
0.041250, 0.436661
0.050000, 0.419418
0.045000, 0.419062
0.055625, 0.432315
0.060000, 0.418857
0.056250, 0.425919
0.056875, 0.415364
0.041875, 0.413006
0.051875, 0.421700
0.052500, 0.418385
0.057500, 0.412563
0.050625, 0.518401
0.054375, 0.422171
0.057500, 0.417121
0.057500, 0.420230
0.057500, 0.416519

====================================================================
Flow ID: 815 | Shape: (30, 2)
Features: [Size/1600, IAT/0.1]
--------------------------------------------------------------------
0.054375, 0.000000
0.057500, 0.417179
0.045000, 0.423354
0.058750, 0.421163
0.058125, 0.415264
0.058750, 0.416532
0.047500, 0.420357
0.052500, 0.418358
0.055625, 0.423124
0.056875, 0.417564
0.047500, 0.417640
0.055000, 0.416974
0.043750, 0.418435
0.051250, 0.404083
0.058125, 0.417815
0.043125, 0.421784
0.053125, 0.427785
0.055625, 0.424387
0.055000, 0.410004
0.059375, 0.417904
0.044375, 0.418440
0.046875, 0.416333
0.055000, 0.404075
0.054375, 0.409414
0.055000, 0.418066
0.058750, 0.419108
0.053750, 0.420151
0.054375, 0.416383
0.063125, 0.423443
0.045000, 0.416640

====================================================================
Flow ID: 816 | Shape: (30, 2)
Features: [Size/1600, IAT/0.1]
--------------------------------------------------------------------
0.056250, 0.000000
0.056875, 0.415851
0.057500, 0.415372
0.060000, 0.416931
0.056250, 0.400454
0.049375, 0.419238
0.060625, 0.417623
0.060625, 0.417133
0.055625, 0.414094
0.059375, 0.426033
0.048125, 0.419134
0.058750, 0.414603
0.055625, 0.418152
0.057500, 0.402159
0.061250, 0.411412
0.056875, 0.419082
0.043125, 0.418030
0.046875, 0.425594
0.049375, 0.418472
0.058750, 0.417606
0.056250, 0.405155
0.056250, 0.417188
0.046250, 0.419903
0.053125, 0.417909
0.046250, 0.419688
0.055625, 0.417678
0.058125, 0.380065
0.056250, 0.428816
0.048750, 0.399822
0.060625, 0.414686

====================================================================
Flow ID: 819 | Shape: (30, 2)
Features: [Size/1600, IAT/0.1]
--------------------------------------------------------------------
0.055000, 0.000000
0.050000, 0.421665
0.043125, 0.415851
0.049375, 0.418167
0.053750, 0.417562
0.058125, 0.410312
0.057500, 0.415697
0.046875, 0.416792
0.047500, 0.417940
0.055000, 0.417847
0.063750, 0.420535
0.056875, 0.414319
0.056875, 0.418142
0.057500, 0.416763
0.057500, 0.418973
0.045625, 0.417838
0.058750, 0.348500
0.054375, 0.423785
0.050000, 0.428815
0.061250, 0.414204
0.058125, 0.416409
0.045625, 0.420014
0.057500, 0.426791
0.060000, 0.421994
0.055625, 0.417066
0.046875, 0.418150
0.058125, 0.421090
0.056250, 0.402865
0.056875, 0.418482
0.058750, 0.416214

====================================================================
Flow ID: 820 | Shape: (30, 2)
Features: [Size/1600, IAT/0.1]
--------------------------------------------------------------------
0.058750, 0.000000
0.047500, 0.413290
0.060625, 0.000153
0.049375, 0.421426
0.046250, 0.421796
0.048750, 0.418339
0.051875, 0.887608
0.057500, 0.417966
0.055625, 0.417897
0.045000, 0.417006
0.060625, 0.416649
0.060625, 0.383624
0.059375, 0.458855
0.055000, 0.417889
0.056250, 0.415233
0.045625, 0.417950
0.056875, 0.418172
0.056250, 0.417532
0.052500, 0.418865
0.050000, 0.244215
0.056875, 0.408813
0.060625, 0.433967
0.046250, 0.418410
0.058125, 0.710853
0.046875, 0.418675
0.056250, 0.401873
0.060625, 0.418382
0.055625, 0.414867
0.059375, 0.408994
0.046875, 0.417776

====================================================================
Flow ID: 825 | Shape: (30, 2)
Features: [Size/1600, IAT/0.1]
--------------------------------------------------------------------
0.058125, 0.000000
0.055625, 0.418541
0.051875, 0.415696
0.056250, 0.418697
0.053750, 0.417413
0.048750, 0.414178
0.053750, 0.421746
0.061875, 0.418719
0.045000, 0.418365
0.048125, 0.426717
0.053125, 0.417695
0.060000, 0.417974
0.046250, 0.418112
0.052500, 0.412872
0.055000, 0.417679
0.056250, 0.417854
0.049375, 0.418393
0.056250, 0.416754
0.050625, 0.418977
0.060625, 0.418169
0.056250, 0.418452
0.059375, 0.417504
0.058750, 0.420152
0.047500, 0.416721
0.055625, 0.418372
0.058125, 0.417119
0.056875, 0.437799
0.046875, 0.414566
0.047500, 0.418734
0.055000, 0.441514

====================================================================
Flow ID: 826 | Shape: (30, 2)
Features: [Size/1600, IAT/0.1]
--------------------------------------------------------------------
0.053750, 0.000000
0.047500, 0.415337
0.054375, 0.419857
0.048125, 0.484652
0.056250, 0.418320
0.056875, 0.418919
0.055625, 0.418562
0.058750, 0.417243
0.057500, 0.416432
0.053125, 0.419097
0.047500, 0.419867
0.046875, 0.417041
0.057500, 0.477780
0.049375, 0.415627
0.058125, 0.420470
0.056875, 0.417530
0.058750, 0.418551
0.048125, 0.409143
0.058750, 0.417144
0.055625, 0.415364
0.055625, 0.418222
0.053125, 0.419571
0.058750, 0.414408
0.058750, 0.417516
0.058125, 0.418443
0.061250, 0.402799
0.049375, 0.418955
0.051250, 0.416541
0.046875, 0.419498
0.045000, 0.418775

====================================================================
Flow ID: 829 | Shape: (30, 2)
Features: [Size/1600, IAT/0.1]
--------------------------------------------------------------------
0.049375, 0.000000
0.061250, 0.418150
0.051875, 0.417377
0.054375, 0.337435
0.057500, 0.416713
0.060000, 0.417035
0.056875, 0.413424
0.056250, 0.420558
0.044375, 0.414088
0.046250, 0.416844
0.056250, 0.393651
0.050625, 0.417518
0.058125, 0.425120
0.053750, 0.417370
0.058750, 0.414664
0.056250, 0.416399
0.055625, 0.416929
0.058125, 0.390708
0.047500, 0.417890
0.057500, 0.409441
0.059375, 0.414169
0.058125, 0.419617
0.056250, 0.421310
0.055000, 0.416977
0.055625, 0.416275
0.056250, 0.411490
0.054375, 0.417460
0.057500, 0.411174
0.044375, 0.700298
0.056875, 0.417167

====================================================================
Flow ID: 834 | Shape: (30, 2)
Features: [Size/1600, IAT/0.1]
--------------------------------------------------------------------
0.055000, 0.000000
0.056875, 0.415983
0.055625, 0.419676
0.048750, 0.397085
0.046250, 0.417055
0.049375, 0.413170
0.057500, 0.416940
0.056875, 0.419102
0.057500, 0.414996
0.045625, 0.414706
0.057500, 0.417035
0.056250, 0.417053
0.049375, 0.416945
0.045000, 0.417985
0.048125, 0.427358
0.052500, 0.423218
0.056250, 0.426420
0.056875, 0.417031
0.050000, 0.416769
0.050000, 0.401181
0.055000, 0.417461
0.048125, 0.416536
0.052500, 0.874666
0.046250, 0.418033
0.062500, 0.416178
0.055000, 0.416765
0.049375, 0.416810
0.058125, 0.416660
0.060000, 0.420832
0.056875, 0.417045

====================================================================
Flow ID: 838 | Shape: (30, 2)
Features: [Size/1600, IAT/0.1]
--------------------------------------------------------------------
0.049375, 0.000000
0.060000, 0.432256
0.058750, 0.416831
0.055625, 0.418664
0.059375, 0.417200
0.046875, 0.414709
0.056250, 0.418384
0.060000, 0.420383
0.055000, 0.417191
0.060000, 0.418045
0.046875, 0.417505
0.050625, 0.417722
0.053750, 0.417832
0.053750, 0.418044
0.041250, 0.417576
0.056250, 0.401215
0.059375, 0.418227
0.056875, 0.418237
0.055000, 0.327705
0.048750, 0.421289
0.050000, 0.417618
0.053125, 0.415534
0.056875, 0.417974
0.055625, 0.419073
0.053750, 0.418813
0.058750, 0.416325
0.054375, 0.419711
0.056875, 0.421328
0.060000, 0.401780
0.046875, 0.415219

====================================================================
Flow ID: 839 | Shape: (30, 2)
Features: [Size/1600, IAT/0.1]
--------------------------------------------------------------------
0.047500, 0.000000
0.058125, 0.422210
0.059375, 0.418670
0.057500, 0.418417
0.045000, 0.422089
0.045625, 0.417704
0.058750, 0.421612
0.058750, 0.415335
0.061250, 0.417405
0.060000, 0.422526
0.045625, 0.417890
0.046875, 0.434394
0.058125, 0.417283
0.051250, 0.418634
0.053750, 0.408941
0.058750, 0.417581
0.049375, 0.420006
0.043750, 0.417304
0.052500, 0.417851
0.057500, 0.417416
0.058750, 0.419593
0.055625, 0.419920
0.060000, 0.413604
0.048750, 0.416953
0.055000, 0.417687
0.058125, 0.417851
0.050000, 0.421791
0.048125, 0.417745
0.046875, 0.396044
0.056250, 0.421692

====================================================================
Flow ID: 840 | Shape: (30, 2)
Features: [Size/1600, IAT/0.1]
--------------------------------------------------------------------
0.046250, 0.000000
0.049375, 0.418017
0.048750, 0.417647
0.057500, 0.417640
0.051250, 0.416915
0.055000, 0.417630
0.060000, 0.418183
0.056875, 0.418648
0.050625, 0.423113
0.043125, 0.417011
0.048125, 0.416974
0.047500, 0.414935
0.053750, 0.436255
0.055625, 0.413727
0.060000, 0.418127
0.046250, 0.419254
0.059375, 0.418420
0.058125, 0.418083
0.053750, 0.418116
0.047500, 0.416925
0.059375, 0.416600
0.055625, 0.412136
0.056875, 0.417815
0.060000, 0.422110
0.055625, 0.416822
0.056875, 0.424089
0.048125, 0.417086
0.053750, 1.000000
0.052500, 0.344641
0.047500, 0.407907

====================================================================
Flow ID: 842 | Shape: (30, 2)
Features: [Size/1600, IAT/0.1]
--------------------------------------------------------------------
0.057500, 0.000000
0.058750, 0.415786
0.054375, 0.417162
0.058750, 0.418180
0.048125, 0.418058
0.046250, 0.385073
0.056250, 0.418160
0.041875, 0.417294
0.058125, 0.417979
0.051250, 0.394537
0.043750, 0.423278
0.050000, 0.418657
0.041250, 0.442988
0.056250, 0.418942
0.051875, 0.417391
0.045000, 0.419230
0.049375, 0.416518
0.043750, 0.417288
0.045000, 0.416936
0.060625, 0.417735
0.045000, 0.419034
0.051875, 0.418535
0.057500, 0.419831
0.060625, 1.000000
0.056250, 0.417817
0.046250, 0.418307
0.045625, 0.424914
0.060625, 0.412999
0.043125, 0.419816
0.046875, 0.402453

====================================================================
Flow ID: 848 | Shape: (30, 2)
Features: [Size/1600, IAT/0.1]
--------------------------------------------------------------------
0.049375, 0.000000
0.053125, 0.420882
0.055000, 0.418315
0.056250, 0.417967
0.056250, 0.416077
0.058125, 0.418270
0.051250, 0.417780
0.058125, 0.417688
0.055000, 0.413955
0.048125, 0.404775
0.045000, 0.416373
0.047500, 0.423783
0.061250, 0.417138
0.046875, 0.417855
0.051250, 0.423310
0.055625, 0.422885
0.046250, 0.419032
0.053125, 0.416402
0.043125, 0.417206
0.058750, 0.421592
0.043750, 0.420461
0.052500, 0.000152
0.057500, 0.417998
0.056875, 0.411893
0.057500, 0.416031
0.058750, 0.414625
0.058750, 0.423092
0.058125, 0.418415
0.053750, 0.419722
0.050000, 0.412667

====================================================================
Flow ID: 851 | Shape: (30, 2)
Features: [Size/1600, IAT/0.1]
--------------------------------------------------------------------
0.056875, 0.000000
0.056250, 0.417830
0.048125, 0.395603
0.048125, 0.420785
0.050625, 0.378082
0.055625, 0.416930
0.055625, 0.416442
0.048125, 0.418859
0.049375, 0.417257
0.054375, 0.417888
0.049375, 0.410746
0.050000, 0.419344
0.045625, 0.456395
0.049375, 0.418613
0.050625, 0.436523
0.043750, 0.424215
0.061250, 0.417082
0.046250, 0.386472
0.055625, 0.416718
0.057500, 0.419768
0.051875, 0.419288
0.056250, 0.417216
0.055000, 0.418162
0.056875, 0.420326
0.041250, 0.442860
0.056875, 0.418859
0.054375, 0.420991
0.051250, 0.421097
0.053125, 0.417067
0.047500, 0.416781

====================================================================
Flow ID: 852 | Shape: (30, 2)
Features: [Size/1600, IAT/0.1]
--------------------------------------------------------------------
0.056250, 0.000000
0.059375, 0.417915
0.046875, 0.417118
0.054375, 0.419703
0.045625, 0.416765
0.056875, 0.427144
0.060000, 0.390829
0.055000, 0.420019
0.056875, 0.418889
0.055000, 0.415046
0.051250, 0.417975
0.053125, 0.418046
0.046875, 0.418798
0.057500, 0.416587
0.048750, 0.417446
0.044375, 0.416631
0.046250, 0.411158
0.050625, 0.417102
0.056250, 0.417611
0.056875, 0.419151
0.051875, 0.415874
0.057500, 0.418450
0.049375, 0.412418
0.060625, 0.419687
0.056250, 0.404755
0.048125, 0.418827
0.048750, 0.416239
0.056875, 0.416391
0.056250, 0.421804
0.053125, 0.417709

====================================================================
Flow ID: 858 | Shape: (30, 2)
Features: [Size/1600, IAT/0.1]
--------------------------------------------------------------------
0.056875, 0.000000
0.055000, 0.418321
0.053750, 0.417175
0.054375, 0.417727
0.051875, 0.415706
0.055000, 0.416864
0.058750, 0.417017
0.059375, 0.418624
0.059375, 0.413347
0.054375, 0.416813
0.058125, 0.418898
0.055625, 0.418170
0.056250, 0.418025
0.060000, 0.415137
0.058125, 0.421967
0.060625, 0.414709
0.044375, 0.422716
0.056250, 0.422830
0.051250, 0.417858
0.048750, 0.420718
0.055000, 0.419772
0.048750, 0.417359
0.045000, 0.429736
0.049375, 0.418897
0.058750, 0.417833
0.048750, 0.412844
0.055625, 0.417187
0.057500, 0.417704
0.055625, 0.416745
0.041250, 0.417480

====================================================================
Flow ID: 859 | Shape: (30, 2)
Features: [Size/1600, IAT/0.1]
--------------------------------------------------------------------
0.056250, 0.000000
0.047500, 0.419301
0.048750, 0.412938
0.043750, 0.417096
0.057500, 0.417794
0.056250, 0.415118
0.059375, 0.419814
0.048750, 0.420771
0.057500, 0.418073
0.060000, 0.417939
0.045000, 0.417530
0.042500, 0.411961
0.056875, 0.416228
0.046875, 0.415754
0.049375, 0.420131
0.051250, 0.417693
0.055625, 0.417018
0.059375, 0.423487
0.055625, 0.417582
0.058750, 0.417757
0.054375, 0.417585
0.053750, 0.421192
0.060625, 0.432214
0.056250, 0.417795
0.057500, 0.404829
0.056250, 0.425094
0.057500, 0.424903
0.058125, 0.418452
0.049375, 0.417682
0.053125, 0.418370

====================================================================
Flow ID: 867 | Shape: (30, 2)
Features: [Size/1600, IAT/0.1]
--------------------------------------------------------------------
0.051250, 0.000000
0.050000, 0.417170
0.045625, 0.419203
0.054375, 0.419415
0.058750, 0.417579
0.043125, 0.424895
0.051875, 0.417094
0.047500, 0.418271
0.054375, 0.417314
0.050625, 0.416457
0.055000, 0.423303
0.048750, 0.417786
0.056875, 0.417099
0.050000, 0.397031
0.047500, 0.418472
0.056250, 0.417371
0.053750, 0.418972
0.053125, 0.411303
0.058125, 0.418013
0.056875, 0.415708
0.055000, 0.375017
0.046875, 0.419359
0.048750, 1.000000
0.055625, 0.417008
0.061250, 0.416582
0.053125, 0.405394
0.056875, 0.416666
0.048750, 0.420280
0.042500, 0.416566
0.059375, 0.434512

====================================================================
Flow ID: 871 | Shape: (30, 2)
Features: [Size/1600, IAT/0.1]
--------------------------------------------------------------------
0.042500, 0.000000
0.048750, 0.534750
0.057500, 0.423175
0.055000, 0.418305
0.056875, 0.416683
0.056250, 0.420133
0.048750, 0.417768
0.056250, 0.416313
0.060000, 0.418677
0.056250, 0.422438
0.056875, 0.415418
0.058750, 0.441264
0.048750, 0.420936
0.053750, 0.418232
0.058750, 0.419189
0.053750, 0.417243
0.056250, 0.417682
0.057500, 0.422710
0.048125, 0.415560
0.050000, 0.418921
0.060000, 0.416624
0.050000, 0.430618
0.057500, 0.417687
0.043750, 0.418317
0.055000, 0.417812
0.050000, 0.429414
0.056875, 0.417745
0.058750, 0.013605
0.048750, 0.418568
0.046875, 0.419219

====================================================================
Flow ID: 873 | Shape: (30, 2)
Features: [Size/1600, IAT/0.1]
--------------------------------------------------------------------
0.046250, 0.000000
0.056875, 0.411241
0.058750, 0.417669
0.053750, 0.414957
0.051250, 0.418216
0.056250, 0.416796
0.065000, 0.417453
0.057500, 0.416798
0.054375, 0.418278
0.054375, 0.417598
0.043750, 0.415086
0.057500, 0.417962
0.050000, 0.440311
0.050000, 0.417855
0.048750, 0.416945
0.050625, 0.418380
0.054375, 0.420766
0.058125, 0.418418
0.053750, 0.419698
0.051250, 0.412820
0.044375, 0.418811
0.057500, 0.418485
0.045625, 0.417104
0.057500, 0.418269
0.060000, 0.417566
0.052500, 0.417689
0.060000, 0.415734
0.053125, 0.418322
0.055625, 0.416870
0.051250, 0.419319

====================================================================
Flow ID: 874 | Shape: (30, 2)
Features: [Size/1600, IAT/0.1]
--------------------------------------------------------------------
0.056875, 0.000000
0.054375, 0.417959
0.053750, 0.417316
0.046250, 0.417751
0.054375, 0.418841
0.056875, 0.419315
0.049375, 0.418674
0.053125, 0.417641
0.047500, 0.415585
0.047500, 0.419716
0.061875, 0.417517
0.056250, 0.868216
0.053750, 0.545168
0.058750, 0.415825
0.055625, 0.414003
0.042500, 0.348507
0.058750, 0.416663
0.048125, 0.419602
0.053750, 0.416774
0.060625, 0.416828
0.056250, 0.416744
0.054375, 0.425454
0.058125, 0.386481
0.056250, 0.416120
0.051250, 0.423969
0.054375, 0.416643
0.050625, 0.403020
0.058125, 0.414927
0.042500, 0.410476
0.058125, 0.417740

====================================================================
Flow ID: 877 | Shape: (30, 2)
Features: [Size/1600, IAT/0.1]
--------------------------------------------------------------------
0.056250, 0.000000
0.050000, 0.419684
0.046250, 0.424697
0.055000, 0.418358
0.055000, 0.460612
0.056875, 0.418890
0.058750, 0.415792
0.060000, 0.437486
0.052500, 0.413731
0.062500, 0.418792
0.051250, 0.418410
0.052500, 0.421558
0.048750, 0.416002
0.057500, 0.419592
0.051250, 0.418422
0.053750, 0.417866
0.059375, 0.417686
0.048125, 0.737567
0.058750, 0.413811
0.047500, 0.419206
0.052500, 0.417570
0.057500, 0.416232
0.050625, 0.418451
0.054375, 0.420774
0.046875, 0.417907
0.056875, 0.437477
0.056250, 0.417005
0.050625, 0.409747
0.056250, 0.420841
0.054375, 0.418292

====================================================================
Flow ID: 886 | Shape: (30, 2)
Features: [Size/1600, IAT/0.1]
--------------------------------------------------------------------
0.046875, 0.000000
0.049375, 0.418464
0.055625, 0.415806
0.048125, 0.420562
0.055625, 0.421774
0.058750, 0.418703
0.041875, 0.417214
0.057500, 0.417712
0.053125, 0.412559
0.053750, 0.424403
0.054375, 0.418885
0.051875, 0.417029
0.046250, 0.415305
0.057500, 0.416643
0.041875, 0.417706
0.058125, 0.416365
0.045000, 0.418084
0.050625, 0.417721
0.054375, 0.416587
0.055000, 0.418369
0.058125, 0.419579
0.053125, 0.462718
0.055625, 0.416317
0.045000, 0.417857
0.059375, 0.448073
0.047500, 0.426964
0.050000, 0.412665
0.043750, 0.418297
0.058750, 0.417571
0.056875, 0.416552

====================================================================
Flow ID: 890 | Shape: (30, 2)
Features: [Size/1600, IAT/0.1]
--------------------------------------------------------------------
0.056250, 0.000000
0.055000, 0.418180
0.048750, 0.417419
0.047500, 0.417588
0.054375, 0.416825
0.043125, 0.419907
0.046875, 0.417544
0.058125, 0.417586
0.053125, 0.413836
0.055000, 0.401828
0.054375, 0.416934
0.055625, 0.417826
0.055625, 0.416998
0.046250, 0.420493
0.056250, 0.423876
0.057500, 0.397583
0.047500, 0.417782
0.048750, 0.415159
0.053125, 0.419895
0.042500, 0.418072
0.058125, 0.418361
0.055625, 0.417190
0.056250, 0.391799
0.045000, 0.412963
0.057500, 0.446696
0.056250, 0.417056
0.053125, 0.426870
0.055625, 0.462205
0.048125, 0.417708
0.048750, 0.417880

====================================================================
Flow ID: 892 | Shape: (30, 2)
Features: [Size/1600, IAT/0.1]
--------------------------------------------------------------------
0.046250, 0.000000
0.042500, 0.415035
0.046250, 0.416893
0.055000, 0.417287
0.058750, 0.428692
0.060625, 0.418161
0.055625, 0.415949
0.047500, 0.416176
0.043125, 0.418749
0.057500, 0.417934
0.056875, 0.416618
0.053750, 0.420030
0.055000, 0.418715
0.045625, 0.418287
0.057500, 0.426264
0.056250, 0.417125
0.055000, 0.417252
0.055000, 0.423232
0.049375, 0.418410
0.060625, 0.415433
0.058125, 0.414995
0.050000, 0.418410
0.060625, 0.413486
0.057500, 0.426988
0.055000, 0.427062
0.048125, 0.417438
0.056875, 0.417439
0.056250, 0.197309
0.051250, 0.420537
0.060000, 0.416987
